{"target": -1433360.8605783726, "params": {"alpha": 0.7276219031074749, "beta": 6.104701139057963}, "datetime": {"datetime": "2020-10-17 18:13:46", "elapsed": 0.0, "delta": 0.0}}
{"target": -1315826.9210855593, "params": {"alpha": 0.3051994122489931, "beta": 8.025246329299044}, "datetime": {"datetime": "2020-10-17 18:13:46", "elapsed": 0.107, "delta": 0.107}}
{"target": -2280027.7391535137, "params": {"alpha": 0.497916792317126, "beta": 2.070191679483405}, "datetime": {"datetime": "2020-10-17 18:13:46", "elapsed": 0.21, "delta": 0.103}}
{"target": -1136142.4359340942, "params": {"alpha": 0.39078833232721283, "beta": 4.551785114854081}, "datetime": {"datetime": "2020-10-17 18:13:46", "elapsed": 0.306999, "delta": 0.096999}}
{"target": -7500831.104306665, "params": {"alpha": 0.3407750666686109, "beta": 1.7429568007729768}, "datetime": {"datetime": "2020-10-17 18:13:46", "elapsed": 0.438, "delta": 0.131001}}
{"target": -1136788.7194847101, "params": {"alpha": 0.36789380024771157, "beta": 4.680022589282124}, "datetime": {"datetime": "2020-10-17 18:13:47", "elapsed": 0.538001, "delta": 0.100001}}
{"target": -1504608.301268085, "params": {"alpha": 0.924599368884012, "beta": 3.6279303900661364}, "datetime": {"datetime": "2020-10-17 18:13:47", "elapsed": 0.638001, "delta": 0.1}}
{"target": -1623170.6378758047, "params": {"alpha": 0.8318685506191031, "beta": 9.90296201688082}, "datetime": {"datetime": "2020-10-17 18:13:47", "elapsed": 0.741006, "delta": 0.103005}}
{"target": -1136233.4774685916, "params": {"alpha": 0.3793667547051282, "beta": 4.615760294611507}, "datetime": {"datetime": "2020-10-17 18:13:47", "elapsed": 1.086003, "delta": 0.344997}}
{"target": -1325362.8606308696, "params": {"alpha": 0.7314212688771988, "beta": 3.7722421535447763}, "datetime": {"datetime": "2020-10-17 18:13:47", "elapsed": 1.271001, "delta": 0.184998}}
{"target": -1417594.1909374592, "params": {"alpha": 0.1165301112709405, "beta": 6.176489919882287}, "datetime": {"datetime": "2020-10-17 18:13:47", "elapsed": 1.448001, "delta": 0.177}}
{"target": -1136123.5530845886, "params": {"alpha": 0.38714586044999605, "beta": 4.572225472594635}, "datetime": {"datetime": "2020-10-17 18:13:48", "elapsed": 1.720002, "delta": 0.272001}}
{"target": -1136516.7406642083, "params": {"alpha": 0.37231982938343694, "beta": 4.655179834538132}, "datetime": {"datetime": "2020-10-17 18:13:48", "elapsed": 1.972001, "delta": 0.251999}}
{"target": -1136667.351125151, "params": {"alpha": 0.36982200404628907, "beta": 4.669371721772621}, "datetime": {"datetime": "2020-10-17 18:13:48", "elapsed": 2.278002, "delta": 0.306001}}
{"target": -4655431.797184765, "params": {"alpha": 0.9379882460181324, "beta": 1.2413645995177203}, "datetime": {"datetime": "2020-10-17 18:13:48", "elapsed": 2.417002, "delta": 0.139}}
{"target": -1136061.435052244, "params": {"alpha": 0.3889258561338261, "beta": 4.560344635960966}, "datetime": {"datetime": "2020-10-17 18:13:49", "elapsed": 2.659003, "delta": 0.242001}}
{"target": -1137854.440595602, "params": {"alpha": 0.3968302934362363, "beta": 4.561325308873162}, "datetime": {"datetime": "2020-10-17 18:13:49", "elapsed": 2.923041, "delta": 0.264038}}
{"target": -1354497.4624796228, "params": {"alpha": 0.6295151420379856, "beta": 5.807458857675274}, "datetime": {"datetime": "2020-10-17 18:13:49", "elapsed": 3.06368, "delta": 0.140639}}
{"target": -1442451.8531861312, "params": {"alpha": 0.5641566850540021, "beta": 8.008751085268823}, "datetime": {"datetime": "2020-10-17 18:13:49", "elapsed": 3.252698, "delta": 0.189018}}
{"target": -1136011.5102141397, "params": {"alpha": 0.3835378232036698, "beta": 4.588454552426989}, "datetime": {"datetime": "2020-10-17 18:13:50", "elapsed": 3.505075, "delta": 0.252377}}
{"target": -1135358.9199161208, "params": {"alpha": 0.3802418849728769, "beta": 4.585522124590612}, "datetime": {"datetime": "2020-10-17 18:13:50", "elapsed": 3.834356, "delta": 0.329281}}
{"target": -1134873.4644559866, "params": {"alpha": 0.36681869923020355, "beta": 4.622799904959888}, "datetime": {"datetime": "2020-10-17 18:13:50", "elapsed": 4.15427, "delta": 0.319914}}
{"target": -1601988.8407957228, "params": {"alpha": 0.9393939234384778, "beta": 7.6437855391144645}, "datetime": {"datetime": "2020-10-17 18:13:50", "elapsed": 4.311614, "delta": 0.157344}}
{"target": -1134735.1084316769, "params": {"alpha": 0.3692255880459162, "beta": 4.610568724777737}, "datetime": {"datetime": "2020-10-17 18:13:51", "elapsed": 4.597472, "delta": 0.285858}}
{"target": -1134615.586084102, "params": {"alpha": 0.3694199838703454, "beta": 4.605834192819986}, "datetime": {"datetime": "2020-10-17 18:13:51", "elapsed": 5.027658, "delta": 0.430186}}
{"target": -1134441.447513368, "params": {"alpha": 0.36924472491434696, "beta": 4.600348285849215}, "datetime": {"datetime": "2020-10-17 18:13:51", "elapsed": 5.344986, "delta": 0.317328}}
{"target": -1134184.1108947361, "params": {"alpha": 0.3677753382961788, "beta": 4.595593819365826}, "datetime": {"datetime": "2020-10-17 18:13:52", "elapsed": 5.650113, "delta": 0.305127}}
{"target": -1133580.3911851498, "params": {"alpha": 0.37010136067374083, "beta": 4.566147023387698}, "datetime": {"datetime": "2020-10-17 18:13:52", "elapsed": 5.969003, "delta": 0.31889}}
{"target": -1133247.0725875122, "params": {"alpha": 0.36397437366590096, "beta": 4.566911841507664}, "datetime": {"datetime": "2020-10-17 18:13:52", "elapsed": 6.281504, "delta": 0.312501}}
{"target": -1133175.5890967068, "params": {"alpha": 0.3616115243364353, "beta": 4.5664369848526025}, "datetime": {"datetime": "2020-10-17 18:13:53", "elapsed": 6.642071, "delta": 0.360567}}
{"target": -1133129.0510655884, "params": {"alpha": 0.3610923903139027, "beta": 4.564588254992777}, "datetime": {"datetime": "2020-10-17 18:13:53", "elapsed": 6.955715, "delta": 0.313644}}
{"target": -1305102.1249931904, "params": {"alpha": 0.1368641698862598, "beta": 7.531481283924518}, "datetime": {"datetime": "2020-10-17 18:13:53", "elapsed": 7.127591, "delta": 0.171876}}
{"target": -1133022.1500372442, "params": {"alpha": 0.36158877281152674, "beta": 4.559191228490746}, "datetime": {"datetime": "2020-10-17 18:13:53", "elapsed": 7.330717, "delta": 0.203126}}
{"target": -1132939.347717156, "params": {"alpha": 0.36222909620934496, "beta": 4.55479159216124}, "datetime": {"datetime": "2020-10-17 18:13:54", "elapsed": 7.643214, "delta": 0.312497}}
{"target": -1132884.9935320423, "params": {"alpha": 0.36264920534857764, "beta": 4.551858822408091}, "datetime": {"datetime": "2020-10-17 18:13:54", "elapsed": 7.956936, "delta": 0.313722}}
{"target": -1132836.9661725871, "params": {"alpha": 0.3629148251585776, "beta": 4.549325604307452}, "datetime": {"datetime": "2020-10-17 18:13:54", "elapsed": 8.25641, "delta": 0.299474}}
{"target": -1132787.7868630155, "params": {"alpha": 0.36304188438263835, "beta": 4.5468326453865755}, "datetime": {"datetime": "2020-10-17 18:13:55", "elapsed": 9.340401, "delta": 1.083991}}
{"target": -1132734.7758408587, "params": {"alpha": 0.3630185082526118, "beta": 4.544247775354599}, "datetime": {"datetime": "2020-10-17 18:13:57", "elapsed": 10.844191, "delta": 1.50379}}
{"target": -1132678.2107840837, "params": {"alpha": 0.36284149385544107, "beta": 4.541545002877704}, "datetime": {"datetime": "2020-10-17 18:13:58", "elapsed": 11.900193, "delta": 1.056002}}
{"target": -1132620.9384395524, "params": {"alpha": 0.3625484555570859, "beta": 4.538778981975262}, "datetime": {"datetime": "2020-10-17 18:13:59", "elapsed": 12.917194, "delta": 1.017001}}
{"target": -1132566.6017510672, "params": {"alpha": 0.36223468054688296, "beta": 4.536048006301665}, "datetime": {"datetime": "2020-10-17 18:14:01", "elapsed": 14.626197, "delta": 1.709003}}
{"target": -1132515.9875711012, "params": {"alpha": 0.3620280472057783, "beta": 4.53338234966802}, "datetime": {"datetime": "2020-10-17 18:14:01", "elapsed": 15.140196, "delta": 0.513999}}
{"target": -1132465.52862084, "params": {"alpha": 0.3621044823772639, "beta": 4.530658624627905}, "datetime": {"datetime": "2020-10-17 18:14:02", "elapsed": 15.838535, "delta": 0.698339}}
{"target": -1132411.8044744325, "params": {"alpha": 0.362735094718857, "beta": 4.527710502047558}, "datetime": {"datetime": "2020-10-17 18:14:03", "elapsed": 16.973331, "delta": 1.134796}}
{"target": -1132368.935674291, "params": {"alpha": 0.3639450300761075, "beta": 4.52498970595311}, "datetime": {"datetime": "2020-10-17 18:14:04", "elapsed": 18.366343, "delta": 1.393012}}
{"target": -1132353.5600708185, "params": {"alpha": 0.3648519593621773, "beta": 4.523535833945002}, "datetime": {"datetime": "2020-10-17 18:14:05", "elapsed": 19.024059, "delta": 0.657716}}
{"target": -1132347.8424240968, "params": {"alpha": 0.3651569477018074, "beta": 4.52296056897693}, "datetime": {"datetime": "2020-10-17 18:14:06", "elapsed": 20.134582, "delta": 1.110523}}
{"target": -1132341.7259446594, "params": {"alpha": 0.36524854956296776, "beta": 4.5225568146361335}, "datetime": {"datetime": "2020-10-17 18:14:07", "elapsed": 20.743959, "delta": 0.609377}}
{"target": -1401887.6199419445, "params": {"alpha": 0.7837565572822538, "beta": 4.704049815690776}, "datetime": {"datetime": "2020-10-17 18:14:07", "elapsed": 21.165831, "delta": 0.421872}}
{"target": -1132332.2947881096, "params": {"alpha": 0.3652613531955033, "beta": 4.522059951790403}, "datetime": {"datetime": "2020-10-17 18:14:08", "elapsed": 22.009584, "delta": 0.843753}}
{"target": -1132313.96852989, "params": {"alpha": 0.36516165302961384, "beta": 4.521210135821709}, "datetime": {"datetime": "2020-10-17 18:14:09", "elapsed": 22.590459, "delta": 0.580875}}
{"target": -1132266.6213136306, "params": {"alpha": 0.3646338462777353, "beta": 4.519149310490955}, "datetime": {"datetime": "2020-10-17 18:14:09", "elapsed": 23.37316, "delta": 0.782701}}
{"target": -1184850.542443026, "params": {"alpha": 0.3456178407546785, "beta": 5.690841020849503}, "datetime": {"datetime": "2020-10-17 18:14:10", "elapsed": 23.645159, "delta": 0.271999}}
{"target": -1132185.186620714, "params": {"alpha": 0.3632332726904484, "beta": 4.515130675821929}, "datetime": {"datetime": "2020-10-17 18:14:11", "elapsed": 25.172384, "delta": 1.527225}}
{"target": -1132145.7541387195, "params": {"alpha": 0.3622401570669782, "beta": 4.512511132130338}, "datetime": {"datetime": "2020-10-17 18:14:12", "elapsed": 26.1591, "delta": 0.986716}}
{"target": -1132125.5781005612, "params": {"alpha": 0.3619132403268664, "beta": 4.511054197073818}, "datetime": {"datetime": "2020-10-17 18:14:13", "elapsed": 26.612227, "delta": 0.453127}}
{"target": -1132103.3281429517, "params": {"alpha": 0.3619020260762904, "beta": 4.509680916627388}, "datetime": {"datetime": "2020-10-17 18:14:14", "elapsed": 27.562026, "delta": 0.949799}}
{"target": -1132061.4255113273, "params": {"alpha": 0.36234412473450145, "beta": 4.50747758915586}, "datetime": {"datetime": "2020-10-17 18:14:15", "elapsed": 28.742297, "delta": 1.180271}}
{"target": -1131984.389565025, "params": {"alpha": 0.36375919805210033, "beta": 4.503510814172735}, "datetime": {"datetime": "2020-10-17 18:14:16", "elapsed": 29.794112, "delta": 1.051815}}
{"target": -1131926.8299442092, "params": {"alpha": 0.36535593303334674, "beta": 4.499986020365046}, "datetime": {"datetime": "2020-10-17 18:14:17", "elapsed": 31.245162, "delta": 1.45105}}
{"target": -1131898.0635995134, "params": {"alpha": 0.3662500322296189, "beta": 4.497848225130592}, "datetime": {"datetime": "2020-10-17 18:14:18", "elapsed": 32.328163, "delta": 1.083001}}
{"target": -1132403.9205692695, "params": {"alpha": 0.36140218106416916, "beta": 4.52707297416}, "datetime": {"datetime": "2020-10-17 18:14:20", "elapsed": 33.700165, "delta": 1.372002}}
{"target": -1131871.622076284, "params": {"alpha": 0.366655546802515, "beta": 4.4960443254654985}, "datetime": {"datetime": "2020-10-17 18:14:20", "elapsed": 34.294165, "delta": 0.594}}
{"target": -1131829.721156543, "params": {"alpha": 0.3666881674578326, "beta": 4.493644953489891}, "datetime": {"datetime": "2020-10-17 18:14:21", "elapsed": 34.983166, "delta": 0.689001}}
{"target": -1131749.8636489972, "params": {"alpha": 0.36581369885085463, "beta": 4.489422626213748}, "datetime": {"datetime": "2020-10-17 18:14:22", "elapsed": 35.891167, "delta": 0.908001}}
{"target": -1131691.0152733633, "params": {"alpha": 0.3643191795274167, "beta": 4.485454081872647}, "datetime": {"datetime": "2020-10-17 18:14:23", "elapsed": 37.135848, "delta": 1.244681}}
{"target": -1131674.9646793103, "params": {"alpha": 0.3636020826289557, "beta": 4.483732600994786}, "datetime": {"datetime": "2020-10-17 18:14:24", "elapsed": 38.064729, "delta": 0.928881}}
{"target": -1131667.3142281438, "params": {"alpha": 0.3634010620363714, "beta": 4.482958224083876}, "datetime": {"datetime": "2020-10-17 18:14:25", "elapsed": 38.800229, "delta": 0.7355}}
{"target": -1131658.046065156, "params": {"alpha": 0.36337356898344536, "beta": 4.482278746561653}, "datetime": {"datetime": "2020-10-17 18:14:26", "elapsed": 39.773845, "delta": 0.973616}}
{"target": -1131638.9144406184, "params": {"alpha": 0.36356513276058056, "beta": 4.481206623334225}, "datetime": {"datetime": "2020-10-17 18:14:27", "elapsed": 40.883218, "delta": 1.109373}}
{"target": -1131582.2883763874, "params": {"alpha": 0.36455801616481304, "beta": 4.478390574698179}, "datetime": {"datetime": "2020-10-17 18:14:28", "elapsed": 41.648846, "delta": 0.765628}}
{"target": -1131496.206348948, "params": {"alpha": 0.36673931114080116, "beta": 4.473477628696753}, "datetime": {"datetime": "2020-10-17 18:14:29", "elapsed": 42.720609, "delta": 1.071763}}
{"target": -1131456.222768249, "params": {"alpha": 0.36797908533715973, "beta": 4.470486656508927}, "datetime": {"datetime": "2020-10-17 18:14:30", "elapsed": 43.65761, "delta": 0.937001}}
{"target": -1131425.146171284, "params": {"alpha": 0.36846464725610745, "beta": 4.468214896328472}, "datetime": {"datetime": "2020-10-17 18:14:31", "elapsed": 44.772611, "delta": 1.115001}}
{"target": -1248624.5650615902, "params": {"alpha": 0.3326045110846906, "beta": 6.741563069299485}, "datetime": {"datetime": "2020-10-17 18:14:31", "elapsed": 45.340612, "delta": 0.568001}}
{"target": -1131374.6448592301, "params": {"alpha": 0.36846078497296136, "beta": 4.465041770548482}, "datetime": {"datetime": "2020-10-17 18:14:33", "elapsed": 46.503613, "delta": 1.163001}}
{"target": -1131294.048159713, "params": {"alpha": 0.3675582161174658, "beta": 4.460052106923061}, "datetime": {"datetime": "2020-10-17 18:14:33", "elapsed": 47.364618, "delta": 0.861005}}
{"target": -1131244.4781994047, "params": {"alpha": 0.3663457694689398, "beta": 4.456021863774218}, "datetime": {"datetime": "2020-10-17 18:14:34", "elapsed": 48.291596, "delta": 0.926978}}
{"target": -1131226.0514396476, "params": {"alpha": 0.36575900378740533, "beta": 4.453956818748043}, "datetime": {"datetime": "2020-10-17 18:14:35", "elapsed": 48.885351, "delta": 0.593755}}
{"target": -1131212.45832524, "params": {"alpha": 0.36561535139949314, "beta": 4.452681016382361}, "datetime": {"datetime": "2020-10-17 18:14:36", "elapsed": 49.809877, "delta": 0.924526}}
{"target": -1131188.2012776637, "params": {"alpha": 0.3658321656744812, "beta": 4.45110477113911}, "datetime": {"datetime": "2020-10-17 18:14:37", "elapsed": 50.872372, "delta": 1.062495}}
{"target": -1131122.3791859357, "params": {"alpha": 0.36717030925713645, "beta": 4.447558139430076}, "datetime": {"datetime": "2020-10-17 18:14:38", "elapsed": 52.245466, "delta": 1.373094}}
{"target": -1131053.3035939182, "params": {"alpha": 0.369665501352782, "beta": 4.4428977363325135}, "datetime": {"datetime": "2020-10-17 18:14:39", "elapsed": 53.163569, "delta": 0.918103}}
{"target": -1131034.3402416517, "params": {"alpha": 0.3707123944896695, "beta": 4.440867872023455}, "datetime": {"datetime": "2020-10-17 18:14:41", "elapsed": 54.505573, "delta": 1.342004}}
{"target": -1131022.1602898368, "params": {"alpha": 0.3710085979585787, "beta": 4.439750406347221}, "datetime": {"datetime": "2020-10-17 18:14:41", "elapsed": 55.47406, "delta": 0.968487}}
{"target": -1131001.4422681655, "params": {"alpha": 0.3710604688274231, "beta": 4.438279872245761}, "datetime": {"datetime": "2020-10-17 18:14:43", "elapsed": 56.540062, "delta": 1.066002}}
{"target": -1243216.2448565548, "params": {"alpha": 0.6029497185106835, "beta": 4.357497171976991}, "datetime": {"datetime": "2020-10-17 18:14:43", "elapsed": 56.976062, "delta": 0.436}}
{"target": -1130945.5004746472, "params": {"alpha": 0.3703928798034992, "beta": 4.434836624794134}, "datetime": {"datetime": "2020-10-17 18:14:45", "elapsed": 58.677064, "delta": 1.701002}}
{"target": -1130965.115273542, "params": {"alpha": 0.3618062780699518, "beta": 4.39986781075261}, "datetime": {"datetime": "2020-10-17 18:14:45", "elapsed": 59.459065, "delta": 0.782001}}
{"target": -1130747.465819094, "params": {"alpha": 0.36692001882859543, "beta": 4.413611692682587}, "datetime": {"datetime": "2020-10-17 18:14:46", "elapsed": 60.420066, "delta": 0.961001}}
{"target": -1130764.9709066628, "params": {"alpha": 0.3665627784152563, "beta": 4.414126929141254}, "datetime": {"datetime": "2020-10-17 18:14:47", "elapsed": 61.105416, "delta": 0.68535}}
{"target": -1130716.53517667, "params": {"alpha": 0.3676304927508073, "beta": 4.412728814839874}, "datetime": {"datetime": "2020-10-17 18:14:48", "elapsed": 62.150494, "delta": 1.045078}}
{"target": -1130612.469303513, "params": {"alpha": 0.37039150793142184, "beta": 4.407806798337002}, "datetime": {"datetime": "2020-10-17 18:14:49", "elapsed": 63.307917, "delta": 1.157423}}
{"target": -1130557.0306990887, "params": {"alpha": 0.37252901220088575, "beta": 4.403391039328508}, "datetime": {"datetime": "2020-10-17 18:14:50", "elapsed": 63.887605, "delta": 0.579688}}
{"target": -1130536.71581945, "params": {"alpha": 0.37322530708958757, "beta": 4.401282296497019}, "datetime": {"datetime": "2020-10-17 18:14:51", "elapsed": 64.969705, "delta": 1.0821}}
{"target": -2575565.3080240856, "params": {"alpha": 0.3385727648304308, "beta": 2.3785383588899194}, "datetime": {"datetime": "2020-10-17 18:14:51", "elapsed": 65.39158, "delta": 0.421875}}
{"target": -1130520.4864507797, "params": {"alpha": 0.37337249853108717, "beta": 4.399806192126836}, "datetime": {"datetime": "2020-10-17 18:14:53", "elapsed": 66.737708, "delta": 1.346128}}
{"target": -1130501.469152196, "params": {"alpha": 0.3735941573661087, "beta": 4.398022224906844}, "datetime": {"datetime": "2020-10-17 18:14:54", "elapsed": 67.565837, "delta": 0.828129}}
{"target": -1130475.1931035542, "params": {"alpha": 0.3738319947166583, "beta": 4.395582305820242}, "datetime": {"datetime": "2020-10-17 18:14:55", "elapsed": 68.939728, "delta": 1.373891}}
{"target": -1130439.6015452754, "params": {"alpha": 0.3741221486799782, "beta": 4.392253139376951}, "datetime": {"datetime": "2020-10-17 18:14:56", "elapsed": 70.135729, "delta": 1.196001}}
{"target": -1130398.6256251126, "params": {"alpha": 0.3744626528849316, "beta": 4.388338825812659}, "datetime": {"datetime": "2020-10-17 18:14:57", "elapsed": 71.11373, "delta": 0.978001}}
{"target": -1130359.0503474707, "params": {"alpha": 0.3747978939679858, "beta": 4.384470154456721}, "datetime": {"datetime": "2020-10-17 18:14:59", "elapsed": 72.944732, "delta": 1.831002}}
{"target": -1130323.7024437601, "params": {"alpha": 0.37509747697124524, "beta": 4.38094153376251}, "datetime": {"datetime": "2020-10-17 18:15:00", "elapsed": 74.026123, "delta": 1.081391}}
{"target": -1130291.6474661136, "params": {"alpha": 0.3753529877379343, "beta": 4.3776945862946794}, "datetime": {"datetime": "2020-10-17 18:15:01", "elapsed": 75.151124, "delta": 1.125001}}
{"target": -1130260.9759095383, "params": {"alpha": 0.37555547631189995, "beta": 4.374570695660364}, "datetime": {"datetime": "2020-10-17 18:15:02", "elapsed": 75.919524, "delta": 0.7684}}
{"target": -1130229.4631055703, "params": {"alpha": 0.37566439339174473, "beta": 4.371389823257629}, "datetime": {"datetime": "2020-10-17 18:15:03", "elapsed": 76.842675, "delta": 0.923151}}
{"target": -1130195.6910874017, "params": {"alpha": 0.37557754998016885, "beta": 4.368038996362565}, "datetime": {"datetime": "2020-10-17 18:15:04", "elapsed": 77.937563, "delta": 1.094888}}
{"target": -1130161.2480223153, "params": {"alpha": 0.3750920910617413, "beta": 4.364510651030678}, "datetime": {"datetime": "2020-10-17 18:15:05", "elapsed": 79.049599, "delta": 1.112036}}
