{"target": -7704792.746742566, "params": {"alpha": 0.7276219031074749, "beta": 6.104701139057963}, "datetime": {"datetime": "2020-10-17 18:08:42", "elapsed": 0.0, "delta": 0.0}}
{"target": -7342124.142178413, "params": {"alpha": 0.3051994122489931, "beta": 8.025246329299044}, "datetime": {"datetime": "2020-10-17 18:08:42", "elapsed": 0.078124, "delta": 0.078124}}
{"target": -6529088.988519433, "params": {"alpha": 0.497916792317126, "beta": 2.070191679483405}, "datetime": {"datetime": "2020-10-17 18:08:43", "elapsed": 0.175819, "delta": 0.097695}}
{"target": -7124500.249577519, "params": {"alpha": 0.39078833232721283, "beta": 4.551785114854081}, "datetime": {"datetime": "2020-10-17 18:08:43", "elapsed": 0.253944, "delta": 0.078125}}
{"target": -5193182.22698147, "params": {"alpha": 0.3407750666686109, "beta": 1.7429568007729768}, "datetime": {"datetime": "2020-10-17 18:08:43", "elapsed": 0.34883, "delta": 0.094886}}
{"target": -7095179.669144625, "params": {"alpha": 0.36789380024771157, "beta": 4.680022589282124}, "datetime": {"datetime": "2020-10-17 18:08:43", "elapsed": 0.441059, "delta": 0.092229}}
{"target": -7817932.270144583, "params": {"alpha": 0.924599368884012, "beta": 3.6279303900661364}, "datetime": {"datetime": "2020-10-17 18:08:43", "elapsed": 0.517351, "delta": 0.076292}}
{"target": -7810817.448832275, "params": {"alpha": 0.8318685506191031, "beta": 9.90296201688082}, "datetime": {"datetime": "2020-10-17 18:08:43", "elapsed": 0.627817, "delta": 0.110466}}
{"target": -5193283.705049503, "params": {"alpha": 0.34078354572221586, "beta": 1.7429743837733127}, "datetime": {"datetime": "2020-10-17 18:08:43", "elapsed": 0.877811, "delta": 0.249994}}
{"target": -5240506.46105302, "params": {"alpha": 0.34541800352970725, "beta": 1.7483041004940536}, "datetime": {"datetime": "2020-10-17 18:08:43", "elapsed": 1.065315, "delta": 0.187504}}
{"target": -5183430.964019491, "params": {"alpha": 0.33985620444553877, "beta": 1.7417458000325763}, "datetime": {"datetime": "2020-10-17 18:08:44", "elapsed": 1.308219, "delta": 0.242904}}
{"target": -5056781.862591618, "params": {"alpha": 0.32943274698663705, "beta": 1.7210232352866124}, "datetime": {"datetime": "2020-10-17 18:08:44", "elapsed": 1.581926, "delta": 0.273707}}
{"target": -4974196.037654205, "params": {"alpha": 0.3240258113576537, "beta": 1.7029710319733087}, "datetime": {"datetime": "2020-10-17 18:08:44", "elapsed": 1.925691, "delta": 0.343765}}
{"target": -4892294.931220751, "params": {"alpha": 0.3191056593689923, "beta": 1.6843230426194093}, "datetime": {"datetime": "2020-10-17 18:08:45", "elapsed": 2.208613, "delta": 0.282922}}
{"target": -4788466.935311061, "params": {"alpha": 0.3125115700303169, "beta": 1.6638944260644133}, "datetime": {"datetime": "2020-10-17 18:08:45", "elapsed": 2.505502, "delta": 0.296889}}
{"target": -4645581.653085322, "params": {"alpha": 0.3023493423984613, "beta": 1.6433040658948705}, "datetime": {"datetime": "2020-10-17 18:08:45", "elapsed": 2.793357, "delta": 0.287855}}
{"target": -4452629.285096851, "params": {"alpha": 0.2875208608708397, "beta": 1.6249018585401256}, "datetime": {"datetime": "2020-10-17 18:08:45", "elapsed": 3.153906, "delta": 0.360549}}
{"target": -4216822.643421317, "params": {"alpha": 0.26893203609253447, "beta": 1.610861150100779}, "datetime": {"datetime": "2020-10-17 18:08:46", "elapsed": 3.497657, "delta": 0.343751}}
{"target": -3951987.1462134947, "params": {"alpha": 0.2482581826630237, "beta": 1.601695618595973}, "datetime": {"datetime": "2020-10-17 18:08:46", "elapsed": 3.828916, "delta": 0.331259}}
{"target": -3669693.8894627555, "params": {"alpha": 0.2268277524231966, "beta": 1.596959134388221}, "datetime": {"datetime": "2020-10-17 18:08:46", "elapsed": 4.159025, "delta": 0.330109}}
{"target": -3376403.9841836453, "params": {"alpha": 0.20532071300638627, "beta": 1.5959791146637674}, "datetime": {"datetime": "2020-10-17 18:08:47", "elapsed": 4.488238, "delta": 0.329213}}
{"target": -3076114.3331824634, "params": {"alpha": 0.18402207066155551, "beta": 1.598199138032334}, "datetime": {"datetime": "2020-10-17 18:08:47", "elapsed": 4.785118, "delta": 0.29688}}
{"target": -2772487.3621617747, "params": {"alpha": 0.16298413144612978, "beta": 1.6032179592343512}, "datetime": {"datetime": "2020-10-17 18:08:47", "elapsed": 5.128866, "delta": 0.343748}}
{"target": -2471491.044013827, "params": {"alpha": 0.14209366424719416, "beta": 1.610748679653375}, "datetime": {"datetime": "2020-10-17 18:08:48", "elapsed": 5.446439, "delta": 0.317573}}
{"target": -2186943.6484845956, "params": {"alpha": 0.12099986866237845, "beta": 1.6205445697160668}, "datetime": {"datetime": "2020-10-17 18:08:48", "elapsed": 5.82255, "delta": 0.376111}}
{"target": -1965161.7568932404, "params": {"alpha": 0.09888767798808634, "beta": 1.632104853050868}, "datetime": {"datetime": "2020-10-17 18:08:49", "elapsed": 6.275677, "delta": 0.453127}}
{"target": -1978356.5790842166, "params": {"alpha": 0.07906392633653558, "beta": 1.6406802195243628}, "datetime": {"datetime": "2020-10-17 18:08:49", "elapsed": 7.010048, "delta": 0.734371}}
{"target": -1928159.495864415, "params": {"alpha": 0.09138029677902709, "beta": 1.6382878301572013}, "datetime": {"datetime": "2020-10-17 18:08:50", "elapsed": 7.777949, "delta": 0.767901}}
{"target": -1934257.4387147354, "params": {"alpha": 0.09591584369165544, "beta": 1.6493327184070077}, "datetime": {"datetime": "2020-10-17 18:08:51", "elapsed": 8.560685, "delta": 0.782736}}
{"target": -1925021.235644725, "params": {"alpha": 0.09281494508037433, "beta": 1.6430913100806332}, "datetime": {"datetime": "2020-10-17 18:08:52", "elapsed": 9.311788, "delta": 0.751103}}
{"target": -1925030.1031555964, "params": {"alpha": 0.09255557901733337, "beta": 1.642413426477221}, "datetime": {"datetime": "2020-10-17 18:08:53", "elapsed": 10.609739, "delta": 1.297951}}
{"target": -1924939.2460036643, "params": {"alpha": 0.09252816287553076, "beta": 1.6424170651738295}, "datetime": {"datetime": "2020-10-17 18:08:54", "elapsed": 11.936002, "delta": 1.326263}}
{"target": -1924907.220146977, "params": {"alpha": 0.09251918050263275, "beta": 1.6424200767068535}, "datetime": {"datetime": "2020-10-17 18:08:55", "elapsed": 13.089982, "delta": 1.15398}}
{"target": -1924868.9171829727, "params": {"alpha": 0.09250871418841301, "beta": 1.6424243921782689}, "datetime": {"datetime": "2020-10-17 18:08:57", "elapsed": 14.425165, "delta": 1.335183}}
{"target": -1924817.1874755693, "params": {"alpha": 0.09249466049493715, "beta": 1.6424304999856618}, "datetime": {"datetime": "2020-10-17 18:08:58", "elapsed": 15.578263, "delta": 1.153098}}
{"target": -1924736.4718703337, "params": {"alpha": 0.09247275667324636, "beta": 1.642440281803751}, "datetime": {"datetime": "2020-10-17 18:08:59", "elapsed": 16.596582, "delta": 1.018319}}
{"target": -1923503.348840766, "params": {"alpha": 0.09277752478088144, "beta": 1.6442150757739378}, "datetime": {"datetime": "2020-10-17 18:09:15", "elapsed": 32.36953, "delta": 15.772948}}
{"target": -1915312.934023975, "params": {"alpha": 0.09070004526330225, "beta": 1.645851857887132}, "datetime": {"datetime": "2020-10-17 18:09:22", "elapsed": 39.713896, "delta": 7.344366}}
{"target": -1899022.78344887, "params": {"alpha": 0.08824909104720084, "beta": 1.6536973689350032}, "datetime": {"datetime": "2020-10-17 18:09:24", "elapsed": 41.902596, "delta": 2.1887}}
{"target": -1891868.5348199608, "params": {"alpha": 0.08147774469950503, "beta": 1.6619442928854102}, "datetime": {"datetime": "2020-10-17 18:09:27", "elapsed": 44.561153, "delta": 2.658557}}
{"target": -1877222.125095874, "params": {"alpha": 0.08461549758757757, "beta": 1.6653540373861362}, "datetime": {"datetime": "2020-10-17 18:09:30", "elapsed": 47.361176, "delta": 2.800023}}
{"target": -1869026.1674596192, "params": {"alpha": 0.08520919404439019, "beta": 1.6702550162804712}, "datetime": {"datetime": "2020-10-17 18:09:33", "elapsed": 50.613489, "delta": 3.252313}}
{"target": -1859667.4579171706, "params": {"alpha": 0.08438445057482934, "beta": 1.6756138239983012}, "datetime": {"datetime": "2020-10-17 18:09:36", "elapsed": 53.434286, "delta": 2.820797}}
{"target": -1845976.5625371507, "params": {"alpha": 0.08225750382809084, "beta": 1.6831728816436669}, "datetime": {"datetime": "2020-10-17 18:09:38", "elapsed": 55.859229, "delta": 2.424943}}
{"target": -1836159.4406353673, "params": {"alpha": 0.08061323590172598, "beta": 1.6889968308079533}, "datetime": {"datetime": "2020-10-17 18:09:41", "elapsed": 58.917461, "delta": 3.058232}}
{"target": -1825588.4550646422, "params": {"alpha": 0.07944081248677985, "beta": 1.6953253586778065}, "datetime": {"datetime": "2020-10-17 18:09:46", "elapsed": 63.955611, "delta": 5.03815}}
{"target": -1813710.414045379, "params": {"alpha": 0.0795052167977066, "beta": 1.7022820633172084}, "datetime": {"datetime": "2020-10-17 18:09:49", "elapsed": 66.86665, "delta": 2.911039}}
{"target": -1809209.1146506174, "params": {"alpha": 0.08130296537107304, "beta": 1.707807945439364}, "datetime": {"datetime": "2020-10-17 18:09:52", "elapsed": 70.141736, "delta": 3.275086}}
{"target": -1808219.6934740948, "params": {"alpha": 0.08097401617531957, "beta": 1.7078374582554894}, "datetime": {"datetime": "2020-10-17 18:09:56", "elapsed": 74.040767, "delta": 3.899031}}
{"target": -1795503.9567795915, "params": {"alpha": 0.07641784596651859, "beta": 1.7136800169079462}, "datetime": {"datetime": "2020-10-17 18:09:59", "elapsed": 76.295406, "delta": 2.254639}}
{"target": -1793834.7847128336, "params": {"alpha": 0.0747727548449217, "beta": 1.7162637066323356}, "datetime": {"datetime": "2020-10-17 18:10:03", "elapsed": 80.445226, "delta": 4.14982}}
{"target": -1793100.3217037444, "params": {"alpha": 0.07453290475429444, "beta": 1.7169665873300413}, "datetime": {"datetime": "2020-10-17 18:10:06", "elapsed": 83.354074, "delta": 2.908848}}
{"target": -1788059.9455130622, "params": {"alpha": 0.07483893451474428, "beta": 1.7191071558940723}, "datetime": {"datetime": "2020-10-17 18:10:09", "elapsed": 86.840737, "delta": 3.486663}}
{"target": -1772667.1411852853, "params": {"alpha": 0.078083001641828, "beta": 1.7310687265589864}, "datetime": {"datetime": "2020-10-17 18:10:12", "elapsed": 89.320498, "delta": 2.479761}}
{"target": -1773385.8575753567, "params": {"alpha": 0.07790459693021246, "beta": 1.7298897251337957}, "datetime": {"datetime": "2020-10-17 18:10:15", "elapsed": 92.997049, "delta": 3.676551}}
{"target": -1766903.6935354252, "params": {"alpha": 0.0770760909585973, "beta": 1.7334339231077707}, "datetime": {"datetime": "2020-10-17 18:10:19", "elapsed": 96.922571, "delta": 3.925522}}
{"target": -1751741.4807490679, "params": {"alpha": 0.07157033064084234, "beta": 1.7422043495698745}, "datetime": {"datetime": "2020-10-17 18:10:22", "elapsed": 99.617631, "delta": 2.69506}}
{"target": -1750836.8596427927, "params": {"alpha": 0.07114819505614599, "beta": 1.7432476226147435}, "datetime": {"datetime": "2020-10-17 18:10:25", "elapsed": 102.57825, "delta": 2.960619}}
{"target": -1744193.58067826, "params": {"alpha": 0.07107708175908611, "beta": 1.746908159462932}, "datetime": {"datetime": "2020-10-17 18:10:28", "elapsed": 105.473855, "delta": 2.895605}}
{"target": -1730554.085828963, "params": {"alpha": 0.07319710296596031, "beta": 1.756023630801533}, "datetime": {"datetime": "2020-10-17 18:10:33", "elapsed": 110.843439, "delta": 5.369584}}
{"target": -1728263.6149268828, "params": {"alpha": 0.07347423842519174, "beta": 1.758585541445863}, "datetime": {"datetime": "2020-10-17 18:10:39", "elapsed": 116.563132, "delta": 5.719693}}
{"target": -1719659.6657922068, "params": {"alpha": 0.07215136267461865, "beta": 1.7632365194793718}, "datetime": {"datetime": "2020-10-17 18:10:43", "elapsed": 120.773633, "delta": 4.210501}}
{"target": -1713512.4852248714, "params": {"alpha": 0.06639290797189823, "beta": 1.7708480537077378}, "datetime": {"datetime": "2020-10-17 18:10:47", "elapsed": 124.376265, "delta": 3.602632}}
{"target": -1712766.0082815597, "params": {"alpha": 0.0678800478318999, "beta": 1.768442749590587}, "datetime": {"datetime": "2020-10-17 18:10:50", "elapsed": 127.736917, "delta": 3.360652}}
{"target": -1709511.0694638568, "params": {"alpha": 0.06831587479768923, "beta": 1.769734275266134}, "datetime": {"datetime": "2020-10-17 18:10:53", "elapsed": 130.425591, "delta": 2.688674}}
{"target": -1703451.2641671568, "params": {"alpha": 0.07170282732788695, "beta": 1.7771074782716774}, "datetime": {"datetime": "2020-10-17 18:10:56", "elapsed": 133.435572, "delta": 3.009981}}
{"target": -1703529.9956369179, "params": {"alpha": 0.07110932480748187, "beta": 1.7751433262314056}, "datetime": {"datetime": "2020-10-17 18:10:59", "elapsed": 136.409028, "delta": 2.973456}}
{"target": -1702019.1278230618, "params": {"alpha": 0.07098362961594054, "beta": 1.7762185739395135}, "datetime": {"datetime": "2020-10-17 18:11:02", "elapsed": 139.556845, "delta": 3.147817}}
{"target": -1721058.7666304652, "params": {"alpha": 0.07423488120605339, "beta": 1.7697633044443322}, "datetime": {"datetime": "2020-10-17 18:11:05", "elapsed": 143.010961, "delta": 3.454116}}
{"target": -1692378.2082022373, "params": {"alpha": 0.06891406892849444, "beta": 1.7810052404965255}, "datetime": {"datetime": "2020-10-17 18:11:09", "elapsed": 146.640783, "delta": 3.629822}}
{"target": -1680589.7708241781, "params": {"alpha": 0.06696625740071652, "beta": 1.7890300856763934}, "datetime": {"datetime": "2020-10-17 18:11:12", "elapsed": 149.706361, "delta": 3.065578}}
{"target": -1674460.0693651647, "params": {"alpha": 0.066288469092502, "beta": 1.7934145470271121}, "datetime": {"datetime": "2020-10-17 18:11:14", "elapsed": 151.96123, "delta": 2.254869}}
{"target": -1664831.1716426848, "params": {"alpha": 0.06535023921178526, "beta": 1.8003537212620842}, "datetime": {"datetime": "2020-10-17 18:11:17", "elapsed": 154.560107, "delta": 2.598877}}
{"target": -1656783.1421058266, "params": {"alpha": 0.06447548600190861, "beta": 1.806273438162414}, "datetime": {"datetime": "2020-10-17 18:11:20", "elapsed": 157.456772, "delta": 2.896665}}
{"target": -1648973.483062776, "params": {"alpha": 0.06336447423334607, "beta": 1.8123166902083645}, "datetime": {"datetime": "2020-10-17 18:11:23", "elapsed": 160.329066, "delta": 2.872294}}
{"target": -1642879.4364587595, "params": {"alpha": 0.0620560669990055, "beta": 1.817794192139251}, "datetime": {"datetime": "2020-10-17 18:11:26", "elapsed": 164.068463, "delta": 3.739397}}
{"target": -1640103.2583579617, "params": {"alpha": 0.06069061818740704, "beta": 1.8220211260864811}, "datetime": {"datetime": "2020-10-17 18:11:29", "elapsed": 166.609378, "delta": 2.540915}}
{"target": -1659999.0498749593, "params": {"alpha": 0.06773046999880487, "beta": 1.8081947048843539}, "datetime": {"datetime": "2020-10-17 18:11:33", "elapsed": 170.617038, "delta": 4.00766}}
{"target": -1646387.6001784236, "params": {"alpha": 0.0639255477216038, "beta": 1.8137832681491588}, "datetime": {"datetime": "2020-10-17 18:11:36", "elapsed": 174.125304, "delta": 3.508266}}
{"target": -1628847.9923359102, "params": {"alpha": 0.06394372409348247, "beta": 1.82832295233249}, "datetime": {"datetime": "2020-10-17 18:11:39", "elapsed": 177.126682, "delta": 3.001378}}
{"target": -1629377.3629566715, "params": {"alpha": 0.06490693409767079, "beta": 1.8310549515208743}, "datetime": {"datetime": "2020-10-17 18:11:43", "elapsed": 180.400589, "delta": 3.273907}}
{"target": -1631301.5354849002, "params": {"alpha": 0.06489443755095393, "beta": 1.828732924840964}, "datetime": {"datetime": "2020-10-17 18:11:47", "elapsed": 184.278305, "delta": 3.877716}}
{"target": -1617167.8755543726, "params": {"alpha": 0.06018010626683496, "beta": 1.8367887313745208}, "datetime": {"datetime": "2020-10-17 18:11:51", "elapsed": 189.022271, "delta": 4.743966}}
{"target": -1616351.9265151997, "params": {"alpha": 0.05936705876389319, "beta": 1.8386297042963493}, "datetime": {"datetime": "2020-10-17 18:11:56", "elapsed": 193.681284, "delta": 4.659013}}
{"target": -1615556.939868889, "params": {"alpha": 0.05916043484563394, "beta": 1.8395168672721853}, "datetime": {"datetime": "2020-10-17 18:12:01", "elapsed": 198.648505, "delta": 4.967221}}
{"target": -1611681.3295449675, "params": {"alpha": 0.059076113745363, "beta": 1.8420496054214943}, "datetime": {"datetime": "2020-10-17 18:12:08", "elapsed": 205.52245, "delta": 6.873945}}
{"target": -1595229.986261326, "params": {"alpha": 0.05981195554923263, "beta": 1.853083323522201}, "datetime": {"datetime": "2020-10-17 18:12:12", "elapsed": 209.946995, "delta": 4.424545}}
{"target": -1590910.8073120683, "params": {"alpha": 0.059639918710810945, "beta": 1.8566405311807699}, "datetime": {"datetime": "2020-10-17 18:12:15", "elapsed": 212.972793, "delta": 3.025798}}
{"target": -1583746.4579585476, "params": {"alpha": 0.05848747757792898, "beta": 1.8622642481467253}, "datetime": {"datetime": "2020-10-17 18:12:20", "elapsed": 217.620557, "delta": 4.647764}}
{"target": -1579593.4513727908, "params": {"alpha": 0.056438050037476845, "beta": 1.8674238276376405}, "datetime": {"datetime": "2020-10-17 18:12:24", "elapsed": 221.50282, "delta": 3.882263}}
{"target": -1579552.1187043267, "params": {"alpha": 0.056017146975932415, "beta": 1.868315696825546}, "datetime": {"datetime": "2020-10-17 18:12:26", "elapsed": 224.083327, "delta": 2.580507}}
{"target": -1579566.1847871074, "params": {"alpha": 0.05608309290751249, "beta": 1.8681619940120617}, "datetime": {"datetime": "2020-10-17 18:12:30", "elapsed": 227.482693, "delta": 3.399366}}
{"target": -1564751.7552343383, "params": {"alpha": 0.05794392355783017, "beta": 1.8788526176554745}, "datetime": {"datetime": "2020-10-17 18:12:33", "elapsed": 230.190543, "delta": 2.70785}}
{"target": -1578209.281591586, "params": {"alpha": 0.0611157059169807, "beta": 1.8798259520902219}, "datetime": {"datetime": "2020-10-17 18:12:36", "elapsed": 233.21456, "delta": 3.024017}}
{"target": -1570776.25886431, "params": {"alpha": 0.05163552755724453, "beta": 1.888051093573553}, "datetime": {"datetime": "2020-10-17 18:12:40", "elapsed": 237.239092, "delta": 4.024532}}
{"target": -1563614.1499759094, "params": {"alpha": 0.05472003806564547, "beta": 1.8813668911656183}, "datetime": {"datetime": "2020-10-17 18:12:44", "elapsed": 241.466009, "delta": 4.226917}}
{"target": -1563148.523207799, "params": {"alpha": 0.05588461772845496, "beta": 1.8796978300381424}, "datetime": {"datetime": "2020-10-17 18:12:47", "elapsed": 244.941972, "delta": 3.475963}}
{"target": -1637310.024764397, "params": {"alpha": 0.04765324344736516, "beta": 1.8859763294195142}, "datetime": {"datetime": "2020-10-17 18:12:49", "elapsed": 247.072042, "delta": 2.13007}}
{"target": -1549355.665390167, "params": {"alpha": 0.05792130889634826, "beta": 1.898226449658074}, "datetime": {"datetime": "2020-10-17 18:12:51", "elapsed": 248.933828, "delta": 1.861786}}
{"target": -1607559.2474199429, "params": {"alpha": 0.0644812153201741, "beta": 1.874213549463148}, "datetime": {"datetime": "2020-10-17 18:12:53", "elapsed": 251.169352, "delta": 2.235524}}
{"target": -1680362.2516468798, "params": {"alpha": 0.05675519769248942, "beta": 1.81890600137012}, "datetime": {"datetime": "2020-10-17 18:12:56", "elapsed": 254.08144, "delta": 2.912088}}
{"target": -1549010.4360765363, "params": {"alpha": 0.05663817137363424, "beta": 1.8923718309916433}, "datetime": {"datetime": "2020-10-17 18:12:58", "elapsed": 255.599431, "delta": 1.517991}}
{"target": -1606226.0700013828, "params": {"alpha": 0.06415271593360786, "beta": 1.8651672901850471}, "datetime": {"datetime": "2020-10-17 18:13:00", "elapsed": 257.448147, "delta": 1.848716}}
{"target": -1539572.7132519179, "params": {"alpha": 0.05570255384716509, "beta": 1.900287549401975}, "datetime": {"datetime": "2020-10-17 18:13:02", "elapsed": 259.279967, "delta": 1.83182}}
{"target": -1575326.1598989116, "params": {"alpha": 0.06122762021756817, "beta": 1.8906441567942123}, "datetime": {"datetime": "2020-10-17 18:13:04", "elapsed": 262.002402, "delta": 2.722435}}
{"target": -1556919.8663045645, "params": {"alpha": 0.05383864316617231, "beta": 1.8877550819962612}, "datetime": {"datetime": "2020-10-17 18:13:06", "elapsed": 263.864203, "delta": 1.861801}}
{"target": -1644283.1562901628, "params": {"alpha": 0.04434375004284896, "beta": 1.9084885227804917}, "datetime": {"datetime": "2020-10-17 18:13:08", "elapsed": 266.161081, "delta": 2.296878}}
{"target": -1591887.6032564112, "params": {"alpha": 0.06289694573479519, "beta": 1.9030079088843648}, "datetime": {"datetime": "2020-10-17 18:13:11", "elapsed": 268.322925, "delta": 2.161844}}
