{"target": -1827817.7462220755, "params": {"alpha": 0.7276219031074749, "beta": 6.104701139057963}, "datetime": {"datetime": "2020-10-17 18:08:43", "elapsed": 0.0, "delta": 0.0}}
{"target": -2809703.3707199246, "params": {"alpha": 0.3051994122489931, "beta": 8.025246329299044}, "datetime": {"datetime": "2020-10-17 18:08:43", "elapsed": 0.403976, "delta": 0.403976}}
{"target": -4656849.586394033, "params": {"alpha": 0.497916792317126, "beta": 2.070191679483405}, "datetime": {"datetime": "2020-10-17 18:08:44", "elapsed": 0.841477, "delta": 0.437501}}
{"target": -2857135.536185544, "params": {"alpha": 0.39078833232721283, "beta": 4.551785114854081}, "datetime": {"datetime": "2020-10-17 18:08:44", "elapsed": 1.27998, "delta": 0.438503}}
{"target": -11840671.385824861, "params": {"alpha": 0.3407750666686109, "beta": 1.7429568007729768}, "datetime": {"datetime": "2020-10-17 18:08:44", "elapsed": 1.702381, "delta": 0.422401}}
{"target": -2951556.0267829285, "params": {"alpha": 0.36789380024771157, "beta": 4.680022589282124}, "datetime": {"datetime": "2020-10-17 18:08:45", "elapsed": 2.125414, "delta": 0.423033}}
{"target": -1391267.8439425982, "params": {"alpha": 0.924599368884012, "beta": 3.6279303900661364}, "datetime": {"datetime": "2020-10-17 18:08:45", "elapsed": 2.553895, "delta": 0.428481}}
{"target": -1919439.4190272302, "params": {"alpha": 0.8318685506191031, "beta": 9.90296201688082}, "datetime": {"datetime": "2020-10-17 18:08:46", "elapsed": 2.992569, "delta": 0.438674}}
{"target": -1391271.2487180012, "params": {"alpha": 0.9245972736690524, "beta": 3.6279340572148397}, "datetime": {"datetime": "2020-10-17 18:08:46", "elapsed": 3.605074, "delta": 0.612505}}
{"target": -1380310.5602175626, "params": {"alpha": 0.93158453604735, "beta": 3.6289107713104527}, "datetime": {"datetime": "2020-10-17 18:08:47", "elapsed": 4.170653, "delta": 0.565579}}
{"target": -1359921.8188103412, "params": {"alpha": 0.9448607930195259, "beta": 3.63077901672244}, "datetime": {"datetime": "2020-10-17 18:08:48", "elapsed": 4.967524, "delta": 0.796871}}
{"target": -1317065.7922726404, "params": {"alpha": 0.9740175980471854, "beta": 3.6350662787438144}, "datetime": {"datetime": "2020-10-17 18:08:48", "elapsed": 5.692459, "delta": 0.724935}}
{"target": -1294718.3082739303, "params": {"alpha": 0.99, "beta": 3.6392926803098775}, "datetime": {"datetime": "2020-10-17 18:08:49", "elapsed": 6.75496, "delta": 1.062501}}
{"target": -1295592.6099578778, "params": {"alpha": 0.99, "beta": 3.6572581514660807}, "datetime": {"datetime": "2020-10-17 18:08:50", "elapsed": 7.741613, "delta": 0.986653}}
{"target": -1295104.4462879829, "params": {"alpha": 0.99, "beta": 3.6473100339399025}, "datetime": {"datetime": "2020-10-17 18:08:53", "elapsed": 9.85897, "delta": 2.117357}}
{"target": -1294731.399648121, "params": {"alpha": 0.99, "beta": 3.6395667454712908}, "datetime": {"datetime": "2020-10-17 18:08:55", "elapsed": 12.165782, "delta": 2.306812}}
{"target": -1294693.7259811233, "params": {"alpha": 0.99, "beta": 3.638777618575723}, "datetime": {"datetime": "2020-10-17 18:08:57", "elapsed": 14.282362, "delta": 2.11658}}
{"target": -1294645.7403377257, "params": {"alpha": 0.99, "beta": 3.637770547214951}, "datetime": {"datetime": "2020-10-17 18:08:59", "elapsed": 16.528996, "delta": 2.246634}}
{"target": -1294569.6261639996, "params": {"alpha": 0.99, "beta": 3.636168630985793}, "datetime": {"datetime": "2020-10-17 18:09:01", "elapsed": 18.176223, "delta": 1.647227}}
{"target": -1294430.2316710094, "params": {"alpha": 0.99, "beta": 3.6332203282367277}, "datetime": {"datetime": "2020-10-17 18:09:03", "elapsed": 20.03091, "delta": 1.854687}}
{"target": -1294210.7019595064, "params": {"alpha": 0.99, "beta": 3.6285378864055704}, "datetime": {"datetime": "2020-10-17 18:09:04", "elapsed": 21.665062, "delta": 1.634152}}
{"target": -1293986.6155503858, "params": {"alpha": 0.99, "beta": 3.6237070229996724}, "datetime": {"datetime": "2020-10-17 18:09:06", "elapsed": 23.65982, "delta": 1.994758}}
{"target": -1314323.163602244, "params": {"alpha": 0.9751814167921505, "beta": 3.608884257496864}, "datetime": {"datetime": "2020-10-17 18:09:08", "elapsed": 25.290156, "delta": 1.630336}}
{"target": -1293781.6296593316, "params": {"alpha": 0.99, "beta": 3.6192407720612803}, "datetime": {"datetime": "2020-10-17 18:09:10", "elapsed": 26.920372, "delta": 1.630216}}
{"target": -1293609.6010278012, "params": {"alpha": 0.99, "beta": 3.6154564917015533}, "datetime": {"datetime": "2020-10-17 18:09:11", "elapsed": 28.00554, "delta": 1.085168}}
{"target": -1293440.2767914967, "params": {"alpha": 0.99, "beta": 3.611698381620507}, "datetime": {"datetime": "2020-10-17 18:09:12", "elapsed": 29.079387, "delta": 1.073847}}
{"target": -1301224.7446056518, "params": {"alpha": 0.9868044329025344, "beta": 3.6813974609686104}, "datetime": {"datetime": "2020-10-17 18:09:13", "elapsed": 30.250498, "delta": 1.171111}}
{"target": -1293237.5177913841, "params": {"alpha": 0.99, "beta": 3.6071531227534477}, "datetime": {"datetime": "2020-10-17 18:09:14", "elapsed": 31.410117, "delta": 1.159619}}
{"target": -1293025.8557968675, "params": {"alpha": 0.99, "beta": 3.6023537833474926}, "datetime": {"datetime": "2020-10-17 18:09:15", "elapsed": 32.396796, "delta": 0.986679}}
{"target": -1292810.686464256, "params": {"alpha": 0.99, "beta": 3.597415321090268}, "datetime": {"datetime": "2020-10-17 18:09:16", "elapsed": 33.268905, "delta": 0.872109}}
{"target": -1292592.9591403233, "params": {"alpha": 0.99, "beta": 3.5923541265226366}, "datetime": {"datetime": "2020-10-17 18:09:17", "elapsed": 34.261689, "delta": 0.992784}}
{"target": -1292372.9701131752, "params": {"alpha": 0.99, "beta": 3.5871717519224995}, "datetime": {"datetime": "2020-10-17 18:09:18", "elapsed": 35.235831, "delta": 0.974142}}
{"target": -1291045.3925041936, "params": {"alpha": 0.9895699599700668, "beta": 3.5378550679069196}, "datetime": {"datetime": "2020-10-17 18:09:19", "elapsed": 36.1588, "delta": 0.922969}}
{"target": -1290775.3064532878, "params": {"alpha": 0.99, "beta": 3.5470892924685167}, "datetime": {"datetime": "2020-10-17 18:09:20", "elapsed": 36.94005, "delta": 0.78125}}
{"target": -1290421.783558531, "params": {"alpha": 0.99, "beta": 3.5375159812154804}, "datetime": {"datetime": "2020-10-17 18:09:20", "elapsed": 37.672177, "delta": 0.732127}}
{"target": -1290311.9292453746, "params": {"alpha": 0.99, "beta": 3.534478050218606}, "datetime": {"datetime": "2020-10-17 18:09:21", "elapsed": 38.613813, "delta": 0.941636}}
{"target": -1290126.785546527, "params": {"alpha": 0.99, "beta": 3.5292854339186306}, "datetime": {"datetime": "2020-10-17 18:09:28", "elapsed": 44.962311, "delta": 6.348498}}
{"target": -1298143.3486218394, "params": {"alpha": 0.9864328982370629, "beta": 3.6048685141288965}, "datetime": {"datetime": "2020-10-17 18:09:33", "elapsed": 50.736973, "delta": 5.774662}}
{"target": -1289885.4134505235, "params": {"alpha": 0.99, "beta": 3.5223702783901243}, "datetime": {"datetime": "2020-10-17 18:09:39", "elapsed": 56.366341, "delta": 5.629368}}
{"target": -1293866.6240589067, "params": {"alpha": 0.9864988380817089, "beta": 3.4893414623522054}, "datetime": {"datetime": "2020-10-17 18:09:45", "elapsed": 62.50814, "delta": 6.141799}}
{"target": -1289333.253421193, "params": {"alpha": 0.99, "beta": 3.5058526972073154}, "datetime": {"datetime": "2020-10-17 18:09:50", "elapsed": 67.647555, "delta": 5.139415}}
{"target": -1289261.7557316595, "params": {"alpha": 0.99, "beta": 3.503634406252835}, "datetime": {"datetime": "2020-10-17 18:09:56", "elapsed": 73.065695, "delta": 5.41814}}
{"target": -1289219.8791899083, "params": {"alpha": 0.99, "beta": 3.5023258850683527}, "datetime": {"datetime": "2020-10-17 18:10:02", "elapsed": 78.875295, "delta": 5.8096}}
{"target": -1289173.8285606452, "params": {"alpha": 0.99, "beta": 3.500878857232562}, "datetime": {"datetime": "2020-10-17 18:10:07", "elapsed": 84.177113, "delta": 5.301818}}
{"target": -1289112.615512166, "params": {"alpha": 0.99, "beta": 3.4989419986035233}, "datetime": {"datetime": "2020-10-17 18:10:12", "elapsed": 89.40916, "delta": 5.232047}}
{"target": -1289027.8000342436, "params": {"alpha": 0.99, "beta": 3.496232339580211}, "datetime": {"datetime": "2020-10-17 18:10:20", "elapsed": 97.138757, "delta": 7.729597}}
{"target": -1302761.1924960187, "params": {"alpha": 0.9830074240026575, "beta": 3.5995055926538275}, "datetime": {"datetime": "2020-10-17 18:10:26", "elapsed": 103.074273, "delta": 5.935516}}
{"target": -1288911.1881029878, "params": {"alpha": 0.99, "beta": 3.4924555525725296}, "datetime": {"datetime": "2020-10-17 18:10:36", "elapsed": 112.91905, "delta": 9.844777}}
{"target": -1288765.565951195, "params": {"alpha": 0.99, "beta": 3.4876510964957355}, "datetime": {"datetime": "2020-10-17 18:10:48", "elapsed": 124.824308, "delta": 11.905258}}
{"target": -1288586.2601290657, "params": {"alpha": 0.99, "beta": 3.481590804724044}, "datetime": {"datetime": "2020-10-17 18:10:54", "elapsed": 131.65725, "delta": 6.832942}}
{"target": -1288395.985535777, "params": {"alpha": 0.99, "beta": 3.4749690627545955}, "datetime": {"datetime": "2020-10-17 18:11:03", "elapsed": 140.48543, "delta": 8.82818}}
{"target": -1301496.085094412, "params": {"alpha": 0.9857572211458534, "beta": 3.6575646396162096}, "datetime": {"datetime": "2020-10-17 18:11:10", "elapsed": 147.742329, "delta": 7.256899}}
{"target": -1291357.2767720385, "params": {"alpha": 0.9882730128375391, "beta": 3.491161041446875}, "datetime": {"datetime": "2020-10-17 18:11:18", "elapsed": 155.540624, "delta": 7.798295}}
{"target": -1298687.1636891863, "params": {"alpha": 0.9898072242472417, "beta": 3.711510231724849}, "datetime": {"datetime": "2020-10-17 18:11:23", "elapsed": 160.404459, "delta": 4.863835}}
{"target": -1292879.156966204, "params": {"alpha": 0.9878376151100594, "beta": 3.51949340415149}, "datetime": {"datetime": "2020-10-17 18:11:30", "elapsed": 167.341136, "delta": 6.936677}}
{"target": -1288563.794473604, "params": {"alpha": 0.989356852032177, "beta": 3.4457612292423576}, "datetime": {"datetime": "2020-10-17 18:11:37", "elapsed": 174.073341, "delta": 6.732205}}
{"target": -1287689.9806973021, "params": {"alpha": 0.99, "beta": 3.4482719265107478}, "datetime": {"datetime": "2020-10-17 18:11:44", "elapsed": 181.270647, "delta": 7.197306}}
{"target": -1303262.7623669025, "params": {"alpha": 0.9805384844909735, "beta": 3.514518008275166}, "datetime": {"datetime": "2020-10-17 18:11:54", "elapsed": 190.969967, "delta": 9.69932}}
{"target": -1287696.0264807665, "params": {"alpha": 0.99, "beta": 3.4485177650450343}, "datetime": {"datetime": "2020-10-17 18:12:04", "elapsed": 201.226274, "delta": 10.256307}}
{"target": -1287694.0276496925, "params": {"alpha": 0.99, "beta": 3.4484365256187486}, "datetime": {"datetime": "2020-10-17 18:12:14", "elapsed": 211.274443, "delta": 10.048169}}
{"target": -1287693.045478044, "params": {"alpha": 0.99, "beta": 3.4483965927757367}, "datetime": {"datetime": "2020-10-17 18:12:23", "elapsed": 220.137225, "delta": 8.862782}}
{"target": -1287692.0300927337, "params": {"alpha": 0.99, "beta": 3.4483552998458897}, "datetime": {"datetime": "2020-10-17 18:12:29", "elapsed": 226.571352, "delta": 6.434127}}
{"target": -1292240.96839803, "params": {"alpha": 0.98744135211707, "beta": 3.4801885440241214}, "datetime": {"datetime": "2020-10-17 18:12:36", "elapsed": 232.86573, "delta": 6.294378}}
{"target": -1287668.6440368185, "params": {"alpha": 0.99, "beta": 3.4474015073619575}, "datetime": {"datetime": "2020-10-17 18:12:43", "elapsed": 240.119129, "delta": 7.253399}}
{"target": -1287654.3786063537, "params": {"alpha": 0.99, "beta": 3.4468170858749128}, "datetime": {"datetime": "2020-10-17 18:12:50", "elapsed": 247.05133, "delta": 6.932201}}
{"target": -1287623.47851628, "params": {"alpha": 0.99, "beta": 3.445544274239197}, "datetime": {"datetime": "2020-10-17 18:12:54", "elapsed": 251.040358, "delta": 3.989028}}
{"target": -1288619.035086543, "params": {"alpha": 0.9886982668314953, "beta": 3.401712161897145}, "datetime": {"datetime": "2020-10-17 18:12:58", "elapsed": 255.500597, "delta": 4.460239}}
{"target": -1287830.5702992666, "params": {"alpha": 0.9898157481045121, "beta": 3.4430092668549657}, "datetime": {"datetime": "2020-10-17 18:13:03", "elapsed": 259.822918, "delta": 4.322321}}
{"target": -1286857.492774382, "params": {"alpha": 0.99, "beta": 3.4100826769294845}, "datetime": {"datetime": "2020-10-17 18:13:07", "elapsed": 264.265363, "delta": 4.442445}}
{"target": -1286876.872974524, "params": {"alpha": 0.99, "beta": 3.411100597332565}, "datetime": {"datetime": "2020-10-17 18:13:11", "elapsed": 267.958461, "delta": 3.693098}}
{"target": -1286871.243871353, "params": {"alpha": 0.99, "beta": 3.4108057851268923}, "datetime": {"datetime": "2020-10-17 18:13:17", "elapsed": 274.171376, "delta": 6.212915}}
{"target": -1298056.7037568465, "params": {"alpha": 0.982105724376524, "beta": 3.3749153370005405}, "datetime": {"datetime": "2020-10-17 18:13:22", "elapsed": 279.042729, "delta": 4.871353}}
{"target": -1289413.2833560377, "params": {"alpha": 0.9887968066568134, "beta": 3.4471964904047057}, "datetime": {"datetime": "2020-10-17 18:13:26", "elapsed": 283.611411, "delta": 4.568682}}
{"target": -1286847.303351931, "params": {"alpha": 0.99, "beta": 3.4095441487798768}, "datetime": {"datetime": "2020-10-17 18:13:32", "elapsed": 289.048729, "delta": 5.437318}}
{"target": -1291676.3364800494, "params": {"alpha": 0.9881616198390467, "beta": 3.4964143650869843}, "datetime": {"datetime": "2020-10-17 18:13:38", "elapsed": 295.42191, "delta": 6.373181}}
{"target": -1286843.134252001, "params": {"alpha": 0.99, "beta": 3.409323130685716}, "datetime": {"datetime": "2020-10-17 18:13:44", "elapsed": 300.888626, "delta": 5.466716}}
{"target": -1286839.170022246, "params": {"alpha": 0.99, "beta": 3.409112607305142}, "datetime": {"datetime": "2020-10-17 18:13:49", "elapsed": 305.979719, "delta": 5.091093}}
{"target": -1286833.2986451872, "params": {"alpha": 0.99, "beta": 3.4088001434110797}, "datetime": {"datetime": "2020-10-17 18:13:57", "elapsed": 314.578902, "delta": 8.599183}}
{"target": -1286826.5015675237, "params": {"alpha": 0.99, "beta": 3.408437423674726}, "datetime": {"datetime": "2020-10-17 18:14:04", "elapsed": 321.301429, "delta": 6.722527}}
{"target": -1286816.9154347344, "params": {"alpha": 0.99, "beta": 3.407924040952007}, "datetime": {"datetime": "2020-10-17 18:14:09", "elapsed": 326.52487, "delta": 5.223441}}
{"target": -1286802.4474170688, "params": {"alpha": 0.99, "beta": 3.407145101260952}, "datetime": {"datetime": "2020-10-17 18:14:14", "elapsed": 331.443006, "delta": 4.918136}}
{"target": -1286778.87234438, "params": {"alpha": 0.99, "beta": 3.405865017695391}, "datetime": {"datetime": "2020-10-17 18:14:20", "elapsed": 336.997875, "delta": 5.554869}}
{"target": -1286737.3947731075, "params": {"alpha": 0.99, "beta": 3.40357898908079}, "datetime": {"datetime": "2020-10-17 18:14:26", "elapsed": 343.427676, "delta": 6.429801}}
{"target": -1295454.368137723, "params": {"alpha": 0.9840126203710057, "beta": 3.3950967478494785}, "datetime": {"datetime": "2020-10-17 18:14:30", "elapsed": 347.788322, "delta": 4.360646}}
{"target": -1286532.0889995678, "params": {"alpha": 0.99, "beta": 3.39152843174955}, "datetime": {"datetime": "2020-10-17 18:14:37", "elapsed": 353.823085, "delta": 6.034763}}
{"target": -1286448.740008618, "params": {"alpha": 0.99, "beta": 3.3862131703146625}, "datetime": {"datetime": "2020-10-17 18:14:44", "elapsed": 360.852773, "delta": 7.029688}}
{"target": -1286413.5972476648, "params": {"alpha": 0.99, "beta": 3.383882328371054}, "datetime": {"datetime": "2020-10-17 18:14:51", "elapsed": 368.15479, "delta": 7.302017}}
{"target": -1286390.1459033585, "params": {"alpha": 0.99, "beta": 3.382294147610746}, "datetime": {"datetime": "2020-10-17 18:14:56", "elapsed": 372.876439, "delta": 4.721649}}
{"target": -1294592.9084159303, "params": {"alpha": 0.9877267581578936, "beta": 3.5626854616148247}, "datetime": {"datetime": "2020-10-17 18:15:02", "elapsed": 379.04211, "delta": 6.165671}}
{"target": -1286369.055937697, "params": {"alpha": 0.99, "beta": 3.3808420779147172}, "datetime": {"datetime": "2020-10-17 18:15:10", "elapsed": 386.873827, "delta": 7.831717}}
{"target": -1286347.1120557683, "params": {"alpha": 0.99, "beta": 3.379305983106324}, "datetime": {"datetime": "2020-10-17 18:15:15", "elapsed": 392.658791, "delta": 5.784964}}
{"target": -1286319.3777711603, "params": {"alpha": 0.99, "beta": 3.3773255200763868}, "datetime": {"datetime": "2020-10-17 18:15:21", "elapsed": 398.223589, "delta": 5.564798}}
{"target": -1299587.5099872104, "params": {"alpha": 0.9863049216492313, "beta": 3.6332983499526734}, "datetime": {"datetime": "2020-10-17 18:15:26", "elapsed": 402.960831, "delta": 4.737242}}
{"target": -1289545.5859937295, "params": {"alpha": 0.9890797503361921, "beta": 3.4684605457251743}, "datetime": {"datetime": "2020-10-17 18:15:30", "elapsed": 407.585054, "delta": 4.624223}}
{"target": -1286282.1229185944, "params": {"alpha": 0.99, "beta": 3.3745912368116247}, "datetime": {"datetime": "2020-10-17 18:15:35", "elapsed": 411.972556, "delta": 4.387502}}
{"target": -1286230.2292706035, "params": {"alpha": 0.99, "beta": 3.3706250420484993}, "datetime": {"datetime": "2020-10-17 18:15:39", "elapsed": 416.572704, "delta": 4.600148}}
{"target": -1287691.0948474684, "params": {"alpha": 0.9895083200032455, "beta": 3.415931735914665}, "datetime": {"datetime": "2020-10-17 18:15:45", "elapsed": 421.841387, "delta": 5.268683}}
{"target": -1286165.3128855343, "params": {"alpha": 0.99, "beta": 3.3653616287223485}, "datetime": {"datetime": "2020-10-17 18:15:50", "elapsed": 427.304903, "delta": 5.463516}}
{"target": -1286103.719970408, "params": {"alpha": 0.99, "beta": 3.35998763464956}, "datetime": {"datetime": "2020-10-17 18:15:54", "elapsed": 430.934991, "delta": 3.630088}}
{"target": -1291526.4912898852, "params": {"alpha": 0.9899444737746228, "beta": 3.564544129797965}, "datetime": {"datetime": "2020-10-17 18:15:57", "elapsed": 434.291788, "delta": 3.356797}}
{"target": -1286054.408413001, "params": {"alpha": 0.99, "beta": 3.3553501096606326}, "datetime": {"datetime": "2020-10-17 18:16:02", "elapsed": 439.425794, "delta": 5.134006}}
{"target": -1290947.4419345763, "params": {"alpha": 0.9881274367013996, "beta": 3.46928693273111}, "datetime": {"datetime": "2020-10-17 18:16:05", "elapsed": 442.230113, "delta": 2.804319}}
{"target": -1286015.1900667401, "params": {"alpha": 0.99, "beta": 3.3513953346618828}, "datetime": {"datetime": "2020-10-17 18:16:09", "elapsed": 446.040043, "delta": 3.80993}}
{"target": -1288093.2677564912, "params": {"alpha": 0.9889694168321725, "beta": 3.3941422411577866}, "datetime": {"datetime": "2020-10-17 18:16:12", "elapsed": 449.69007, "delta": 3.650027}}
{"target": -1291745.3185708183, "params": {"alpha": 0.9860409827326487, "beta": 3.305745601385631}, "datetime": {"datetime": "2020-10-17 18:16:16", "elapsed": 453.279875, "delta": 3.589805}}
{"target": -1285893.0706578507, "params": {"alpha": 0.99, "beta": 3.3367633005354826}, "datetime": {"datetime": "2020-10-17 18:16:19", "elapsed": 456.013374, "delta": 2.733499}}
{"target": -1285877.9553607723, "params": {"alpha": 0.99, "beta": 3.3345750776348138}, "datetime": {"datetime": "2020-10-17 18:16:22", "elapsed": 458.986473, "delta": 2.973099}}
{"target": -1295944.1140383112, "params": {"alpha": 0.9843840987692807, "beta": 3.450659508062479}, "datetime": {"datetime": "2020-10-17 18:16:25", "elapsed": 462.473392, "delta": 3.486919}}
