{"target": -1444372.3353250076, "params": {"alpha": 0.7276219031074749, "beta": 6.104701139057963}, "datetime": {"datetime": "2020-10-17 18:12:00", "elapsed": 0.0, "delta": 0.0}}
{"target": -1241897.5251008463, "params": {"alpha": 0.3051994122489931, "beta": 8.025246329299044}, "datetime": {"datetime": "2020-10-17 18:12:01", "elapsed": 0.53708, "delta": 0.53708}}
{"target": -1369569.5517903317, "params": {"alpha": 0.497916792317126, "beta": 2.070191679483405}, "datetime": {"datetime": "2020-10-17 18:12:01", "elapsed": 1.130832, "delta": 0.593752}}
{"target": -1037930.2864792477, "params": {"alpha": 0.39078833232721283, "beta": 4.551785114854081}, "datetime": {"datetime": "2020-10-17 18:12:02", "elapsed": 1.913277, "delta": 0.782445}}
{"target": -3607502.028581669, "params": {"alpha": 0.3407750666686109, "beta": 1.7429568007729768}, "datetime": {"datetime": "2020-10-17 18:12:02", "elapsed": 2.385571, "delta": 0.472294}}
{"target": -1030723.3878394393, "params": {"alpha": 0.36789380024771157, "beta": 4.680022589282124}, "datetime": {"datetime": "2020-10-17 18:12:03", "elapsed": 2.932434, "delta": 0.546863}}
{"target": -1595023.6140890734, "params": {"alpha": 0.924599368884012, "beta": 3.6279303900661364}, "datetime": {"datetime": "2020-10-17 18:12:03", "elapsed": 3.526183, "delta": 0.593749}}
{"target": -1607203.6804370394, "params": {"alpha": 0.8318685506191031, "beta": 9.90296201688082}, "datetime": {"datetime": "2020-10-17 18:12:04", "elapsed": 4.135563, "delta": 0.60938}}
{"target": -1033964.2159262114, "params": {"alpha": 0.3787612844751102, "beta": 4.619151315454076}, "datetime": {"datetime": "2020-10-17 18:12:05", "elapsed": 4.901185, "delta": 0.765622}}
{"target": -1358165.436213255, "params": {"alpha": 0.7314212688771988, "beta": 3.7722421535447763}, "datetime": {"datetime": "2020-10-17 18:12:06", "elapsed": 5.558703, "delta": 0.657518}}
{"target": -1165343.2629445412, "params": {"alpha": 0.1165301112709405, "beta": 6.176489919882287}, "datetime": {"datetime": "2020-10-17 18:12:06", "elapsed": 6.077828, "delta": 0.519125}}
{"target": -1031655.632974792, "params": {"alpha": 0.371135592872829, "beta": 4.661864644793356}, "datetime": {"datetime": "2020-10-17 18:12:07", "elapsed": 6.780955, "delta": 0.703127}}
{"target": -1036217.5456836588, "params": {"alpha": 0.38574015441277615, "beta": 4.580061242502587}, "datetime": {"datetime": "2020-10-17 18:12:07", "elapsed": 7.439704, "delta": 0.658749}}
{"target": -1030966.715088618, "params": {"alpha": 0.3687500551481794, "beta": 4.675226139203941}, "datetime": {"datetime": "2020-10-17 18:12:08", "elapsed": 8.161028, "delta": 0.721324}}
{"target": -1030627.503052244, "params": {"alpha": 0.36755157571800895, "beta": 4.681948962978774}, "datetime": {"datetime": "2020-10-17 18:12:09", "elapsed": 8.85731, "delta": 0.696282}}
{"target": -1030571.5092100595, "params": {"alpha": 0.36722416991132895, "beta": 4.684212034474159}, "datetime": {"datetime": "2020-10-17 18:12:10", "elapsed": 9.591616, "delta": 0.734306}}
{"target": -1031356.7509619008, "params": {"alpha": 0.3681158160282816, "beta": 4.685534676168962}, "datetime": {"datetime": "2020-10-17 18:12:10", "elapsed": 10.24901, "delta": 0.657394}}
{"target": -1352514.9547238713, "params": {"alpha": 0.6295151420379856, "beta": 5.807458857675274}, "datetime": {"datetime": "2020-10-17 18:12:11", "elapsed": 10.798264, "delta": 0.549254}}
{"target": -1416168.453825494, "params": {"alpha": 0.5641566850540021, "beta": 8.008751085268823}, "datetime": {"datetime": "2020-10-17 18:12:11", "elapsed": 11.362047, "delta": 0.563783}}
{"target": -1013642.4449063442, "params": {"alpha": 0.3448277790993774, "beta": 4.669468654113508}, "datetime": {"datetime": "2020-10-17 18:12:12", "elapsed": 12.115486, "delta": 0.753439}}
{"target": -1535299.8672294188, "params": {"alpha": 0.8548437768474264, "beta": 6.072343340538891}, "datetime": {"datetime": "2020-10-17 18:12:13", "elapsed": 12.774166, "delta": 0.65868}}
{"target": -1003572.7281794649, "params": {"alpha": 0.32961648595637044, "beta": 4.6570392669056}, "datetime": {"datetime": "2020-10-17 18:12:14", "elapsed": 13.62001, "delta": 0.845844}}
{"target": -1614276.652880379, "params": {"alpha": 0.9393939234384778, "beta": 7.6437855391144645}, "datetime": {"datetime": "2020-10-17 18:12:14", "elapsed": 14.200452, "delta": 0.580442}}
{"target": -997702.2915670788, "params": {"alpha": 0.32040519400665707, "beta": 4.641586357612772}, "datetime": {"datetime": "2020-10-17 18:12:15", "elapsed": 14.843442, "delta": 0.64299}}
{"target": -995637.2036174441, "params": {"alpha": 0.3178653087393347, "beta": 4.629026281723613}, "datetime": {"datetime": "2020-10-17 18:12:15", "elapsed": 15.423875, "delta": 0.580433}}
{"target": -994824.3825298366, "params": {"alpha": 0.3170718918044453, "beta": 4.622413554655985}, "datetime": {"datetime": "2020-10-17 18:12:16", "elapsed": 16.174255, "delta": 0.75038}}
{"target": -992647.1314651375, "params": {"alpha": 0.31385151849096243, "beta": 4.610692064690339}, "datetime": {"datetime": "2020-10-17 18:12:17", "elapsed": 16.893003, "delta": 0.718748}}
{"target": -987689.8451278879, "params": {"alpha": 0.3021424092236815, "beta": 4.5988941552349285}, "datetime": {"datetime": "2020-10-17 18:12:18", "elapsed": 17.536219, "delta": 0.643216}}
{"target": -984301.4452266501, "params": {"alpha": 0.28711814644437306, "beta": 4.598236636766742}, "datetime": {"datetime": "2020-10-17 18:12:18", "elapsed": 18.332211, "delta": 0.795992}}
{"target": -983926.1173904097, "params": {"alpha": 0.28094283671017745, "beta": 4.60360945047924}, "datetime": {"datetime": "2020-10-17 18:12:19", "elapsed": 19.056009, "delta": 0.723798}}
{"target": -983827.0816197462, "params": {"alpha": 0.2808040387883801, "beta": 4.601686915331015}, "datetime": {"datetime": "2020-10-17 18:12:20", "elapsed": 19.665386, "delta": 0.609377}}
{"target": -1143616.0542571053, "params": {"alpha": 0.1368641698862598, "beta": 7.531481283924518}, "datetime": {"datetime": "2020-10-17 18:12:20", "elapsed": 20.212258, "delta": 0.546872}}
{"target": -983524.4824991056, "params": {"alpha": 0.27814908172106134, "beta": 4.597649582003849}, "datetime": {"datetime": "2020-10-17 18:12:21", "elapsed": 20.933363, "delta": 0.721105}}
{"target": -983338.6859397173, "params": {"alpha": 0.27627039941499765, "beta": 4.593878164628335}, "datetime": {"datetime": "2020-10-17 18:12:22", "elapsed": 21.589618, "delta": 0.656255}}
{"target": -983151.9650668425, "params": {"alpha": 0.2754582995701135, "beta": 4.589252554607085}, "datetime": {"datetime": "2020-10-17 18:12:22", "elapsed": 22.184589, "delta": 0.594971}}
{"target": -982872.3458636666, "params": {"alpha": 0.27567088097358566, "beta": 4.5826117890146625}, "datetime": {"datetime": "2020-10-17 18:12:23", "elapsed": 22.874635, "delta": 0.690046}}
{"target": -982514.5071076698, "params": {"alpha": 0.2770961772918327, "beta": 4.574474114568559}, "datetime": {"datetime": "2020-10-17 18:12:24", "elapsed": 24.125768, "delta": 1.251133}}
{"target": -982194.0929738348, "params": {"alpha": 0.2785599706611499, "beta": 4.566873695020553}, "datetime": {"datetime": "2020-10-17 18:12:26", "elapsed": 25.643785, "delta": 1.518017}}
{"target": -982197.6786002298, "params": {"alpha": 0.28340265965989164, "beta": 4.562813252170712}, "datetime": {"datetime": "2020-10-17 18:12:27", "elapsed": 26.565655, "delta": 0.92187}}
{"target": -981880.831670873, "params": {"alpha": 0.2796684759470926, "beta": 4.559224156465501}, "datetime": {"datetime": "2020-10-17 18:12:28", "elapsed": 27.612528, "delta": 1.046873}}
{"target": -981559.4603233866, "params": {"alpha": 0.27858194922596313, "beta": 4.551730204901005}, "datetime": {"datetime": "2020-10-17 18:12:29", "elapsed": 29.16814, "delta": 1.555612}}
{"target": -981269.1112588714, "params": {"alpha": 0.2785205732459219, "beta": 4.5446436260054055}, "datetime": {"datetime": "2020-10-17 18:12:30", "elapsed": 30.060079, "delta": 0.891939}}
{"target": -980936.9401238206, "params": {"alpha": 0.2792233938475548, "beta": 4.536654249782314}, "datetime": {"datetime": "2020-10-17 18:12:31", "elapsed": 31.170588, "delta": 1.110509}}
{"target": -980610.2954358616, "params": {"alpha": 0.280281778963962, "beta": 4.528756806444614}, "datetime": {"datetime": "2020-10-17 18:12:33", "elapsed": 32.65833, "delta": 1.487742}}
{"target": -980289.6033131331, "params": {"alpha": 0.28090182712959866, "beta": 4.520895489605579}, "datetime": {"datetime": "2020-10-17 18:12:34", "elapsed": 33.942136, "delta": 1.283806}}
{"target": -979975.352003645, "params": {"alpha": 0.27954880990660796, "beta": 4.512665780312365}, "datetime": {"datetime": "2020-10-17 18:12:35", "elapsed": 34.975762, "delta": 1.033626}}
{"target": -979969.8845576018, "params": {"alpha": 0.27632711351970507, "beta": 4.5083751954052245}, "datetime": {"datetime": "2020-10-17 18:12:36", "elapsed": 36.103134, "delta": 1.127372}}
{"target": -979802.9881946247, "params": {"alpha": 0.2790503786826194, "beta": 4.507830201145729}, "datetime": {"datetime": "2020-10-17 18:12:37", "elapsed": 37.103131, "delta": 0.999997}}
{"target": -1441635.8034448817, "params": {"alpha": 0.7837565572822538, "beta": 4.704049815690776}, "datetime": {"datetime": "2020-10-17 18:12:38", "elapsed": 38.103134, "delta": 1.000003}}
{"target": -979418.1839598328, "params": {"alpha": 0.28259816566207824, "beta": 4.499252940529885}, "datetime": {"datetime": "2020-10-17 18:12:39", "elapsed": 39.251533, "delta": 1.148399}}
{"target": -979213.3552921065, "params": {"alpha": 0.2839213943491737, "beta": 4.493763958026529}, "datetime": {"datetime": "2020-10-17 18:12:40", "elapsed": 40.174538, "delta": 0.923005}}
{"target": -978905.6714479955, "params": {"alpha": 0.2845750089609348, "beta": 4.4859131773993415}, "datetime": {"datetime": "2020-10-17 18:12:41", "elapsed": 41.473769, "delta": 1.299231}}
{"target": -1100522.65045687, "params": {"alpha": 0.3456178407546785, "beta": 5.690841020849503}, "datetime": {"datetime": "2020-10-17 18:12:42", "elapsed": 42.38002, "delta": 0.906251}}
{"target": -978501.5581283973, "params": {"alpha": 0.27763028132802536, "beta": 4.469221723148568}, "datetime": {"datetime": "2020-10-17 18:12:44", "elapsed": 44.43505, "delta": 2.05503}}
{"target": -978500.3427977578, "params": {"alpha": 0.2942080259869513, "beta": 4.459912614853272}, "datetime": {"datetime": "2020-10-17 18:12:46", "elapsed": 45.562475, "delta": 1.127425}}
{"target": -1406967.0889275451, "params": {"alpha": 0.758253000863743, "beta": 4.405208269347275}, "datetime": {"datetime": "2020-10-17 18:12:46", "elapsed": 46.346166, "delta": 0.783691}}
{"target": -978753.3235687432, "params": {"alpha": 0.28044457531668554, "beta": 4.481323826897289}, "datetime": {"datetime": "2020-10-17 18:12:48", "elapsed": 47.752425, "delta": 1.406259}}
{"target": -977924.6994658007, "params": {"alpha": 0.2855646170941824, "beta": 4.461133662876965}, "datetime": {"datetime": "2020-10-17 18:12:49", "elapsed": 48.754798, "delta": 1.002373}}
{"target": -977730.5462444009, "params": {"alpha": 0.2849583588264823, "beta": 4.456362368437755}, "datetime": {"datetime": "2020-10-17 18:12:50", "elapsed": 49.851243, "delta": 1.096445}}
{"target": -977361.4434115018, "params": {"alpha": 0.2841483921793298, "beta": 4.4465731441355505}, "datetime": {"datetime": "2020-10-17 18:12:51", "elapsed": 50.898119, "delta": 1.046876}}
{"target": -978061.129443124, "params": {"alpha": 0.29878482242749954, "beta": 4.436472045466649}, "datetime": {"datetime": "2020-10-17 18:12:52", "elapsed": 51.916144, "delta": 1.018025}}
{"target": -976873.4492932885, "params": {"alpha": 0.28656744969867637, "beta": 4.433894232726008}, "datetime": {"datetime": "2020-10-17 18:12:53", "elapsed": 53.197398, "delta": 1.281254}}
{"target": -976096.2722974776, "params": {"alpha": 0.28833159300702466, "beta": 4.412998474255486}, "datetime": {"datetime": "2020-10-17 18:12:54", "elapsed": 54.29575, "delta": 1.098352}}
{"target": -976428.1771793264, "params": {"alpha": 0.27828301264969246, "beta": 4.4046301382052455}, "datetime": {"datetime": "2020-10-17 18:12:55", "elapsed": 55.233244, "delta": 0.937494}}
{"target": -976324.1611479769, "params": {"alpha": 0.29108006022164096, "beta": 4.416404816684467}, "datetime": {"datetime": "2020-10-17 18:12:56", "elapsed": 56.45439, "delta": 1.221146}}
{"target": -975928.8406913804, "params": {"alpha": 0.2861098027174072, "beta": 4.40828138951304}, "datetime": {"datetime": "2020-10-17 18:12:57", "elapsed": 57.51926, "delta": 1.06487}}
{"target": -975623.9467358252, "params": {"alpha": 0.2881272573094939, "beta": 4.4003850785958685}, "datetime": {"datetime": "2020-10-17 18:12:59", "elapsed": 58.709117, "delta": 1.189857}}
{"target": -975338.9802766058, "params": {"alpha": 0.2898694920396963, "beta": 4.392247433151634}, "datetime": {"datetime": "2020-10-17 18:13:00", "elapsed": 59.867971, "delta": 1.158854}}
{"target": -975049.4333875146, "params": {"alpha": 0.2911888189745554, "beta": 4.383729404326777}, "datetime": {"datetime": "2020-10-17 18:13:01", "elapsed": 61.167281, "delta": 1.29931}}
{"target": -975817.118069075, "params": {"alpha": 0.29910972816749193, "beta": 4.386776064322065}, "datetime": {"datetime": "2020-10-17 18:13:02", "elapsed": 62.450949, "delta": 1.283668}}
{"target": -974623.0308960655, "params": {"alpha": 0.28898830577146273, "beta": 4.372527202661182}, "datetime": {"datetime": "2020-10-17 18:13:03", "elapsed": 63.341577, "delta": 0.890628}}
{"target": -974710.9913217635, "params": {"alpha": 0.2911960580703067, "beta": 4.374665210859977}, "datetime": {"datetime": "2020-10-17 18:13:05", "elapsed": 64.672223, "delta": 1.330646}}
{"target": -974326.4307280123, "params": {"alpha": 0.28897109677691707, "beta": 4.363910316915767}, "datetime": {"datetime": "2020-10-17 18:13:06", "elapsed": 65.721511, "delta": 1.049288}}
{"target": -973975.1305994282, "params": {"alpha": 0.28939242968460327, "beta": 4.35375236886644}, "datetime": {"datetime": "2020-10-17 18:13:07", "elapsed": 66.971525, "delta": 1.250014}}
{"target": -1174392.5663994548, "params": {"alpha": 0.3326045110846906, "beta": 6.741563069299485}, "datetime": {"datetime": "2020-10-17 18:13:08", "elapsed": 67.815275, "delta": 0.84375}}
{"target": -973616.9187753581, "params": {"alpha": 0.28986927886140423, "beta": 4.343278724059811}, "datetime": {"datetime": "2020-10-17 18:13:09", "elapsed": 69.134666, "delta": 1.319391}}
{"target": -975390.5302266612, "params": {"alpha": 0.27529398606868855, "beta": 4.333309192552814}, "datetime": {"datetime": "2020-10-17 18:13:10", "elapsed": 70.195873, "delta": 1.061207}}
{"target": -973423.094588539, "params": {"alpha": 0.2944869720733253, "beta": 4.3370383515110795}, "datetime": {"datetime": "2020-10-17 18:13:12", "elapsed": 71.570875, "delta": 1.375002}}
{"target": -974120.8268099242, "params": {"alpha": 0.3048099064887196, "beta": 4.329542425996301}, "datetime": {"datetime": "2020-10-17 18:13:13", "elapsed": 72.764399, "delta": 1.193524}}
{"target": -973047.1995994115, "params": {"alpha": 0.2915369507387037, "beta": 4.3269260869617385}, "datetime": {"datetime": "2020-10-17 18:13:14", "elapsed": 73.844166, "delta": 1.079767}}
{"target": -972654.6200418243, "params": {"alpha": 0.2938674665207331, "beta": 4.315420452907346}, "datetime": {"datetime": "2020-10-17 18:13:15", "elapsed": 74.971734, "delta": 1.127568}}
{"target": -972937.0635576801, "params": {"alpha": 0.3011855406172957, "beta": 4.312355697749682}, "datetime": {"datetime": "2020-10-17 18:13:16", "elapsed": 76.483444, "delta": 1.51171}}
{"target": -972347.4847366551, "params": {"alpha": 0.29446015269818543, "beta": 4.3061282267714445}, "datetime": {"datetime": "2020-10-17 18:13:18", "elapsed": 77.567413, "delta": 1.083969}}
{"target": -971972.6552170722, "params": {"alpha": 0.2938567774577764, "beta": 4.294514398223982}, "datetime": {"datetime": "2020-10-17 18:13:19", "elapsed": 78.867811, "delta": 1.300398}}
{"target": -971663.6106340735, "params": {"alpha": 0.29387414890693364, "beta": 4.284576297278175}, "datetime": {"datetime": "2020-10-17 18:13:20", "elapsed": 80.045763, "delta": 1.177952}}
{"target": -971346.6171160768, "params": {"alpha": 0.293964024025025, "beta": 4.274106517765306}, "datetime": {"datetime": "2020-10-17 18:13:21", "elapsed": 81.061388, "delta": 1.015625}}
{"target": -1236915.817836119, "params": {"alpha": 0.6029497185106835, "beta": 4.357497171976991}, "datetime": {"datetime": "2020-10-17 18:13:22", "elapsed": 81.99889, "delta": 0.937502}}
{"target": -971051.3610529173, "params": {"alpha": 0.29400928209636384, "beta": 4.26399189349021}, "datetime": {"datetime": "2020-10-17 18:13:24", "elapsed": 83.66844, "delta": 1.66955}}
{"target": -1408464.3616720957, "params": {"alpha": 0.5815848007055857, "beta": 7.594383209564022}, "datetime": {"datetime": "2020-10-17 18:13:24", "elapsed": 84.470254, "delta": 0.801814}}
{"target": -970692.2120780441, "params": {"alpha": 0.29280229952693526, "beta": 4.248333013713026}, "datetime": {"datetime": "2020-10-17 18:13:25", "elapsed": 85.363251, "delta": 0.892997}}
{"target": -970281.4459499689, "params": {"alpha": 0.3017951615627033, "beta": 4.237786125094786}, "datetime": {"datetime": "2020-10-17 18:13:26", "elapsed": 86.128871, "delta": 0.76562}}
{"target": -969982.8273572186, "params": {"alpha": 0.30050117784460817, "beta": 4.229757638841196}, "datetime": {"datetime": "2020-10-17 18:13:27", "elapsed": 87.131209, "delta": 1.002338}}
{"target": -969619.0065249747, "params": {"alpha": 0.29940392842370506, "beta": 4.217799620731283}, "datetime": {"datetime": "2020-10-17 18:13:29", "elapsed": 88.6898, "delta": 1.558591}}
{"target": -969371.3764006166, "params": {"alpha": 0.2993099659978177, "beta": 4.208916822765898}, "datetime": {"datetime": "2020-10-17 18:13:30", "elapsed": 89.567386, "delta": 0.877586}}
{"target": -969082.1323115446, "params": {"alpha": 0.3002355464716322, "beta": 4.198746283933849}, "datetime": {"datetime": "2020-10-17 18:13:31", "elapsed": 90.629885, "delta": 1.062499}}
{"target": -1484225.237696074, "params": {"alpha": 0.3385727648304308, "beta": 2.3785383588899194}, "datetime": {"datetime": "2020-10-17 18:13:32", "elapsed": 91.567386, "delta": 0.937501}}
{"target": -968823.2569231997, "params": {"alpha": 0.3023350456504526, "beta": 4.189408255300037}, "datetime": {"datetime": "2020-10-17 18:13:33", "elapsed": 92.77285, "delta": 1.205464}}
{"target": -968690.3364133828, "params": {"alpha": 0.30515303957814516, "beta": 4.182318008916235}, "datetime": {"datetime": "2020-10-17 18:13:34", "elapsed": 93.772858, "delta": 1.000008}}
{"target": -969567.2849449003, "params": {"alpha": 0.308241214072426, "beta": 4.202728783256518}, "datetime": {"datetime": "2020-10-17 18:13:35", "elapsed": 95.025309, "delta": 1.252451}}
{"target": -968370.6337134014, "params": {"alpha": 0.29999170854682305, "beta": 4.170521591514829}, "datetime": {"datetime": "2020-10-17 18:13:36", "elapsed": 96.512012, "delta": 1.486703}}
{"target": -968364.3844668231, "params": {"alpha": 0.2997027250653803, "beta": 4.169719663540953}, "datetime": {"datetime": "2020-10-17 18:13:38", "elapsed": 97.643695, "delta": 1.131683}}
{"target": -968358.4465010756, "params": {"alpha": 0.29968958675915575, "beta": 4.16943836657433}, "datetime": {"datetime": "2020-10-17 18:13:39", "elapsed": 99.242181, "delta": 1.598486}}
{"target": -968344.2760500666, "params": {"alpha": 0.299746154459339, "beta": 4.168941408208655}, "datetime": {"datetime": "2020-10-17 18:13:41", "elapsed": 100.899555, "delta": 1.657374}}
{"target": -968276.5879588622, "params": {"alpha": 0.3002668347893601, "beta": 4.167011132434704}, "datetime": {"datetime": "2020-10-17 18:13:42", "elapsed": 102.258933, "delta": 1.359378}}
{"target": -967909.3863541713, "params": {"alpha": 0.30373782233028235, "beta": 4.155070939510103}, "datetime": {"datetime": "2020-10-17 18:13:43", "elapsed": 103.499904, "delta": 1.240971}}
{"target": -967675.7375256649, "params": {"alpha": 0.3058828035725959, "beta": 4.1454214099805045}, "datetime": {"datetime": "2020-10-17 18:13:45", "elapsed": 104.811494, "delta": 1.31159}}
{"target": -967498.4876067004, "params": {"alpha": 0.30621757371433433, "beta": 4.138402584726301}, "datetime": {"datetime": "2020-10-17 18:13:46", "elapsed": 105.827496, "delta": 1.016002}}
{"target": -967264.1674359016, "params": {"alpha": 0.30389316838980346, "beta": 4.128167070768197}, "datetime": {"datetime": "2020-10-17 18:13:48", "elapsed": 107.838497, "delta": 2.011001}}
