{"target": -1676632.3015893837, "params": {"alpha": 0.7276219031074749, "beta": 6.104701139057963}, "datetime": {"datetime": "2020-10-17 18:12:38", "elapsed": 0.0, "delta": 0.0}}
{"target": -2664343.224622607, "params": {"alpha": 0.3051994122489931, "beta": 8.025246329299044}, "datetime": {"datetime": "2020-10-17 18:12:38", "elapsed": 0.093751, "delta": 0.093751}}
{"target": -2680453.9837734303, "params": {"alpha": 0.497916792317126, "beta": 2.070191679483405}, "datetime": {"datetime": "2020-10-17 18:12:38", "elapsed": 0.171873, "delta": 0.078122}}
{"target": -2534566.891834445, "params": {"alpha": 0.39078833232721283, "beta": 4.551785114854081}, "datetime": {"datetime": "2020-10-17 18:12:38", "elapsed": 0.265624, "delta": 0.093751}}
{"target": -6215513.450954248, "params": {"alpha": 0.3407750666686109, "beta": 1.7429568007729768}, "datetime": {"datetime": "2020-10-17 18:12:38", "elapsed": 0.359374, "delta": 0.09375}}
{"target": -2636667.1441386687, "params": {"alpha": 0.36789380024771157, "beta": 4.680022589282124}, "datetime": {"datetime": "2020-10-17 18:12:38", "elapsed": 0.453125, "delta": 0.093751}}
{"target": -1096698.9524285456, "params": {"alpha": 0.924599368884012, "beta": 3.6279303900661364}, "datetime": {"datetime": "2020-10-17 18:12:38", "elapsed": 0.546874, "delta": 0.093749}}
{"target": -1824988.174629271, "params": {"alpha": 0.8318685506191031, "beta": 9.90296201688082}, "datetime": {"datetime": "2020-10-17 18:12:38", "elapsed": 0.642146, "delta": 0.095272}}
{"target": -1829249.7976744666, "params": {"alpha": 0.8268422271622979, "beta": 9.906853152804505}, "datetime": {"datetime": "2020-10-17 18:12:39", "elapsed": 0.78277, "delta": 0.140624}}
{"target": -1096698.9521402128, "params": {"alpha": 0.9245993686922591, "beta": 3.627930386827134}, "datetime": {"datetime": "2020-10-17 18:12:39", "elapsed": 1.065856, "delta": 0.283086}}
{"target": -1096699.081356718, "params": {"alpha": 0.9245992779844645, "beta": 3.627930422847508}, "datetime": {"datetime": "2020-10-17 18:12:39", "elapsed": 1.382773, "delta": 0.316917}}
{"target": -1096698.5393228426, "params": {"alpha": 0.9245996110416483, "beta": 3.6279298915725273}, "datetime": {"datetime": "2020-10-17 18:12:40", "elapsed": 1.680778, "delta": 0.298005}}
{"target": -1096697.0177835634, "params": {"alpha": 0.9246004960275452, "beta": 3.6279280000569925}, "datetime": {"datetime": "2020-10-17 18:12:40", "elapsed": 2.055779, "delta": 0.375001}}
{"target": -1096690.0999045118, "params": {"alpha": 0.9246046438713663, "beta": 3.6279203947075866}, "datetime": {"datetime": "2020-10-17 18:12:40", "elapsed": 2.383907, "delta": 0.328128}}
{"target": -1096620.5386194468, "params": {"alpha": 0.9246462606339602, "beta": 3.6278431802199704}, "datetime": {"datetime": "2020-10-17 18:12:41", "elapsed": 2.69764, "delta": 0.313733}}
{"target": -1092461.6536902424, "params": {"alpha": 0.9271376130010859, "beta": 3.623215487973111}, "datetime": {"datetime": "2020-10-17 18:12:41", "elapsed": 3.058139, "delta": 0.360499}}
{"target": -1077775.988406386, "params": {"alpha": 0.9359941069972986, "beta": 3.6067654057942367}, "datetime": {"datetime": "2020-10-17 18:12:41", "elapsed": 3.370635, "delta": 0.312496}}
{"target": -1041016.1071706279, "params": {"alpha": 0.9593419698303444, "beta": 3.5703594732843453}, "datetime": {"datetime": "2020-10-17 18:12:42", "elapsed": 3.698767, "delta": 0.328132}}
{"target": -1011636.5748541595, "params": {"alpha": 0.9803119847933536, "beta": 3.552621136260468}, "datetime": {"datetime": "2020-10-17 18:12:42", "elapsed": 3.995636, "delta": 0.296869}}
{"target": -999660.443392816, "params": {"alpha": 0.99, "beta": 3.5513701142259104}, "datetime": {"datetime": "2020-10-17 18:12:42", "elapsed": 4.308138, "delta": 0.312502}}
{"target": -1001887.4296208249, "params": {"alpha": 0.99, "beta": 3.563524423428451}, "datetime": {"datetime": "2020-10-17 18:12:43", "elapsed": 4.683137, "delta": 0.374999}}
{"target": -1017865.894060624, "params": {"alpha": 0.9756551667530666, "beta": 3.5553913153611454}, "datetime": {"datetime": "2020-10-17 18:12:43", "elapsed": 4.985782, "delta": 0.302645}}
{"target": -998862.2542956381, "params": {"alpha": 0.99, "beta": 3.547017964323312}, "datetime": {"datetime": "2020-10-17 18:12:43", "elapsed": 5.314323, "delta": 0.328541}}
{"target": -995985.5658751858, "params": {"alpha": 0.99, "beta": 3.531350677600624}, "datetime": {"datetime": "2020-10-17 18:12:43", "elapsed": 5.642449, "delta": 0.328126}}
{"target": -992950.363075106, "params": {"alpha": 0.99, "beta": 3.51485002543381}, "datetime": {"datetime": "2020-10-17 18:12:44", "elapsed": 5.95457, "delta": 0.312121}}
{"target": -989985.9069177727, "params": {"alpha": 0.99, "beta": 3.4987629995189424}, "datetime": {"datetime": "2020-10-17 18:12:44", "elapsed": 6.237043, "delta": 0.282473}}
{"target": -986764.9903061164, "params": {"alpha": 0.99, "beta": 3.481315971950849}, "datetime": {"datetime": "2020-10-17 18:12:44", "elapsed": 6.488164, "delta": 0.251121}}
{"target": -983503.0194349255, "params": {"alpha": 0.99, "beta": 3.4636793596828466}, "datetime": {"datetime": "2020-10-17 18:12:45", "elapsed": 6.785041, "delta": 0.296877}}
{"target": -980121.1805788536, "params": {"alpha": 0.99, "beta": 3.4454285240416898}, "datetime": {"datetime": "2020-10-17 18:12:45", "elapsed": 7.175667, "delta": 0.390626}}
{"target": -976645.2460013074, "params": {"alpha": 0.99, "beta": 3.4267047371016615}, "datetime": {"datetime": "2020-10-17 18:12:45", "elapsed": 7.456916, "delta": 0.281249}}
{"target": -973074.3532801501, "params": {"alpha": 0.99, "beta": 3.4075050452650264}, "datetime": {"datetime": "2020-10-17 18:12:46", "elapsed": 7.756216, "delta": 0.2993}}
{"target": -971333.6402359557, "params": {"alpha": 0.9879022411578918, "beta": 3.3842913244981205}, "datetime": {"datetime": "2020-10-17 18:12:46", "elapsed": 8.054423, "delta": 0.298207}}
{"target": -975177.9676065745, "params": {"alpha": 0.9885227146944042, "beta": 3.409066062215001}, "datetime": {"datetime": "2020-10-17 18:12:46", "elapsed": 8.321161, "delta": 0.266738}}
{"target": -965568.4252203564, "params": {"alpha": 0.99, "beta": 3.367259799176091}, "datetime": {"datetime": "2020-10-17 18:12:46", "elapsed": 8.664911, "delta": 0.34375}}
{"target": -961043.5515115798, "params": {"alpha": 0.99, "beta": 3.3430676719357004}, "datetime": {"datetime": "2020-10-17 18:12:47", "elapsed": 8.993035, "delta": 0.328124}}
{"target": -957720.1081112385, "params": {"alpha": 0.99, "beta": 3.325330223515489}, "datetime": {"datetime": "2020-10-17 18:12:47", "elapsed": 9.383659, "delta": 0.390624}}
{"target": -978280.8870571721, "params": {"alpha": 0.9721123067723182, "beta": 3.314223624238639}, "datetime": {"datetime": "2020-10-17 18:12:50", "elapsed": 11.873106, "delta": 2.489447}}
{"target": -965442.2699011478, "params": {"alpha": 0.9825502328640555, "beta": 3.3167892964902252}, "datetime": {"datetime": "2020-10-17 18:12:51", "elapsed": 13.609884, "delta": 1.736778}}
{"target": -953832.3896640815, "params": {"alpha": 0.99, "beta": 3.3046131524514037}, "datetime": {"datetime": "2020-10-17 18:12:54", "elapsed": 15.862133, "delta": 2.252249}}
{"target": -970719.2528420594, "params": {"alpha": 0.9797180422000749, "beta": 3.325913405567083}, "datetime": {"datetime": "2020-10-17 18:12:55", "elapsed": 17.520736, "delta": 1.658603}}
{"target": -948317.4169201059, "params": {"alpha": 0.99, "beta": 3.275280398567495}, "datetime": {"datetime": "2020-10-17 18:12:58", "elapsed": 20.041122, "delta": 2.520386}}
{"target": -944522.717556318, "params": {"alpha": 0.99, "beta": 3.255132844774209}, "datetime": {"datetime": "2020-10-17 18:13:00", "elapsed": 21.905459, "delta": 1.864337}}
{"target": -939767.0237451374, "params": {"alpha": 0.99, "beta": 3.2299207506479073}, "datetime": {"datetime": "2020-10-17 18:13:02", "elapsed": 23.784155, "delta": 1.878696}}
{"target": -935311.3848074657, "params": {"alpha": 0.99, "beta": 3.206334506695496}, "datetime": {"datetime": "2020-10-17 18:13:04", "elapsed": 25.910322, "delta": 2.126167}}
{"target": -930675.3695957025, "params": {"alpha": 0.99, "beta": 3.1818261286016556}, "datetime": {"datetime": "2020-10-17 18:13:06", "elapsed": 27.726618, "delta": 1.816296}}
{"target": -926033.4899456137, "params": {"alpha": 0.99, "beta": 3.1573166278660203}, "datetime": {"datetime": "2020-10-17 18:13:08", "elapsed": 30.321519, "delta": 2.594901}}
{"target": -933507.4682125744, "params": {"alpha": 0.9898952577406867, "beta": 3.196094048774677}, "datetime": {"datetime": "2020-10-17 18:13:10", "elapsed": 32.029091, "delta": 1.707572}}
{"target": -921275.056994192, "params": {"alpha": 0.99, "beta": 3.132218864192327}, "datetime": {"datetime": "2020-10-17 18:13:13", "elapsed": 35.080419, "delta": 3.051328}}
{"target": -916342.5246192517, "params": {"alpha": 0.99, "beta": 3.1062274401995333}, "datetime": {"datetime": "2020-10-17 18:13:16", "elapsed": 38.427186, "delta": 3.346767}}
{"target": -911572.6407665168, "params": {"alpha": 0.99, "beta": 3.081112416368123}, "datetime": {"datetime": "2020-10-17 18:13:19", "elapsed": 41.34547, "delta": 2.918284}}
{"target": -906658.1285505535, "params": {"alpha": 0.99, "beta": 3.055250908011718}, "datetime": {"datetime": "2020-10-17 18:13:23", "elapsed": 45.268435, "delta": 3.922965}}
{"target": -931234.5604834658, "params": {"alpha": 0.9714598707168363, "beta": 3.0559553182081087}, "datetime": {"datetime": "2020-10-17 18:13:26", "elapsed": 48.291365, "delta": 3.02293}}
{"target": -924456.184904758, "params": {"alpha": 0.9870815085189097, "beta": 3.1292770876560043}, "datetime": {"datetime": "2020-10-17 18:13:29", "elapsed": 51.510028, "delta": 3.218663}}
{"target": -905606.6842521691, "params": {"alpha": 0.988269277516462, "beta": 3.037904334325121}, "datetime": {"datetime": "2020-10-17 18:13:32", "elapsed": 54.167382, "delta": 2.657354}}
{"target": -921111.4076834387, "params": {"alpha": 0.97460259384033, "beta": 3.02433394788416}, "datetime": {"datetime": "2020-10-17 18:13:35", "elapsed": 57.219053, "delta": 3.051671}}
{"target": -908525.1233895193, "params": {"alpha": 0.9864921884471599, "beta": 3.041089470444586}, "datetime": {"datetime": "2020-10-17 18:13:38", "elapsed": 59.759311, "delta": 2.540258}}
{"target": -897010.098308949, "params": {"alpha": 0.99, "beta": 3.0045046328554528}, "datetime": {"datetime": "2020-10-17 18:13:40", "elapsed": 62.312044, "delta": 2.552733}}
{"target": -911685.8549257925, "params": {"alpha": 0.988719080575866, "beta": 3.073011019623987}, "datetime": {"datetime": "2020-10-17 18:13:43", "elapsed": 64.765181, "delta": 2.453137}}
{"target": -891537.1021629747, "params": {"alpha": 0.99, "beta": 2.9757193074167367}, "datetime": {"datetime": "2020-10-17 18:13:45", "elapsed": 66.98536, "delta": 2.220179}}
{"target": -886689.5093332982, "params": {"alpha": 0.99, "beta": 2.9502157217722766}, "datetime": {"datetime": "2020-10-17 18:13:48", "elapsed": 70.290364, "delta": 3.305004}}
{"target": -881282.7440839099, "params": {"alpha": 0.99, "beta": 2.9217540668645823}, "datetime": {"datetime": "2020-10-17 18:13:53", "elapsed": 74.711434, "delta": 4.42107}}
{"target": -876148.2061875168, "params": {"alpha": 0.99, "beta": 2.894701683558571}, "datetime": {"datetime": "2020-10-17 18:13:56", "elapsed": 78.400553, "delta": 3.689119}}
{"target": -881652.388199436, "params": {"alpha": 0.9881758199178169, "beta": 2.9109756450613284}, "datetime": {"datetime": "2020-10-17 18:13:59", "elapsed": 81.431556, "delta": 3.031003}}
{"target": -869264.21055041, "params": {"alpha": 0.99, "beta": 2.85838094234511}, "datetime": {"datetime": "2020-10-17 18:14:03", "elapsed": 84.818891, "delta": 3.387335}}
{"target": -865227.0666988075, "params": {"alpha": 0.99, "beta": 2.8370456498478633}, "datetime": {"datetime": "2020-10-17 18:14:05", "elapsed": 87.438317, "delta": 2.619426}}
{"target": -859491.357566161, "params": {"alpha": 0.99, "beta": 2.8066786355085167}, "datetime": {"datetime": "2020-10-17 18:14:07", "elapsed": 89.547698, "delta": 2.109381}}
{"target": -864648.5241943466, "params": {"alpha": 0.975369964540698, "beta": 2.7261450819870534}, "datetime": {"datetime": "2020-10-17 18:14:11", "elapsed": 93.069868, "delta": 3.52217}}
{"target": -856301.6351255532, "params": {"alpha": 0.9886814007439897, "beta": 2.7802858937844537}, "datetime": {"datetime": "2020-10-17 18:14:13", "elapsed": 95.397013, "delta": 2.327145}}
{"target": -849755.0242056142, "params": {"alpha": 0.99, "beta": 2.7549447543272234}, "datetime": {"datetime": "2020-10-17 18:14:17", "elapsed": 99.168523, "delta": 3.77151}}
{"target": -845343.3775973866, "params": {"alpha": 0.99, "beta": 2.7314091030759733}, "datetime": {"datetime": "2020-10-17 18:14:20", "elapsed": 102.618528, "delta": 3.450005}}
{"target": -865730.7397056777, "params": {"alpha": 0.9792305106139179, "beta": 2.761329656301025}, "datetime": {"datetime": "2020-10-17 18:14:24", "elapsed": 105.922262, "delta": 3.303734}}
{"target": -840494.341068856, "params": {"alpha": 0.99, "beta": 2.705458992479065}, "datetime": {"datetime": "2020-10-17 18:14:26", "elapsed": 107.857721, "delta": 1.935459}}
{"target": -860055.9747884895, "params": {"alpha": 0.9700968455610643, "beta": 2.6594525226130097}, "datetime": {"datetime": "2020-10-17 18:14:28", "elapsed": 110.078972, "delta": 2.221251}}
{"target": -832713.1331341773, "params": {"alpha": 0.99, "beta": 2.6636110660179737}, "datetime": {"datetime": "2020-10-17 18:14:30", "elapsed": 112.366972, "delta": 2.288}}
{"target": -851652.9419125079, "params": {"alpha": 0.9773317872374854, "beta": 2.6702825440108042}, "datetime": {"datetime": "2020-10-17 18:14:34", "elapsed": 115.985967, "delta": 3.618995}}
{"target": -827033.2087455052, "params": {"alpha": 0.99, "beta": 2.632877319033035}, "datetime": {"datetime": "2020-10-17 18:14:37", "elapsed": 119.427355, "delta": 3.441388}}
{"target": -822523.9460185098, "params": {"alpha": 0.9862760734072483, "beta": 2.579722606451659}, "datetime": {"datetime": "2020-10-17 18:14:40", "elapsed": 122.293683, "delta": 2.866328}}
{"target": -815562.2716778775, "params": {"alpha": 0.99, "beta": 2.5702221921641772}, "datetime": {"datetime": "2020-10-17 18:14:44", "elapsed": 126.293426, "delta": 3.999743}}
{"target": -821800.3447062868, "params": {"alpha": 0.9881273294821988, "beta": 2.5900756836920724}, "datetime": {"datetime": "2020-10-17 18:14:47", "elapsed": 129.462364, "delta": 3.168938}}
{"target": -815551.8556709546, "params": {"alpha": 0.9899805915663591, "beta": 2.570015278134624}, "datetime": {"datetime": "2020-10-17 18:14:51", "elapsed": 133.414066, "delta": 3.951702}}
{"target": -810179.3858645476, "params": {"alpha": 0.99, "beta": 2.54049867662096}, "datetime": {"datetime": "2020-10-17 18:14:54", "elapsed": 136.44109, "delta": 3.027024}}
{"target": -832360.9366333099, "params": {"alpha": 0.982744044871958, "beta": 2.6064226349937867}, "datetime": {"datetime": "2020-10-17 18:14:58", "elapsed": 140.219093, "delta": 3.778003}}
{"target": -806146.2689860555, "params": {"alpha": 0.99, "beta": 2.518070844489994}, "datetime": {"datetime": "2020-10-17 18:15:02", "elapsed": 144.332638, "delta": 4.113545}}
{"target": -804931.1805833103, "params": {"alpha": 0.9821176775272038, "beta": 2.4467873821664607}, "datetime": {"datetime": "2020-10-17 18:15:06", "elapsed": 147.853337, "delta": 3.520699}}
{"target": -812987.6521862189, "params": {"alpha": 0.9802726138688705, "beta": 2.477668708790708}, "datetime": {"datetime": "2020-10-17 18:15:11", "elapsed": 152.679478, "delta": 4.826141}}
{"target": -790369.8968031198, "params": {"alpha": 0.99, "beta": 2.4287634584677313}, "datetime": {"datetime": "2020-10-17 18:15:14", "elapsed": 155.837821, "delta": 3.158343}}
{"target": -811987.0539700551, "params": {"alpha": 0.9808456275112216, "beta": 2.4767279969921177}, "datetime": {"datetime": "2020-10-17 18:15:17", "elapsed": 158.910482, "delta": 3.072661}}
{"target": -786410.2490144444, "params": {"alpha": 0.99, "beta": 2.405875283616805}, "datetime": {"datetime": "2020-10-17 18:15:19", "elapsed": 160.741655, "delta": 1.831173}}
{"target": -780941.4318514953, "params": {"alpha": 0.9898241852670194, "beta": 2.372375416445861}, "datetime": {"datetime": "2020-10-17 18:15:20", "elapsed": 162.675241, "delta": 1.933586}}
{"target": -784389.7892588794, "params": {"alpha": 0.9838438755891189, "beta": 2.340360665761316}, "datetime": {"datetime": "2020-10-17 18:15:24", "elapsed": 165.728244, "delta": 3.053003}}
{"target": -796989.0495789673, "params": {"alpha": 0.9891900417019069, "beta": 2.459984650615437}, "datetime": {"datetime": "2020-10-17 18:15:26", "elapsed": 167.93886, "delta": 2.210616}}
{"target": -775010.4788338165, "params": {"alpha": 0.99, "beta": 2.338624708508684}, "datetime": {"datetime": "2020-10-17 18:15:28", "elapsed": 170.623168, "delta": 2.684308}}
{"target": -776722.8658743273, "params": {"alpha": 0.9878665755949931, "beta": 2.330038875179015}, "datetime": {"datetime": "2020-10-17 18:15:31", "elapsed": 173.422455, "delta": 2.799287}}
{"target": -783763.3440302964, "params": {"alpha": 0.978969193793865, "beta": 2.29112798363519}, "datetime": {"datetime": "2020-10-17 18:15:34", "elapsed": 175.954206, "delta": 2.531751}}
{"target": -766046.1361252965, "params": {"alpha": 0.99, "beta": 2.2840025272115247}, "datetime": {"datetime": "2020-10-17 18:15:36", "elapsed": 178.496209, "delta": 2.542003}}
{"target": -788741.9585443909, "params": {"alpha": 0.9756968241322552, "beta": 2.290937580577006}, "datetime": {"datetime": "2020-10-17 18:15:39", "elapsed": 181.125542, "delta": 2.629333}}
{"target": -778221.0341308947, "params": {"alpha": 0.9850223204397831, "beta": 2.3134386251062495}, "datetime": {"datetime": "2020-10-17 18:15:42", "elapsed": 183.86402, "delta": 2.738478}}
{"target": -762947.1535600378, "params": {"alpha": 0.99, "beta": 2.2646824956485654}, "datetime": {"datetime": "2020-10-17 18:15:45", "elapsed": 186.741039, "delta": 2.877019}}
{"target": -759727.4479413694, "params": {"alpha": 0.9894635755999219, "beta": 2.239213022428723}, "datetime": {"datetime": "2020-10-17 18:15:47", "elapsed": 189.16704, "delta": 2.426001}}
{"target": -765566.8633633036, "params": {"alpha": 0.9869727567778728, "beta": 2.252615962470598}, "datetime": {"datetime": "2020-10-17 18:15:49", "elapsed": 191.272042, "delta": 2.105002}}
{"target": -755880.6186562899, "params": {"alpha": 0.99, "beta": 2.219619513527152}, "datetime": {"datetime": "2020-10-17 18:15:52", "elapsed": 194.553644, "delta": 3.281602}}
{"target": -758110.9536964168, "params": {"alpha": 0.9898292507387282, "beta": 2.2323633117668087}, "datetime": {"datetime": "2020-10-17 18:15:55", "elapsed": 196.837261, "delta": 2.283617}}
{"target": -778594.7626180975, "params": {"alpha": 0.9817679710715501, "beta": 2.285352689446182}, "datetime": {"datetime": "2020-10-17 18:15:58", "elapsed": 199.871443, "delta": 3.034182}}
{"target": -755895.3078354236, "params": {"alpha": 0.9859983800460163, "beta": 2.1794796526396}, "datetime": {"datetime": "2020-10-17 18:16:00", "elapsed": 201.884444, "delta": 2.013001}}
{"target": -752137.988431234, "params": {"alpha": 0.988260462013333, "beta": 2.1774530592508614}, "datetime": {"datetime": "2020-10-17 18:16:02", "elapsed": 204.249447, "delta": 2.365003}}
{"target": -748012.650912575, "params": {"alpha": 0.99, "beta": 2.167451815287165}, "datetime": {"datetime": "2020-10-17 18:16:04", "elapsed": 206.114386, "delta": 1.864939}}
{"target": -769790.1062772197, "params": {"alpha": 0.9774588510615668, "beta": 2.1839552372669564}, "datetime": {"datetime": "2020-10-17 18:16:06", "elapsed": 208.257359, "delta": 2.142973}}
{"target": -756942.9220023076, "params": {"alpha": 0.9869255192983175, "beta": 2.1960331153590174}, "datetime": {"datetime": "2020-10-17 18:16:08", "elapsed": 210.486967, "delta": 2.229608}}
