{"target": -1348791.6533066935, "params": {"alpha": 0.7276219031074749, "beta": 6.104701139057963}, "datetime": {"datetime": "2020-10-17 18:14:40", "elapsed": 0.0, "delta": 0.0}}
{"target": -1722850.9982026676, "params": {"alpha": 0.3051994122489931, "beta": 8.025246329299044}, "datetime": {"datetime": "2020-10-17 18:14:40", "elapsed": 0.109377, "delta": 0.109377}}
{"target": -1725643.9875527467, "params": {"alpha": 0.497916792317126, "beta": 2.070191679483405}, "datetime": {"datetime": "2020-10-17 18:14:40", "elapsed": 0.203132, "delta": 0.093755}}
{"target": -1506336.550758903, "params": {"alpha": 0.39078833232721283, "beta": 4.551785114854081}, "datetime": {"datetime": "2020-10-17 18:14:40", "elapsed": 0.323836, "delta": 0.120704}}
{"target": -4432847.77006625, "params": {"alpha": 0.3407750666686109, "beta": 1.7429568007729768}, "datetime": {"datetime": "2020-10-17 18:14:40", "elapsed": 0.433204, "delta": 0.109368}}
{"target": -1556177.810825524, "params": {"alpha": 0.36789380024771157, "beta": 4.680022589282124}, "datetime": {"datetime": "2020-10-17 18:14:40", "elapsed": 0.589458, "delta": 0.156254}}
{"target": -1283622.575246902, "params": {"alpha": 0.924599368884012, "beta": 3.6279303900661364}, "datetime": {"datetime": "2020-10-17 18:14:40", "elapsed": 0.714452, "delta": 0.124994}}
{"target": -1513151.5780882314, "params": {"alpha": 0.8318685506191031, "beta": 9.90296201688082}, "datetime": {"datetime": "2020-10-17 18:14:40", "elapsed": 0.808203, "delta": 0.093751}}
{"target": -1283622.5729028939, "params": {"alpha": 0.9245993631009171, "beta": 3.6279303868492647}, "datetime": {"datetime": "2020-10-17 18:14:41", "elapsed": 1.075415, "delta": 0.267212}}
{"target": -1286576.829742341, "params": {"alpha": 0.93158453604735, "beta": 3.6289107713104527}, "datetime": {"datetime": "2020-10-17 18:14:41", "elapsed": 1.347821, "delta": 0.272406}}
{"target": -1281951.9531743506, "params": {"alpha": 0.919404440777892, "beta": 3.6125502846484907}, "datetime": {"datetime": "2020-10-17 18:14:41", "elapsed": 1.741819, "delta": 0.393998}}
{"target": -1283886.8681654655, "params": {"alpha": 0.9252482339623651, "beta": 3.628258426054252}, "datetime": {"datetime": "2020-10-17 18:14:42", "elapsed": 2.17982, "delta": 0.438001}}
{"target": -1285694.9947729993, "params": {"alpha": 0.9288334994106441, "beta": 3.620619107808896}, "datetime": {"datetime": "2020-10-17 18:14:42", "elapsed": 2.503821, "delta": 0.324001}}
{"target": -1277046.7116215765, "params": {"alpha": 0.9078005575129482, "beta": 3.614399059285791}, "datetime": {"datetime": "2020-10-17 18:14:43", "elapsed": 2.87182, "delta": 0.367999}}
{"target": -1272996.7788349506, "params": {"alpha": 0.8977442615442442, "beta": 3.613474586663473}, "datetime": {"datetime": "2020-10-17 18:14:43", "elapsed": 3.184822, "delta": 0.313002}}
{"target": -1265603.8236078788, "params": {"alpha": 0.8784686938601085, "beta": 3.609457267431025}, "datetime": {"datetime": "2020-10-17 18:14:43", "elapsed": 3.555823, "delta": 0.371001}}
{"target": -1260660.0507796162, "params": {"alpha": 0.8647957397930935, "beta": 3.6045527966008923}, "datetime": {"datetime": "2020-10-17 18:14:44", "elapsed": 3.947824, "delta": 0.392001}}
{"target": -1352450.2438375033, "params": {"alpha": 0.6295151420379856, "beta": 5.807458857675274}, "datetime": {"datetime": "2020-10-17 18:14:44", "elapsed": 4.165822, "delta": 0.217998}}
{"target": -1255062.331386179, "params": {"alpha": 0.8483826177602988, "beta": 3.596036729576642}, "datetime": {"datetime": "2020-10-17 18:14:44", "elapsed": 4.445823, "delta": 0.280001}}
{"target": -1251106.8309210169, "params": {"alpha": 0.8359984381574592, "beta": 3.585996180064519}, "datetime": {"datetime": "2020-10-17 18:14:44", "elapsed": 4.766823, "delta": 0.321}}
{"target": -1249082.9531658078, "params": {"alpha": 0.8291683666233381, "beta": 3.574191276870751}, "datetime": {"datetime": "2020-10-17 18:14:45", "elapsed": 5.077823, "delta": 0.311}}
{"target": -1249153.249361881, "params": {"alpha": 0.8291933046493944, "beta": 3.569352523758068}, "datetime": {"datetime": "2020-10-17 18:14:45", "elapsed": 5.490824, "delta": 0.413001}}
{"target": -1250092.379223015, "params": {"alpha": 0.8324195235653806, "beta": 3.575887279008936}, "datetime": {"datetime": "2020-10-17 18:14:45", "elapsed": 5.804824, "delta": 0.314}}
{"target": -1241702.1148534974, "params": {"alpha": 0.8038050287237682, "beta": 3.567888100891355}, "datetime": {"datetime": "2020-10-17 18:14:46", "elapsed": 6.203824, "delta": 0.399}}
{"target": -1237430.2439411436, "params": {"alpha": 0.7869685853517935, "beta": 3.5640124992262026}, "datetime": {"datetime": "2020-10-17 18:14:46", "elapsed": 6.492827, "delta": 0.289003}}
{"target": -1233509.2226274544, "params": {"alpha": 0.7690726704499938, "beta": 3.5585626340335677}, "datetime": {"datetime": "2020-10-17 18:14:46", "elapsed": 6.822826, "delta": 0.329999}}
{"target": -1230880.9838655393, "params": {"alpha": 0.7548595087423592, "beta": 3.5514501483968965}, "datetime": {"datetime": "2020-10-17 18:14:47", "elapsed": 7.137826, "delta": 0.315}}
{"target": -1229473.2590713634, "params": {"alpha": 0.7461512483295653, "beta": 3.5408429911629455}, "datetime": {"datetime": "2020-10-17 18:14:47", "elapsed": 7.423675, "delta": 0.285849}}
{"target": -1229456.0807030413, "params": {"alpha": 0.7461649053294314, "beta": 3.5355005747005572}, "datetime": {"datetime": "2020-10-17 18:14:47", "elapsed": 7.759281, "delta": 0.335606}}
{"target": -1228905.9525073685, "params": {"alpha": 0.7422649415255607, "beta": 3.537527131252454}, "datetime": {"datetime": "2020-10-17 18:14:48", "elapsed": 8.041904, "delta": 0.282623}}
{"target": -1226948.1307268231, "params": {"alpha": 0.725469281992875, "beta": 3.532449762730948}, "datetime": {"datetime": "2020-10-17 18:14:48", "elapsed": 8.371171, "delta": 0.329267}}
{"target": -2364060.236405587, "params": {"alpha": 0.1368641698862598, "beta": 7.531481283924518}, "datetime": {"datetime": "2020-10-17 18:14:48", "elapsed": 8.640633, "delta": 0.269462}}
{"target": -1230662.4103815416, "params": {"alpha": 0.7538517429087427, "beta": 3.5281209851393647}, "datetime": {"datetime": "2020-10-17 18:14:49", "elapsed": 8.938676, "delta": 0.298043}}
{"target": -1226181.8128313133, "params": {"alpha": 0.7153089847820191, "beta": 3.533223991421697}, "datetime": {"datetime": "2020-10-17 18:14:49", "elapsed": 9.313678, "delta": 0.375002}}
{"target": -1225890.700414586, "params": {"alpha": 0.708943221265468, "beta": 3.5362839489014344}, "datetime": {"datetime": "2020-10-17 18:14:49", "elapsed": 9.610553, "delta": 0.296875}}
{"target": -1225861.4986598655, "params": {"alpha": 0.70715841678161, "beta": 3.5398660946549994}, "datetime": {"datetime": "2020-10-17 18:14:50", "elapsed": 9.938677, "delta": 0.328124}}
{"target": -1225835.8172448378, "params": {"alpha": 0.7066970599526399, "beta": 3.5388528094676315}, "datetime": {"datetime": "2020-10-17 18:14:52", "elapsed": 12.444215, "delta": 2.505538}}
{"target": -1225791.4042934922, "params": {"alpha": 0.7053950964144127, "beta": 3.5383513666575213}, "datetime": {"datetime": "2020-10-17 18:14:55", "elapsed": 15.008486, "delta": 2.564271}}
{"target": -1225701.8957155312, "params": {"alpha": 0.7021843638101127, "beta": 3.5368272678607395}, "datetime": {"datetime": "2020-10-17 18:14:57", "elapsed": 17.124489, "delta": 2.116003}}
{"target": -1225651.4317394781, "params": {"alpha": 0.6996243698370229, "beta": 3.5353499979537975}, "datetime": {"datetime": "2020-10-17 18:14:59", "elapsed": 19.263491, "delta": 2.139002}}
{"target": -1225631.0318116392, "params": {"alpha": 0.6983611510097969, "beta": 3.5343206821820545}, "datetime": {"datetime": "2020-10-17 18:15:00", "elapsed": 20.59438, "delta": 1.330889}}
{"target": -1225618.5202182066, "params": {"alpha": 0.6976821506871627, "beta": 3.5334376332952804}, "datetime": {"datetime": "2020-10-17 18:15:02", "elapsed": 22.331536, "delta": 1.737156}}
{"target": -1225766.9604226286, "params": {"alpha": 0.6999185550237497, "beta": 3.5452097269333653}, "datetime": {"datetime": "2020-10-17 18:15:04", "elapsed": 24.663589, "delta": 2.332053}}
{"target": -1225633.4038573774, "params": {"alpha": 0.6958670815834904, "beta": 3.5346857099485534}, "datetime": {"datetime": "2020-10-17 18:15:07", "elapsed": 27.214871, "delta": 2.551282}}
{"target": -1225618.2325470068, "params": {"alpha": 0.6968574037663622, "beta": 3.533513294839619}, "datetime": {"datetime": "2020-10-17 18:15:10", "elapsed": 30.291874, "delta": 3.077003}}
{"target": -1225610.0700584145, "params": {"alpha": 0.696817632584518, "beta": 3.5327881774599477}, "datetime": {"datetime": "2020-10-17 18:15:12", "elapsed": 32.485878, "delta": 2.194004}}
{"target": -1225679.586920844, "params": {"alpha": 0.7030693085737578, "beta": 3.5331239491173285}, "datetime": {"datetime": "2020-10-17 18:15:14", "elapsed": 34.211519, "delta": 1.725641}}
{"target": -1225578.0613398612, "params": {"alpha": 0.6974006031370856, "beta": 3.529840494230032}, "datetime": {"datetime": "2020-10-17 18:15:16", "elapsed": 36.135717, "delta": 1.924198}}
{"target": -1269054.8113243422, "params": {"alpha": 0.7837565572822538, "beta": 4.704049815690776}, "datetime": {"datetime": "2020-10-17 18:15:18", "elapsed": 37.896804, "delta": 1.761087}}
{"target": -1225528.190474087, "params": {"alpha": 0.6974607104209823, "beta": 3.525176756408402}, "datetime": {"datetime": "2020-10-17 18:15:19", "elapsed": 39.162428, "delta": 1.265624}}
{"target": -1225484.8972858486, "params": {"alpha": 0.6975091421756692, "beta": 3.5209819415706454}, "datetime": {"datetime": "2020-10-17 18:15:21", "elapsed": 41.214638, "delta": 2.05221}}
{"target": -1225509.1924148158, "params": {"alpha": 0.6914546480758722, "beta": 3.5194598173251537}, "datetime": {"datetime": "2020-10-17 18:15:23", "elapsed": 43.214641, "delta": 2.000003}}
{"target": -1225437.3645422636, "params": {"alpha": 0.6959475943888984, "beta": 3.516493873472748}, "datetime": {"datetime": "2020-10-17 18:15:25", "elapsed": 45.128643, "delta": 1.914002}}
{"target": -1225403.8811394928, "params": {"alpha": 0.6964411202587771, "beta": 3.5130904219885553}, "datetime": {"datetime": "2020-10-17 18:15:26", "elapsed": 46.585721, "delta": 1.457078}}
{"target": -1225374.8047416727, "params": {"alpha": 0.6967472646381009, "beta": 3.5099777665857084}, "datetime": {"datetime": "2020-10-17 18:15:28", "elapsed": 48.48144, "delta": 1.895719}}
{"target": -1225564.6013058748, "params": {"alpha": 0.7080055545047846, "beta": 3.5025501180292054}, "datetime": {"datetime": "2020-10-17 18:15:30", "elapsed": 50.015099, "delta": 1.533659}}
{"target": -1225343.3788996986, "params": {"alpha": 0.697806930611141, "beta": 3.505994884848725}, "datetime": {"datetime": "2020-10-17 18:15:31", "elapsed": 51.655728, "delta": 1.640629}}
{"target": -1225319.1774513295, "params": {"alpha": 0.6973202072632284, "beta": 3.503592861677222}, "datetime": {"datetime": "2020-10-17 18:15:33", "elapsed": 53.022601, "delta": 1.366873}}
{"target": -1225291.7093039325, "params": {"alpha": 0.6966949352638895, "beta": 3.5007565357757326}, "datetime": {"datetime": "2020-10-17 18:15:34", "elapsed": 54.416606, "delta": 1.394005}}
{"target": -1225263.4001873792, "params": {"alpha": 0.6961352437806075, "beta": 3.497617162410876}, "datetime": {"datetime": "2020-10-17 18:15:35", "elapsed": 55.613605, "delta": 1.196999}}
{"target": -1225237.3114457105, "params": {"alpha": 0.6957547911842479, "beta": 3.494550011547145}, "datetime": {"datetime": "2020-10-17 18:15:37", "elapsed": 57.337607, "delta": 1.724002}}
{"target": -1225213.0969802514, "params": {"alpha": 0.6955495295288793, "beta": 3.4915808061067533}, "datetime": {"datetime": "2020-10-17 18:15:39", "elapsed": 59.094489, "delta": 1.756882}}
{"target": -1225190.1130798734, "params": {"alpha": 0.6955229962426278, "beta": 3.488657428617629}, "datetime": {"datetime": "2020-10-17 18:15:40", "elapsed": 60.655025, "delta": 1.560536}}
{"target": -1225168.5943126131, "params": {"alpha": 0.6956671769557519, "beta": 3.4857974137572323}, "datetime": {"datetime": "2020-10-17 18:15:42", "elapsed": 62.678089, "delta": 2.023064}}
{"target": -1225149.7500778327, "params": {"alpha": 0.6959709599333153, "beta": 3.483118237179418}, "datetime": {"datetime": "2020-10-17 18:15:44", "elapsed": 64.533434, "delta": 1.855345}}
{"target": -1225134.7271028594, "params": {"alpha": 0.6963796857807162, "beta": 3.4807488794177694}, "datetime": {"datetime": "2020-10-17 18:15:46", "elapsed": 66.592436, "delta": 2.059002}}
{"target": -1225208.4893839974, "params": {"alpha": 0.701729008979017, "beta": 3.4801695196972133}, "datetime": {"datetime": "2020-10-17 18:15:48", "elapsed": 68.438438, "delta": 1.846002}}
{"target": -1225117.1867954165, "params": {"alpha": 0.6957668535177454, "beta": 3.478568550936919}, "datetime": {"datetime": "2020-10-17 18:15:50", "elapsed": 70.297449, "delta": 1.859011}}
{"target": -1225097.6424880717, "params": {"alpha": 0.6951177381593171, "beta": 3.4758855144072203}, "datetime": {"datetime": "2020-10-17 18:15:51", "elapsed": 71.766201, "delta": 1.468752}}
{"target": -1225080.2779763842, "params": {"alpha": 0.694671266918532, "beta": 3.4732900542600147}, "datetime": {"datetime": "2020-10-17 18:15:53", "elapsed": 73.302537, "delta": 1.536336}}
{"target": -1225064.8083171959, "params": {"alpha": 0.6944326573138963, "beta": 3.470865607481931}, "datetime": {"datetime": "2020-10-17 18:15:55", "elapsed": 75.445536, "delta": 2.142999}}
{"target": -1225190.2649756644, "params": {"alpha": 0.6956287171319121, "beta": 3.488660394560487}, "datetime": {"datetime": "2020-10-17 18:15:56", "elapsed": 76.637769, "delta": 1.192233}}
{"target": -1225049.5965601224, "params": {"alpha": 0.6943183091008225, "beta": 3.468407943575542}, "datetime": {"datetime": "2020-10-17 18:15:58", "elapsed": 78.317838, "delta": 1.680069}}
{"target": -1225034.6863737197, "params": {"alpha": 0.6943205653721815, "beta": 3.4659265860170994}, "datetime": {"datetime": "2020-10-17 18:16:00", "elapsed": 80.592841, "delta": 2.275003}}
{"target": -1225202.7237344412, "params": {"alpha": 0.6911229246877708, "beta": 3.4865275814163526}, "datetime": {"datetime": "2020-10-17 18:16:01", "elapsed": 81.755842, "delta": 1.163001}}
{"target": -1225020.2144877494, "params": {"alpha": 0.6943978589349556, "beta": 3.463424821849195}, "datetime": {"datetime": "2020-10-17 18:16:03", "elapsed": 83.501538, "delta": 1.745696}}
{"target": -1225006.9942830417, "params": {"alpha": 0.6945245567394162, "beta": 3.4610296407452883}, "datetime": {"datetime": "2020-10-17 18:16:05", "elapsed": 85.300785, "delta": 1.799247}}
{"target": -1224995.537144586, "params": {"alpha": 0.6946669735070418, "beta": 3.458843032987996}, "datetime": {"datetime": "2020-10-17 18:16:06", "elapsed": 86.757487, "delta": 1.456702}}
{"target": -1224985.3363197276, "params": {"alpha": 0.6947720057311993, "beta": 3.456809451985697}, "datetime": {"datetime": "2020-10-17 18:16:08", "elapsed": 88.362256, "delta": 1.604769}}
{"target": -1224975.8907966116, "params": {"alpha": 0.6947745868077194, "beta": 3.454895902680529}, "datetime": {"datetime": "2020-10-17 18:16:09", "elapsed": 89.511984, "delta": 1.149728}}
{"target": -1224966.0698970186, "params": {"alpha": 0.6945378244938919, "beta": 3.452958236511305}, "datetime": {"datetime": "2020-10-17 18:16:10", "elapsed": 90.714117, "delta": 1.202133}}
{"target": -1224956.047306391, "params": {"alpha": 0.6937249538423872, "beta": 3.4509332791593357}, "datetime": {"datetime": "2020-10-17 18:16:12", "elapsed": 91.928117, "delta": 1.214}}
{"target": -1224953.4104216644, "params": {"alpha": 0.6924792636170826, "beta": 3.4496032848323424}, "datetime": {"datetime": "2020-10-17 18:16:14", "elapsed": 94.115119, "delta": 2.187002}}
{"target": -1224953.5037980159, "params": {"alpha": 0.6923581263806092, "beta": 3.4494867668191302}, "datetime": {"datetime": "2020-10-17 18:16:15", "elapsed": 95.19712, "delta": 1.082001}}
{"target": -1224953.3314767873, "params": {"alpha": 0.6923705161271373, "beta": 3.4494642938158044}, "datetime": {"datetime": "2020-10-17 18:16:16", "elapsed": 96.554793, "delta": 1.357673}}
{"target": -1224953.0920732284, "params": {"alpha": 0.6923696894189301, "beta": 3.4494119596423567}, "datetime": {"datetime": "2020-10-17 18:16:18", "elapsed": 98.358165, "delta": 1.803372}}
{"target": -1224952.9175371893, "params": {"alpha": 0.6923727773550152, "beta": 3.449378064023506}, "datetime": {"datetime": "2020-10-17 18:16:20", "elapsed": 100.540396, "delta": 2.182231}}
{"target": -1224952.7921596407, "params": {"alpha": 0.6923574505766187, "beta": 3.4493332337000373}, "datetime": {"datetime": "2020-10-17 18:16:22", "elapsed": 102.057146, "delta": 1.51675}}
{"target": -1224952.4459394563, "params": {"alpha": 0.6923613771639612, "beta": 3.4492633565962842}, "datetime": {"datetime": "2020-10-17 18:16:24", "elapsed": 103.987438, "delta": 1.930292}}
{"target": -1224952.1866795034, "params": {"alpha": 0.6923349498222421, "beta": 3.4491763496240457}, "datetime": {"datetime": "2020-10-17 18:16:26", "elapsed": 105.933441, "delta": 1.946003}}
{"target": -1224951.8964798981, "params": {"alpha": 0.6923600739806414, "beta": 3.4491434135472847}, "datetime": {"datetime": "2020-10-17 18:16:27", "elapsed": 107.635443, "delta": 1.702002}}
{"target": -1224951.4516492395, "params": {"alpha": 0.6923703807619974, "beta": 3.449059358205725}, "datetime": {"datetime": "2020-10-17 18:16:29", "elapsed": 109.220447, "delta": 1.585004}}
{"target": -1224951.2581003918, "params": {"alpha": 0.6924241825432083, "beta": 3.4490789015394343}, "datetime": {"datetime": "2020-10-17 18:16:31", "elapsed": 110.865769, "delta": 1.645322}}
{"target": -1224950.3528282633, "params": {"alpha": 0.6924139629012862, "beta": 3.4488711256093065}, "datetime": {"datetime": "2020-10-17 18:16:32", "elapsed": 112.714635, "delta": 1.848866}}
{"target": -1224948.952181603, "params": {"alpha": 0.6924477187908672, "beta": 3.448603508818441}, "datetime": {"datetime": "2020-10-17 18:16:34", "elapsed": 114.308388, "delta": 1.593753}}
{"target": -1224946.3174764002, "params": {"alpha": 0.6925739173696512, "beta": 3.4481565318868626}, "datetime": {"datetime": "2020-10-17 18:16:36", "elapsed": 116.006693, "delta": 1.698305}}
{"target": -1224940.376451168, "params": {"alpha": 0.6928822342154943, "beta": 3.447090641067042}, "datetime": {"datetime": "2020-10-17 18:16:38", "elapsed": 117.886694, "delta": 1.880001}}
{"target": -1224929.4744755044, "params": {"alpha": 0.6934884246255423, "beta": 3.4448052837920833}, "datetime": {"datetime": "2020-10-17 18:16:39", "elapsed": 119.461697, "delta": 1.575003}}
{"target": -1224920.3001949273, "params": {"alpha": 0.6940281253003197, "beta": 3.4424322437719717}, "datetime": {"datetime": "2020-10-17 18:16:41", "elapsed": 121.0087, "delta": 1.547003}}
{"target": -1224914.6359819742, "params": {"alpha": 0.6942071215209811, "beta": 3.4408183306228506}, "datetime": {"datetime": "2020-10-17 18:16:42", "elapsed": 122.486488, "delta": 1.477788}}
{"target": -1224910.34873435, "params": {"alpha": 0.694218061425733, "beta": 3.439614862444371}, "datetime": {"datetime": "2020-10-17 18:16:44", "elapsed": 124.37649, "delta": 1.890002}}
{"target": -1225189.6793268744, "params": {"alpha": 0.6883721422511694, "beta": 3.4782455058221977}, "datetime": {"datetime": "2020-10-17 18:16:45", "elapsed": 125.596492, "delta": 1.220002}}
{"target": -1224905.475506797, "params": {"alpha": 0.6940218084422828, "beta": 3.4383452784589177}, "datetime": {"datetime": "2020-10-17 18:16:47", "elapsed": 127.265902, "delta": 1.66941}}
{"target": -1224899.625437757, "params": {"alpha": 0.6937089659489076, "beta": 3.4367592682694457}, "datetime": {"datetime": "2020-10-17 18:16:48", "elapsed": 128.573277, "delta": 1.307375}}
{"target": -1224893.7385635197, "params": {"alpha": 0.6932394914734736, "beta": 3.435009501642239}, "datetime": {"datetime": "2020-10-17 18:16:50", "elapsed": 130.215278, "delta": 1.642001}}
{"target": -1224889.4696060917, "params": {"alpha": 0.692801185048124, "beta": 3.4335109481972284}, "datetime": {"datetime": "2020-10-17 18:16:51", "elapsed": 131.689281, "delta": 1.474003}}
{"target": -1224887.2023138169, "params": {"alpha": 0.6925602325820823, "beta": 3.432608810981382}, "datetime": {"datetime": "2020-10-17 18:16:53", "elapsed": 133.115282, "delta": 1.426001}}
{"target": -1224885.4486349062, "params": {"alpha": 0.6923596501544398, "beta": 3.431842401120173}, "datetime": {"datetime": "2020-10-17 18:16:54", "elapsed": 134.53165, "delta": 1.416368}}
