{"target": -1752597.8986236502, "params": {"alpha": 0.7276219031074749, "beta": 6.104701139057963}, "datetime": {"datetime": "2020-10-17 18:15:05", "elapsed": 0.0, "delta": 0.0}}
{"target": -2766097.4563677553, "params": {"alpha": 0.3051994122489931, "beta": 8.025246329299044}, "datetime": {"datetime": "2020-10-17 18:15:06", "elapsed": 0.281252, "delta": 0.281252}}
{"target": -2780033.798765088, "params": {"alpha": 0.497916792317126, "beta": 2.070191679483405}, "datetime": {"datetime": "2020-10-17 18:15:06", "elapsed": 0.586138, "delta": 0.304886}}
{"target": -2639315.240096001, "params": {"alpha": 0.39078833232721283, "beta": 4.551785114854081}, "datetime": {"datetime": "2020-10-17 18:15:06", "elapsed": 0.891141, "delta": 0.305003}}
{"target": -6433114.307736702, "params": {"alpha": 0.3407750666686109, "beta": 1.7429568007729768}, "datetime": {"datetime": "2020-10-17 18:15:07", "elapsed": 1.201138, "delta": 0.309997}}
{"target": -2744262.5558757274, "params": {"alpha": 0.36789380024771157, "beta": 4.680022589282124}, "datetime": {"datetime": "2020-10-17 18:15:07", "elapsed": 1.527138, "delta": 0.326}}
{"target": -1148561.9563573364, "params": {"alpha": 0.924599368884012, "beta": 3.6279303900661364}, "datetime": {"datetime": "2020-10-17 18:15:07", "elapsed": 1.822139, "delta": 0.295001}}
{"target": -1903347.1316422464, "params": {"alpha": 0.8318685506191031, "beta": 9.90296201688082}, "datetime": {"datetime": "2020-10-17 18:15:08", "elapsed": 2.162142, "delta": 0.340003}}
{"target": -1907723.6007628695, "params": {"alpha": 0.8268422271622979, "beta": 9.906853152804505}, "datetime": {"datetime": "2020-10-17 18:15:08", "elapsed": 2.53714, "delta": 0.374998}}
{"target": -1148561.9556070413, "params": {"alpha": 0.9245993690452673, "beta": 3.6279303871851933}, "datetime": {"datetime": "2020-10-17 18:15:09", "elapsed": 3.075141, "delta": 0.538001}}
{"target": -1148561.9413878995, "params": {"alpha": 0.9245993693356369, "beta": 3.6279303109485417}, "datetime": {"datetime": "2020-10-17 18:15:09", "elapsed": 3.662141, "delta": 0.587}}
{"target": -1148561.4472801085, "params": {"alpha": 0.9245996487789302, "beta": 3.627929769216988}, "datetime": {"datetime": "2020-10-17 18:15:10", "elapsed": 4.260142, "delta": 0.598001}}
{"target": -1148559.7590384546, "params": {"alpha": 0.9246005840098932, "beta": 3.6279277652405466}, "datetime": {"datetime": "2020-10-17 18:15:10", "elapsed": 4.895142, "delta": 0.635}}
{"target": -1131500.5410039613, "params": {"alpha": 0.9374847798379321, "beta": 3.6331332033632147}, "datetime": {"datetime": "2020-10-17 18:15:11", "elapsed": 5.489144, "delta": 0.594002}}
{"target": -1110689.8330355685, "params": {"alpha": 0.9537338656704545, "beta": 3.6396788797003685}, "datetime": {"datetime": "2020-10-17 18:15:11", "elapsed": 6.059144, "delta": 0.57}}
{"target": -1072292.8538620188, "params": {"alpha": 0.9853446416899311, "beta": 3.6522371816253516}, "datetime": {"datetime": "2020-10-17 18:15:12", "elapsed": 6.602397, "delta": 0.543253}}
{"target": -1068267.1426719578, "params": {"alpha": 0.99, "beta": 3.6613447989026184}, "datetime": {"datetime": "2020-10-17 18:15:13", "elapsed": 7.196148, "delta": 0.593751}}
{"target": -1067417.8712204564, "params": {"alpha": 0.99, "beta": 3.6569563137596517}, "datetime": {"datetime": "2020-10-17 18:15:13", "elapsed": 7.748939, "delta": 0.552791}}
{"target": -1066674.2057674346, "params": {"alpha": 0.99, "beta": 3.653116030168317}, "datetime": {"datetime": "2020-10-17 18:15:14", "elapsed": 8.218863, "delta": 0.469924}}
{"target": -1065213.9014635826, "params": {"alpha": 0.99, "beta": 3.6455817866404514}, "datetime": {"datetime": "2020-10-17 18:15:14", "elapsed": 8.703038, "delta": 0.484175}}
{"target": -1061586.048182009, "params": {"alpha": 0.99, "beta": 3.6269028137722246}, "datetime": {"datetime": "2020-10-17 18:15:15", "elapsed": 9.172996, "delta": 0.469958}}
{"target": -1058758.093695713, "params": {"alpha": 0.99, "beta": 3.612379937167966}, "datetime": {"datetime": "2020-10-17 18:15:15", "elapsed": 9.674107, "delta": 0.501111}}
{"target": -1055742.3390086424, "params": {"alpha": 0.99, "beta": 3.5969284264918113}, "datetime": {"datetime": "2020-10-17 18:15:16", "elapsed": 10.174106, "delta": 0.499999}}
{"target": -1052572.1366882108, "params": {"alpha": 0.99, "beta": 3.580724913967406}, "datetime": {"datetime": "2020-10-17 18:15:16", "elapsed": 10.679799, "delta": 0.505693}}
{"target": -1049325.0889883544, "params": {"alpha": 0.99, "beta": 3.5641698327260363}, "datetime": {"datetime": "2020-10-17 18:15:17", "elapsed": 11.197773, "delta": 0.517974}}
{"target": -1045942.8098469804, "params": {"alpha": 0.99, "beta": 3.5469689570137275}, "datetime": {"datetime": "2020-10-17 18:15:17", "elapsed": 11.685195, "delta": 0.487422}}
{"target": -1042442.8166138905, "params": {"alpha": 0.99, "beta": 3.529215634712591}, "datetime": {"datetime": "2020-10-17 18:15:18", "elapsed": 12.153951, "delta": 0.468756}}
{"target": -1038825.1878803847, "params": {"alpha": 0.99, "beta": 3.5109141905501176}, "datetime": {"datetime": "2020-10-17 18:15:18", "elapsed": 12.700821, "delta": 0.54687}}
{"target": -1035093.3879732288, "params": {"alpha": 0.99, "beta": 3.4920859934649644}, "datetime": {"datetime": "2020-10-17 18:15:19", "elapsed": 13.247697, "delta": 0.546876}}
{"target": -1031250.9025436717, "params": {"alpha": 0.99, "beta": 3.4727523008081445}, "datetime": {"datetime": "2020-10-17 18:15:19", "elapsed": 13.726905, "delta": 0.479208}}
{"target": -1027300.828518796, "params": {"alpha": 0.99, "beta": 3.452932181134537}, "datetime": {"datetime": "2020-10-17 18:15:20", "elapsed": 14.210905, "delta": 0.484}}
{"target": -1042955.0798039594, "params": {"alpha": 0.9773959218946541, "beta": 3.4498178154217167}, "datetime": {"datetime": "2020-10-17 18:15:20", "elapsed": 14.731906, "delta": 0.521001}}
{"target": -1020417.7001167755, "params": {"alpha": 0.9885227146944042, "beta": 3.409066062215001}, "datetime": {"datetime": "2020-10-17 18:15:21", "elapsed": 15.397909, "delta": 0.666003}}
{"target": -1016180.4795474901, "params": {"alpha": 0.99, "beta": 3.3974231728692224}, "datetime": {"datetime": "2020-10-17 18:15:21", "elapsed": 15.939908, "delta": 0.541999}}
{"target": -1010732.5711685951, "params": {"alpha": 0.99, "beta": 3.37037891599889}, "datetime": {"datetime": "2020-10-17 18:15:22", "elapsed": 16.470908, "delta": 0.531}}
{"target": -1007368.0165247542, "params": {"alpha": 0.99, "beta": 3.3537240747700054}, "datetime": {"datetime": "2020-10-17 18:15:22", "elapsed": 16.968911, "delta": 0.498003}}
{"target": -1023073.4712981496, "params": {"alpha": 0.9721123067723182, "beta": 3.314223624238639}, "datetime": {"datetime": "2020-10-17 18:15:24", "elapsed": 19.067911, "delta": 2.099}}
{"target": -1009646.6837103652, "params": {"alpha": 0.9825502328640555, "beta": 3.3167892964902252}, "datetime": {"datetime": "2020-10-17 18:15:26", "elapsed": 20.969061, "delta": 1.90115}}
{"target": -997694.7389092642, "params": {"alpha": 0.99, "beta": 3.3060341540097635}, "datetime": {"datetime": "2020-10-17 18:15:28", "elapsed": 22.722958, "delta": 1.753897}}
{"target": -1015232.5078792518, "params": {"alpha": 0.9797180422000749, "beta": 3.325913405567083}, "datetime": {"datetime": "2020-10-17 18:15:30", "elapsed": 24.615995, "delta": 1.893037}}
{"target": -991159.1060417958, "params": {"alpha": 0.99, "beta": 3.273968751984}, "datetime": {"datetime": "2020-10-17 18:15:32", "elapsed": 26.501869, "delta": 1.885874}}
{"target": -987596.5457749211, "params": {"alpha": 0.99, "beta": 3.256540414594855}, "datetime": {"datetime": "2020-10-17 18:15:34", "elapsed": 28.613872, "delta": 2.112003}}
{"target": -981988.4751282841, "params": {"alpha": 0.99, "beta": 3.2291745634903375}, "datetime": {"datetime": "2020-10-17 18:15:36", "elapsed": 30.968878, "delta": 2.355006}}
{"target": -977125.2566827876, "params": {"alpha": 0.99, "beta": 3.2055094421574752}, "datetime": {"datetime": "2020-10-17 18:15:38", "elapsed": 32.836003, "delta": 1.867125}}
{"target": -971912.3097202173, "params": {"alpha": 0.99, "beta": 3.1802076172179965}, "datetime": {"datetime": "2020-10-17 18:15:40", "elapsed": 34.310126, "delta": 1.474123}}
{"target": -966733.527628189, "params": {"alpha": 0.99, "beta": 3.155135272910549}, "datetime": {"datetime": "2020-10-17 18:15:42", "elapsed": 36.730995, "delta": 2.420869}}
{"target": -975325.8217633144, "params": {"alpha": 0.9898952577406867, "beta": 3.196094048774677}, "datetime": {"datetime": "2020-10-17 18:15:45", "elapsed": 39.401702, "delta": 2.670707}}
{"target": -961396.2955403903, "params": {"alpha": 0.99, "beta": 3.1293588209497782}, "datetime": {"datetime": "2020-10-17 18:15:48", "elapsed": 42.145706, "delta": 2.744004}}
{"target": -955867.377130171, "params": {"alpha": 0.99, "beta": 3.1027202561502434}, "datetime": {"datetime": "2020-10-17 18:15:51", "elapsed": 45.523344, "delta": 3.377638}}
{"target": -950504.2605888264, "params": {"alpha": 0.99, "beta": 3.0769385755034193}, "datetime": {"datetime": "2020-10-17 18:15:54", "elapsed": 48.27965, "delta": 2.756306}}
{"target": -944971.6302849932, "params": {"alpha": 0.99, "beta": 3.050397765768239}, "datetime": {"datetime": "2020-10-17 18:15:56", "elapsed": 50.64491, "delta": 2.36526}}
{"target": -971772.4069691261, "params": {"alpha": 0.9714598707168363, "beta": 3.0559553182081087}, "datetime": {"datetime": "2020-10-17 18:15:59", "elapsed": 53.411107, "delta": 2.766197}}
{"target": -965300.6653017228, "params": {"alpha": 0.9870815085189097, "beta": 3.1292770876560043}, "datetime": {"datetime": "2020-10-17 18:16:02", "elapsed": 56.115111, "delta": 2.704004}}
{"target": -944720.4895270973, "params": {"alpha": 0.988269277516462, "beta": 3.037904334325121}, "datetime": {"datetime": "2020-10-17 18:16:04", "elapsed": 58.167302, "delta": 2.052191}}
{"target": -960861.3895263382, "params": {"alpha": 0.97460259384033, "beta": 3.02433394788416}, "datetime": {"datetime": "2020-10-17 18:16:06", "elapsed": 60.323559, "delta": 2.156257}}
{"target": -947812.5949478357, "params": {"alpha": 0.9864921884471599, "beta": 3.041089470444586}, "datetime": {"datetime": "2020-10-17 18:16:08", "elapsed": 62.415135, "delta": 2.091576}}
{"target": -935128.7334952696, "params": {"alpha": 0.99, "beta": 3.0033063380649594}, "datetime": {"datetime": "2020-10-17 18:16:10", "elapsed": 64.554383, "delta": 2.139248}}
{"target": -951419.9310423608, "params": {"alpha": 0.988719080575866, "beta": 3.073011019623987}, "datetime": {"datetime": "2020-10-17 18:16:12", "elapsed": 66.389386, "delta": 1.835003}}
{"target": -928891.1614717133, "params": {"alpha": 0.99, "beta": 2.9735377735703965}, "datetime": {"datetime": "2020-10-17 18:16:13", "elapsed": 67.835387, "delta": 1.446001}}
{"target": -923403.2176212088, "params": {"alpha": 0.99, "beta": 2.9473875785938626}, "datetime": {"datetime": "2020-10-17 18:16:15", "elapsed": 70.010389, "delta": 2.175002}}
{"target": -917242.3386593567, "params": {"alpha": 0.99, "beta": 2.9180699100158733}, "datetime": {"datetime": "2020-10-17 18:16:17", "elapsed": 71.754393, "delta": 1.744004}}
{"target": -911387.1086386045, "params": {"alpha": 0.99, "beta": 2.8902385889648867}, "datetime": {"datetime": "2020-10-17 18:16:19", "elapsed": 73.544318, "delta": 1.789925}}
{"target": -906631.830955242, "params": {"alpha": 0.9847183015336121, "beta": 2.832167000690293}, "datetime": {"datetime": "2020-10-17 18:16:21", "elapsed": 75.263926, "delta": 1.719608}}
{"target": -899191.9188686487, "params": {"alpha": 0.99, "beta": 2.8323419105544962}, "datetime": {"datetime": "2020-10-17 18:16:23", "elapsed": 77.236705, "delta": 1.972779}}
{"target": -895784.5229046589, "params": {"alpha": 0.99, "beta": 2.8161754523807785}, "datetime": {"datetime": "2020-10-17 18:16:25", "elapsed": 79.268711, "delta": 2.032006}}
{"target": -889302.9017559218, "params": {"alpha": 0.99, "beta": 2.7854265883796674}, "datetime": {"datetime": "2020-10-17 18:16:26", "elapsed": 81.05571, "delta": 1.786999}}
{"target": -874307.5090946229, "params": {"alpha": 0.9875554746442622, "beta": 2.6974606284274305}, "datetime": {"datetime": "2020-10-17 18:16:28", "elapsed": 82.899465, "delta": 1.843755}}
{"target": -869251.2332643844, "params": {"alpha": 0.9858121357122968, "beta": 2.661162814756855}, "datetime": {"datetime": "2020-10-17 18:16:30", "elapsed": 84.465525, "delta": 1.56606}}
{"target": -860646.5501423872, "params": {"alpha": 0.99, "beta": 2.6492535924886056}, "datetime": {"datetime": "2020-10-17 18:16:32", "elapsed": 86.234986, "delta": 1.769461}}
{"target": -858032.0613432386, "params": {"alpha": 0.9867825552120354, "beta": 2.614219953332231}, "datetime": {"datetime": "2020-10-17 18:16:33", "elapsed": 87.596776, "delta": 1.36179}}
{"target": -883153.4053984169, "params": {"alpha": 0.967533550178126, "beta": 2.594804158735739}, "datetime": {"datetime": "2020-10-17 18:16:35", "elapsed": 89.333539, "delta": 1.736763}}
{"target": -851320.1684784874, "params": {"alpha": 0.99, "beta": 2.6047255812800327}, "datetime": {"datetime": "2020-10-17 18:16:36", "elapsed": 90.580961, "delta": 1.247422}}
{"target": -855524.8747949674, "params": {"alpha": 0.9816026693496348, "beta": 2.5648259841930656}, "datetime": {"datetime": "2020-10-17 18:16:38", "elapsed": 92.188964, "delta": 1.608003}}
{"target": -839802.4808871383, "params": {"alpha": 0.99, "beta": 2.549476721392576}, "datetime": {"datetime": "2020-10-17 18:16:39", "elapsed": 93.756966, "delta": 1.568002}}
{"target": -840529.3687108617, "params": {"alpha": 0.9899704433587346, "beta": 2.552763312036385}, "datetime": {"datetime": "2020-10-17 18:16:41", "elapsed": 95.679343, "delta": 1.922377}}
{"target": -833292.9254133602, "params": {"alpha": 0.99, "beta": 2.5180867914278395}, "datetime": {"datetime": "2020-10-17 18:16:43", "elapsed": 97.563756, "delta": 1.884413}}
{"target": -828909.7302016858, "params": {"alpha": 0.99, "beta": 2.496869275468415}, "datetime": {"datetime": "2020-10-17 18:16:45", "elapsed": 99.231759, "delta": 1.668003}}
{"target": -823567.2654955111, "params": {"alpha": 0.99, "beta": 2.470907362973825}, "datetime": {"datetime": "2020-10-17 18:16:46", "elapsed": 101.03976, "delta": 1.808001}}
{"target": -841387.3684248445, "params": {"alpha": 0.9792017211189721, "beta": 2.4776258884141544}, "datetime": {"datetime": "2020-10-17 18:16:49", "elapsed": 103.183546, "delta": 2.143786}}
{"target": -822503.256582905, "params": {"alpha": 0.9896360319675122, "beta": 2.463047266014142}, "datetime": {"datetime": "2020-10-17 18:16:51", "elapsed": 105.142548, "delta": 1.959002}}
{"target": -815950.8406304204, "params": {"alpha": 0.99, "beta": 2.4336751228797313}, "datetime": {"datetime": "2020-10-17 18:16:52", "elapsed": 106.552549, "delta": 1.410001}}
{"target": -805170.2946812388, "params": {"alpha": 0.9875645995492744, "beta": 2.3617226366741813}, "datetime": {"datetime": "2020-10-17 18:16:54", "elapsed": 108.173551, "delta": 1.621002}}
{"target": -801176.2352455969, "params": {"alpha": 0.99, "beta": 2.3605377596955885}, "datetime": {"datetime": "2020-10-17 18:16:55", "elapsed": 109.934512, "delta": 1.760961}}
{"target": -830657.9719271461, "params": {"alpha": 0.9821176775272038, "beta": 2.4467873821664607}, "datetime": {"datetime": "2020-10-17 18:16:57", "elapsed": 111.247019, "delta": 1.312507}}
{"target": -799439.6633571207, "params": {"alpha": 0.99, "beta": 2.3518469383983622}, "datetime": {"datetime": "2020-10-17 18:16:58", "elapsed": 112.265041, "delta": 1.018022}}
{"target": -794700.7777557673, "params": {"alpha": 0.99, "beta": 2.328012994989527}, "datetime": {"datetime": "2020-10-17 18:16:58", "elapsed": 113.064274, "delta": 0.799233}}
{"target": -790562.6958244817, "params": {"alpha": 0.99, "beta": 2.3070482743800627}, "datetime": {"datetime": "2020-10-17 18:17:00", "elapsed": 114.36352, "delta": 1.299246}}
{"target": -786430.928476927, "params": {"alpha": 0.99, "beta": 2.2859594286456786}, "datetime": {"datetime": "2020-10-17 18:17:01", "elapsed": 115.111228, "delta": 0.747708}}
{"target": -796940.4012003465, "params": {"alpha": 0.9827540396588564, "beta": 2.2811622092787087}, "datetime": {"datetime": "2020-10-17 18:17:02", "elapsed": 116.50523, "delta": 1.394002}}
{"target": -794547.2411381641, "params": {"alpha": 0.9821913274774401, "beta": 2.263965923503091}, "datetime": {"datetime": "2020-10-17 18:17:03", "elapsed": 117.530232, "delta": 1.025002}}
{"target": -794111.7441508292, "params": {"alpha": 0.9810887916515101, "beta": 2.2523453764192958}, "datetime": {"datetime": "2020-10-17 18:17:04", "elapsed": 118.572232, "delta": 1.042}}
{"target": -775856.7039035164, "params": {"alpha": 0.99, "beta": 2.231168205569187}, "datetime": {"datetime": "2020-10-17 18:17:05", "elapsed": 119.656234, "delta": 1.084002}}
{"target": -772220.7446890877, "params": {"alpha": 0.9886169907454148, "beta": 2.2002996103897736}, "datetime": {"datetime": "2020-10-17 18:17:06", "elapsed": 120.633251, "delta": 0.977017}}
{"target": -780608.3321750535, "params": {"alpha": 0.9824053224963561, "beta": 2.1914787218214498}, "datetime": {"datetime": "2020-10-17 18:17:07", "elapsed": 121.852563, "delta": 1.219312}}
{"target": -767511.3002936495, "params": {"alpha": 0.99, "beta": 2.1869308356421455}, "datetime": {"datetime": "2020-10-17 18:17:08", "elapsed": 122.762678, "delta": 0.910115}}
{"target": -770151.0608910314, "params": {"alpha": 0.9880091428907296, "beta": 2.18396860202124}, "datetime": {"datetime": "2020-10-17 18:17:09", "elapsed": 124.058218, "delta": 1.29554}}
{"target": -772588.0733692257, "params": {"alpha": 0.9824869713615484, "beta": 2.1481007768041804}, "datetime": {"datetime": "2020-10-17 18:17:11", "elapsed": 125.327938, "delta": 1.26972}}
{"target": -758256.2193032549, "params": {"alpha": 0.99, "beta": 2.1365847299287846}, "datetime": {"datetime": "2020-10-17 18:17:12", "elapsed": 126.517823, "delta": 1.189885}}
{"target": -770525.1903652744, "params": {"alpha": 0.9880795411402157, "beta": 2.186593676305479}, "datetime": {"datetime": "2020-10-17 18:17:13", "elapsed": 127.550643, "delta": 1.03282}}
{"target": -760074.3287166702, "params": {"alpha": 0.9878754843684125, "beta": 2.127529513340465}, "datetime": {"datetime": "2020-10-17 18:17:14", "elapsed": 128.276648, "delta": 0.726005}}
{"target": -753520.4486571063, "params": {"alpha": 0.99, "beta": 2.1101907614965874}, "datetime": {"datetime": "2020-10-17 18:17:15", "elapsed": 129.117284, "delta": 0.840636}}
{"target": -772884.3635352663, "params": {"alpha": 0.9831268417139761, "beta": 2.155589026923323}, "datetime": {"datetime": "2020-10-17 18:17:15", "elapsed": 129.918222, "delta": 0.800938}}
{"target": -758862.8819390023, "params": {"alpha": 0.9856932297137828, "beta": 2.1004611560606863}, "datetime": {"datetime": "2020-10-17 18:17:16", "elapsed": 130.717462, "delta": 0.79924}}
{"target": -764006.9598265275, "params": {"alpha": 0.9848782366294699, "beta": 2.1220523691502877}, "datetime": {"datetime": "2020-10-17 18:17:17", "elapsed": 131.459164, "delta": 0.741702}}
{"target": -768540.3466995389, "params": {"alpha": 0.988260462013333, "beta": 2.1774530592508614}, "datetime": {"datetime": "2020-10-17 18:17:18", "elapsed": 132.334162, "delta": 0.874998}}
{"target": -748686.7325282115, "params": {"alpha": 0.99, "beta": 2.082728444921963}, "datetime": {"datetime": "2020-10-17 18:17:18", "elapsed": 133.013667, "delta": 0.679505}}
{"target": -749923.8523849186, "params": {"alpha": 0.9847778465403504, "beta": 2.0390257825534253}, "datetime": {"datetime": "2020-10-17 18:17:19", "elapsed": 133.64373, "delta": 0.630063}}
{"target": -749672.3415163879, "params": {"alpha": 0.9847932927129542, "beta": 2.0376627248043864}, "datetime": {"datetime": "2020-10-17 18:17:20", "elapsed": 134.396075, "delta": 0.752345}}
