{"target": -7522998.069211828, "params": {"alpha": 0.7276219031074749, "beta": 6.104701139057963}, "datetime": {"datetime": "2020-10-17 18:14:49", "elapsed": 0.0, "delta": 0.0}}
{"target": -7140493.784461217, "params": {"alpha": 0.3051994122489931, "beta": 8.025246329299044}, "datetime": {"datetime": "2020-10-17 18:14:49", "elapsed": 0.109376, "delta": 0.109376}}
{"target": -6886437.245741385, "params": {"alpha": 0.497916792317126, "beta": 2.070191679483405}, "datetime": {"datetime": "2020-10-17 18:14:49", "elapsed": 0.234372, "delta": 0.124996}}
{"target": -7057682.191440426, "params": {"alpha": 0.39078833232721283, "beta": 4.551785114854081}, "datetime": {"datetime": "2020-10-17 18:14:49", "elapsed": 0.328126, "delta": 0.093754}}
{"target": -5834265.234463267, "params": {"alpha": 0.3407750666686109, "beta": 1.7429568007729768}, "datetime": {"datetime": "2020-10-17 18:14:49", "elapsed": 0.453124, "delta": 0.124998}}
{"target": -7023119.663120851, "params": {"alpha": 0.36789380024771157, "beta": 4.680022589282124}, "datetime": {"datetime": "2020-10-17 18:14:49", "elapsed": 0.5625, "delta": 0.109376}}
{"target": -7754290.604979488, "params": {"alpha": 0.924599368884012, "beta": 3.6279303900661364}, "datetime": {"datetime": "2020-10-17 18:14:50", "elapsed": 0.671875, "delta": 0.109375}}
{"target": -7551644.098714292, "params": {"alpha": 0.8318685506191031, "beta": 9.90296201688082}, "datetime": {"datetime": "2020-10-17 18:14:50", "elapsed": 0.781252, "delta": 0.109377}}
{"target": -5834459.817179407, "params": {"alpha": 0.3407947280591543, "beta": 1.742997748219857}, "datetime": {"datetime": "2020-10-17 18:14:50", "elapsed": 1.017185, "delta": 0.235933}}
{"target": -5874674.845583579, "params": {"alpha": 0.34541800352970725, "beta": 1.7483041004940536}, "datetime": {"datetime": "2020-10-17 18:14:50", "elapsed": 1.22145, "delta": 0.204265}}
{"target": -5675137.223443217, "params": {"alpha": 0.3195644753865305, "beta": 1.7472697047521204}, "datetime": {"datetime": "2020-10-17 18:14:50", "elapsed": 1.47145, "delta": 0.25}}
{"target": -5726619.1571478, "params": {"alpha": 0.32651438514719894, "beta": 1.7441909788840482}, "datetime": {"datetime": "2020-10-17 18:14:51", "elapsed": 1.706494, "delta": 0.235044}}
{"target": -5624169.401846759, "params": {"alpha": 0.31271948031982527, "beta": 1.7511088988903314}, "datetime": {"datetime": "2020-10-17 18:14:51", "elapsed": 2.021159, "delta": 0.314665}}
{"target": -5611494.605770691, "params": {"alpha": 0.31000068070909886, "beta": 1.7586210869755585}, "datetime": {"datetime": "2020-10-17 18:14:51", "elapsed": 2.255534, "delta": 0.234375}}
{"target": -5553219.80292051, "params": {"alpha": 0.303682039564972, "beta": 1.7549906135159832}, "datetime": {"datetime": "2020-10-17 18:14:51", "elapsed": 2.505537, "delta": 0.250003}}
{"target": -5452928.283752836, "params": {"alpha": 0.29232424252515454, "beta": 1.7546484172327204}, "datetime": {"datetime": "2020-10-17 18:14:52", "elapsed": 2.786785, "delta": 0.281248}}
{"target": -5338804.953894288, "params": {"alpha": 0.2801259729057941, "beta": 1.7538209081239342}, "datetime": {"datetime": "2020-10-17 18:14:52", "elapsed": 3.021163, "delta": 0.234378}}
{"target": -5191686.816308948, "params": {"alpha": 0.263289223675143, "beta": 1.7658108381671467}, "datetime": {"datetime": "2020-10-17 18:14:52", "elapsed": 3.302412, "delta": 0.281249}}
{"target": -5082893.993169518, "params": {"alpha": 0.25289959845893734, "beta": 1.7657121015684547}, "datetime": {"datetime": "2020-10-17 18:14:53", "elapsed": 3.726668, "delta": 0.424256}}
{"target": -5191350.76878965, "params": {"alpha": 0.2659505155147521, "beta": 1.7487818526327206}, "datetime": {"datetime": "2020-10-17 18:14:53", "elapsed": 3.992292, "delta": 0.265624}}
{"target": -4838240.977151352, "params": {"alpha": 0.23313545378960698, "beta": 1.753803775572355}, "datetime": {"datetime": "2020-10-17 18:14:53", "elapsed": 4.304792, "delta": 0.3125}}
{"target": -4611787.352031149, "params": {"alpha": 0.21611594804464834, "beta": 1.7469129380197996}, "datetime": {"datetime": "2020-10-17 18:14:54", "elapsed": 4.617289, "delta": 0.312497}}
{"target": -4542971.182335466, "params": {"alpha": 0.21434470382721074, "beta": 1.7248781031108757}, "datetime": {"datetime": "2020-10-17 18:14:54", "elapsed": 4.945418, "delta": 0.328129}}
{"target": -4082032.100775855, "params": {"alpha": 0.18176184236186438, "beta": 1.7334537231697604}, "datetime": {"datetime": "2020-10-17 18:14:54", "elapsed": 5.302683, "delta": 0.357265}}
{"target": -3941124.3617003937, "params": {"alpha": 0.17365406973901426, "beta": 1.7307139186301348}, "datetime": {"datetime": "2020-10-17 18:14:55", "elapsed": 5.743685, "delta": 0.441002}}
{"target": -3918380.053828945, "params": {"alpha": 0.17371128411551842, "beta": 1.7211374631742515}, "datetime": {"datetime": "2020-10-17 18:14:55", "elapsed": 6.011684, "delta": 0.267999}}
{"target": -3695094.876378981, "params": {"alpha": 0.16070665513862617, "beta": 1.7242389124426338}, "datetime": {"datetime": "2020-10-17 18:14:55", "elapsed": 6.303685, "delta": 0.292001}}
{"target": -3458412.0789468754, "params": {"alpha": 0.14877260673452256, "beta": 1.7216210249590889}, "datetime": {"datetime": "2020-10-17 18:14:56", "elapsed": 6.621686, "delta": 0.318001}}
{"target": -3379375.947011211, "params": {"alpha": 0.1439199869132464, "beta": 1.728699088757505}, "datetime": {"datetime": "2020-10-17 18:14:56", "elapsed": 6.944686, "delta": 0.323}}
{"target": -3192298.279913989, "params": {"alpha": 0.13551650111154967, "beta": 1.725510061261756}, "datetime": {"datetime": "2020-10-17 18:14:56", "elapsed": 7.330687, "delta": 0.386001}}
{"target": -3255121.8468643827, "params": {"alpha": 0.139573577701092, "beta": 1.7168528575464386}, "datetime": {"datetime": "2020-10-17 18:14:57", "elapsed": 7.657688, "delta": 0.327001}}
{"target": -2902957.208995729, "params": {"alpha": 0.12346445885699761, "beta": 1.7202115523158645}, "datetime": {"datetime": "2020-10-17 18:14:57", "elapsed": 8.043689, "delta": 0.386001}}
{"target": -2614054.4716735897, "params": {"alpha": 0.1121664804046422, "beta": 1.7164092433270883}, "datetime": {"datetime": "2020-10-17 18:14:57", "elapsed": 8.413687, "delta": 0.369998}}
{"target": -2426004.8518399834, "params": {"alpha": 0.10270409123670354, "beta": 1.736150852898899}, "datetime": {"datetime": "2020-10-17 18:14:58", "elapsed": 8.736689, "delta": 0.323002}}
{"target": -2097650.6387681547, "params": {"alpha": 0.0918413561904772, "beta": 1.7270953356411545}, "datetime": {"datetime": "2020-10-17 18:14:58", "elapsed": 9.094688, "delta": 0.357999}}
{"target": -1823254.2235755867, "params": {"alpha": 0.08255947594669813, "beta": 1.7248825221872546}, "datetime": {"datetime": "2020-10-17 18:14:58", "elapsed": 9.398689, "delta": 0.304001}}
{"target": -1771233.6512363285, "params": {"alpha": 0.0810495039344875, "beta": 1.7220441540833984}, "datetime": {"datetime": "2020-10-17 18:15:00", "elapsed": 11.577579, "delta": 2.17889}}
{"target": -1371255.4682579562, "params": {"alpha": 0.06722123968000843, "beta": 1.7198568406531927}, "datetime": {"datetime": "2020-10-17 18:15:03", "elapsed": 14.019127, "delta": 2.441548}}
{"target": -1043041.8495257299, "params": {"alpha": 0.05193283474821142, "beta": 1.719701063574213}, "datetime": {"datetime": "2020-10-17 18:15:06", "elapsed": 17.404071, "delta": 3.384944}}
{"target": -1042039.2934981617, "params": {"alpha": 0.051727855405964376, "beta": 1.72323695035924}, "datetime": {"datetime": "2020-10-17 18:15:11", "elapsed": 21.791073, "delta": 4.387002}}
{"target": -1217627.714789414, "params": {"alpha": 0.03732743188543501, "beta": 1.7212966627103394}, "datetime": {"datetime": "2020-10-17 18:15:13", "elapsed": 23.904445, "delta": 2.113372}}
{"target": -1019295.7382902144, "params": {"alpha": 0.04943691237742331, "beta": 1.7213802945046668}, "datetime": {"datetime": "2020-10-17 18:15:15", "elapsed": 26.509541, "delta": 2.605096}}
{"target": -1047742.1770386089, "params": {"alpha": 0.05192562088048307, "beta": 1.7294084124217006}, "datetime": {"datetime": "2020-10-17 18:15:17", "elapsed": 28.426876, "delta": 1.917335}}
{"target": -1011019.0300341523, "params": {"alpha": 0.04773666533930006, "beta": 1.7216708880883396}, "datetime": {"datetime": "2020-10-17 18:15:19", "elapsed": 30.465835, "delta": 2.038959}}
{"target": -1208094.7841788675, "params": {"alpha": 0.0600766770561556, "beta": 1.7302374893332353}, "datetime": {"datetime": "2020-10-17 18:15:21", "elapsed": 32.506837, "delta": 2.041002}}
{"target": -1008687.7569449821, "params": {"alpha": 0.04710294619229147, "beta": 1.7239685046507034}, "datetime": {"datetime": "2020-10-17 18:15:24", "elapsed": 35.15584, "delta": 2.649003}}
{"target": -1414808.8382760163, "params": {"alpha": 0.06972794193043527, "beta": 1.7089096389453378}, "datetime": {"datetime": "2020-10-17 18:15:26", "elapsed": 36.958357, "delta": 1.802517}}
{"target": -1017416.5038366558, "params": {"alpha": 0.047696240482690624, "beta": 1.7104199468963763}, "datetime": {"datetime": "2020-10-17 18:15:28", "elapsed": 39.27714, "delta": 2.318783}}
{"target": -1158723.600513048, "params": {"alpha": 0.040971229483029135, "beta": 1.6952309881447083}, "datetime": {"datetime": "2020-10-17 18:15:30", "elapsed": 41.498302, "delta": 2.221162}}
{"target": -1480371.330157108, "params": {"alpha": 0.07299114655854103, "beta": 1.6987845146782057}, "datetime": {"datetime": "2020-10-17 18:15:33", "elapsed": 44.187802, "delta": 2.6895}}
{"target": -1081437.8586146762, "params": {"alpha": 0.05508492399418858, "beta": 1.7100890099776747}, "datetime": {"datetime": "2020-10-17 18:15:36", "elapsed": 46.997804, "delta": 2.810002}}
{"target": -1027076.204430559, "params": {"alpha": 0.04777496907318694, "beta": 1.6987169868962586}, "datetime": {"datetime": "2020-10-17 18:15:38", "elapsed": 49.343307, "delta": 2.345503}}
{"target": -1027644.5946043727, "params": {"alpha": 0.05051158899849014, "beta": 1.7173804034332214}, "datetime": {"datetime": "2020-10-17 18:15:41", "elapsed": 51.812448, "delta": 2.469141}}
{"target": -1084979.3948793341, "params": {"alpha": 0.04342016328920831, "beta": 1.6957698441961169}, "datetime": {"datetime": "2020-10-17 18:15:43", "elapsed": 53.598787, "delta": 1.786339}}
{"target": -1310627.8065285292, "params": {"alpha": 0.06580971202161215, "beta": 1.7086377543088482}, "datetime": {"datetime": "2020-10-17 18:15:45", "elapsed": 56.443633, "delta": 2.844846}}
{"target": -1008256.4097948654, "params": {"alpha": 0.04549054452659315, "beta": 1.7267519964418416}, "datetime": {"datetime": "2020-10-17 18:15:48", "elapsed": 59.361637, "delta": 2.918004}}
{"target": -1029314.6193670318, "params": {"alpha": 0.049432763652637594, "beta": 1.6930685095286857}, "datetime": {"datetime": "2020-10-17 18:15:51", "elapsed": 62.09315, "delta": 2.731513}}
{"target": -1027396.476581732, "params": {"alpha": 0.049988484268790226, "beta": 1.6984522314896213}, "datetime": {"datetime": "2020-10-17 18:15:53", "elapsed": 63.816989, "delta": 1.723839}}
{"target": -1008244.288224558, "params": {"alpha": 0.04715698239838046, "beta": 1.7249513294948944}, "datetime": {"datetime": "2020-10-17 18:15:55", "elapsed": 66.131857, "delta": 2.314868}}
{"target": -1027150.9623447952, "params": {"alpha": 0.048958531395099696, "beta": 1.6961562347372856}, "datetime": {"datetime": "2020-10-17 18:15:57", "elapsed": 68.41204, "delta": 2.280183}}
{"target": -1051829.6704357853, "params": {"alpha": 0.053315687640961625, "beta": 1.7000813085240822}, "datetime": {"datetime": "2020-10-17 18:15:59", "elapsed": 70.331038, "delta": 1.918998}}
{"target": -1027934.0379600858, "params": {"alpha": 0.050047315191133715, "beta": 1.7384197439511953}, "datetime": {"datetime": "2020-10-17 18:16:01", "elapsed": 72.24204, "delta": 1.911002}}
{"target": -1002594.8961932645, "params": {"alpha": 0.04634587930987308, "beta": 1.7335192591126858}, "datetime": {"datetime": "2020-10-17 18:16:04", "elapsed": 74.830859, "delta": 2.588819}}
{"target": -1058279.2387576737, "params": {"alpha": 0.05308249005634624, "beta": 1.7199024732971462}, "datetime": {"datetime": "2020-10-17 18:16:06", "elapsed": 77.035167, "delta": 2.204308}}
{"target": -1175696.2099488687, "params": {"alpha": 0.038747705022489386, "beta": 1.7149614990166633}, "datetime": {"datetime": "2020-10-17 18:16:07", "elapsed": 78.592747, "delta": 1.55758}}
{"target": -1079800.4405510542, "params": {"alpha": 0.05453144089393606, "beta": 1.7189830004194797}, "datetime": {"datetime": "2020-10-17 18:16:09", "elapsed": 80.513699, "delta": 1.920952}}
{"target": -1622135.4223147798, "params": {"alpha": 0.07516595176929142, "beta": 1.7304230262087386}, "datetime": {"datetime": "2020-10-17 18:16:11", "elapsed": 82.408315, "delta": 1.894616}}
{"target": -1056313.9158010033, "params": {"alpha": 0.05348458202232358, "beta": 1.7063815347858249}, "datetime": {"datetime": "2020-10-17 18:16:13", "elapsed": 84.244317, "delta": 1.836002}}
{"target": -1308283.1004927738, "params": {"alpha": 0.03453038876945348, "beta": 1.737773321492655}, "datetime": {"datetime": "2020-10-17 18:16:15", "elapsed": 85.89132, "delta": 1.647003}}
{"target": -1023490.3029059761, "params": {"alpha": 0.04826111074190328, "beta": 1.7016540888158294}, "datetime": {"datetime": "2020-10-17 18:16:16", "elapsed": 87.272364, "delta": 1.381044}}
{"target": -1567320.613969103, "params": {"alpha": 0.07610258299125339, "beta": 1.6989701619032755}, "datetime": {"datetime": "2020-10-17 18:16:18", "elapsed": 88.810095, "delta": 1.537731}}
{"target": -1273684.4449108888, "params": {"alpha": 0.038043776366293594, "beta": 1.7004193632601794}, "datetime": {"datetime": "2020-10-17 18:16:19", "elapsed": 90.004747, "delta": 1.194652}}
{"target": -1062516.1976076486, "params": {"alpha": 0.046577054259914694, "beta": 1.6803184685255164}, "datetime": {"datetime": "2020-10-17 18:16:20", "elapsed": 91.476721, "delta": 1.471974}}
{"target": -1033999.2538445758, "params": {"alpha": 0.0505993486821565, "beta": 1.7367862405260885}, "datetime": {"datetime": "2020-10-17 18:16:22", "elapsed": 93.241634, "delta": 1.764913}}
{"target": -1058802.100249672, "params": {"alpha": 0.04993438452328749, "beta": 1.662002916354924}, "datetime": {"datetime": "2020-10-17 18:16:24", "elapsed": 95.289637, "delta": 2.048003}}
{"target": -1090344.12027008, "params": {"alpha": 0.04530077247056187, "beta": 1.6771902855982619}, "datetime": {"datetime": "2020-10-17 18:16:26", "elapsed": 96.945639, "delta": 1.656002}}
{"target": -1003657.7626806746, "params": {"alpha": 0.046406235979989545, "beta": 1.7316806627201184}, "datetime": {"datetime": "2020-10-17 18:16:27", "elapsed": 98.462641, "delta": 1.517002}}
{"target": -994918.813772048, "params": {"alpha": 0.043841575912441075, "beta": 1.7479099901340656}, "datetime": {"datetime": "2020-10-17 18:16:29", "elapsed": 100.078645, "delta": 1.616004}}
{"target": -1008067.5873581638, "params": {"alpha": 0.04646097197927376, "beta": 1.7246388533657036}, "datetime": {"datetime": "2020-10-17 18:16:30", "elapsed": 101.411463, "delta": 1.332818}}
{"target": -1118203.5317952018, "params": {"alpha": 0.0433724085241056, "beta": 1.6838757725110938}, "datetime": {"datetime": "2020-10-17 18:16:32", "elapsed": 103.05479, "delta": 1.643327}}
{"target": -1041537.0610208388, "params": {"alpha": 0.05161213518309479, "beta": 1.6776039944495786}, "datetime": {"datetime": "2020-10-17 18:16:33", "elapsed": 103.932209, "delta": 0.877419}}
{"target": -1023926.8946835605, "params": {"alpha": 0.04920461019545606, "beta": 1.7016341358829463}, "datetime": {"datetime": "2020-10-17 18:16:34", "elapsed": 105.558414, "delta": 1.626205}}
{"target": -1015015.9459973495, "params": {"alpha": 0.048081925407405045, "beta": 1.7652698201787416}, "datetime": {"datetime": "2020-10-17 18:16:36", "elapsed": 107.137891, "delta": 1.579477}}
{"target": -1014632.7825714045, "params": {"alpha": 0.047827806592592725, "beta": 1.7148519876762445}, "datetime": {"datetime": "2020-10-17 18:16:37", "elapsed": 108.396892, "delta": 1.259001}}
{"target": -998547.4264722664, "params": {"alpha": 0.04669339251395525, "beta": 1.7558450298379225}, "datetime": {"datetime": "2020-10-17 18:16:39", "elapsed": 109.647895, "delta": 1.251003}}
{"target": -1082175.7266819754, "params": {"alpha": 0.05723219122903349, "beta": 1.6601451177865507}, "datetime": {"datetime": "2020-10-17 18:16:40", "elapsed": 111.403897, "delta": 1.756002}}
{"target": -1047021.1093647839, "params": {"alpha": 0.052440156337181944, "beta": 1.7145072802497405}, "datetime": {"datetime": "2020-10-17 18:16:42", "elapsed": 113.277685, "delta": 1.873788}}
{"target": -1036678.7350773393, "params": {"alpha": 0.05170103952520409, "beta": 1.7034452679596186}, "datetime": {"datetime": "2020-10-17 18:16:43", "elapsed": 114.313687, "delta": 1.036002}}
{"target": -1123792.5105692917, "params": {"alpha": 0.05944995187110068, "beta": 1.6768503588729682}, "datetime": {"datetime": "2020-10-17 18:16:45", "elapsed": 115.976688, "delta": 1.663001}}
{"target": -983552.8665870592, "params": {"alpha": 0.04419828805075559, "beta": 1.7663357754725366}, "datetime": {"datetime": "2020-10-17 18:16:47", "elapsed": 117.644691, "delta": 1.668003}}
{"target": -1020323.8381581637, "params": {"alpha": 0.04955759430120994, "beta": 1.718509723263622}, "datetime": {"datetime": "2020-10-17 18:16:48", "elapsed": 119.247474, "delta": 1.602783}}
{"target": -1008210.6247895503, "params": {"alpha": 0.04796697084619257, "beta": 1.744200015709696}, "datetime": {"datetime": "2020-10-17 18:16:49", "elapsed": 120.396476, "delta": 1.149002}}
{"target": -1000012.4913260938, "params": {"alpha": 0.0464314464735534, "beta": 1.7396928020349387}, "datetime": {"datetime": "2020-10-17 18:16:51", "elapsed": 121.919478, "delta": 1.523002}}
{"target": -985203.4715299137, "params": {"alpha": 0.042965443677429056, "beta": 1.7628551845252347}, "datetime": {"datetime": "2020-10-17 18:16:52", "elapsed": 123.438479, "delta": 1.519001}}
{"target": -990171.1223837272, "params": {"alpha": 0.04451855587600032, "beta": 1.75324256076324}, "datetime": {"datetime": "2020-10-17 18:16:54", "elapsed": 124.724481, "delta": 1.286002}}
{"target": -1080846.599518158, "params": {"alpha": 0.05246854029348862, "beta": 1.7582904739057263}, "datetime": {"datetime": "2020-10-17 18:16:55", "elapsed": 126.191816, "delta": 1.467335}}
{"target": -1047477.7006469358, "params": {"alpha": 0.04339451613270211, "beta": 1.7129955345393064}, "datetime": {"datetime": "2020-10-17 18:16:56", "elapsed": 127.379322, "delta": 1.187506}}
{"target": -1032510.2450475874, "params": {"alpha": 0.049117833993073436, "beta": 1.7699454008854678}, "datetime": {"datetime": "2020-10-17 18:16:58", "elapsed": 128.819226, "delta": 1.439904}}
{"target": -990804.156489413, "params": {"alpha": 0.044681979035424146, "beta": 1.75228834429776}, "datetime": {"datetime": "2020-10-17 18:16:59", "elapsed": 129.712205, "delta": 0.892979}}
{"target": -982090.7723540185, "params": {"alpha": 0.04281454046815239, "beta": 1.767491708235706}, "datetime": {"datetime": "2020-10-17 18:17:00", "elapsed": 130.792698, "delta": 1.080493}}
{"target": -1010509.1443447341, "params": {"alpha": 0.04821812633459172, "beta": 1.7452824666434859}, "datetime": {"datetime": "2020-10-17 18:17:01", "elapsed": 131.898158, "delta": 1.10546}}
{"target": -982196.7922237265, "params": {"alpha": 0.04309465139372372, "beta": 1.7668143242786858}, "datetime": {"datetime": "2020-10-17 18:17:02", "elapsed": 132.603159, "delta": 0.705001}}
{"target": -997687.2722290645, "params": {"alpha": 0.043407721979770816, "beta": 1.7469464096244334}, "datetime": {"datetime": "2020-10-17 18:17:02", "elapsed": 133.543161, "delta": 0.940002}}
{"target": -1123942.0683327734, "params": {"alpha": 0.05653804678304222, "beta": 1.7261582910389732}, "datetime": {"datetime": "2020-10-17 18:17:03", "elapsed": 134.482164, "delta": 0.939003}}
{"target": -985881.4294700827, "params": {"alpha": 0.044966026249238907, "beta": 1.7720619958110324}, "datetime": {"datetime": "2020-10-17 18:17:04", "elapsed": 135.514163, "delta": 1.031999}}
{"target": -971168.4952222442, "params": {"alpha": 0.0408293538626271, "beta": 1.788728623296831}, "datetime": {"datetime": "2020-10-17 18:17:05", "elapsed": 136.457163, "delta": 0.943}}
{"target": -974474.6086973976, "params": {"alpha": 0.04278287104439464, "beta": 1.7809633356710157}, "datetime": {"datetime": "2020-10-17 18:17:06", "elapsed": 137.359304, "delta": 0.902141}}
{"target": -988248.913483781, "params": {"alpha": 0.0452031060705652, "beta": 1.7823122170646202}, "datetime": {"datetime": "2020-10-17 18:17:07", "elapsed": 138.09611, "delta": 0.736806}}
