{"target": -1496111.8115165632, "params": {"alpha": 0.7276219031074749, "beta": 6.104701139057963}, "datetime": {"datetime": "2020-10-17 18:13:48", "elapsed": 0.0, "delta": 0.0}}
{"target": -2191486.641906834, "params": {"alpha": 0.3051994122489931, "beta": 8.025246329299044}, "datetime": {"datetime": "2020-10-17 18:13:48", "elapsed": 0.119001, "delta": 0.119001}}
{"target": -11096669.799338749, "params": {"alpha": 0.497916792317126, "beta": 2.070191679483405}, "datetime": {"datetime": "2020-10-17 18:13:48", "elapsed": 0.237001, "delta": 0.118}}
{"target": -2761714.374422217, "params": {"alpha": 0.39078833232721283, "beta": 4.551785114854081}, "datetime": {"datetime": "2020-10-17 18:13:48", "elapsed": 0.360002, "delta": 0.123001}}
{"target": -37760490.50928321, "params": {"alpha": 0.3407750666686109, "beta": 1.7429568007729768}, "datetime": {"datetime": "2020-10-17 18:13:48", "elapsed": 0.468001, "delta": 0.107999}}
{"target": -2828350.02683303, "params": {"alpha": 0.36789380024771157, "beta": 4.680022589282124}, "datetime": {"datetime": "2020-10-17 18:13:49", "elapsed": 0.586003, "delta": 0.118002}}
{"target": -1454518.5166879431, "params": {"alpha": 0.924599368884012, "beta": 3.6279303900661364}, "datetime": {"datetime": "2020-10-17 18:13:49", "elapsed": 0.698001, "delta": 0.111998}}
{"target": -1555206.1476810386, "params": {"alpha": 0.8318685506191031, "beta": 9.90296201688082}, "datetime": {"datetime": "2020-10-17 18:13:49", "elapsed": 0.807433, "delta": 0.109432}}
{"target": -1454524.1373133075, "params": {"alpha": 0.9245935606303485, "beta": 3.627940598845805}, "datetime": {"datetime": "2020-10-17 18:13:49", "elapsed": 1.042929, "delta": 0.235496}}
{"target": -1454527.185084287, "params": {"alpha": 0.9245903858175105, "beta": 3.6279462622581913}, "datetime": {"datetime": "2020-10-17 18:13:49", "elapsed": 1.450698, "delta": 0.407769}}
{"target": -1454527.6219956146, "params": {"alpha": 0.924589953750823, "beta": 3.627946957878117}, "datetime": {"datetime": "2020-10-17 18:13:50", "elapsed": 1.876106, "delta": 0.425408}}
{"target": -1454527.909641531, "params": {"alpha": 0.9245895451248963, "beta": 3.627948041976791}, "datetime": {"datetime": "2020-10-17 18:13:50", "elapsed": 2.305395, "delta": 0.429289}}
{"target": -1450409.8870753802, "params": {"alpha": 0.9288334994106441, "beta": 3.620619107808896}, "datetime": {"datetime": "2020-10-17 18:13:51", "elapsed": 2.654842, "delta": 0.349447}}
{"target": -1450976.4997820784, "params": {"alpha": 0.928245573447352, "beta": 3.6216364842573383}, "datetime": {"datetime": "2020-10-17 18:13:51", "elapsed": 3.197267, "delta": 0.542425}}
{"target": -1450857.9292238292, "params": {"alpha": 0.9284266320371605, "beta": 3.6211328452706635}, "datetime": {"datetime": "2020-10-17 18:13:52", "elapsed": 3.597774, "delta": 0.400507}}
{"target": -1446159.1604991646, "params": {"alpha": 0.9313619011230353, "beta": 3.6224818950764335}, "datetime": {"datetime": "2020-10-17 18:13:52", "elapsed": 3.979505, "delta": 0.381731}}
{"target": -1431576.4274714326, "params": {"alpha": 0.940539592640258, "beta": 3.6274011463702918}, "datetime": {"datetime": "2020-10-17 18:13:52", "elapsed": 4.401378, "delta": 0.421873}}
{"target": -1417204.4848999185, "params": {"alpha": 0.9507589047522085, "beta": 3.6280074223231713}, "datetime": {"datetime": "2020-10-17 18:13:53", "elapsed": 4.919337, "delta": 0.517959}}
{"target": -1385260.3602472027, "params": {"alpha": 0.9744428905629916, "beta": 3.6309327322143434}, "datetime": {"datetime": "2020-10-17 18:13:53", "elapsed": 5.263092, "delta": 0.343755}}
{"target": -1365042.0818104865, "params": {"alpha": 0.99, "beta": 3.635045265852163}, "datetime": {"datetime": "2020-10-17 18:13:54", "elapsed": 5.606841, "delta": 0.343749}}
{"target": -1363293.9914846045, "params": {"alpha": 0.99, "beta": 3.6424259581141922}, "datetime": {"datetime": "2020-10-17 18:13:54", "elapsed": 5.950592, "delta": 0.343751}}
{"target": -1390053.6208732408, "params": {"alpha": 0.9647406315017405, "beta": 3.6613757445533013}, "datetime": {"datetime": "2020-10-17 18:13:54", "elapsed": 6.329409, "delta": 0.378817}}
{"target": -1386004.7143873028, "params": {"alpha": 0.9708196649104212, "beta": 3.646352153649109}, "datetime": {"datetime": "2020-10-17 18:13:55", "elapsed": 6.752374, "delta": 0.422965}}
{"target": -1360261.452844364, "params": {"alpha": 0.99, "beta": 3.6554646585157458}, "datetime": {"datetime": "2020-10-17 18:13:55", "elapsed": 7.115316, "delta": 0.362942}}
{"target": -1358094.5846233908, "params": {"alpha": 0.99, "beta": 3.664970934722875}, "datetime": {"datetime": "2020-10-17 18:13:55", "elapsed": 7.539543, "delta": 0.424227}}
{"target": -1356294.6451730498, "params": {"alpha": 0.99, "beta": 3.6729924076065004}, "datetime": {"datetime": "2020-10-17 18:13:56", "elapsed": 7.883295, "delta": 0.343752}}
{"target": -1358196.695519143, "params": {"alpha": 0.9868044329025344, "beta": 3.6813974609686104}, "datetime": {"datetime": "2020-10-17 18:13:56", "elapsed": 8.34819, "delta": 0.464895}}
{"target": -1354021.1125766074, "params": {"alpha": 0.99, "beta": 3.683292421424414}, "datetime": {"datetime": "2020-10-17 18:13:57", "elapsed": 8.75719, "delta": 0.409}}
{"target": -1352288.3958820333, "params": {"alpha": 0.99, "beta": 3.6912725564747055}, "datetime": {"datetime": "2020-10-17 18:13:57", "elapsed": 9.183192, "delta": 0.426002}}
{"target": -1350342.6695177332, "params": {"alpha": 0.99, "beta": 3.700372840313276}, "datetime": {"datetime": "2020-10-17 18:13:57", "elapsed": 9.549192, "delta": 0.366}}
{"target": -1348601.4922038505, "params": {"alpha": 0.99, "beta": 3.708645393486454}, "datetime": {"datetime": "2020-10-17 18:13:58", "elapsed": 9.978193, "delta": 0.429001}}
{"target": -1359188.608545918, "params": {"alpha": 0.9860112100684699, "beta": 3.681160680793999}, "datetime": {"datetime": "2020-10-17 18:13:58", "elapsed": 10.405199, "delta": 0.427006}}
{"target": -1346757.8271785306, "params": {"alpha": 0.99, "beta": 3.7175422755070473}, "datetime": {"datetime": "2020-10-17 18:13:59", "elapsed": 10.790193, "delta": 0.384994}}
{"target": -1344912.5519471997, "params": {"alpha": 0.99, "beta": 3.72659338240798}, "datetime": {"datetime": "2020-10-17 18:13:59", "elapsed": 11.180193, "delta": 0.39}}
{"target": -1349132.579351829, "params": {"alpha": 0.988935775401329, "beta": 3.7119831857201997}, "datetime": {"datetime": "2020-10-17 18:14:00", "elapsed": 11.665194, "delta": 0.485001}}
{"target": -1342993.7497937127, "params": {"alpha": 0.99, "beta": 3.7361662620602014}, "datetime": {"datetime": "2020-10-17 18:14:00", "elapsed": 12.114194, "delta": 0.449}}
{"target": -1341144.2751027737, "params": {"alpha": 0.99, "beta": 3.745554606962079}, "datetime": {"datetime": "2020-10-17 18:14:03", "elapsed": 14.619401, "delta": 2.505207}}
{"target": -1354343.8170070683, "params": {"alpha": 0.9856864685655308, "beta": 3.7051759642624793}, "datetime": {"datetime": "2020-10-17 18:14:05", "elapsed": 16.689343, "delta": 2.069942}}
{"target": -1339233.8378381778, "params": {"alpha": 0.99, "beta": 3.755425191372347}, "datetime": {"datetime": "2020-10-17 18:14:06", "elapsed": 18.473209, "delta": 1.783866}}
{"target": -1337357.5876615, "params": {"alpha": 0.99, "beta": 3.7652968173003067}, "datetime": {"datetime": "2020-10-17 18:14:09", "elapsed": 20.795256, "delta": 2.322047}}
{"target": -1335501.639869848, "params": {"alpha": 0.99, "beta": 3.7752418905933363}, "datetime": {"datetime": "2020-10-17 18:14:11", "elapsed": 23.042258, "delta": 2.247002}}
{"target": -1333671.1470690644, "params": {"alpha": 0.99, "beta": 3.7852333861021488}, "datetime": {"datetime": "2020-10-17 18:14:13", "elapsed": 25.478771, "delta": 2.436513}}
{"target": -1331864.7828743535, "params": {"alpha": 0.99, "beta": 3.7952785567888054}, "datetime": {"datetime": "2020-10-17 18:14:18", "elapsed": 30.061168, "delta": 4.582397}}
{"target": -1330084.7753104276, "params": {"alpha": 0.99, "beta": 3.805364856962336}, "datetime": {"datetime": "2020-10-17 18:14:21", "elapsed": 33.093165, "delta": 3.031997}}
{"target": -1331705.300815475, "params": {"alpha": 0.9892680475406557, "beta": 3.800703246727587}, "datetime": {"datetime": "2020-10-17 18:14:24", "elapsed": 35.561622, "delta": 2.468457}}
{"target": -1328169.9956155655, "params": {"alpha": 0.99, "beta": 3.8164319526445682}, "datetime": {"datetime": "2020-10-17 18:14:26", "elapsed": 38.331218, "delta": 2.769596}}
{"target": -1326431.698104451, "params": {"alpha": 0.99, "beta": 3.8266825349300038}, "datetime": {"datetime": "2020-10-17 18:14:29", "elapsed": 40.582607, "delta": 2.251389}}
{"target": -1324727.436965392, "params": {"alpha": 0.99, "beta": 3.836928884102673}, "datetime": {"datetime": "2020-10-17 18:14:32", "elapsed": 43.616615, "delta": 3.034008}}
{"target": -1323038.109788197, "params": {"alpha": 0.99, "beta": 3.8472859026580255}, "datetime": {"datetime": "2020-10-17 18:14:36", "elapsed": 47.70983, "delta": 4.093215}}
{"target": -1321379.1100697943, "params": {"alpha": 0.99, "beta": 3.8576598815626335}, "datetime": {"datetime": "2020-10-17 18:14:39", "elapsed": 51.016681, "delta": 3.306851}}
{"target": -1319756.0483462852, "params": {"alpha": 0.99, "beta": 3.8680124722207916}, "datetime": {"datetime": "2020-10-17 18:14:43", "elapsed": 55.396061, "delta": 4.37938}}
{"target": -1318165.3490952384, "params": {"alpha": 0.99, "beta": 3.8783626293963955}, "datetime": {"datetime": "2020-10-17 18:14:47", "elapsed": 58.795066, "delta": 3.399005}}
{"target": -1316607.2159223754, "params": {"alpha": 0.99, "beta": 3.8887056004850575}, "datetime": {"datetime": "2020-10-17 18:14:51", "elapsed": 62.666542, "delta": 3.871476}}
{"target": -1315082.1312056396, "params": {"alpha": 0.99, "beta": 3.8990343999390533}, "datetime": {"datetime": "2020-10-17 18:14:54", "elapsed": 65.986725, "delta": 3.320183}}
{"target": -1313590.159111831, "params": {"alpha": 0.99, "beta": 3.909344461573321}, "datetime": {"datetime": "2020-10-17 18:14:58", "elapsed": 69.657731, "delta": 3.671006}}
{"target": -1312131.1666911347, "params": {"alpha": 0.99, "beta": 3.919632333418328}, "datetime": {"datetime": "2020-10-17 18:15:00", "elapsed": 72.349122, "delta": 2.691391}}
{"target": -1310705.1304782915, "params": {"alpha": 0.99, "beta": 3.929893577268396}, "datetime": {"datetime": "2020-10-17 18:15:03", "elapsed": 75.198057, "delta": 2.848935}}
{"target": -1309311.8679600116, "params": {"alpha": 0.99, "beta": 3.940124669599134}, "datetime": {"datetime": "2020-10-17 18:15:08", "elapsed": 79.670112, "delta": 4.472055}}
{"target": -1307951.2384185856, "params": {"alpha": 0.99, "beta": 3.950321588908922}, "datetime": {"datetime": "2020-10-17 18:15:12", "elapsed": 83.724994, "delta": 4.054882}}
{"target": -1306622.975530937, "params": {"alpha": 0.99, "beta": 3.9604810682876694}, "datetime": {"datetime": "2020-10-17 18:15:14", "elapsed": 86.497508, "delta": 2.772514}}
{"target": -1319569.0475634346, "params": {"alpha": 0.9893856419825252, "beta": 3.873414907590714}, "datetime": {"datetime": "2020-10-17 18:15:17", "elapsed": 89.103501, "delta": 2.605993}}
{"target": -1305306.133516333, "params": {"alpha": 0.99, "beta": 3.9707628221243763}, "datetime": {"datetime": "2020-10-17 18:15:19", "elapsed": 91.155876, "delta": 2.052375}}
{"target": -1304027.4814058763, "params": {"alpha": 0.99, "beta": 3.9809557697002953}, "datetime": {"datetime": "2020-10-17 18:15:22", "elapsed": 94.07988, "delta": 2.924004}}
{"target": -1302780.2434119324, "params": {"alpha": 0.99, "beta": 3.9911067272192717}, "datetime": {"datetime": "2020-10-17 18:15:24", "elapsed": 96.460882, "delta": 2.381002}}
{"target": -1301565.781034242, "params": {"alpha": 0.99, "beta": 4.001198381122122}, "datetime": {"datetime": "2020-10-17 18:15:27", "elapsed": 98.760273, "delta": 2.299391}}
{"target": -1300382.9885341944, "params": {"alpha": 0.99, "beta": 4.011233256361428}, "datetime": {"datetime": "2020-10-17 18:15:29", "elapsed": 101.144839, "delta": 2.384566}}
{"target": -1299231.643313616, "params": {"alpha": 0.99, "beta": 4.021206544939811}, "datetime": {"datetime": "2020-10-17 18:15:32", "elapsed": 104.082841, "delta": 2.938002}}
{"target": -1298111.0946694417, "params": {"alpha": 0.99, "beta": 4.03111703733759}, "datetime": {"datetime": "2020-10-17 18:15:35", "elapsed": 106.699844, "delta": 2.617003}}
{"target": -1297020.8756935578, "params": {"alpha": 0.99, "beta": 4.040961932842015}, "datetime": {"datetime": "2020-10-17 18:15:37", "elapsed": 109.147847, "delta": 2.448003}}
{"target": -1295960.4638847015, "params": {"alpha": 0.99, "beta": 4.050738902199394}, "datetime": {"datetime": "2020-10-17 18:15:39", "elapsed": 111.351245, "delta": 2.203398}}
{"target": -1294929.3165190953, "params": {"alpha": 0.99, "beta": 4.0604458072993594}, "datetime": {"datetime": "2020-10-17 18:15:42", "elapsed": 114.150466, "delta": 2.799221}}
{"target": -1293926.8582976004, "params": {"alpha": 0.99, "beta": 4.070080845609815}, "datetime": {"datetime": "2020-10-17 18:15:44", "elapsed": 116.090673, "delta": 1.940207}}
{"target": -1299762.3211912129, "params": {"alpha": 0.989993110089619, "beta": 4.016642333808549}, "datetime": {"datetime": "2020-10-17 18:15:47", "elapsed": 118.756677, "delta": 2.666004}}
{"target": -1292939.8577078243, "params": {"alpha": 0.99, "beta": 4.079767781072059}, "datetime": {"datetime": "2020-10-17 18:15:49", "elapsed": 120.997679, "delta": 2.241002}}
{"target": -1291984.0546278935, "params": {"alpha": 0.99, "beta": 4.089347645194073}, "datetime": {"datetime": "2020-10-17 18:15:52", "elapsed": 124.103031, "delta": 3.105352}}
{"target": -1291055.3617081817, "params": {"alpha": 0.99, "beta": 4.098852945370694}, "datetime": {"datetime": "2020-10-17 18:15:55", "elapsed": 126.887776, "delta": 2.784745}}
{"target": -1290154.0927436422, "params": {"alpha": 0.99, "beta": 4.1082727602378}, "datetime": {"datetime": "2020-10-17 18:15:57", "elapsed": 129.364077, "delta": 2.476301}}
{"target": -1294557.8152378504, "params": {"alpha": 0.9875628595984797, "beta": 4.086729622535811}, "datetime": {"datetime": "2020-10-17 18:16:00", "elapsed": 131.65408, "delta": 2.290003}}
{"target": -1289273.1726479032, "params": {"alpha": 0.99, "beta": 4.117675150207192}, "datetime": {"datetime": "2020-10-17 18:16:02", "elapsed": 134.014083, "delta": 2.360003}}
{"target": -1293517.2384631045, "params": {"alpha": 0.989250126300911, "beta": 4.081107016848519}, "datetime": {"datetime": "2020-10-17 18:16:04", "elapsed": 136.430531, "delta": 2.416448}}
{"target": -1288408.0577962121, "params": {"alpha": 0.99, "beta": 4.127106326678691}, "datetime": {"datetime": "2020-10-17 18:16:06", "elapsed": 138.513406, "delta": 2.082875}}
{"target": -1287568.163081528, "params": {"alpha": 0.99, "beta": 4.136459446512227}, "datetime": {"datetime": "2020-10-17 18:16:08", "elapsed": 140.070121, "delta": 1.556715}}
{"target": -1286755.0208573702, "params": {"alpha": 0.99, "beta": 4.145709040778602}, "datetime": {"datetime": "2020-10-17 18:16:10", "elapsed": 142.404356, "delta": 2.334235}}
{"target": -1285967.6425629773, "params": {"alpha": 0.99, "beta": 4.154857280556034}, "datetime": {"datetime": "2020-10-17 18:16:12", "elapsed": 144.323357, "delta": 1.919001}}
{"target": -1285204.6951222646, "params": {"alpha": 0.99, "beta": 4.1639109459641555}, "datetime": {"datetime": "2020-10-17 18:16:14", "elapsed": 146.07136, "delta": 1.748003}}
{"target": -1284465.5495085046, "params": {"alpha": 0.99, "beta": 4.1728690526364955}, "datetime": {"datetime": "2020-10-17 18:16:16", "elapsed": 147.995914, "delta": 1.924554}}
{"target": -1283749.6091653307, "params": {"alpha": 0.99, "beta": 4.181730384410058}, "datetime": {"datetime": "2020-10-17 18:16:18", "elapsed": 150.301515, "delta": 2.305601}}
{"target": -1283056.2328996924, "params": {"alpha": 0.99, "beta": 4.190494450230781}, "datetime": {"datetime": "2020-10-17 18:16:20", "elapsed": 151.745042, "delta": 1.443527}}
{"target": -1282384.7615109065, "params": {"alpha": 0.99, "beta": 4.199161211160376}, "datetime": {"datetime": "2020-10-17 18:16:22", "elapsed": 153.843135, "delta": 2.098093}}
{"target": -1281734.4931189194, "params": {"alpha": 0.99, "beta": 4.207731450699944}, "datetime": {"datetime": "2020-10-17 18:16:24", "elapsed": 155.695677, "delta": 1.852542}}
{"target": -1281104.9598363107, "params": {"alpha": 0.99, "beta": 4.216203090928577}, "datetime": {"datetime": "2020-10-17 18:16:26", "elapsed": 157.695681, "delta": 2.000004}}
{"target": -1280495.4154914203, "params": {"alpha": 0.99, "beta": 4.224577992568406}, "datetime": {"datetime": "2020-10-17 18:16:27", "elapsed": 159.438686, "delta": 1.743005}}
{"target": -1279905.2873845065, "params": {"alpha": 0.99, "beta": 4.232855966153111}, "datetime": {"datetime": "2020-10-17 18:16:29", "elapsed": 161.162689, "delta": 1.724003}}
{"target": -1279334.0288854952, "params": {"alpha": 0.99, "beta": 4.241036673817775}, "datetime": {"datetime": "2020-10-17 18:16:31", "elapsed": 162.950212, "delta": 1.787523}}
{"target": -1278781.0468790804, "params": {"alpha": 0.99, "beta": 4.249120678787294}, "datetime": {"datetime": "2020-10-17 18:16:33", "elapsed": 164.656877, "delta": 1.706665}}
{"target": -1278245.7714061195, "params": {"alpha": 0.99, "beta": 4.257108482947195}, "datetime": {"datetime": "2020-10-17 18:16:35", "elapsed": 166.862384, "delta": 2.205507}}
{"target": -1277727.6821014066, "params": {"alpha": 0.99, "beta": 4.265000103392481}, "datetime": {"datetime": "2020-10-17 18:16:37", "elapsed": 168.702934, "delta": 1.84055}}
{"target": -1277226.2172728525, "params": {"alpha": 0.99, "beta": 4.272796440755151}, "datetime": {"datetime": "2020-10-17 18:16:38", "elapsed": 170.515937, "delta": 1.813003}}
{"target": -1276740.8619993613, "params": {"alpha": 0.99, "beta": 4.280497950670845}, "datetime": {"datetime": "2020-10-17 18:16:40", "elapsed": 172.314938, "delta": 1.799001}}
{"target": -1276271.1266846275, "params": {"alpha": 0.99, "beta": 4.288104937593974}, "datetime": {"datetime": "2020-10-17 18:16:42", "elapsed": 173.692567, "delta": 1.377629}}
{"target": -1275816.5171661398, "params": {"alpha": 0.99, "beta": 4.295618029356407}, "datetime": {"datetime": "2020-10-17 18:16:44", "elapsed": 176.042729, "delta": 2.350162}}
{"target": -1275376.5315800658, "params": {"alpha": 0.99, "beta": 4.303038255506675}, "datetime": {"datetime": "2020-10-17 18:16:46", "elapsed": 177.725732, "delta": 1.683003}}
{"target": -1274950.751801671, "params": {"alpha": 0.99, "beta": 4.310365489150044}, "datetime": {"datetime": "2020-10-17 18:16:47", "elapsed": 179.489391, "delta": 1.763659}}
{"target": -1274538.6964634848, "params": {"alpha": 0.99, "beta": 4.317600925276077}, "datetime": {"datetime": "2020-10-17 18:16:49", "elapsed": 180.883526, "delta": 1.394135}}
{"target": -1274139.9632435562, "params": {"alpha": 0.99, "beta": 4.324744634179536}, "datetime": {"datetime": "2020-10-17 18:16:51", "elapsed": 182.56752, "delta": 1.683994}}
{"target": -1273754.0251929397, "params": {"alpha": 0.99, "beta": 4.331799196572388}, "datetime": {"datetime": "2020-10-17 18:16:52", "elapsed": 183.846521, "delta": 1.279001}}
{"target": -1283615.0070683658, "params": {"alpha": 0.9792235184332749, "beta": 4.322122598315211}, "datetime": {"datetime": "2020-10-17 18:16:53", "elapsed": 185.254523, "delta": 1.408002}}
{"target": -1273376.45285607, "params": {"alpha": 0.99, "beta": 4.338841121004015}, "datetime": {"datetime": "2020-10-17 18:16:55", "elapsed": 186.930975, "delta": 1.676452}}
