{"target": -1281790.962894634, "params": {"alpha": 0.7276219031074749, "beta": 6.104701139057963}, "datetime": {"datetime": "2020-10-17 18:08:43", "elapsed": 0.0, "delta": 0.0}}
{"target": -1583195.383363357, "params": {"alpha": 0.3051994122489931, "beta": 8.025246329299044}, "datetime": {"datetime": "2020-10-17 18:08:43", "elapsed": 0.156252, "delta": 0.156252}}
{"target": -1501244.4348146843, "params": {"alpha": 0.497916792317126, "beta": 2.070191679483405}, "datetime": {"datetime": "2020-10-17 18:08:43", "elapsed": 0.341532, "delta": 0.18528}}
{"target": -1364614.1379860872, "params": {"alpha": 0.39078833232721283, "beta": 4.551785114854081}, "datetime": {"datetime": "2020-10-17 18:08:43", "elapsed": 0.498868, "delta": 0.157336}}
{"target": -3558116.411172162, "params": {"alpha": 0.3407750666686109, "beta": 1.7429568007729768}, "datetime": {"datetime": "2020-10-17 18:08:43", "elapsed": 0.670745, "delta": 0.171877}}
{"target": -1406591.6768151124, "params": {"alpha": 0.36789380024771157, "beta": 4.680022589282124}, "datetime": {"datetime": "2020-10-17 18:08:43", "elapsed": 0.826995, "delta": 0.15625}}
{"target": -1290013.0577126727, "params": {"alpha": 0.924599368884012, "beta": 3.6279303900661364}, "datetime": {"datetime": "2020-10-17 18:08:44", "elapsed": 0.998871, "delta": 0.171876}}
{"target": -1431610.1446762683, "params": {"alpha": 0.8318685506191031, "beta": 9.90296201688082}, "datetime": {"datetime": "2020-10-17 18:08:44", "elapsed": 1.179272, "delta": 0.180401}}
{"target": -1281790.9627333193, "params": {"alpha": 0.7276218977912896, "beta": 6.104701133335458}, "datetime": {"datetime": "2020-10-17 18:08:44", "elapsed": 1.515497, "delta": 0.336225}}
{"target": -1281790.9655199284, "params": {"alpha": 0.727621739904777, "beta": 6.1047011209843705}, "datetime": {"datetime": "2020-10-17 18:08:44", "elapsed": 1.875401, "delta": 0.359904}}
{"target": -1409283.7598366467, "params": {"alpha": 0.3664709219216757, "beta": 4.67714150115187}, "datetime": {"datetime": "2020-10-17 18:08:45", "elapsed": 2.173435, "delta": 0.298034}}
{"target": -1281790.9517220473, "params": {"alpha": 0.7276218057960061, "beta": 6.104700863348292}, "datetime": {"datetime": "2020-10-17 18:08:45", "elapsed": 2.586287, "delta": 0.412852}}
{"target": -1281790.9432430668, "params": {"alpha": 0.7276220007465602, "beta": 6.104700773809923}, "datetime": {"datetime": "2020-10-17 18:08:46", "elapsed": 3.009342, "delta": 0.423055}}
{"target": -1281790.9541074806, "params": {"alpha": 0.727621880105099, "beta": 6.10470094605307}, "datetime": {"datetime": "2020-10-17 18:08:46", "elapsed": 3.433225, "delta": 0.423883}}
{"target": -1290013.0653139625, "params": {"alpha": 0.9245993713106153, "beta": 3.6279303007009536}, "datetime": {"datetime": "2020-10-17 18:08:46", "elapsed": 3.858204, "delta": 0.424979}}
{"target": -1290013.0080633417, "params": {"alpha": 0.924599273056979, "beta": 3.6279302864961807}, "datetime": {"datetime": "2020-10-17 18:08:47", "elapsed": 4.249917, "delta": 0.391713}}
{"target": -1281561.1098202558, "params": {"alpha": 0.7214914814349671, "beta": 6.096813459053711}, "datetime": {"datetime": "2020-10-17 18:08:47", "elapsed": 4.609299, "delta": 0.359382}}
{"target": -1281667.0667770002, "params": {"alpha": 0.7244387913554827, "beta": 6.100605751329794}, "datetime": {"datetime": "2020-10-17 18:08:48", "elapsed": 5.093673, "delta": 0.484374}}
{"target": -1281093.2358084542, "params": {"alpha": 0.7406020141867965, "beta": 6.093846833202248}, "datetime": {"datetime": "2020-10-17 18:08:48", "elapsed": 5.521733, "delta": 0.42806}}
{"target": -1279967.9658944942, "params": {"alpha": 0.7416059674274118, "beta": 6.070099895442103}, "datetime": {"datetime": "2020-10-17 18:08:49", "elapsed": 6.006107, "delta": 0.484374}}
{"target": -1280453.03581846, "params": {"alpha": 0.7307671012362555, "beta": 6.078044857676389}, "datetime": {"datetime": "2020-10-17 18:08:49", "elapsed": 6.693602, "delta": 0.687495}}
{"target": -1280289.1542407966, "params": {"alpha": 0.7403789125884099, "beta": 6.076786274048224}, "datetime": {"datetime": "2020-10-17 18:08:50", "elapsed": 7.727131, "delta": 1.033529}}
{"target": -1281006.5042324774, "params": {"alpha": 0.7305259829051919, "beta": 6.0895203272760465}, "datetime": {"datetime": "2020-10-17 18:08:51", "elapsed": 8.667218, "delta": 0.940087}}
{"target": -1279999.6750933256, "params": {"alpha": 0.7377137324333609, "beta": 6.070284096644157}, "datetime": {"datetime": "2020-10-17 18:08:53", "elapsed": 10.18824, "delta": 1.521022}}
{"target": -1280008.017149592, "params": {"alpha": 0.74004760928502, "beta": 6.070794089286429}, "datetime": {"datetime": "2020-10-17 18:08:54", "elapsed": 11.555728, "delta": 1.367488}}
{"target": -1280634.6743017833, "params": {"alpha": 0.7412751358549855, "beta": 6.084211127794445}, "datetime": {"datetime": "2020-10-17 18:08:55", "elapsed": 12.929788, "delta": 1.37406}}
{"target": -1279664.9727038397, "params": {"alpha": 0.7407529114027845, "beta": 6.063600947185992}, "datetime": {"datetime": "2020-10-17 18:08:57", "elapsed": 14.348093, "delta": 1.418305}}
{"target": -1279349.803522429, "params": {"alpha": 0.7411717276443252, "beta": 6.05695285149337}, "datetime": {"datetime": "2020-10-17 18:08:58", "elapsed": 15.841553, "delta": 1.49346}}
{"target": -1279010.5769488716, "params": {"alpha": 0.7414950494926229, "beta": 6.049776357270211}, "datetime": {"datetime": "2020-10-17 18:09:00", "elapsed": 17.254355, "delta": 1.412802}}
{"target": -1278660.418074958, "params": {"alpha": 0.7415559641987152, "beta": 6.042347753413024}, "datetime": {"datetime": "2020-10-17 18:09:01", "elapsed": 18.458616, "delta": 1.204261}}
{"target": -1278295.666755087, "params": {"alpha": 0.7407885354516566, "beta": 6.034576263664967}, "datetime": {"datetime": "2020-10-17 18:09:02", "elapsed": 19.791419, "delta": 1.332803}}
{"target": -1277965.3572220237, "params": {"alpha": 0.7370649797385305, "beta": 6.027281528214886}, "datetime": {"datetime": "2020-10-17 18:09:04", "elapsed": 21.180676, "delta": 1.389257}}
{"target": -1277917.45434942, "params": {"alpha": 0.7320473711138373, "beta": 6.025390818245309}, "datetime": {"datetime": "2020-10-17 18:09:05", "elapsed": 22.688468, "delta": 1.507792}}
{"target": -1277841.2061085156, "params": {"alpha": 0.7337394536454624, "beta": 6.024151489955836}, "datetime": {"datetime": "2020-10-17 18:09:07", "elapsed": 24.159472, "delta": 1.471004}}
{"target": -1277449.951410332, "params": {"alpha": 0.7342508556720184, "beta": 6.016029672667749}, "datetime": {"datetime": "2020-10-17 18:09:08", "elapsed": 25.338174, "delta": 1.178702}}
{"target": -1277092.3312106887, "params": {"alpha": 0.7240525731756852, "beta": 6.005729963350939}, "datetime": {"datetime": "2020-10-17 18:09:09", "elapsed": 26.489759, "delta": 1.151585}}
{"target": -1276782.1796602937, "params": {"alpha": 0.7279159970621601, "beta": 6.000611844136143}, "datetime": {"datetime": "2020-10-17 18:09:22", "elapsed": 39.364959, "delta": 12.8752}}
{"target": -1275729.3222958483, "params": {"alpha": 0.7246873741884602, "beta": 5.977735451311337}, "datetime": {"datetime": "2020-10-17 18:09:26", "elapsed": 43.650958, "delta": 4.285999}}
{"target": -1275502.5950257282, "params": {"alpha": 0.7245778253815706, "beta": 5.973001548472113}, "datetime": {"datetime": "2020-10-17 18:09:31", "elapsed": 48.42094, "delta": 4.769982}}
{"target": -1274945.1355376286, "params": {"alpha": 0.7263071063333171, "beta": 5.961960969891103}, "datetime": {"datetime": "2020-10-17 18:09:36", "elapsed": 53.242844, "delta": 4.821904}}
{"target": -1274485.862858962, "params": {"alpha": 0.7325030287178127, "beta": 5.953583516268171}, "datetime": {"datetime": "2020-10-17 18:09:40", "elapsed": 57.662368, "delta": 4.419524}}
{"target": -1274405.8534273226, "params": {"alpha": 0.7380814507858962, "beta": 5.952171638390023}, "datetime": {"datetime": "2020-10-17 18:09:45", "elapsed": 62.210065, "delta": 4.547697}}
{"target": -1274370.0502505673, "params": {"alpha": 0.7375180508261531, "beta": 5.951421270064011}, "datetime": {"datetime": "2020-10-17 18:09:49", "elapsed": 66.534584, "delta": 4.324519}}
{"target": -1274012.0064939512, "params": {"alpha": 0.7379015430045054, "beta": 5.943846829482643}, "datetime": {"datetime": "2020-10-17 18:09:53", "elapsed": 70.18467, "delta": 3.650086}}
{"target": -1273489.826693743, "params": {"alpha": 0.7389924113943709, "beta": 5.932741598945867}, "datetime": {"datetime": "2020-10-17 18:09:56", "elapsed": 73.316842, "delta": 3.132172}}
{"target": -1272962.683887291, "params": {"alpha": 0.7400039258085241, "beta": 5.921470385064426}, "datetime": {"datetime": "2020-10-17 18:10:01", "elapsed": 78.642074, "delta": 5.325232}}
{"target": -1272435.8143216204, "params": {"alpha": 0.7412911785058974, "beta": 5.910097779282647}, "datetime": {"datetime": "2020-10-17 18:10:05", "elapsed": 82.631381, "delta": 3.989307}}
{"target": -1271928.4170566963, "params": {"alpha": 0.7433798334116009, "beta": 5.898876015682215}, "datetime": {"datetime": "2020-10-17 18:10:10", "elapsed": 87.359881, "delta": 4.7285}}
{"target": -1271515.438839606, "params": {"alpha": 0.747759725926472, "beta": 5.888763619103621}, "datetime": {"datetime": "2020-10-17 18:10:17", "elapsed": 94.482539, "delta": 7.122658}}
{"target": -1271478.046155361, "params": {"alpha": 0.7546055710182623, "beta": 5.885007092236202}, "datetime": {"datetime": "2020-10-17 18:10:22", "elapsed": 99.159456, "delta": 4.676917}}
{"target": -1271292.4939694302, "params": {"alpha": 0.750832368984116, "beta": 5.88275830927968}, "datetime": {"datetime": "2020-10-17 18:10:28", "elapsed": 105.313668, "delta": 6.154212}}
{"target": -1270670.3206470264, "params": {"alpha": 0.7493057871677877, "beta": 5.86995063923447}, "datetime": {"datetime": "2020-10-17 18:10:36", "elapsed": 113.201444, "delta": 7.887776}}
{"target": -1270003.051011447, "params": {"alpha": 0.7473893786246039, "beta": 5.856332297022074}, "datetime": {"datetime": "2020-10-17 18:10:45", "elapsed": 122.254517, "delta": 9.053073}}
{"target": -1269423.8365877436, "params": {"alpha": 0.7461128095031482, "beta": 5.844360932847628}, "datetime": {"datetime": "2020-10-17 18:10:48", "elapsed": 125.655972, "delta": 3.401455}}
{"target": -1268807.529218671, "params": {"alpha": 0.7460610715006276, "beta": 5.831122051675805}, "datetime": {"datetime": "2020-10-17 18:10:53", "elapsed": 130.374774, "delta": 4.718802}}
{"target": -1268333.0777742795, "params": {"alpha": 0.7492301283791649, "beta": 5.819440482617102}, "datetime": {"datetime": "2020-10-17 18:10:58", "elapsed": 135.027733, "delta": 4.652959}}
{"target": -1268263.5564974386, "params": {"alpha": 0.7556083781350644, "beta": 5.8141983035450275}, "datetime": {"datetime": "2020-10-17 18:11:01", "elapsed": 138.912278, "delta": 3.884545}}
{"target": -1268115.687356493, "params": {"alpha": 0.7524103557942443, "beta": 5.8129790224400715}, "datetime": {"datetime": "2020-10-17 18:11:06", "elapsed": 143.717374, "delta": 4.805096}}
{"target": -1267355.4327879674, "params": {"alpha": 0.7481555623432035, "beta": 5.798826394934779}, "datetime": {"datetime": "2020-10-17 18:11:10", "elapsed": 147.38171, "delta": 3.664336}}
{"target": -1266595.5086413964, "params": {"alpha": 0.7439214887074157, "beta": 5.784451694166519}, "datetime": {"datetime": "2020-10-17 18:11:15", "elapsed": 152.444207, "delta": 5.062497}}
{"target": -1265951.2296852437, "params": {"alpha": 0.7408686044271068, "beta": 5.7718879960029215}, "datetime": {"datetime": "2020-10-17 18:11:19", "elapsed": 156.388973, "delta": 3.944766}}
{"target": -1265251.70655771, "params": {"alpha": 0.7391677924415366, "beta": 5.757577216656312}, "datetime": {"datetime": "2020-10-17 18:11:23", "elapsed": 160.51385, "delta": 4.124877}}
{"target": -1264684.5709152485, "params": {"alpha": 0.7414030685754252, "beta": 5.744536221267497}, "datetime": {"datetime": "2020-10-17 18:11:28", "elapsed": 165.821516, "delta": 5.307666}}
{"target": -1264529.8545661983, "params": {"alpha": 0.7482034576942979, "beta": 5.7375471875981106}, "datetime": {"datetime": "2020-10-17 18:11:34", "elapsed": 171.850862, "delta": 6.029346}}
{"target": -1264466.4415877073, "params": {"alpha": 0.7466688753495465, "beta": 5.737107263079371}, "datetime": {"datetime": "2020-10-17 18:11:40", "elapsed": 177.138361, "delta": 5.287499}}
{"target": -1263744.4011267163, "params": {"alpha": 0.7414209963654036, "beta": 5.724352263346818}, "datetime": {"datetime": "2020-10-17 18:11:46", "elapsed": 183.711863, "delta": 6.573502}}
{"target": -1262973.406587688, "params": {"alpha": 0.7365997876416792, "beta": 5.709954976661163}, "datetime": {"datetime": "2020-10-17 18:11:54", "elapsed": 191.705483, "delta": 7.99362}}
{"target": -1262287.2241134823, "params": {"alpha": 0.7326730110457467, "beta": 5.696743709161608}, "datetime": {"datetime": "2020-10-17 18:12:01", "elapsed": 198.503938, "delta": 6.798455}}
{"target": -1261552.0288402697, "params": {"alpha": 0.7297361450584643, "beta": 5.682041056241257}, "datetime": {"datetime": "2020-10-17 18:12:08", "elapsed": 205.534136, "delta": 7.030198}}
{"target": -1260878.4897433836, "params": {"alpha": 0.7300335341094774, "beta": 5.667745951193114}, "datetime": {"datetime": "2020-10-17 18:12:13", "elapsed": 210.633741, "delta": 5.099605}}
{"target": -1260467.4097600032, "params": {"alpha": 0.7364709172108863, "beta": 5.65652650632564}, "datetime": {"datetime": "2020-10-17 18:12:20", "elapsed": 217.522868, "delta": 6.889127}}
{"target": -1260500.8884960075, "params": {"alpha": 0.7398062288494954, "beta": 5.655492699217165}, "datetime": {"datetime": "2020-10-17 18:12:24", "elapsed": 221.858251, "delta": 4.335383}}
{"target": -1260130.8406247445, "params": {"alpha": 0.734699497022674, "beta": 5.6501621286288986}, "datetime": {"datetime": "2020-10-17 18:12:28", "elapsed": 225.971531, "delta": 4.11328}}
{"target": -1259236.5656143648, "params": {"alpha": 0.7310937246662395, "beta": 5.6326434372895156}, "datetime": {"datetime": "2020-10-17 18:12:33", "elapsed": 230.031427, "delta": 4.059896}}
{"target": -1258524.1302538947, "params": {"alpha": 0.7281804908512591, "beta": 5.618608952503493}, "datetime": {"datetime": "2020-10-17 18:12:38", "elapsed": 235.710618, "delta": 5.679191}}
{"target": -1257762.6058283634, "params": {"alpha": 0.7257099996546958, "beta": 5.603326875860622}, "datetime": {"datetime": "2020-10-17 18:12:45", "elapsed": 242.292534, "delta": 6.581916}}
{"target": -1257042.6370412083, "params": {"alpha": 0.7250857548120249, "beta": 5.588361653376624}, "datetime": {"datetime": "2020-10-17 18:12:49", "elapsed": 246.206026, "delta": 3.913492}}
{"target": -1256444.806546971, "params": {"alpha": 0.728989564636374, "beta": 5.5742888368770664}, "datetime": {"datetime": "2020-10-17 18:12:52", "elapsed": 249.664254, "delta": 3.458228}}
{"target": -1256383.8634711544, "params": {"alpha": 0.7366795289941801, "beta": 5.568792861272223}, "datetime": {"datetime": "2020-10-17 18:12:56", "elapsed": 253.858746, "delta": 4.194492}}
{"target": -1256176.200064347, "params": {"alpha": 0.7322143193933764, "beta": 5.567002261881253}, "datetime": {"datetime": "2020-10-17 18:13:00", "elapsed": 257.303581, "delta": 3.444835}}
{"target": -1255276.3194472506, "params": {"alpha": 0.7275218119153379, "beta": 5.550149660633301}, "datetime": {"datetime": "2020-10-17 18:13:03", "elapsed": 260.386564, "delta": 3.082983}}
{"target": -1254440.2838870913, "params": {"alpha": 0.7228021828801102, "beta": 5.534334522227199}, "datetime": {"datetime": "2020-10-17 18:13:06", "elapsed": 263.391507, "delta": 3.004943}}
{"target": -1253708.2562588195, "params": {"alpha": 0.7191422606981938, "beta": 5.5200776460961345}, "datetime": {"datetime": "2020-10-17 18:13:10", "elapsed": 267.725231, "delta": 4.333724}}
{"target": -1252926.4862321864, "params": {"alpha": 0.7167695612068784, "beta": 5.50432280804995}, "datetime": {"datetime": "2020-10-17 18:13:14", "elapsed": 271.62498, "delta": 3.899749}}
{"target": -1252224.3613668343, "params": {"alpha": 0.7183297061742674, "beta": 5.4892362365378204}, "datetime": {"datetime": "2020-10-17 18:13:19", "elapsed": 276.160374, "delta": 4.535394}}
{"target": -1251908.061089818, "params": {"alpha": 0.7263292741490474, "beta": 5.4791839819198165}, "datetime": {"datetime": "2020-10-17 18:13:23", "elapsed": 280.77592, "delta": 4.615546}}
{"target": -1251917.0427618942, "params": {"alpha": 0.7270800113644166, "beta": 5.478957117884257}, "datetime": {"datetime": "2020-10-17 18:13:28", "elapsed": 285.013624, "delta": 4.237704}}
{"target": -1251736.3423050414, "params": {"alpha": 0.7249353155757516, "beta": 5.4762701466336186}, "datetime": {"datetime": "2020-10-17 18:13:31", "elapsed": 288.409245, "delta": 3.395621}}
{"target": -1250790.765504472, "params": {"alpha": 0.7184583761722504, "beta": 5.4591174554000075}, "datetime": {"datetime": "2020-10-17 18:13:36", "elapsed": 293.415269, "delta": 5.006024}}
{"target": -1249984.2126988, "params": {"alpha": 0.7131927827755055, "beta": 5.4438042408575}, "datetime": {"datetime": "2020-10-17 18:13:40", "elapsed": 297.475789, "delta": 4.06052}}
{"target": -1249236.338649288, "params": {"alpha": 0.7091758750533859, "beta": 5.429027182318995}, "datetime": {"datetime": "2020-10-17 18:13:44", "elapsed": 301.371004, "delta": 3.895215}}
{"target": -1248459.8017212036, "params": {"alpha": 0.7072137031110528, "beta": 5.413214834888304}, "datetime": {"datetime": "2020-10-17 18:13:49", "elapsed": 306.023359, "delta": 4.652355}}
{"target": -1247751.3437936294, "params": {"alpha": 0.7103331473828793, "beta": 5.397979780994468}, "datetime": {"datetime": "2020-10-17 18:13:55", "elapsed": 312.572292, "delta": 6.548933}}
{"target": -1247527.569694648, "params": {"alpha": 0.7189429197671828, "beta": 5.390077437118891}, "datetime": {"datetime": "2020-10-17 18:14:01", "elapsed": 318.621552, "delta": 6.04926}}
{"target": -1247491.0585478097, "params": {"alpha": 0.7180279832091673, "beta": 5.389758948689028}, "datetime": {"datetime": "2020-10-17 18:14:05", "elapsed": 322.068197, "delta": 3.446645}}
{"target": -1246820.1725612825, "params": {"alpha": 0.7133755367889342, "beta": 5.377607558267522}, "datetime": {"datetime": "2020-10-17 18:14:08", "elapsed": 325.77519, "delta": 3.706993}}
{"target": -1246018.445289153, "params": {"alpha": 0.7091878187451204, "beta": 5.362175346437546}, "datetime": {"datetime": "2020-10-17 18:14:12", "elapsed": 329.360953, "delta": 3.585763}}
{"target": -1245231.9227880798, "params": {"alpha": 0.7053250291362241, "beta": 5.346695856103988}, "datetime": {"datetime": "2020-10-17 18:14:17", "elapsed": 334.189516, "delta": 4.828563}}
{"target": -1244442.914425846, "params": {"alpha": 0.7024325252064625, "beta": 5.330807602437836}, "datetime": {"datetime": "2020-10-17 18:14:21", "elapsed": 338.925522, "delta": 4.736006}}
{"target": -1243667.5012281912, "params": {"alpha": 0.7019144944863775, "beta": 5.314856891388552}, "datetime": {"datetime": "2020-10-17 18:14:25", "elapsed": 342.926241, "delta": 4.000719}}
{"target": -1243012.8143771912, "params": {"alpha": 0.706960135745036, "beta": 5.300104228953386}, "datetime": {"datetime": "2020-10-17 18:14:30", "elapsed": 347.249973, "delta": 4.323732}}
{"target": -1242960.8298924856, "params": {"alpha": 0.7151351283091593, "beta": 5.295280131085257}, "datetime": {"datetime": "2020-10-17 18:14:33", "elapsed": 350.498969, "delta": 3.248996}}
{"target": -1242730.8001739022, "params": {"alpha": 0.7103905632529743, "beta": 5.2928709802076295}, "datetime": {"datetime": "2020-10-17 18:14:37", "elapsed": 354.809851, "delta": 4.310882}}
{"target": -1241796.4615664044, "params": {"alpha": 0.70659542596541, "beta": 5.27477740530792}, "datetime": {"datetime": "2020-10-17 18:14:40", "elapsed": 357.941799, "delta": 3.131948}}
{"target": -1240946.1723672247, "params": {"alpha": 0.7026062966291603, "beta": 5.258269179889135}, "datetime": {"datetime": "2020-10-17 18:14:44", "elapsed": 361.182418, "delta": 3.240619}}
{"target": -1240175.4781341595, "params": {"alpha": 0.6994056763452992, "beta": 5.2429859145381155}, "datetime": {"datetime": "2020-10-17 18:14:46", "elapsed": 363.600425, "delta": 2.418007}}
{"target": -1239366.1297039494, "params": {"alpha": 0.6973672308465836, "beta": 5.226573992458098}, "datetime": {"datetime": "2020-10-17 18:14:48", "elapsed": 365.869146, "delta": 2.268721}}
{"target": -1238610.9659351832, "params": {"alpha": 0.6986536876048575, "beta": 5.210657895808102}, "datetime": {"datetime": "2020-10-17 18:14:51", "elapsed": 368.937186, "delta": 3.06804}}
