{"target": -642752.8772590351, "params": {"alpha": 0.7276219031074749, "beta": 6.104701139057963}, "datetime": {"datetime": "2020-10-17 18:08:43", "elapsed": 0.0, "delta": 0.0}}
{"target": -552379.0609887853, "params": {"alpha": 0.3051994122489931, "beta": 8.025246329299044}, "datetime": {"datetime": "2020-10-17 18:08:43", "elapsed": 0.263408, "delta": 0.263408}}
{"target": -582750.1004813166, "params": {"alpha": 0.497916792317126, "beta": 2.070191679483405}, "datetime": {"datetime": "2020-10-17 18:08:43", "elapsed": 0.530122, "delta": 0.266714}}
{"target": -552151.5658706258, "params": {"alpha": 0.39078833232721283, "beta": 4.551785114854081}, "datetime": {"datetime": "2020-10-17 18:08:43", "elapsed": 0.795745, "delta": 0.265623}}
{"target": -427178.3001210159, "params": {"alpha": 0.3407750666686109, "beta": 1.7429568007729768}, "datetime": {"datetime": "2020-10-17 18:08:44", "elapsed": 1.085527, "delta": 0.289782}}
{"target": -543865.39901191, "params": {"alpha": 0.36789380024771157, "beta": 4.680022589282124}, "datetime": {"datetime": "2020-10-17 18:08:44", "elapsed": 1.374875, "delta": 0.289348}}
{"target": -721921.7333882176, "params": {"alpha": 0.924599368884012, "beta": 3.6279303900661364}, "datetime": {"datetime": "2020-10-17 18:08:44", "elapsed": 1.656125, "delta": 0.28125}}
{"target": -637957.8450661323, "params": {"alpha": 0.8318685506191031, "beta": 9.90296201688082}, "datetime": {"datetime": "2020-10-17 18:08:45", "elapsed": 1.937902, "delta": 0.281777}}
{"target": -427023.2921695067, "params": {"alpha": 0.3406471668466787, "beta": 1.7426904544489983}, "datetime": {"datetime": "2020-10-17 18:08:45", "elapsed": 2.383151, "delta": 0.445249}}
{"target": -432517.6486594299, "params": {"alpha": 0.34541800352970725, "beta": 1.7483041004940536}, "datetime": {"datetime": "2020-10-17 18:08:45", "elapsed": 2.711288, "delta": 0.328137}}
{"target": -425413.1684800068, "params": {"alpha": 0.3394425809805443, "beta": 1.7378289817582362}, "datetime": {"datetime": "2020-10-17 18:08:46", "elapsed": 3.056218, "delta": 0.34493}}
{"target": -411781.9905382572, "params": {"alpha": 0.32651438514719894, "beta": 1.7441909788840482}, "datetime": {"datetime": "2020-10-17 18:08:46", "elapsed": 3.417601, "delta": 0.361383}}
{"target": -407187.4448544713, "params": {"alpha": 0.3224680233583586, "beta": 1.7414256737454983}, "datetime": {"datetime": "2020-10-17 18:08:46", "elapsed": 3.780068, "delta": 0.362467}}
{"target": -391405.3040117747, "params": {"alpha": 0.3081962331055159, "beta": 1.7385914006046779}, "datetime": {"datetime": "2020-10-17 18:08:47", "elapsed": 4.15508, "delta": 0.375012}}
{"target": -383920.56323829136, "params": {"alpha": 0.30131007475871197, "beta": 1.739055791171928}, "datetime": {"datetime": "2020-10-17 18:08:47", "elapsed": 4.5468, "delta": 0.39172}}
{"target": -374279.8215568972, "params": {"alpha": 0.2923278190841991, "beta": 1.740910858494278}, "datetime": {"datetime": "2020-10-17 18:08:48", "elapsed": 4.953049, "delta": 0.406249}}
{"target": -364257.51208629925, "params": {"alpha": 0.2828171909896811, "beta": 1.7444419941760605}, "datetime": {"datetime": "2020-10-17 18:08:48", "elapsed": 5.349842, "delta": 0.396793}}
{"target": -625763.9455938581, "params": {"alpha": 0.6295151420379856, "beta": 5.807458857675274}, "datetime": {"datetime": "2020-10-17 18:08:48", "elapsed": 5.709234, "delta": 0.359392}}
{"target": -353997.5182046863, "params": {"alpha": 0.27285688293091626, "beta": 1.7497082086468196}, "datetime": {"datetime": "2020-10-17 18:08:49", "elapsed": 6.537356, "delta": 0.828122}}
{"target": -346715.85114693723, "params": {"alpha": 0.2659505155147521, "beta": 1.7487818526327206}, "datetime": {"datetime": "2020-10-17 18:08:50", "elapsed": 7.477132, "delta": 0.939776}}
{"target": -339925.51075477304, "params": {"alpha": 0.25940809031302364, "beta": 1.7474312932899496}, "datetime": {"datetime": "2020-10-17 18:08:51", "elapsed": 8.432835, "delta": 0.955703}}
{"target": -325892.69644692144, "params": {"alpha": 0.24457326224715353, "beta": 1.7589985854574484}, "datetime": {"datetime": "2020-10-17 18:08:52", "elapsed": 9.718405, "delta": 1.28557}}
{"target": -314495.00826323713, "params": {"alpha": 0.2332158422242281, "beta": 1.730005859060534}, "datetime": {"datetime": "2020-10-17 18:08:54", "elapsed": 11.680727, "delta": 1.962322}}
{"target": -298513.6502069876, "params": {"alpha": 0.2115759135698485, "beta": 1.739189401996692}, "datetime": {"datetime": "2020-10-17 18:08:56", "elapsed": 13.180913, "delta": 1.500186}}
{"target": -288282.9565046895, "params": {"alpha": 0.18472609280212984, "beta": 1.7404861444924233}, "datetime": {"datetime": "2020-10-17 18:08:57", "elapsed": 14.772629, "delta": 1.591716}}
{"target": -290005.3337471149, "params": {"alpha": 0.17194466870790798, "beta": 1.7398713857681467}, "datetime": {"datetime": "2020-10-17 18:08:59", "elapsed": 16.342641, "delta": 1.570012}}
{"target": -288045.88711500383, "params": {"alpha": 0.1830192380998602, "beta": 1.7421287867069135}, "datetime": {"datetime": "2020-10-17 18:09:00", "elapsed": 17.567994, "delta": 1.225353}}
{"target": -287490.46667095606, "params": {"alpha": 0.18248309563831006, "beta": 1.7480826015411126}, "datetime": {"datetime": "2020-10-17 18:09:01", "elapsed": 18.567993, "delta": 0.999999}}
{"target": -287100.5656386582, "params": {"alpha": 0.1822117380647246, "beta": 1.7523953756528394}, "datetime": {"datetime": "2020-10-17 18:09:02", "elapsed": 19.713294, "delta": 1.145301}}
{"target": -286164.5760947405, "params": {"alpha": 0.180909915751651, "beta": 1.7626080397025172}, "datetime": {"datetime": "2020-10-17 18:09:03", "elapsed": 20.790052, "delta": 1.076758}}
{"target": -285313.53643672186, "params": {"alpha": 0.17892790194609567, "beta": 1.7717121070783899}, "datetime": {"datetime": "2020-10-17 18:09:05", "elapsed": 21.979864, "delta": 1.189812}}
{"target": -472741.2802367968, "params": {"alpha": 0.1368641698862598, "beta": 7.531481283924518}, "datetime": {"datetime": "2020-10-17 18:09:06", "elapsed": 23.166943, "delta": 1.187079}}
{"target": -284534.83130112186, "params": {"alpha": 0.1765103250524106, "beta": 1.7803733772545238}, "datetime": {"datetime": "2020-10-17 18:09:07", "elapsed": 24.285616, "delta": 1.118673}}
{"target": -283831.0826812218, "params": {"alpha": 0.1739438808191227, "beta": 1.789007605193924}, "datetime": {"datetime": "2020-10-17 18:09:08", "elapsed": 25.400676, "delta": 1.11506}}
{"target": -283223.83013644855, "params": {"alpha": 0.1717763896494282, "beta": 1.797104285567061}, "datetime": {"datetime": "2020-10-17 18:09:09", "elapsed": 26.442885, "delta": 1.042209}}
{"target": -282553.3065572797, "params": {"alpha": 0.1701807023043767, "beta": 1.8057599228566603}, "datetime": {"datetime": "2020-10-17 18:09:10", "elapsed": 27.377903, "delta": 0.935018}}
{"target": -284142.95895277715, "params": {"alpha": 0.1590168285973385, "beta": 1.8189048901003129}, "datetime": {"datetime": "2020-10-17 18:09:13", "elapsed": 30.643359, "delta": 3.265456}}
{"target": -281720.2603256107, "params": {"alpha": 0.17366952301384578, "beta": 1.8145099365802948}, "datetime": {"datetime": "2020-10-17 18:09:17", "elapsed": 34.481584, "delta": 3.838225}}
{"target": -281603.42403262295, "params": {"alpha": 0.1751244696307005, "beta": 1.817685170838408}, "datetime": {"datetime": "2020-10-17 18:09:20", "elapsed": 36.988067, "delta": 2.506483}}
{"target": -280572.4515001957, "params": {"alpha": 0.16992182421881596, "beta": 1.8287533763995847}, "datetime": {"datetime": "2020-10-17 18:09:21", "elapsed": 38.329569, "delta": 1.341502}}
{"target": -279774.4474993902, "params": {"alpha": 0.17054573184764063, "beta": 1.8397173418687702}, "datetime": {"datetime": "2020-10-17 18:09:23", "elapsed": 40.017791, "delta": 1.688222}}
{"target": -279551.3519574727, "params": {"alpha": 0.17040797445774916, "beta": 1.8428913423097655}, "datetime": {"datetime": "2020-10-17 18:09:24", "elapsed": 41.148648, "delta": 1.130857}}
{"target": -278825.6944409381, "params": {"alpha": 0.16889460157844213, "beta": 1.852557446370342}, "datetime": {"datetime": "2020-10-17 18:09:25", "elapsed": 42.148649, "delta": 1.000001}}
{"target": -278219.9979502499, "params": {"alpha": 0.16674291906728514, "beta": 1.8605071246903158}, "datetime": {"datetime": "2020-10-17 18:09:26", "elapsed": 43.900958, "delta": 1.752309}}
{"target": -277699.9600643713, "params": {"alpha": 0.16454632928303609, "beta": 1.8680463625999402}, "datetime": {"datetime": "2020-10-17 18:09:29", "elapsed": 45.982234, "delta": 2.081276}}
{"target": -277195.1378989731, "params": {"alpha": 0.16322746284204867, "beta": 1.875560107310126}, "datetime": {"datetime": "2020-10-17 18:09:29", "elapsed": 46.779112, "delta": 0.796878}}
{"target": -276636.5896945239, "params": {"alpha": 0.16462228672028728, "beta": 1.8836684016127658}, "datetime": {"datetime": "2020-10-17 18:09:31", "elapsed": 48.406419, "delta": 1.627307}}
{"target": -276709.9896484871, "params": {"alpha": 0.1674348018623531, "beta": 1.8864387928068838}, "datetime": {"datetime": "2020-10-17 18:09:32", "elapsed": 49.218918, "delta": 0.812499}}
{"target": -667075.2879932951, "params": {"alpha": 0.7837565572822538, "beta": 4.704049815690776}, "datetime": {"datetime": "2020-10-17 18:09:32", "elapsed": 49.906417, "delta": 0.687499}}
{"target": -276125.4592031584, "params": {"alpha": 0.16234077742237032, "beta": 1.8911082021099321}, "datetime": {"datetime": "2020-10-17 18:09:34", "elapsed": 51.300618, "delta": 1.394201}}
{"target": -275746.24115070375, "params": {"alpha": 0.1597423562385539, "beta": 1.898002126163335}, "datetime": {"datetime": "2020-10-17 18:09:35", "elapsed": 52.256107, "delta": 0.955489}}
{"target": -275503.0326265038, "params": {"alpha": 0.15773781114042268, "beta": 1.90371817574014}, "datetime": {"datetime": "2020-10-17 18:09:36", "elapsed": 53.211597, "delta": 0.95549}}
{"target": -546520.9454194101, "params": {"alpha": 0.3456178407546785, "beta": 5.690841020849503}, "datetime": {"datetime": "2020-10-17 18:09:37", "elapsed": 54.102217, "delta": 0.89062}}
{"target": -275228.86745965027, "params": {"alpha": 0.15593542129008967, "beta": 1.9102750837858775}, "datetime": {"datetime": "2020-10-17 18:09:38", "elapsed": 55.557328, "delta": 1.455111}}
{"target": -274815.9265049922, "params": {"alpha": 0.15408789944475668, "beta": 1.9191760273902962}, "datetime": {"datetime": "2020-10-17 18:09:39", "elapsed": 56.7601, "delta": 1.202772}}
{"target": -274415.86711156514, "params": {"alpha": 0.1517998819348521, "beta": 1.9295544471559096}, "datetime": {"datetime": "2020-10-17 18:09:40", "elapsed": 57.615506, "delta": 0.855406}}
{"target": -274474.0594786602, "params": {"alpha": 0.14976239965096624, "beta": 1.9348337467708085}, "datetime": {"datetime": "2020-10-17 18:09:42", "elapsed": 59.304143, "delta": 1.688637}}
{"target": -273867.3303862671, "params": {"alpha": 0.15347192650280023, "beta": 1.9323970719201684}, "datetime": {"datetime": "2020-10-17 18:09:44", "elapsed": 61.270116, "delta": 1.965973}}
{"target": -273467.3257773059, "params": {"alpha": 0.16302045609176458, "beta": 1.946059254632784}, "datetime": {"datetime": "2020-10-17 18:09:46", "elapsed": 63.246037, "delta": 1.975921}}
{"target": -273386.7614688417, "params": {"alpha": 0.16052748760184649, "beta": 1.9382454465194248}, "datetime": {"datetime": "2020-10-17 18:09:47", "elapsed": 64.62475, "delta": 1.378713}}
{"target": -272643.7395494639, "params": {"alpha": 0.15773373680302946, "beta": 1.9488763286575066}, "datetime": {"datetime": "2020-10-17 18:09:48", "elapsed": 65.860278, "delta": 1.235528}}
{"target": -271385.9717572932, "params": {"alpha": 0.152475689049473, "beta": 1.9709750790907181}, "datetime": {"datetime": "2020-10-17 18:09:50", "elapsed": 67.208851, "delta": 1.348573}}
{"target": -271346.2530188034, "params": {"alpha": 0.15241142616999143, "beta": 1.9717064705484855}, "datetime": {"datetime": "2020-10-17 18:09:51", "elapsed": 68.494814, "delta": 1.285963}}
{"target": -658777.1299317962, "params": {"alpha": 0.9153015083947735, "beta": 7.4731499570720334}, "datetime": {"datetime": "2020-10-17 18:09:52", "elapsed": 69.135435, "delta": 0.640621}}
{"target": -271074.41672890895, "params": {"alpha": 0.15205751395926745, "beta": 1.9767118075795078}, "datetime": {"datetime": "2020-10-17 18:09:53", "elapsed": 70.325296, "delta": 1.189861}}
{"target": -270557.82477199484, "params": {"alpha": 0.1511095823231774, "beta": 1.9865583015788564}, "datetime": {"datetime": "2020-10-17 18:09:54", "elapsed": 71.330149, "delta": 1.004853}}
{"target": -270179.122394065, "params": {"alpha": 0.14929351697800292, "beta": 1.9946705688600412}, "datetime": {"datetime": "2020-10-17 18:09:55", "elapsed": 72.379338, "delta": 1.049189}}
{"target": -270059.35092333273, "params": {"alpha": 0.1466440734466533, "beta": 2.000670484033696}, "datetime": {"datetime": "2020-10-17 18:09:56", "elapsed": 73.849331, "delta": 1.469993}}
{"target": -270039.55421761866, "params": {"alpha": 0.14683894024497338, "beta": 2.0006018766230502}, "datetime": {"datetime": "2020-10-17 18:09:57", "elapsed": 74.678607, "delta": 0.829276}}
{"target": -269823.4747063585, "params": {"alpha": 0.14783948067478994, "beta": 2.002575631679639}, "datetime": {"datetime": "2020-10-17 18:09:59", "elapsed": 76.291466, "delta": 1.612859}}
{"target": -269415.5068460371, "params": {"alpha": 0.1517379376202887, "beta": 2.011908427476312}, "datetime": {"datetime": "2020-10-17 18:10:00", "elapsed": 77.544877, "delta": 1.253411}}
{"target": -269433.62230261415, "params": {"alpha": 0.1516655629090827, "beta": 2.011274953924206}, "datetime": {"datetime": "2020-10-17 18:10:02", "elapsed": 79.673322, "delta": 2.128445}}
{"target": -269358.5439423276, "params": {"alpha": 0.15122010856307133, "beta": 2.012262381713772}, "datetime": {"datetime": "2020-10-17 18:10:04", "elapsed": 81.03504, "delta": 1.361718}}
{"target": -268853.45940453914, "params": {"alpha": 0.14764187586602537, "beta": 2.0210896836312875}, "datetime": {"datetime": "2020-10-17 18:10:05", "elapsed": 82.865761, "delta": 1.830721}}
{"target": -551526.2450871549, "params": {"alpha": 0.3326045110846906, "beta": 6.741563069299485}, "datetime": {"datetime": "2020-10-17 18:10:06", "elapsed": 83.443883, "delta": 0.578122}}
{"target": -268532.0604046131, "params": {"alpha": 0.14447203124960348, "beta": 2.030426354214214}, "datetime": {"datetime": "2020-10-17 18:10:08", "elapsed": 85.039955, "delta": 1.596072}}
{"target": -268459.7843469095, "params": {"alpha": 0.14388454088140112, "beta": 2.0327453550839762}, "datetime": {"datetime": "2020-10-17 18:10:09", "elapsed": 85.993575, "delta": 0.95362}}
{"target": -268210.3652736032, "params": {"alpha": 0.1431385997310732, "beta": 2.0385852328690404}, "datetime": {"datetime": "2020-10-17 18:10:10", "elapsed": 87.423537, "delta": 1.429962}}
{"target": -267593.5064660264, "params": {"alpha": 0.1432144861505155, "beta": 2.050067772484663}, "datetime": {"datetime": "2020-10-17 18:10:11", "elapsed": 88.425931, "delta": 1.002394}}
{"target": -267113.5158284908, "params": {"alpha": 0.14293496623071955, "beta": 2.060353711960823}, "datetime": {"datetime": "2020-10-17 18:10:12", "elapsed": 89.879055, "delta": 1.453124}}
{"target": -266899.56413685554, "params": {"alpha": 0.14077610713890862, "beta": 2.067532827286423}, "datetime": {"datetime": "2020-10-17 18:10:15", "elapsed": 92.164983, "delta": 2.285928}}
{"target": -266991.77903381386, "params": {"alpha": 0.13915010835800815, "beta": 2.069340317110515}, "datetime": {"datetime": "2020-10-17 18:10:17", "elapsed": 94.120559, "delta": 1.955576}}
{"target": -266632.43347890204, "params": {"alpha": 0.14510020586325983, "beta": 2.0742924044272377}, "datetime": {"datetime": "2020-10-17 18:10:18", "elapsed": 95.279416, "delta": 1.158857}}
{"target": -266631.6313357651, "params": {"alpha": 0.14511528037276877, "beta": 2.0743594392128606}, "datetime": {"datetime": "2020-10-17 18:10:20", "elapsed": 96.968015, "delta": 1.688599}}
{"target": -266630.7603148571, "params": {"alpha": 0.14512326460377736, "beta": 2.0744091872634294}, "datetime": {"datetime": "2020-10-17 18:10:24", "elapsed": 101.458642, "delta": 4.490627}}
{"target": -266629.2695040471, "params": {"alpha": 0.14512602364687166, "beta": 2.0744638899323133}, "datetime": {"datetime": "2020-10-17 18:10:28", "elapsed": 105.877313, "delta": 4.418671}}
{"target": -266627.4588910874, "params": {"alpha": 0.1451325763996397, "beta": 2.0745395219221536}, "datetime": {"datetime": "2020-10-17 18:10:36", "elapsed": 113.576447, "delta": 7.699134}}
{"target": -266623.39483746316, "params": {"alpha": 0.14513067065387844, "beta": 2.074662429653481}, "datetime": {"datetime": "2020-10-17 18:10:41", "elapsed": 118.870154, "delta": 5.293707}}
{"target": -266611.97111636185, "params": {"alpha": 0.14510770635282347, "beta": 2.0749580298083776}, "datetime": {"datetime": "2020-10-17 18:10:46", "elapsed": 123.588694, "delta": 4.71854}}
{"target": -266557.942634683, "params": {"alpha": 0.14497803610329732, "beta": 2.0762993580517812}, "datetime": {"datetime": "2020-10-17 18:10:51", "elapsed": 128.015395, "delta": 4.426701}}
{"target": -266206.1095735865, "params": {"alpha": 0.14458879392215193, "beta": 2.086777422121916}, "datetime": {"datetime": "2020-10-17 18:10:55", "elapsed": 132.17772, "delta": 4.162325}}
{"target": -268930.8681081468, "params": {"alpha": 0.13526277531283926, "beta": 2.055325155064293}, "datetime": {"datetime": "2020-10-17 18:10:58", "elapsed": 135.840232, "delta": 3.662512}}
{"target": -265662.58008515125, "params": {"alpha": 0.13914953219164883, "beta": 2.096410004080769}, "datetime": {"datetime": "2020-10-17 18:11:02", "elapsed": 139.537276, "delta": 3.697044}}
{"target": -265585.1182044393, "params": {"alpha": 0.13773680425524856, "beta": 2.100106895592555}, "datetime": {"datetime": "2020-10-17 18:11:06", "elapsed": 143.654875, "delta": 4.117599}}
{"target": -265482.822689585, "params": {"alpha": 0.1374446815744197, "beta": 2.1028515410945543}, "datetime": {"datetime": "2020-10-17 18:11:11", "elapsed": 148.466078, "delta": 4.811203}}
{"target": -265078.0480569865, "params": {"alpha": 0.13890034328818657, "beta": 2.1112832950309386}, "datetime": {"datetime": "2020-10-17 18:11:15", "elapsed": 152.522334, "delta": 4.056256}}
{"target": -264870.4964038389, "params": {"alpha": 0.14043507908165118, "beta": 2.1198105182663114}, "datetime": {"datetime": "2020-10-17 18:11:20", "elapsed": 157.124706, "delta": 4.602372}}
{"target": -264828.3034020021, "params": {"alpha": 0.1403223180537408, "beta": 2.1209841799639166}, "datetime": {"datetime": "2020-10-17 18:11:24", "elapsed": 161.343107, "delta": 4.218401}}
{"target": -264540.53088905045, "params": {"alpha": 0.13757424719750475, "beta": 2.126134839455132}, "datetime": {"datetime": "2020-10-17 18:11:28", "elapsed": 165.162909, "delta": 3.819802}}
{"target": -264534.85530760034, "params": {"alpha": 0.13340993009631846, "beta": 2.1323896633940125}, "datetime": {"datetime": "2020-10-17 18:11:31", "elapsed": 168.53344, "delta": 3.370531}}
{"target": -264599.0223923119, "params": {"alpha": 0.1346127771384853, "beta": 2.1280132110544483}, "datetime": {"datetime": "2020-10-17 18:11:36", "elapsed": 173.62136, "delta": 5.08792}}
{"target": -264150.3788041278, "params": {"alpha": 0.13799604600434398, "beta": 2.1390401519822735}, "datetime": {"datetime": "2020-10-17 18:11:39", "elapsed": 176.338973, "delta": 2.717613}}
{"target": -264635.5652785356, "params": {"alpha": 0.14244340885770337, "beta": 2.149396876901696}, "datetime": {"datetime": "2020-10-17 18:11:44", "elapsed": 181.443672, "delta": 5.104699}}
{"target": -264165.0961993689, "params": {"alpha": 0.13841001878052395, "beta": 2.1396106637502164}, "datetime": {"datetime": "2020-10-17 18:11:49", "elapsed": 186.768325, "delta": 5.324653}}
{"target": -264150.99605777266, "params": {"alpha": 0.13823984762759145, "beta": 2.139640214205158}, "datetime": {"datetime": "2020-10-17 18:11:55", "elapsed": 192.395339, "delta": 5.627014}}
{"target": -264519.8584836477, "params": {"alpha": 0.13641769595043907, "beta": 2.127099873440638}, "datetime": {"datetime": "2020-10-17 18:12:00", "elapsed": 197.310609, "delta": 4.91527}}
{"target": -263714.8630143478, "params": {"alpha": 0.1378572608089218, "beta": 2.1560438752626485}, "datetime": {"datetime": "2020-10-17 18:12:06", "elapsed": 203.810313, "delta": 6.499704}}
{"target": -263453.1033340894, "params": {"alpha": 0.12925709070710256, "beta": 2.1684458412555925}, "datetime": {"datetime": "2020-10-17 18:12:11", "elapsed": 208.421377, "delta": 4.611064}}
