{"target": -1386564.9164828858, "params": {"alpha": 0.7276219031074749, "beta": 6.104701139057963}, "datetime": {"datetime": "2020-10-17 18:11:53", "elapsed": 0.0, "delta": 0.0}}
{"target": -1632973.090203678, "params": {"alpha": 0.3051994122489931, "beta": 8.025246329299044}, "datetime": {"datetime": "2020-10-17 18:11:53", "elapsed": 0.086804, "delta": 0.086804}}
{"target": -1883078.8450689272, "params": {"alpha": 0.497916792317126, "beta": 2.070191679483405}, "datetime": {"datetime": "2020-10-17 18:11:53", "elapsed": 0.196181, "delta": 0.109377}}
{"target": -1474564.5108201269, "params": {"alpha": 0.39078833232721283, "beta": 4.551785114854081}, "datetime": {"datetime": "2020-10-17 18:11:53", "elapsed": 0.291034, "delta": 0.094853}}
{"target": -4208372.011199988, "params": {"alpha": 0.3407750666686109, "beta": 1.7429568007729768}, "datetime": {"datetime": "2020-10-17 18:11:53", "elapsed": 0.40234, "delta": 0.111306}}
{"target": -1508668.492788035, "params": {"alpha": 0.36789380024771157, "beta": 4.680022589282124}, "datetime": {"datetime": "2020-10-17 18:11:53", "elapsed": 0.496095, "delta": 0.093755}}
{"target": -1484203.719905276, "params": {"alpha": 0.924599368884012, "beta": 3.6279303900661364}, "datetime": {"datetime": "2020-10-17 18:11:53", "elapsed": 0.589841, "delta": 0.093746}}
{"target": -1502701.8132043115, "params": {"alpha": 0.8318685506191031, "beta": 9.90296201688082}, "datetime": {"datetime": "2020-10-17 18:11:53", "elapsed": 0.731555, "delta": 0.141714}}
{"target": -1385373.7398899728, "params": {"alpha": 0.6913410530841756, "beta": 6.083120713051445}, "datetime": {"datetime": "2020-10-17 18:11:54", "elapsed": 1.012806, "delta": 0.281251}}
{"target": -1373255.1628084783, "params": {"alpha": 0.7314212688771988, "beta": 3.7722421535447763}, "datetime": {"datetime": "2020-10-17 18:11:54", "elapsed": 1.153434, "delta": 0.140628}}
{"target": -2605740.4995620823, "params": {"alpha": 0.1165301112709405, "beta": 6.176489919882287}, "datetime": {"datetime": "2020-10-17 18:11:54", "elapsed": 1.309684, "delta": 0.15625}}
{"target": -1381202.4396796704, "params": {"alpha": 0.7505698563242247, "beta": 3.7579468869916157}, "datetime": {"datetime": "2020-10-17 18:11:54", "elapsed": 1.559684, "delta": 0.25}}
{"target": -1372914.5641413624, "params": {"alpha": 0.7305531865063434, "beta": 3.772893919934482}, "datetime": {"datetime": "2020-10-17 18:11:54", "elapsed": 1.778432, "delta": 0.218748}}
{"target": -1368750.0407094583, "params": {"alpha": 0.7195788942889554, "beta": 3.781433092346371}, "datetime": {"datetime": "2020-10-17 18:11:55", "elapsed": 2.280785, "delta": 0.502353}}
{"target": -1365168.471784766, "params": {"alpha": 0.7097188971857153, "beta": 3.791310846066206}, "datetime": {"datetime": "2020-10-17 18:11:55", "elapsed": 2.562037, "delta": 0.281252}}
{"target": -1364320.328257273, "params": {"alpha": 0.7087155229298571, "beta": 3.804310811518614}, "datetime": {"datetime": "2020-10-17 18:11:55", "elapsed": 2.87575, "delta": 0.313713}}
{"target": -1362780.7849586112, "params": {"alpha": 0.7031286558025517, "beta": 3.801385685742091}, "datetime": {"datetime": "2020-10-17 18:11:56", "elapsed": 3.158097, "delta": 0.282347}}
{"target": -1378580.787578873, "params": {"alpha": 0.6295151420379856, "beta": 5.807458857675274}, "datetime": {"datetime": "2020-10-17 18:11:56", "elapsed": 3.32729, "delta": 0.169193}}
{"target": -1472157.4084690872, "params": {"alpha": 0.5641566850540021, "beta": 8.008751085268823}, "datetime": {"datetime": "2020-10-17 18:11:56", "elapsed": 3.500288, "delta": 0.172998}}
{"target": -1357733.3121475393, "params": {"alpha": 0.6853391028921977, "beta": 3.8081129564844387}, "datetime": {"datetime": "2020-10-17 18:11:56", "elapsed": 3.859662, "delta": 0.359374}}
{"target": -1353320.7227206447, "params": {"alpha": 0.6663761334006117, "beta": 3.814094993506992}, "datetime": {"datetime": "2020-10-17 18:11:57", "elapsed": 4.174791, "delta": 0.315129}}
{"target": -1350937.3100456956, "params": {"alpha": 0.653591340929297, "beta": 3.8178997235794956}, "datetime": {"datetime": "2020-10-17 18:11:57", "elapsed": 4.437539, "delta": 0.262748}}
{"target": -1440833.630415997, "params": {"alpha": 0.9393939234384778, "beta": 7.6437855391144645}, "datetime": {"datetime": "2020-10-17 18:11:57", "elapsed": 4.641828, "delta": 0.204289}}
{"target": -1348839.8017547084, "params": {"alpha": 0.6389891791567893, "beta": 3.82224740011354}, "datetime": {"datetime": "2020-10-17 18:11:57", "elapsed": 4.923077, "delta": 0.281249}}
{"target": -1347761.2044918938, "params": {"alpha": 0.6284388928607298, "beta": 3.8256770728411293}, "datetime": {"datetime": "2020-10-17 18:11:58", "elapsed": 5.282456, "delta": 0.359379}}
{"target": -1347160.3168678044, "params": {"alpha": 0.6203068743701465, "beta": 3.82995796831102}, "datetime": {"datetime": "2020-10-17 18:11:58", "elapsed": 5.673081, "delta": 0.390625}}
{"target": -1346921.712737512, "params": {"alpha": 0.61918209687185, "beta": 3.8377577892315395}, "datetime": {"datetime": "2020-10-17 18:11:59", "elapsed": 5.954331, "delta": 0.28125}}
{"target": -1346905.286510448, "params": {"alpha": 0.6182159639067324, "beta": 3.8368718227009713}, "datetime": {"datetime": "2020-10-17 18:11:59", "elapsed": 6.236815, "delta": 0.282484}}
{"target": -1346878.2921157375, "params": {"alpha": 0.6175904567900559, "beta": 3.8370567030800506}, "datetime": {"datetime": "2020-10-17 18:11:59", "elapsed": 6.644171, "delta": 0.407356}}
{"target": -1346809.036559827, "params": {"alpha": 0.615806978775162, "beta": 3.8376024487861153}, "datetime": {"datetime": "2020-10-17 18:12:00", "elapsed": 6.961671, "delta": 0.3175}}
{"target": -1346692.2082558067, "params": {"alpha": 0.6120566819131129, "beta": 3.8392258900221776}, "datetime": {"datetime": "2020-10-17 18:12:00", "elapsed": 7.367931, "delta": 0.40626}}
{"target": -2162387.028128554, "params": {"alpha": 0.1368641698862598, "beta": 7.531481283924518}, "datetime": {"datetime": "2020-10-17 18:12:00", "elapsed": 7.606969, "delta": 0.239038}}
{"target": -1346762.6044991491, "params": {"alpha": 0.5942421317120248, "beta": 3.8540849591273614}, "datetime": {"datetime": "2020-10-17 18:12:01", "elapsed": 7.936262, "delta": 0.329293}}
{"target": -1346565.834049064, "params": {"alpha": 0.6027399105205485, "beta": 3.8468075165632087}, "datetime": {"datetime": "2020-10-17 18:12:01", "elapsed": 8.280012, "delta": 0.34375}}
{"target": -1347654.1360635005, "params": {"alpha": 0.6283525356008616, "beta": 3.8295817107979224}, "datetime": {"datetime": "2020-10-17 18:12:01", "elapsed": 8.623762, "delta": 0.34375}}
{"target": -1346033.9633281925, "params": {"alpha": 0.6051017552951589, "beta": 3.869785008947821}, "datetime": {"datetime": "2020-10-17 18:12:02", "elapsed": 9.093711, "delta": 0.469949}}
{"target": -1346112.7661469285, "params": {"alpha": 0.6046342764863984, "beta": 3.8663080449152263}, "datetime": {"datetime": "2020-10-17 18:12:04", "elapsed": 10.972242, "delta": 1.878531}}
{"target": -1346219.281571148, "params": {"alpha": 0.6105014899305297, "beta": 3.8596782485524943}, "datetime": {"datetime": "2020-10-17 18:12:07", "elapsed": 14.760764, "delta": 3.788522}}
{"target": -1345919.182731065, "params": {"alpha": 0.6074826385534812, "beta": 3.874132509134324}, "datetime": {"datetime": "2020-10-17 18:12:10", "elapsed": 17.366943, "delta": 2.606179}}
{"target": -1345825.0999530456, "params": {"alpha": 0.6101105439717763, "beta": 3.878575385584638}, "datetime": {"datetime": "2020-10-17 18:12:12", "elapsed": 19.436546, "delta": 2.069603}}
{"target": -1345768.565851174, "params": {"alpha": 0.6115215714234877, "beta": 3.8818040263025555}, "datetime": {"datetime": "2020-10-17 18:12:15", "elapsed": 22.242624, "delta": 2.806078}}
{"target": -1345697.064890631, "params": {"alpha": 0.6118573983469671, "beta": 3.885566990974814}, "datetime": {"datetime": "2020-10-17 18:12:18", "elapsed": 25.216647, "delta": 2.974023}}
{"target": -1345579.9853615635, "params": {"alpha": 0.6102180436642646, "beta": 3.8911213667187394}, "datetime": {"datetime": "2020-10-17 18:12:20", "elapsed": 27.002064, "delta": 1.785417}}
{"target": -1345515.2764201493, "params": {"alpha": 0.6079960424310575, "beta": 3.8947781483219246}, "datetime": {"datetime": "2020-10-17 18:12:22", "elapsed": 29.756778, "delta": 2.754714}}
{"target": -1345495.6022154118, "params": {"alpha": 0.6067065350989573, "beta": 3.896457917467167}, "datetime": {"datetime": "2020-10-17 18:12:25", "elapsed": 31.978076, "delta": 2.221298}}
{"target": -1345487.514679794, "params": {"alpha": 0.6061814888968433, "beta": 3.897255028135221}, "datetime": {"datetime": "2020-10-17 18:12:25", "elapsed": 32.839832, "delta": 0.861756}}
{"target": -1345477.9398488847, "params": {"alpha": 0.6059764659492493, "beta": 3.8979349061759065}, "datetime": {"datetime": "2020-10-17 18:12:27", "elapsed": 34.917961, "delta": 2.078129}}
{"target": -1345452.3708822476, "params": {"alpha": 0.6060751044546597, "beta": 3.8992612436902885}, "datetime": {"datetime": "2020-10-17 18:12:28", "elapsed": 35.919479, "delta": 1.001518}}
{"target": -1368652.6813535835, "params": {"alpha": 0.7837565572822538, "beta": 4.704049815690776}, "datetime": {"datetime": "2020-10-17 18:12:29", "elapsed": 36.567322, "delta": 0.647843}}
{"target": -1345342.3034281854, "params": {"alpha": 0.6077051896752899, "beta": 3.9043540659958986}, "datetime": {"datetime": "2020-10-17 18:12:30", "elapsed": 37.679143, "delta": 1.111821}}
{"target": -1345231.6857719407, "params": {"alpha": 0.6100477565994127, "beta": 3.910048898271658}, "datetime": {"datetime": "2020-10-17 18:12:31", "elapsed": 38.788525, "delta": 1.109382}}
{"target": -1345153.718101303, "params": {"alpha": 0.6114088446553184, "beta": 3.914690608322061}, "datetime": {"datetime": "2020-10-17 18:12:33", "elapsed": 40.213764, "delta": 1.425239}}
{"target": -1540495.5215732625, "params": {"alpha": 0.3456178407546785, "beta": 5.690841020849503}, "datetime": {"datetime": "2020-10-17 18:12:33", "elapsed": 40.604387, "delta": 0.390623}}
{"target": -1345058.1761373307, "params": {"alpha": 0.6116656321188874, "beta": 3.9203006358367745}, "datetime": {"datetime": "2020-10-17 18:12:36", "elapsed": 43.658565, "delta": 3.054178}}
{"target": -1344947.2902777942, "params": {"alpha": 0.6099870478155257, "beta": 3.926696604220396}, "datetime": {"datetime": "2020-10-17 18:12:37", "elapsed": 44.830441, "delta": 1.171876}}
{"target": -1344895.7261987226, "params": {"alpha": 0.6077760404933366, "beta": 3.9306299949414467}, "datetime": {"datetime": "2020-10-17 18:12:39", "elapsed": 46.541338, "delta": 1.710897}}
{"target": -1344888.7851454539, "params": {"alpha": 0.6065914232782287, "beta": 3.9319747914768906}, "datetime": {"datetime": "2020-10-17 18:12:40", "elapsed": 47.9187, "delta": 1.377362}}
{"target": -1344887.969625496, "params": {"alpha": 0.6064065641406352, "beta": 3.932200330778828}, "datetime": {"datetime": "2020-10-17 18:12:42", "elapsed": 49.904203, "delta": 1.985503}}
{"target": -1344885.9982444209, "params": {"alpha": 0.606380523887121, "beta": 3.9323502474250773}, "datetime": {"datetime": "2020-10-17 18:12:45", "elapsed": 52.677979, "delta": 2.773776}}
{"target": -1344882.6367746997, "params": {"alpha": 0.6063737515687023, "beta": 3.932569641203156}, "datetime": {"datetime": "2020-10-17 18:12:49", "elapsed": 56.546119, "delta": 3.86814}}
{"target": -1344873.255924412, "params": {"alpha": 0.6064650138478086, "beta": 3.9330760202488757}, "datetime": {"datetime": "2020-10-17 18:12:52", "elapsed": 59.58095, "delta": 3.034831}}
{"target": -1344825.9107900246, "params": {"alpha": 0.6072740139954642, "beta": 3.935386867294506}, "datetime": {"datetime": "2020-10-17 18:12:55", "elapsed": 62.288674, "delta": 2.707724}}
{"target": -1345537.080348844, "params": {"alpha": 0.5950773096462922, "beta": 3.9177832185727715}, "datetime": {"datetime": "2020-10-17 18:12:58", "elapsed": 65.480937, "delta": 3.192263}}
{"target": -1345794.8623838157, "params": {"alpha": 0.6174582574324458, "beta": 3.8861547374107683}, "datetime": {"datetime": "2020-10-17 18:13:01", "elapsed": 68.566463, "delta": 3.085526}}
{"target": -1344688.0084627187, "params": {"alpha": 0.6101241538542995, "beta": 3.9429738777097683}, "datetime": {"datetime": "2020-10-17 18:13:04", "elapsed": 71.774532, "delta": 3.208069}}
{"target": -1344607.5802914605, "params": {"alpha": 0.6117722757064002, "beta": 3.948336444087509}, "datetime": {"datetime": "2020-10-17 18:13:08", "elapsed": 75.276958, "delta": 3.502426}}
{"target": -1345184.151627151, "params": {"alpha": 0.6071654846192972, "beta": 3.9136545186073812}, "datetime": {"datetime": "2020-10-17 18:13:12", "elapsed": 79.095058, "delta": 3.8181}}
{"target": -1344944.2435846147, "params": {"alpha": 0.6134936138812606, "beta": 3.927977084977067}, "datetime": {"datetime": "2020-10-17 18:13:16", "elapsed": 82.967048, "delta": 3.87199}}
{"target": -1344510.183427443, "params": {"alpha": 0.6120726676052355, "beta": 3.9549533870566966}, "datetime": {"datetime": "2020-10-17 18:13:20", "elapsed": 87.334482, "delta": 4.367434}}
{"target": -1344403.124147638, "params": {"alpha": 0.6110853928609891, "beta": 3.9622573317862364}, "datetime": {"datetime": "2020-10-17 18:13:24", "elapsed": 91.429421, "delta": 4.094939}}
{"target": -1344325.6606521644, "params": {"alpha": 0.6093149174362291, "beta": 3.96832505867995}, "datetime": {"datetime": "2020-10-17 18:13:27", "elapsed": 94.897989, "delta": 3.468568}}
{"target": -1344287.9118703676, "params": {"alpha": 0.6076763116733157, "beta": 3.972421196905484}, "datetime": {"datetime": "2020-10-17 18:13:32", "elapsed": 99.091568, "delta": 4.193579}}
{"target": -1345132.93648568, "params": {"alpha": 0.6238907178157663, "beta": 3.9352171115650463}, "datetime": {"datetime": "2020-10-17 18:13:35", "elapsed": 102.690119, "delta": 3.598551}}
{"target": -1344256.5024775476, "params": {"alpha": 0.6072466488769229, "beta": 3.9753087141942762}, "datetime": {"datetime": "2020-10-17 18:13:39", "elapsed": 106.011633, "delta": 3.321514}}
{"target": -1344187.6232695745, "params": {"alpha": 0.6101001233047418, "beta": 3.9783966070219323}, "datetime": {"datetime": "2020-10-17 18:13:42", "elapsed": 109.720617, "delta": 3.708984}}
{"target": -1344110.9472126018, "params": {"alpha": 0.6121014105948694, "beta": 3.984127288489083}, "datetime": {"datetime": "2020-10-17 18:13:46", "elapsed": 113.508678, "delta": 3.788061}}
{"target": -1344044.5536280177, "params": {"alpha": 0.6129525082087611, "beta": 3.9896208972242047}, "datetime": {"datetime": "2020-10-17 18:13:51", "elapsed": 118.638496, "delta": 5.129818}}
{"target": -1344060.6461707884, "params": {"alpha": 0.6104044075217158, "beta": 3.9883506627038767}, "datetime": {"datetime": "2020-10-17 18:13:57", "elapsed": 124.89687, "delta": 6.258374}}
{"target": -1343956.698791527, "params": {"alpha": 0.6121285064972846, "beta": 3.9966749030743998}, "datetime": {"datetime": "2020-10-17 18:14:03", "elapsed": 129.946207, "delta": 5.049337}}
{"target": -1343874.5145392276, "params": {"alpha": 0.6119980845597864, "beta": 4.003726160908586}, "datetime": {"datetime": "2020-10-17 18:14:06", "elapsed": 133.284387, "delta": 3.33818}}
{"target": -1343800.7361361901, "params": {"alpha": 0.6118570163478961, "beta": 4.010325283965205}, "datetime": {"datetime": "2020-10-17 18:14:09", "elapsed": 136.436837, "delta": 3.15245}}
{"target": -1344020.8760422524, "params": {"alpha": 0.6069475340791084, "beta": 3.9949574901514735}, "datetime": {"datetime": "2020-10-17 18:14:12", "elapsed": 139.637032, "delta": 3.200195}}
{"target": -1343729.1726048745, "params": {"alpha": 0.6122696539606893, "beta": 4.016930492795343}, "datetime": {"datetime": "2020-10-17 18:14:17", "elapsed": 144.03484, "delta": 4.397808}}
{"target": -1343663.2469760221, "params": {"alpha": 0.6129171753636291, "beta": 4.023293188756291}, "datetime": {"datetime": "2020-10-17 18:14:22", "elapsed": 149.076845, "delta": 5.042005}}
{"target": -1343605.2655383467, "params": {"alpha": 0.613828030992829, "beta": 4.029287960112002}, "datetime": {"datetime": "2020-10-17 18:14:25", "elapsed": 152.654357, "delta": 3.577512}}
{"target": -1343559.4770220323, "params": {"alpha": 0.6149824443520155, "beta": 4.034640253468518}, "datetime": {"datetime": "2020-10-17 18:14:29", "elapsed": 156.384288, "delta": 3.729931}}
{"target": -1343533.7000833848, "params": {"alpha": 0.6164436239941855, "beta": 4.038829062598096}, "datetime": {"datetime": "2020-10-17 18:14:33", "elapsed": 160.663292, "delta": 4.279004}}
{"target": -1343541.3920456818, "params": {"alpha": 0.6179960871203365, "beta": 4.040438870122593}, "datetime": {"datetime": "2020-10-17 18:14:37", "elapsed": 164.240927, "delta": 3.577635}}
{"target": -1343508.711944042, "params": {"alpha": 0.6161794859632571, "beta": 4.041134805656963}, "datetime": {"datetime": "2020-10-17 18:14:41", "elapsed": 168.837738, "delta": 4.596811}}
{"target": -1343439.7293754579, "params": {"alpha": 0.6134527905653435, "beta": 4.046835023552539}, "datetime": {"datetime": "2020-10-17 18:14:46", "elapsed": 173.304744, "delta": 4.467006}}
{"target": -1343407.6350835692, "params": {"alpha": 0.6120373895426385, "beta": 4.050773403348872}, "datetime": {"datetime": "2020-10-17 18:14:49", "elapsed": 176.660847, "delta": 3.356103}}
{"target": -1343380.331980825, "params": {"alpha": 0.6116290477004428, "beta": 4.054288120705033}, "datetime": {"datetime": "2020-10-17 18:14:53", "elapsed": 180.762511, "delta": 4.101664}}
{"target": -1343457.938320961, "params": {"alpha": 0.6089751947466553, "beta": 4.048178524040126}, "datetime": {"datetime": "2020-10-17 18:14:58", "elapsed": 185.690409, "delta": 4.927898}}
{"target": -1343326.5724292821, "params": {"alpha": 0.6133269269983256, "beta": 4.060297797459241}, "datetime": {"datetime": "2020-10-17 18:15:01", "elapsed": 188.724424, "delta": 3.034015}}
{"target": -1343288.2314865314, "params": {"alpha": 0.614279704102631, "beta": 4.065303190858875}, "datetime": {"datetime": "2020-10-17 18:15:06", "elapsed": 193.326791, "delta": 4.602367}}
{"target": -1343255.4824283689, "params": {"alpha": 0.6148954977934482, "beta": 4.069856141600012}, "datetime": {"datetime": "2020-10-17 18:15:11", "elapsed": 198.892796, "delta": 5.566005}}
{"target": -1343221.8551852694, "params": {"alpha": 0.615075030617622, "beta": 4.074497023744132}, "datetime": {"datetime": "2020-10-17 18:15:15", "elapsed": 202.311006, "delta": 3.41821}}
{"target": -1343184.7363504744, "params": {"alpha": 0.6145213963719572, "beta": 4.079455522268329}, "datetime": {"datetime": "2020-10-17 18:15:18", "elapsed": 205.384593, "delta": 3.073587}}
{"target": -1343155.6567438496, "params": {"alpha": 0.6129968294931418, "beta": 4.083907211596427}, "datetime": {"datetime": "2020-10-17 18:15:21", "elapsed": 208.601559, "delta": 3.216966}}
{"target": -1343152.6795241665, "params": {"alpha": 0.611519482604434, "beta": 4.085759703015796}, "datetime": {"datetime": "2020-10-17 18:15:24", "elapsed": 211.308561, "delta": 2.707002}}
{"target": -1343151.288310874, "params": {"alpha": 0.611642642107439, "beta": 4.085814660861522}, "datetime": {"datetime": "2020-10-17 18:15:27", "elapsed": 214.34037, "delta": 3.031809}}
{"target": -1343150.615436819, "params": {"alpha": 0.6116149210275187, "beta": 4.0859575606914635}, "datetime": {"datetime": "2020-10-17 18:15:29", "elapsed": 216.674772, "delta": 2.334402}}
{"target": -1343149.7825959544, "params": {"alpha": 0.6116194818120757, "beta": 4.086083434818384}, "datetime": {"datetime": "2020-10-17 18:15:33", "elapsed": 220.483521, "delta": 3.808749}}
{"target": -1343148.3639189976, "params": {"alpha": 0.6116346634793174, "beta": 4.086288363740101}, "datetime": {"datetime": "2020-10-17 18:15:36", "elapsed": 223.152524, "delta": 2.669003}}
{"target": -1343144.8385857448, "params": {"alpha": 0.6117670481960475, "beta": 4.086677823150864}, "datetime": {"datetime": "2020-10-17 18:15:38", "elapsed": 225.722905, "delta": 2.570381}}
{"target": -1343131.3508811006, "params": {"alpha": 0.612339546326605, "beta": 4.088192881485784}, "datetime": {"datetime": "2020-10-17 18:15:41", "elapsed": 228.521468, "delta": 2.798563}}
{"target": -1343095.37898858, "params": {"alpha": 0.6143096641646574, "beta": 4.093092017585936}, "datetime": {"datetime": "2020-10-17 18:15:45", "elapsed": 232.626353, "delta": 4.104885}}
{"target": -1343077.8851082623, "params": {"alpha": 0.6154874477779076, "beta": 4.096381419714488}, "datetime": {"datetime": "2020-10-17 18:15:48", "elapsed": 235.476357, "delta": 2.850004}}
