{"target": -1356359.3054556367, "params": {"alpha": 0.7276219031074749, "beta": 6.104701139057963}, "datetime": {"datetime": "2020-10-17 18:08:43", "elapsed": 0.0, "delta": 0.0}}
{"target": -1210395.9825985671, "params": {"alpha": 0.3051994122489931, "beta": 8.025246329299044}, "datetime": {"datetime": "2020-10-17 18:08:43", "elapsed": 0.341533, "delta": 0.341533}}
{"target": -1203231.658701293, "params": {"alpha": 0.497916792317126, "beta": 2.070191679483405}, "datetime": {"datetime": "2020-10-17 18:08:43", "elapsed": 0.670743, "delta": 0.32921}}
{"target": -947645.2018816415, "params": {"alpha": 0.39078833232721283, "beta": 4.551785114854081}, "datetime": {"datetime": "2020-10-17 18:08:44", "elapsed": 1.007388, "delta": 0.336645}}
{"target": -3705623.527297513, "params": {"alpha": 0.3407750666686109, "beta": 1.7429568007729768}, "datetime": {"datetime": "2020-10-17 18:08:44", "elapsed": 1.343608, "delta": 0.33622}}
{"target": -947056.6636263366, "params": {"alpha": 0.36789380024771157, "beta": 4.680022589282124}, "datetime": {"datetime": "2020-10-17 18:08:44", "elapsed": 1.702997, "delta": 0.359389}}
{"target": -1422761.3185207893, "params": {"alpha": 0.924599368884012, "beta": 3.6279303900661364}, "datetime": {"datetime": "2020-10-17 18:08:45", "elapsed": 2.064061, "delta": 0.361064}}
{"target": -1561473.9841657542, "params": {"alpha": 0.8318685506191031, "beta": 9.90296201688082}, "datetime": {"datetime": "2020-10-17 18:08:45", "elapsed": 2.445664, "delta": 0.381603}}
{"target": -947173.382156523, "params": {"alpha": 0.3792909427801639, "beta": 4.616184582240398}, "datetime": {"datetime": "2020-10-17 18:08:46", "elapsed": 2.978088, "delta": 0.532424}}
{"target": -1204982.4570600197, "params": {"alpha": 0.7314212688771988, "beta": 3.7722421535447763}, "datetime": {"datetime": "2020-10-17 18:08:46", "elapsed": 3.401976, "delta": 0.423888}}
{"target": -1169152.2900726635, "params": {"alpha": 0.1165301112709405, "beta": 6.176489919882287}, "datetime": {"datetime": "2020-10-17 18:08:46", "elapsed": 3.81133, "delta": 0.409354}}
{"target": -947454.6929197358, "params": {"alpha": 0.3870748640853024, "beta": 4.572585711754986}, "datetime": {"datetime": "2020-10-17 18:08:47", "elapsed": 4.343672, "delta": 0.532342}}
{"target": -947059.0324791734, "params": {"alpha": 0.3722263504851794, "beta": 4.655754571751246}, "datetime": {"datetime": "2020-10-17 18:08:47", "elapsed": 4.859302, "delta": 0.51563}}
{"target": -947051.4274636533, "params": {"alpha": 0.3696105814337401, "beta": 4.670406814382534}, "datetime": {"datetime": "2020-10-17 18:08:48", "elapsed": 5.365482, "delta": 0.50618}}
{"target": -2575062.9891761453, "params": {"alpha": 0.9379882460181324, "beta": 1.2413645995177203}, "datetime": {"datetime": "2020-10-17 18:08:48", "elapsed": 5.787355, "delta": 0.421873}}
{"target": -947104.3215393748, "params": {"alpha": 0.37609356118249615, "beta": 4.63408884805}, "datetime": {"datetime": "2020-10-17 18:08:49", "elapsed": 6.474854, "delta": 0.687499}}
{"target": -947558.8644529851, "params": {"alpha": 0.3891863913119362, "beta": 4.560760805050108}, "datetime": {"datetime": "2020-10-17 18:08:50", "elapsed": 7.304161, "delta": 0.829307}}
{"target": -1264585.9463794376, "params": {"alpha": 0.6295151420379856, "beta": 5.807458857675274}, "datetime": {"datetime": "2020-10-17 18:08:51", "elapsed": 8.464097, "delta": 1.159936}}
{"target": -1363861.5375206333, "params": {"alpha": 0.5641566850540021, "beta": 8.008751085268823}, "datetime": {"datetime": "2020-10-17 18:08:53", "elapsed": 10.188242, "delta": 1.724145}}
{"target": -947070.6899771648, "params": {"alpha": 0.3737936005824325, "beta": 4.646957426703095}, "datetime": {"datetime": "2020-10-17 18:08:55", "elapsed": 12.088805, "delta": 1.900563}}
{"target": -947298.5462415281, "params": {"alpha": 0.38322480458702707, "beta": 4.594179747956564}, "datetime": {"datetime": "2020-10-17 18:08:57", "elapsed": 14.035661, "delta": 1.946856}}
{"target": -947057.7883273633, "params": {"alpha": 0.3686011401994135, "beta": 4.676101459762422}, "datetime": {"datetime": "2020-10-17 18:08:58", "elapsed": 15.716554, "delta": 1.680893}}
{"target": -1541937.8072566343, "params": {"alpha": 0.9393939234384778, "beta": 7.6437855391144645}, "datetime": {"datetime": "2020-10-17 18:09:00", "elapsed": 17.112511, "delta": 1.395957}}
{"target": -946812.0608763816, "params": {"alpha": 0.3706157890897675, "beta": 4.662496252437325}, "datetime": {"datetime": "2020-10-17 18:09:01", "elapsed": 18.646117, "delta": 1.533606}}
{"target": -940652.6222808841, "params": {"alpha": 0.360025740104115, "beta": 4.660873215220895}, "datetime": {"datetime": "2020-10-17 18:09:03", "elapsed": 20.125801, "delta": 1.479684}}
{"target": -935935.8695622466, "params": {"alpha": 0.35127826031578363, "beta": 4.658767649187584}, "datetime": {"datetime": "2020-10-17 18:09:04", "elapsed": 21.524428, "delta": 1.398627}}
{"target": -928906.2442030986, "params": {"alpha": 0.33704943776489754, "beta": 4.651651673361035}, "datetime": {"datetime": "2020-10-17 18:09:05", "elapsed": 22.884597, "delta": 1.360169}}
{"target": -925200.5551284781, "params": {"alpha": 0.33085929237216, "beta": 4.636851284215538}, "datetime": {"datetime": "2020-10-17 18:09:07", "elapsed": 24.112601, "delta": 1.228004}}
{"target": -924649.9784844461, "params": {"alpha": 0.33095400749896325, "beta": 4.630586755507607}, "datetime": {"datetime": "2020-10-17 18:09:08", "elapsed": 25.353801, "delta": 1.2412}}
{"target": -925534.5078522654, "params": {"alpha": 0.3276455111729465, "beta": 4.652157863679358}, "datetime": {"datetime": "2020-10-17 18:09:09", "elapsed": 26.723578, "delta": 1.369777}}
{"target": -920718.8756765049, "params": {"alpha": 0.31700331761231126, "beta": 4.631841208304554}, "datetime": {"datetime": "2020-10-17 18:09:10", "elapsed": 27.706028, "delta": 0.98245}}
{"target": -1141509.876247032, "params": {"alpha": 0.1368641698862598, "beta": 7.531481283924518}, "datetime": {"datetime": "2020-10-17 18:09:11", "elapsed": 28.382784, "delta": 0.676756}}
{"target": -918972.9436366498, "params": {"alpha": 0.3104271165878258, "beta": 4.626788546792995}, "datetime": {"datetime": "2020-10-17 18:09:12", "elapsed": 29.221157, "delta": 0.838373}}
{"target": -917400.9106185086, "params": {"alpha": 0.30417225267737114, "beta": 4.617790775922089}, "datetime": {"datetime": "2020-10-17 18:09:13", "elapsed": 29.956661, "delta": 0.735504}}
{"target": -916605.681404191, "params": {"alpha": 0.30389017342923785, "beta": 4.608069040629143}, "datetime": {"datetime": "2020-10-17 18:09:13", "elapsed": 30.877732, "delta": 0.921071}}
{"target": -916325.2728857875, "params": {"alpha": 0.30525797044039926, "beta": 4.602846670520698}, "datetime": {"datetime": "2020-10-17 18:09:14", "elapsed": 31.661261, "delta": 0.783529}}
{"target": -916048.8027550249, "params": {"alpha": 0.30685199101843863, "beta": 4.59719490638919}, "datetime": {"datetime": "2020-10-17 18:09:18", "elapsed": 35.909941, "delta": 4.24868}}
{"target": -915573.5902205495, "params": {"alpha": 0.3077891366904461, "beta": 4.5898769542697}, "datetime": {"datetime": "2020-10-17 18:09:21", "elapsed": 38.488886, "delta": 2.578945}}
{"target": -915547.346144995, "params": {"alpha": 0.28757706538387423, "beta": 4.591932394656826}, "datetime": {"datetime": "2020-10-17 18:09:23", "elapsed": 40.127167, "delta": 1.638281}}
{"target": -914327.3110676428, "params": {"alpha": 0.29903520150180896, "beta": 4.581879241816671}, "datetime": {"datetime": "2020-10-17 18:09:24", "elapsed": 41.586149, "delta": 1.458982}}
{"target": -913926.6528967769, "params": {"alpha": 0.29853103761382216, "beta": 4.576573654576972}, "datetime": {"datetime": "2020-10-17 18:09:26", "elapsed": 43.322835, "delta": 1.736686}}
{"target": -913153.3353599517, "params": {"alpha": 0.29993090169358233, "beta": 4.565800297637258}, "datetime": {"datetime": "2020-10-17 18:09:27", "elapsed": 44.369707, "delta": 1.046872}}
{"target": -912587.4549471913, "params": {"alpha": 0.3029802025713737, "beta": 4.556817138580229}, "datetime": {"datetime": "2020-10-17 18:09:29", "elapsed": 46.341614, "delta": 1.971907}}
{"target": -912276.1849933561, "params": {"alpha": 0.3057494252509816, "beta": 4.550475844333458}, "datetime": {"datetime": "2020-10-17 18:09:31", "elapsed": 48.812668, "delta": 2.471054}}
{"target": -912042.4121894748, "params": {"alpha": 0.3075733697029543, "beta": 4.545485835755757}, "datetime": {"datetime": "2020-10-17 18:09:34", "elapsed": 51.081866, "delta": 2.269198}}
{"target": -911466.2979043447, "params": {"alpha": 0.3071165043729981, "beta": 4.538568744036506}, "datetime": {"datetime": "2020-10-17 18:09:35", "elapsed": 52.396735, "delta": 1.314869}}
{"target": -910591.3019919356, "params": {"alpha": 0.30034630833626186, "beta": 4.530720353177682}, "datetime": {"datetime": "2020-10-17 18:09:37", "elapsed": 54.086592, "delta": 1.689857}}
{"target": -910515.3715949005, "params": {"alpha": 0.2973413858444293, "beta": 4.5289250801507235}, "datetime": {"datetime": "2020-10-17 18:09:38", "elapsed": 55.195975, "delta": 1.109383}}
{"target": -1317415.896803328, "params": {"alpha": 0.7837565572822538, "beta": 4.704049815690776}, "datetime": {"datetime": "2020-10-17 18:09:39", "elapsed": 56.013514, "delta": 0.817539}}
{"target": -945286.787723407, "params": {"alpha": 0.37315978527989563, "beta": 4.63366697932176}, "datetime": {"datetime": "2020-10-17 18:09:39", "elapsed": 56.91751, "delta": 0.903996}}
{"target": -910505.604747452, "params": {"alpha": 0.29729121202614495, "beta": 4.52875954676384}, "datetime": {"datetime": "2020-10-17 18:09:41", "elapsed": 58.507267, "delta": 1.589757}}
{"target": -910457.7200673006, "params": {"alpha": 0.297389645163173, "beta": 4.528126831055543}, "datetime": {"datetime": "2020-10-17 18:09:46", "elapsed": 63.920416, "delta": 5.413149}}
{"target": -909913.0670124815, "params": {"alpha": 0.2994438329538536, "beta": 4.521166198723536}, "datetime": {"datetime": "2020-10-17 18:09:53", "elapsed": 69.950297, "delta": 6.029881}}
{"target": -909249.5632439591, "params": {"alpha": 0.3018876801356345, "beta": 4.512072876169131}, "datetime": {"datetime": "2020-10-17 18:09:57", "elapsed": 74.037982, "delta": 4.087685}}
{"target": -908595.7922628704, "params": {"alpha": 0.30392339129304335, "beta": 4.502656439233794}, "datetime": {"datetime": "2020-10-17 18:10:02", "elapsed": 79.110823, "delta": 5.072841}}
{"target": -907908.332277522, "params": {"alpha": 0.30483738362996776, "beta": 4.4929350566392054}, "datetime": {"datetime": "2020-10-17 18:10:07", "elapsed": 83.943885, "delta": 4.833062}}
{"target": -907508.365254247, "params": {"alpha": 0.3006893913815299, "beta": 4.487413601985407}, "datetime": {"datetime": "2020-10-17 18:10:12", "elapsed": 89.425934, "delta": 5.482049}}
{"target": -907057.1015349665, "params": {"alpha": 0.3007508238006488, "beta": 4.480961217009829}, "datetime": {"datetime": "2020-10-17 18:10:17", "elapsed": 94.309559, "delta": 4.883625}}
{"target": -906227.4510870425, "params": {"alpha": 0.30284459302201194, "beta": 4.469712916168407}, "datetime": {"datetime": "2020-10-17 18:10:22", "elapsed": 99.096957, "delta": 4.787398}}
{"target": -905489.3624328786, "params": {"alpha": 0.30513743855138903, "beta": 4.459360448634496}, "datetime": {"datetime": "2020-10-17 18:10:26", "elapsed": 103.858229, "delta": 4.761272}}
{"target": -904179.7807614323, "params": {"alpha": 0.29878482242749954, "beta": 4.436472045466649}, "datetime": {"datetime": "2020-10-17 18:10:31", "elapsed": 108.917623, "delta": 5.059394}}
{"target": -903336.6012611345, "params": {"alpha": 0.29721025289435904, "beta": 4.420657203335759}, "datetime": {"datetime": "2020-10-17 18:10:40", "elapsed": 117.300204, "delta": 8.382581}}
{"target": -902439.6888411059, "params": {"alpha": 0.30349106822962274, "beta": 4.414833718062349}, "datetime": {"datetime": "2020-10-17 18:10:46", "elapsed": 123.084962, "delta": 5.784758}}
{"target": -902167.3075316083, "params": {"alpha": 0.31074268041931385, "beta": 4.4112124304136255}, "datetime": {"datetime": "2020-10-17 18:10:51", "elapsed": 128.437271, "delta": 5.352309}}
{"target": -904513.8431246341, "params": {"alpha": 0.3245840704974402, "beta": 4.420835226104303}, "datetime": {"datetime": "2020-10-17 18:10:56", "elapsed": 132.978503, "delta": 4.541232}}
{"target": -901601.0536484427, "params": {"alpha": 0.3087495303834818, "beta": 4.403933755108796}, "datetime": {"datetime": "2020-10-17 18:11:00", "elapsed": 137.378653, "delta": 4.40015}}
{"target": -900792.6457345587, "params": {"alpha": 0.3075929731951096, "beta": 4.392260579209188}, "datetime": {"datetime": "2020-10-17 18:11:04", "elapsed": 141.377204, "delta": 3.998551}}
{"target": -899992.9126596213, "params": {"alpha": 0.30722004067432207, "beta": 4.3803870424225755}, "datetime": {"datetime": "2020-10-17 18:11:08", "elapsed": 145.729669, "delta": 4.352465}}
{"target": -899173.7723042506, "params": {"alpha": 0.3076956929455188, "beta": 4.3683752479099995}, "datetime": {"datetime": "2020-10-17 18:11:13", "elapsed": 150.444247, "delta": 4.714578}}
{"target": -898004.3573220879, "params": {"alpha": 0.308438854285868, "beta": 4.351134438265707}, "datetime": {"datetime": "2020-10-17 18:11:18", "elapsed": 155.855374, "delta": 5.411127}}
{"target": -897309.3727948103, "params": {"alpha": 0.3087473750351108, "beta": 4.340745061845374}, "datetime": {"datetime": "2020-10-17 18:11:24", "elapsed": 161.468109, "delta": 5.612735}}
{"target": -896482.9703263871, "params": {"alpha": 0.30869140485674024, "beta": 4.3280033722389275}, "datetime": {"datetime": "2020-10-17 18:11:29", "elapsed": 165.993391, "delta": 4.525282}}
{"target": -900135.1494934857, "params": {"alpha": 0.28689366510152653, "beta": 4.3134280728256424}, "datetime": {"datetime": "2020-10-17 18:11:34", "elapsed": 170.990388, "delta": 4.996997}}
{"target": -896184.6050291809, "params": {"alpha": 0.31886477869029456, "beta": 4.322027736242106}, "datetime": {"datetime": "2020-10-17 18:11:39", "elapsed": 176.222695, "delta": 5.232307}}
{"target": -895629.9001730457, "params": {"alpha": 0.3146449942422213, "beta": 4.316602383879441}, "datetime": {"datetime": "2020-10-17 18:11:47", "elapsed": 184.431948, "delta": 8.209253}}
{"target": -894775.4426885595, "params": {"alpha": 0.31527748395583477, "beta": 4.303900371319719}, "datetime": {"datetime": "2020-10-17 18:11:55", "elapsed": 192.332839, "delta": 7.900891}}
{"target": -893982.0327758449, "params": {"alpha": 0.3183300157151009, "beta": 4.291128709270104}, "datetime": {"datetime": "2020-10-17 18:12:02", "elapsed": 199.616921, "delta": 7.284082}}
{"target": -893439.9744703992, "params": {"alpha": 0.3211826772923491, "beta": 4.281231874826493}, "datetime": {"datetime": "2020-10-17 18:12:10", "elapsed": 207.027225, "delta": 7.410304}}
{"target": -892966.277154886, "params": {"alpha": 0.3241336377659, "beta": 4.271357638681261}, "datetime": {"datetime": "2020-10-17 18:12:17", "elapsed": 214.548783, "delta": 7.521558}}
{"target": -893967.0833046205, "params": {"alpha": 0.33977776614899424, "beta": 4.25080897953122}, "datetime": {"datetime": "2020-10-17 18:12:24", "elapsed": 220.998878, "delta": 6.450095}}
{"target": -892489.2476884603, "params": {"alpha": 0.325947027800791, "beta": 4.262299128209943}, "datetime": {"datetime": "2020-10-17 18:12:27", "elapsed": 224.595011, "delta": 3.596133}}
{"target": -891154.3224947894, "params": {"alpha": 0.3203719112674407, "beta": 4.248564862384721}, "datetime": {"datetime": "2020-10-17 18:12:32", "elapsed": 229.293696, "delta": 4.698685}}
{"target": -890329.5012343666, "params": {"alpha": 0.31672428390622853, "beta": 4.236185035044573}, "datetime": {"datetime": "2020-10-17 18:12:37", "elapsed": 234.288746, "delta": 4.99505}}
{"target": -889760.8497208444, "params": {"alpha": 0.3151725408215158, "beta": 4.22615347806373}, "datetime": {"datetime": "2020-10-17 18:12:43", "elapsed": 240.728066, "delta": 6.43932}}
{"target": -888942.6721460288, "params": {"alpha": 0.315677170795194, "beta": 4.213121045579262}, "datetime": {"datetime": "2020-10-17 18:12:48", "elapsed": 245.768524, "delta": 5.040458}}
{"target": -887951.979497793, "params": {"alpha": 0.3185093290740055, "beta": 4.198826926669129}, "datetime": {"datetime": "2020-10-17 18:12:52", "elapsed": 249.586128, "delta": 3.817604}}
{"target": -889871.6886155829, "params": {"alpha": 0.30555832923875814, "beta": 4.207393853020089}, "datetime": {"datetime": "2020-10-17 18:12:56", "elapsed": 253.514998, "delta": 3.92887}}
{"target": -887203.1531173416, "params": {"alpha": 0.32470125632766866, "beta": 4.186818681377043}, "datetime": {"datetime": "2020-10-17 18:12:59", "elapsed": 256.410347, "delta": 2.895349}}
{"target": -887146.0577381676, "params": {"alpha": 0.3340760175750535, "beta": 4.174691825704986}, "datetime": {"datetime": "2020-10-17 18:13:03", "elapsed": 260.714687, "delta": 4.30434}}
{"target": -889398.5684072699, "params": {"alpha": 0.31704086250617036, "beta": 4.2214914251104005}, "datetime": {"datetime": "2020-10-17 18:13:07", "elapsed": 264.36026, "delta": 3.645573}}
{"target": -887429.5436347328, "params": {"alpha": 0.34013804320756735, "beta": 4.165506390793744}, "datetime": {"datetime": "2020-10-17 18:13:11", "elapsed": 268.475239, "delta": 4.114979}}
{"target": -885409.7862267668, "params": {"alpha": 0.3350524426641682, "beta": 4.148317763536349}, "datetime": {"datetime": "2020-10-17 18:13:16", "elapsed": 273.112851, "delta": 4.637612}}
{"target": -884172.5170416305, "params": {"alpha": 0.3225561316191512, "beta": 4.138184887143875}, "datetime": {"datetime": "2020-10-17 18:13:21", "elapsed": 278.918876, "delta": 5.806025}}
{"target": -885768.8468077764, "params": {"alpha": 0.3087744979922493, "beta": 4.136481949480251}, "datetime": {"datetime": "2020-10-17 18:13:26", "elapsed": 283.846934, "delta": 4.928058}}
{"target": -883588.2443437554, "params": {"alpha": 0.3254705458751346, "beta": 4.129248638464646}, "datetime": {"datetime": "2020-10-17 18:13:31", "elapsed": 288.20612, "delta": 4.359186}}
{"target": -882980.5909720996, "params": {"alpha": 0.327363387185943, "beta": 4.1191372099617904}, "datetime": {"datetime": "2020-10-17 18:13:36", "elapsed": 293.212145, "delta": 5.006025}}
{"target": -882104.6180492595, "params": {"alpha": 0.32953529108374996, "beta": 4.1042086562862}, "datetime": {"datetime": "2020-10-17 18:13:39", "elapsed": 296.709045, "delta": 3.4969}}
{"target": -881339.2882109557, "params": {"alpha": 0.33079773371844284, "beta": 4.091177500990769}, "datetime": {"datetime": "2020-10-17 18:13:43", "elapsed": 300.324918, "delta": 3.615873}}
{"target": -880505.5258642439, "params": {"alpha": 0.33137544256893525, "beta": 4.077202548165786}, "datetime": {"datetime": "2020-10-17 18:13:47", "elapsed": 303.951858, "delta": 3.62694}}
{"target": -879658.6298837786, "params": {"alpha": 0.33079995607890966, "beta": 4.063084314068449}, "datetime": {"datetime": "2020-10-17 18:13:53", "elapsed": 310.282567, "delta": 6.330709}}
{"target": -878937.6164864133, "params": {"alpha": 0.328224861844347, "beta": 4.049636127298321}, "datetime": {"datetime": "2020-10-17 18:14:00", "elapsed": 317.02705, "delta": 6.744483}}
{"target": -878839.6626552428, "params": {"alpha": 0.32348951750109195, "beta": 4.041266704604108}, "datetime": {"datetime": "2020-10-17 18:14:03", "elapsed": 320.831438, "delta": 3.804388}}
{"target": -878531.6643500134, "params": {"alpha": 0.3270641442284733, "beta": 4.041030813369082}, "datetime": {"datetime": "2020-10-17 18:14:07", "elapsed": 324.398939, "delta": 3.567501}}
{"target": -877696.5170884706, "params": {"alpha": 0.33454626489778444, "beta": 4.028427617746002}, "datetime": {"datetime": "2020-10-17 18:14:11", "elapsed": 328.342984, "delta": 3.944045}}
{"target": -877419.6831801417, "params": {"alpha": 0.33659661956981957, "beta": 4.022583345426193}, "datetime": {"datetime": "2020-10-17 18:14:17", "elapsed": 334.417017, "delta": 6.074033}}
{"target": -876686.9357967819, "params": {"alpha": 0.33746699455131157, "beta": 4.009475195197069}, "datetime": {"datetime": "2020-10-17 18:14:22", "elapsed": 339.916022, "delta": 5.499005}}
{"target": -875713.1620152204, "params": {"alpha": 0.3342575244956888, "beta": 3.992886608001957}, "datetime": {"datetime": "2020-10-17 18:14:27", "elapsed": 344.397578, "delta": 4.481556}}
{"target": -875280.6638536262, "params": {"alpha": 0.3313112166846664, "beta": 3.9824823332724617}, "datetime": {"datetime": "2020-10-17 18:14:30", "elapsed": 347.452466, "delta": 3.054888}}
