{"target": -797890.6105169673, "params": {"alpha": 0.7276219031074749, "beta": 6.104701139057963}, "datetime": {"datetime": "2020-10-17 18:08:42", "elapsed": 0.0, "delta": 0.0}}
{"target": -678809.6497677566, "params": {"alpha": 0.3051994122489931, "beta": 8.025246329299044}, "datetime": {"datetime": "2020-10-17 18:08:42", "elapsed": 0.062497, "delta": 0.062497}}
{"target": -595376.7900445061, "params": {"alpha": 0.497916792317126, "beta": 2.070191679483405}, "datetime": {"datetime": "2020-10-17 18:08:42", "elapsed": 0.140623, "delta": 0.078126}}
{"target": -647644.9311943862, "params": {"alpha": 0.39078833232721283, "beta": 4.551785114854081}, "datetime": {"datetime": "2020-10-17 18:08:43", "elapsed": 0.207067, "delta": 0.066444}}
{"target": -358281.92894064955, "params": {"alpha": 0.3407750666686109, "beta": 1.7429568007729768}, "datetime": {"datetime": "2020-10-17 18:08:43", "elapsed": 0.269566, "delta": 0.062499}}
{"target": -637630.8538470174, "params": {"alpha": 0.36789380024771157, "beta": 4.680022589282124}, "datetime": {"datetime": "2020-10-17 18:08:43", "elapsed": 0.347691, "delta": 0.078125}}
{"target": -869151.085821239, "params": {"alpha": 0.924599368884012, "beta": 3.6279303900661364}, "datetime": {"datetime": "2020-10-17 18:08:43", "elapsed": 0.434808, "delta": 0.087117}}
{"target": -812617.3165014497, "params": {"alpha": 0.8318685506191031, "beta": 9.90296201688082}, "datetime": {"datetime": "2020-10-17 18:08:43", "elapsed": 0.517347, "delta": 0.082539}}
{"target": -358345.3885372291, "params": {"alpha": 0.3408127566175045, "beta": 1.7430352540506624}, "datetime": {"datetime": "2020-10-17 18:08:43", "elapsed": 0.72156, "delta": 0.204213}}
{"target": -365354.7406898782, "params": {"alpha": 0.34541800352970725, "beta": 1.7483041004940536}, "datetime": {"datetime": "2020-10-17 18:08:43", "elapsed": 0.924685, "delta": 0.203125}}
{"target": -356327.8786269601, "params": {"alpha": 0.3396527527198125, "beta": 1.7402467741595482}, "datetime": {"datetime": "2020-10-17 18:08:43", "elapsed": 1.159064, "delta": 0.234379}}
{"target": -352661.15301527537, "params": {"alpha": 0.33763374326194323, "beta": 1.7344675450723372}, "datetime": {"datetime": "2020-10-17 18:08:44", "elapsed": 1.370715, "delta": 0.211651}}
{"target": -347115.4460603821, "params": {"alpha": 0.3341565214792969, "beta": 1.7287907243670704}, "datetime": {"datetime": "2020-10-17 18:08:44", "elapsed": 1.613174, "delta": 0.242459}}
{"target": -324531.54897434433, "params": {"alpha": 0.31719461353840916, "beta": 1.7247286759059501}, "datetime": {"datetime": "2020-10-17 18:08:44", "elapsed": 1.816313, "delta": 0.203139}}
{"target": -306579.93139434495, "params": {"alpha": 0.3027560722342223, "beta": 1.7251248438424427}, "datetime": {"datetime": "2020-10-17 18:08:44", "elapsed": 2.06684, "delta": 0.250527}}
{"target": -283952.7264588913, "params": {"alpha": 0.2833905012970278, "beta": 1.7259873238165284}, "datetime": {"datetime": "2020-10-17 18:08:45", "elapsed": 2.349255, "delta": 0.282415}}
{"target": -262447.6792232428, "params": {"alpha": 0.26264175069528695, "beta": 1.7263454878370423}, "datetime": {"datetime": "2020-10-17 18:08:45", "elapsed": 2.68398, "delta": 0.334725}}
{"target": -244340.2831974323, "params": {"alpha": 0.23999011198411224, "beta": 1.7257215379090594}, "datetime": {"datetime": "2020-10-17 18:08:45", "elapsed": 3.074606, "delta": 0.390626}}
{"target": -235867.46928500626, "params": {"alpha": 0.21888424779492865, "beta": 1.723829842703029}, "datetime": {"datetime": "2020-10-17 18:08:46", "elapsed": 3.419532, "delta": 0.344926}}
{"target": -235713.2387795571, "params": {"alpha": 0.2118903234366952, "beta": 1.7227366816343765}, "datetime": {"datetime": "2020-10-17 18:08:46", "elapsed": 3.765294, "delta": 0.345762}}
{"target": -235484.4050434954, "params": {"alpha": 0.21442612390720553, "beta": 1.7243915123471958}, "datetime": {"datetime": "2020-10-17 18:08:46", "elapsed": 4.159025, "delta": 0.393731}}
{"target": -235183.88194159442, "params": {"alpha": 0.21378211387725088, "beta": 1.7281048788025568}, "datetime": {"datetime": "2020-10-17 18:08:47", "elapsed": 4.535111, "delta": 0.376086}}
{"target": -235021.6071078419, "params": {"alpha": 0.2133787034490385, "beta": 1.7301105022478742}, "datetime": {"datetime": "2020-10-17 18:08:47", "elapsed": 5.019493, "delta": 0.484382}}
{"target": -234729.29077035133, "params": {"alpha": 0.21258700143623815, "beta": 1.7337350925728743}, "datetime": {"datetime": "2020-10-17 18:08:48", "elapsed": 5.430811, "delta": 0.411318}}
{"target": -234074.149283826, "params": {"alpha": 0.21065159026076305, "beta": 1.741975952545036}, "datetime": {"datetime": "2020-10-17 18:08:48", "elapsed": 5.822548, "delta": 0.391737}}
{"target": -233488.65222013538, "params": {"alpha": 0.2086182599363401, "beta": 1.749602972518475}, "datetime": {"datetime": "2020-10-17 18:08:49", "elapsed": 6.260046, "delta": 0.437498}}
{"target": -233002.42716002287, "params": {"alpha": 0.20636688517500876, "beta": 1.7565186638955455}, "datetime": {"datetime": "2020-10-17 18:08:49", "elapsed": 6.916294, "delta": 0.656248}}
{"target": -232699.40531762896, "params": {"alpha": 0.20358244060291167, "beta": 1.7626208985279765}, "datetime": {"datetime": "2020-10-17 18:08:50", "elapsed": 7.824822, "delta": 0.908528}}
{"target": -232764.10912033642, "params": {"alpha": 0.20166628565727496, "beta": 1.7648534744723747}, "datetime": {"datetime": "2020-10-17 18:08:51", "elapsed": 8.545054, "delta": 0.720232}}
{"target": -232161.8792814772, "params": {"alpha": 0.20539394006777698, "beta": 1.7668972640401444}, "datetime": {"datetime": "2020-10-17 18:08:52", "elapsed": 9.389909, "delta": 0.844855}}
{"target": -231689.8745724574, "params": {"alpha": 0.20778727597937743, "beta": 1.7739840884530538}, "datetime": {"datetime": "2020-10-17 18:08:53", "elapsed": 10.473433, "delta": 1.083524}}
{"target": -231530.15382938448, "params": {"alpha": 0.20788962616829695, "beta": 1.776742719577564}, "datetime": {"datetime": "2020-10-17 18:08:54", "elapsed": 11.684668, "delta": 1.211235}}
{"target": -230910.32116673485, "params": {"alpha": 0.20595568074842802, "beta": 1.7843271891431276}, "datetime": {"datetime": "2020-10-17 18:08:55", "elapsed": 12.686495, "delta": 1.001827}}
{"target": -230007.22487676033, "params": {"alpha": 0.20189741422549068, "beta": 1.7954348379807046}, "datetime": {"datetime": "2020-10-17 18:08:56", "elapsed": 13.925851, "delta": 1.239356}}
{"target": -229572.63820699346, "params": {"alpha": 0.19988002723909257, "beta": 1.8015796528346766}, "datetime": {"datetime": "2020-10-17 18:08:57", "elapsed": 15.109444, "delta": 1.183593}}
{"target": -229006.39887127158, "params": {"alpha": 0.1979636429791867, "beta": 1.8097461650291666}, "datetime": {"datetime": "2020-10-17 18:08:58", "elapsed": 15.98612, "delta": 0.876676}}
{"target": -228616.10693694127, "params": {"alpha": 0.19867882952669888, "beta": 1.8147310520574877}, "datetime": {"datetime": "2020-10-17 18:09:13", "elapsed": 30.991049, "delta": 15.004929}}
{"target": -228296.15238428116, "params": {"alpha": 0.20041310639362475, "beta": 1.821149312034802}, "datetime": {"datetime": "2020-10-17 18:09:20", "elapsed": 37.722976, "delta": 6.731927}}
{"target": -228117.72324940414, "params": {"alpha": 0.2001614769446414, "beta": 1.8239768533406233}, "datetime": {"datetime": "2020-10-17 18:09:23", "elapsed": 41.009612, "delta": 3.286636}}
{"target": -229516.82102714933, "params": {"alpha": 0.19864672672123224, "beta": 1.8029876640139761}, "datetime": {"datetime": "2020-10-17 18:09:26", "elapsed": 43.764273, "delta": 2.754661}}
{"target": -227292.20544626765, "params": {"alpha": 0.1939129691567961, "beta": 1.8341652093312997}, "datetime": {"datetime": "2020-10-17 18:09:29", "elapsed": 46.548673, "delta": 2.7844}}
{"target": -227200.22245224312, "params": {"alpha": 0.1912469895411744, "beta": 1.838080843354527}, "datetime": {"datetime": "2020-10-17 18:09:32", "elapsed": 49.832233, "delta": 3.28356}}
{"target": -227196.0552842244, "params": {"alpha": 0.19120649626644864, "beta": 1.8381846988056405}, "datetime": {"datetime": "2020-10-17 18:09:35", "elapsed": 52.822549, "delta": 2.990316}}
{"target": -227188.61602745188, "params": {"alpha": 0.19118565731433662, "beta": 1.8382979346411537}, "datetime": {"datetime": "2020-10-17 18:09:38", "elapsed": 55.309286, "delta": 2.486737}}
{"target": -227155.20850001834, "params": {"alpha": 0.1912417641702277, "beta": 1.8385979472573795}, "datetime": {"datetime": "2020-10-17 18:09:40", "elapsed": 58.025697, "delta": 2.716411}}
{"target": -226766.41077902415, "params": {"alpha": 0.1925728761331203, "beta": 1.8418918991271263}, "datetime": {"datetime": "2020-10-17 18:09:44", "elapsed": 61.695924, "delta": 3.670227}}
{"target": -226193.64765131232, "params": {"alpha": 0.19577094413496066, "beta": 1.852246432462093}, "datetime": {"datetime": "2020-10-17 18:09:47", "elapsed": 65.082971, "delta": 3.387047}}
{"target": -226161.44543820262, "params": {"alpha": 0.19579619136159593, "beta": 1.8529435605190254}, "datetime": {"datetime": "2020-10-17 18:09:51", "elapsed": 68.483129, "delta": 3.400158}}
{"target": -226009.14915472912, "params": {"alpha": 0.19519117425548071, "beta": 1.8547046835258731}, "datetime": {"datetime": "2020-10-17 18:09:56", "elapsed": 73.711409, "delta": 5.22828}}
{"target": -225008.7396234053, "params": {"alpha": 0.1893336927430371, "beta": 1.8675788777577789}, "datetime": {"datetime": "2020-10-17 18:10:00", "elapsed": 77.578966, "delta": 3.867557}}
{"target": -224652.44222718867, "params": {"alpha": 0.1867122692025041, "beta": 1.8743126610103544}, "datetime": {"datetime": "2020-10-17 18:10:04", "elapsed": 82.197821, "delta": 4.618855}}
{"target": -224333.5802030872, "params": {"alpha": 0.1852245673026066, "beta": 1.8800751535947307}, "datetime": {"datetime": "2020-10-17 18:10:08", "elapsed": 86.153273, "delta": 3.955452}}
{"target": -223627.42830561675, "params": {"alpha": 0.18420641629842144, "beta": 1.890258711966935}, "datetime": {"datetime": "2020-10-17 18:10:16", "elapsed": 93.356424, "delta": 7.203151}}
{"target": -222846.33005972428, "params": {"alpha": 0.18385870083607175, "beta": 1.9013163486417057}, "datetime": {"datetime": "2020-10-17 18:10:19", "elapsed": 96.531939, "delta": 3.175515}}
{"target": -222301.7117186569, "params": {"alpha": 0.18158244528262335, "beta": 1.9107489809270592}, "datetime": {"datetime": "2020-10-17 18:10:23", "elapsed": 101.088734, "delta": 4.556795}}
{"target": -222454.14919742287, "params": {"alpha": 0.1773351747474418, "beta": 1.915824959846036}, "datetime": {"datetime": "2020-10-17 18:10:29", "elapsed": 107.089902, "delta": 6.001168}}
{"target": -221903.4420361562, "params": {"alpha": 0.18315277821030498, "beta": 1.916254136304612}, "datetime": {"datetime": "2020-10-17 18:10:37", "elapsed": 114.517889, "delta": 7.427987}}
{"target": -221746.34677114946, "params": {"alpha": 0.185150094578879, "beta": 1.9219063005678936}, "datetime": {"datetime": "2020-10-17 18:10:43", "elapsed": 121.10296, "delta": 6.585071}}
{"target": -221752.3766699206, "params": {"alpha": 0.18514865115013882, "beta": 1.9217654853353194}, "datetime": {"datetime": "2020-10-17 18:10:48", "elapsed": 125.471245, "delta": 4.368285}}
{"target": -221752.7570727746, "params": {"alpha": 0.1851301517715647, "beta": 1.9217096294323956}, "datetime": {"datetime": "2020-10-17 18:10:53", "elapsed": 130.941215, "delta": 5.46997}}
{"target": -221753.69828970195, "params": {"alpha": 0.18513164200883642, "beta": 1.921692111095835}, "datetime": {"datetime": "2020-10-17 18:10:56", "elapsed": 134.062921, "delta": 3.121706}}
{"target": -221754.52946445605, "params": {"alpha": 0.1851332141212123, "beta": 1.9216772919285159}, "datetime": {"datetime": "2020-10-17 18:10:59", "elapsed": 136.455901, "delta": 2.39298}}
{"target": -221754.33714211293, "params": {"alpha": 0.1851309363085007, "beta": 1.9216758664932125}, "datetime": {"datetime": "2020-10-17 18:11:01", "elapsed": 138.820097, "delta": 2.364196}}
{"target": -221755.19364585468, "params": {"alpha": 0.18513593604731368, "beta": 1.921669170166463}, "datetime": {"datetime": "2020-10-17 18:11:04", "elapsed": 141.694834, "delta": 2.874737}}
{"target": -221755.3004031827, "params": {"alpha": 0.18513740738857598, "beta": 1.9216704906011546}, "datetime": {"datetime": "2020-10-17 18:11:08", "elapsed": 145.44027, "delta": 3.745436}}
{"target": -221756.27891999314, "params": {"alpha": 0.1851425118697727, "beta": 1.9216613144127255}, "datetime": {"datetime": "2020-10-17 18:11:10", "elapsed": 148.200535, "delta": 2.760265}}
{"target": -221755.35861012762, "params": {"alpha": 0.18514013247946093, "beta": 1.9216761009528802}, "datetime": {"datetime": "2020-10-17 18:11:13", "elapsed": 151.151321, "delta": 2.950786}}
{"target": -221756.11906649414, "params": {"alpha": 0.18514441967139073, "beta": 1.9216697920394246}, "datetime": {"datetime": "2020-10-17 18:11:17", "elapsed": 154.247604, "delta": 3.096283}}
{"target": -221757.34766850472, "params": {"alpha": 0.1851524617539637, "beta": 1.9216624658253318}, "datetime": {"datetime": "2020-10-17 18:11:20", "elapsed": 157.409896, "delta": 3.162292}}
{"target": -221756.17065164595, "params": {"alpha": 0.18514439054609477, "beta": 1.9216685492947603}, "datetime": {"datetime": "2020-10-17 18:11:22", "elapsed": 159.822451, "delta": 2.412555}}
{"target": -221757.09047741105, "params": {"alpha": 0.18515427738347565, "beta": 1.9216729390155645}, "datetime": {"datetime": "2020-10-17 18:11:25", "elapsed": 163.052831, "delta": 3.23038}}
{"target": -221755.6351270717, "params": {"alpha": 0.185144034759736, "beta": 1.9216797747365637}, "datetime": {"datetime": "2020-10-17 18:11:28", "elapsed": 165.401224, "delta": 2.348393}}
{"target": -221758.2226261968, "params": {"alpha": 0.18516130295094146, "beta": 1.9216652475846974}, "datetime": {"datetime": "2020-10-17 18:11:31", "elapsed": 168.240508, "delta": 2.839284}}
{"target": -221756.52710688207, "params": {"alpha": 0.1851512558737206, "beta": 1.9216779883870532}, "datetime": {"datetime": "2020-10-17 18:11:34", "elapsed": 171.651684, "delta": 3.411176}}
{"target": -221756.89278280933, "params": {"alpha": 0.18515376701082015, "beta": 1.921676117012977}, "datetime": {"datetime": "2020-10-17 18:11:37", "elapsed": 175.048382, "delta": 3.396698}}
{"target": -221757.11169697612, "params": {"alpha": 0.18515578431972485, "beta": 1.9216763142126598}, "datetime": {"datetime": "2020-10-17 18:11:41", "elapsed": 178.316526, "delta": 3.268144}}
{"target": -221146.10732296892, "params": {"alpha": 0.18302681991202827, "beta": 1.9303925263932467}, "datetime": {"datetime": "2020-10-17 18:11:45", "elapsed": 183.025738, "delta": 4.709212}}
{"target": -219704.01621176014, "params": {"alpha": 0.17582387780665232, "beta": 1.953381985130497}, "datetime": {"datetime": "2020-10-17 18:11:50", "elapsed": 187.537891, "delta": 4.512153}}
{"target": -219675.33712158026, "params": {"alpha": 0.1756438682701736, "beta": 1.9539562398766437}, "datetime": {"datetime": "2020-10-17 18:11:54", "elapsed": 191.6313, "delta": 4.093409}}
{"target": -219481.64227056204, "params": {"alpha": 0.17454753918373783, "beta": 1.9578514062080241}, "datetime": {"datetime": "2020-10-17 18:11:59", "elapsed": 196.950166, "delta": 5.318866}}
{"target": -218971.5623624029, "params": {"alpha": 0.17160521071763726, "beta": 1.9689970617497567}, "datetime": {"datetime": "2020-10-17 18:12:04", "elapsed": 201.29386, "delta": 4.343694}}
{"target": -218728.56130430262, "params": {"alpha": 0.1692657336378086, "beta": 1.9766026364832996}, "datetime": {"datetime": "2020-10-17 18:12:08", "elapsed": 205.34948, "delta": 4.05562}}
{"target": -218824.31754085992, "params": {"alpha": 0.1670796254405229, "beta": 1.980823865958065}, "datetime": {"datetime": "2020-10-17 18:12:12", "elapsed": 209.491395, "delta": 4.141915}}
{"target": -218129.53417216675, "params": {"alpha": 0.17308277137810488, "beta": 1.9802795204002035}, "datetime": {"datetime": "2020-10-17 18:12:17", "elapsed": 214.974608, "delta": 5.483213}}
{"target": -218159.18012769366, "params": {"alpha": 0.17692861598243306, "beta": 1.9859956140190531}, "datetime": {"datetime": "2020-10-17 18:12:21", "elapsed": 218.654165, "delta": 3.679557}}
{"target": -218236.904006848, "params": {"alpha": 0.17613083729126186, "beta": 1.9811631131061587}, "datetime": {"datetime": "2020-10-17 18:12:24", "elapsed": 222.112196, "delta": 3.458031}}
{"target": -217518.04993463765, "params": {"alpha": 0.17263619762046095, "beta": 1.9914929961449135}, "datetime": {"datetime": "2020-10-17 18:12:27", "elapsed": 224.583326, "delta": 2.47113}}
{"target": -216599.1298872229, "params": {"alpha": 0.1694052885327225, "beta": 2.0079519904393037}, "datetime": {"datetime": "2020-10-17 18:12:30", "elapsed": 227.388942, "delta": 2.805616}}
{"target": -216349.11574143902, "params": {"alpha": 0.16857775382589238, "beta": 2.0125870922213904}, "datetime": {"datetime": "2020-10-17 18:12:34", "elapsed": 231.897317, "delta": 4.508375}}
{"target": -215723.17311247168, "params": {"alpha": 0.16618770697094176, "beta": 2.024586346463697}, "datetime": {"datetime": "2020-10-17 18:12:37", "elapsed": 234.652055, "delta": 2.754738}}
{"target": -215323.4009098552, "params": {"alpha": 0.16417033711271728, "beta": 2.033033509394248}, "datetime": {"datetime": "2020-10-17 18:12:41", "elapsed": 238.491449, "delta": 3.839394}}
{"target": -215010.78004138137, "params": {"alpha": 0.16183075325231178, "beta": 2.0412691943752432}, "datetime": {"datetime": "2020-10-17 18:12:45", "elapsed": 242.687102, "delta": 4.195653}}
{"target": -215050.12457631447, "params": {"alpha": 0.16726513888530067, "beta": 2.0385842878812674}, "datetime": {"datetime": "2020-10-17 18:12:48", "elapsed": 245.802597, "delta": 3.115495}}
{"target": -214424.6848974151, "params": {"alpha": 0.16381370677312146, "beta": 2.0491623678323605}, "datetime": {"datetime": "2020-10-17 18:12:50", "elapsed": 248.056416, "delta": 2.253819}}
{"target": -213672.6610090289, "params": {"alpha": 0.1631395775405473, "beta": 2.064722717073956}, "datetime": {"datetime": "2020-10-17 18:12:53", "elapsed": 250.355696, "delta": 2.29928}}
{"target": -213479.5291986544, "params": {"alpha": 0.16252993048554687, "beta": 2.068454823666773}, "datetime": {"datetime": "2020-10-17 18:12:55", "elapsed": 252.62592, "delta": 2.270224}}
{"target": -212777.2844615561, "params": {"alpha": 0.1588905543328403, "beta": 2.0820974403966677}, "datetime": {"datetime": "2020-10-17 18:12:57", "elapsed": 254.988901, "delta": 2.362981}}
{"target": -212506.04328161018, "params": {"alpha": 0.15631644945098538, "beta": 2.0894748943258543}, "datetime": {"datetime": "2020-10-17 18:13:00", "elapsed": 258.073143, "delta": 3.084242}}
{"target": -212382.07957124198, "params": {"alpha": 0.15466340047930216, "beta": 2.0943711665048768}, "datetime": {"datetime": "2020-10-17 18:13:03", "elapsed": 260.28113, "delta": 2.207987}}
{"target": -212158.96467469988, "params": {"alpha": 0.15401969628355575, "beta": 2.0991147002030437}, "datetime": {"datetime": "2020-10-17 18:13:05", "elapsed": 262.768028, "delta": 2.486898}}
{"target": -211946.74258903207, "params": {"alpha": 0.16118230534288644, "beta": 2.110758976748329}, "datetime": {"datetime": "2020-10-17 18:13:08", "elapsed": 265.786077, "delta": 3.018049}}
{"target": -211486.36739624938, "params": {"alpha": 0.15682657601614894, "beta": 2.1090067584103855}, "datetime": {"datetime": "2020-10-17 18:13:10", "elapsed": 267.398661, "delta": 1.612584}}
{"target": -211603.01511483465, "params": {"alpha": 0.1454008260365728, "beta": 2.1330919848377814}, "datetime": {"datetime": "2020-10-17 18:13:13", "elapsed": 270.475684, "delta": 3.077023}}
{"target": -211267.8684098256, "params": {"alpha": 0.1505218317242324, "beta": 2.1205395660933037}, "datetime": {"datetime": "2020-10-17 18:13:16", "elapsed": 273.366792, "delta": 2.891108}}
{"target": -211228.8282363779, "params": {"alpha": 0.15222955590954435, "beta": 2.117382116497619}, "datetime": {"datetime": "2020-10-17 18:13:19", "elapsed": 276.588614, "delta": 3.221822}}
{"target": -211223.47767419135, "params": {"alpha": 0.15245109316652167, "beta": 2.1170711367473958}, "datetime": {"datetime": "2020-10-17 18:13:22", "elapsed": 279.688444, "delta": 3.09983}}
{"target": -211219.48688643205, "params": {"alpha": 0.15252572171891615, "beta": 2.117008496564824}, "datetime": {"datetime": "2020-10-17 18:13:25", "elapsed": 282.676656, "delta": 2.988212}}
{"target": -211213.52436180058, "params": {"alpha": 0.15259548548824983, "beta": 2.1169904710922944}, "datetime": {"datetime": "2020-10-17 18:13:27", "elapsed": 285.110236, "delta": 2.43358}}
