{"target": -1605088.3935523676, "params": {"alpha": 0.7276219031074749, "beta": 6.104701139057963}, "datetime": {"datetime": "2020-10-17 18:08:42", "elapsed": 0.0, "delta": 0.0}}
{"target": -1394568.2151322525, "params": {"alpha": 0.3051994122489931, "beta": 8.025246329299044}, "datetime": {"datetime": "2020-10-17 18:08:42", "elapsed": 0.113316, "delta": 0.113316}}
{"target": -1377369.396765164, "params": {"alpha": 0.497916792317126, "beta": 2.070191679483405}, "datetime": {"datetime": "2020-10-17 18:08:43", "elapsed": 0.191443, "delta": 0.078127}}
{"target": -1215275.1784400616, "params": {"alpha": 0.39078833232721283, "beta": 4.551785114854081}, "datetime": {"datetime": "2020-10-17 18:08:43", "elapsed": 0.269568, "delta": 0.078125}}
{"target": -2683491.6374727814, "params": {"alpha": 0.3407750666686109, "beta": 1.7429568007729768}, "datetime": {"datetime": "2020-10-17 18:08:43", "elapsed": 0.356685, "delta": 0.087117}}
{"target": -1206365.1864592645, "params": {"alpha": 0.36789380024771157, "beta": 4.680022589282124}, "datetime": {"datetime": "2020-10-17 18:08:43", "elapsed": 0.439224, "delta": 0.082539}}
{"target": -1804207.4358072064, "params": {"alpha": 0.924599368884012, "beta": 3.6279303900661364}, "datetime": {"datetime": "2020-10-17 18:08:43", "elapsed": 0.532976, "delta": 0.093752}}
{"target": -1731726.5159314494, "params": {"alpha": 0.8318685506191031, "beta": 9.90296201688082}, "datetime": {"datetime": "2020-10-17 18:08:43", "elapsed": 0.612186, "delta": 0.07921}}
{"target": -1210244.491954153, "params": {"alpha": 0.37835191494559584, "beta": 4.62144429833674}, "datetime": {"datetime": "2020-10-17 18:08:43", "elapsed": 0.862186, "delta": 0.25}}
{"target": -1559537.2665805088, "params": {"alpha": 0.7314212688771988, "beta": 3.7722421535447763}, "datetime": {"datetime": "2020-10-17 18:08:43", "elapsed": 0.987188, "delta": 0.125002}}
{"target": -1324571.1038215188, "params": {"alpha": 0.1165301112709405, "beta": 6.176489919882287}, "datetime": {"datetime": "2020-10-17 18:08:44", "elapsed": 1.127815, "delta": 0.140627}}
{"target": -1203106.418739602, "params": {"alpha": 0.3652823909605738, "beta": 4.666648902212083}, "datetime": {"datetime": "2020-10-17 18:08:44", "elapsed": 1.355092, "delta": 0.227277}}
{"target": -1206485.1426311648, "params": {"alpha": 0.36978999880819435, "beta": 4.662728048296803}, "datetime": {"datetime": "2020-10-17 18:08:44", "elapsed": 1.550689, "delta": 0.195597}}
{"target": -1190463.977059297, "params": {"alpha": 0.34896744633732524, "beta": 4.668090940282261}, "datetime": {"datetime": "2020-10-17 18:08:44", "elapsed": 1.785065, "delta": 0.234376}}
{"target": -1175590.2826143012, "params": {"alpha": 0.32758345065009004, "beta": 4.667867293111123}, "datetime": {"datetime": "2020-10-17 18:08:44", "elapsed": 1.988717, "delta": 0.203652}}
{"target": -1165036.2331791306, "params": {"alpha": 0.30974357244511386, "beta": 4.6648667012665745}, "datetime": {"datetime": "2020-10-17 18:08:45", "elapsed": 2.177378, "delta": 0.188661}}
{"target": -1156809.7557280741, "params": {"alpha": 0.2927037539441128, "beta": 4.655949457079139}, "datetime": {"datetime": "2020-10-17 18:08:45", "elapsed": 2.380503, "delta": 0.203125}}
{"target": -1518906.0970090125, "params": {"alpha": 0.6295151420379856, "beta": 5.807458857675274}, "datetime": {"datetime": "2020-10-17 18:08:45", "elapsed": 2.505505, "delta": 0.125002}}
{"target": -1560480.981162126, "params": {"alpha": 0.5641566850540021, "beta": 8.008751085268823}, "datetime": {"datetime": "2020-10-17 18:08:45", "elapsed": 2.637107, "delta": 0.131602}}
{"target": -1153755.902837774, "params": {"alpha": 0.28606571463896685, "beta": 4.643296709095798}, "datetime": {"datetime": "2020-10-17 18:08:45", "elapsed": 2.840237, "delta": 0.20313}}
{"target": -1153240.565978964, "params": {"alpha": 0.2854398011174965, "beta": 4.6381263910160335}, "datetime": {"datetime": "2020-10-17 18:08:45", "elapsed": 3.060156, "delta": 0.219919}}
{"target": -1153054.1271500029, "params": {"alpha": 0.2860288275147862, "beta": 4.6325418318413565}, "datetime": {"datetime": "2020-10-17 18:08:46", "elapsed": 3.310158, "delta": 0.250002}}
{"target": -1753602.4943135227, "params": {"alpha": 0.9393939234384778, "beta": 7.6437855391144645}, "datetime": {"datetime": "2020-10-17 18:08:46", "elapsed": 3.450782, "delta": 0.140624}}
{"target": -1153055.8660403544, "params": {"alpha": 0.2860155857627615, "beta": 4.632629347788288}, "datetime": {"datetime": "2020-10-17 18:08:46", "elapsed": 3.671544, "delta": 0.220762}}
{"target": -1152646.6751840268, "params": {"alpha": 0.2846657184804056, "beta": 4.632239701095811}, "datetime": {"datetime": "2020-10-17 18:08:46", "elapsed": 4.018398, "delta": 0.346854}}
{"target": -1149233.041218345, "params": {"alpha": 0.2682473456192143, "beta": 4.624551785119572}, "datetime": {"datetime": "2020-10-17 18:08:47", "elapsed": 4.363226, "delta": 0.344828}}
{"target": -1148861.645961567, "params": {"alpha": 0.26312329957805647, "beta": 4.621269916758003}, "datetime": {"datetime": "2020-10-17 18:08:47", "elapsed": 4.67574, "delta": 0.312514}}
{"target": -1148776.043224895, "params": {"alpha": 0.2616480641543353, "beta": 4.619257311246483}, "datetime": {"datetime": "2020-10-17 18:08:47", "elapsed": 5.035113, "delta": 0.359373}}
{"target": -1148549.6655218457, "params": {"alpha": 0.2622543579184534, "beta": 4.614873816554504}, "datetime": {"datetime": "2020-10-17 18:08:48", "elapsed": 5.383936, "delta": 0.348823}}
{"target": -1148269.1467694957, "params": {"alpha": 0.2635328057742954, "beta": 4.6094166923642295}, "datetime": {"datetime": "2020-10-17 18:08:48", "elapsed": 5.728801, "delta": 0.344865}}
{"target": -1147840.3521385943, "params": {"alpha": 0.2647118735504711, "beta": 4.6007348864332736}, "datetime": {"datetime": "2020-10-17 18:08:49", "elapsed": 6.275674, "delta": 0.546873}}
{"target": -1147372.7428026886, "params": {"alpha": 0.26495460879013083, "beta": 4.591359591742657}, "datetime": {"datetime": "2020-10-17 18:08:50", "elapsed": 7.40185, "delta": 1.126176}}
{"target": -1146923.2698099068, "params": {"alpha": 0.2642091310353182, "beta": 4.582250426481658}, "datetime": {"datetime": "2020-10-17 18:08:50", "elapsed": 8.012325, "delta": 0.610475}}
{"target": -1146548.383813144, "params": {"alpha": 0.2626896576128554, "beta": 4.573696603137839}, "datetime": {"datetime": "2020-10-17 18:08:52", "elapsed": 9.202413, "delta": 1.190088}}
{"target": -1146344.028992497, "params": {"alpha": 0.26078936267937153, "beta": 4.567010753481426}, "datetime": {"datetime": "2020-10-17 18:08:53", "elapsed": 10.54724, "delta": 1.344827}}
{"target": -1146351.0709099611, "params": {"alpha": 0.2591227468234248, "beta": 4.563914967039103}, "datetime": {"datetime": "2020-10-17 18:08:54", "elapsed": 11.762795, "delta": 1.215555}}
{"target": -1146159.9521216587, "params": {"alpha": 0.2611179619923333, "beta": 4.563492882367241}, "datetime": {"datetime": "2020-10-17 18:09:19", "elapsed": 36.570137, "delta": 24.807342}}
{"target": -1145512.2896103289, "params": {"alpha": 0.2670736767051149, "beta": 4.553563330430588}, "datetime": {"datetime": "2020-10-17 18:09:24", "elapsed": 41.59009, "delta": 5.019953}}
{"target": -1148035.1454250265, "params": {"alpha": 0.28340265965989164, "beta": 4.562813252170712}, "datetime": {"datetime": "2020-10-17 18:09:27", "elapsed": 44.248651, "delta": 2.658561}}
{"target": -1145051.2171684615, "params": {"alpha": 0.26685349187742813, "beta": 4.544215888182371}, "datetime": {"datetime": "2020-10-17 18:09:30", "elapsed": 48.111181, "delta": 3.86253}}
{"target": -1144518.677796276, "params": {"alpha": 0.26640137837451167, "beta": 4.533152495132014}, "datetime": {"datetime": "2020-10-17 18:09:33", "elapsed": 50.787798, "delta": 2.676617}}
{"target": -1143310.1765427638, "params": {"alpha": 0.267059229062784, "beta": 4.507941240259434}, "datetime": {"datetime": "2020-10-17 18:09:37", "elapsed": 54.731168, "delta": 3.94337}}
{"target": -1143044.9532089985, "params": {"alpha": 0.26571662320134193, "beta": 4.501187662153447}, "datetime": {"datetime": "2020-10-17 18:09:40", "elapsed": 58.042457, "delta": 3.311289}}
{"target": -1142980.6257083265, "params": {"alpha": 0.2626608830463495, "beta": 4.494584629909388}, "datetime": {"datetime": "2020-10-17 18:09:44", "elapsed": 61.742801, "delta": 3.700344}}
{"target": -1142851.2866316966, "params": {"alpha": 0.26433832230136894, "beta": 4.4949920968397}, "datetime": {"datetime": "2020-10-17 18:09:47", "elapsed": 64.75369, "delta": 3.010889}}
{"target": -1142119.6695937281, "params": {"alpha": 0.270181554841824, "beta": 4.483427709265766}, "datetime": {"datetime": "2020-10-17 18:09:53", "elapsed": 70.596072, "delta": 5.842382}}
{"target": -1141791.5391577324, "params": {"alpha": 0.27221301155137423, "beta": 4.475937076538055}, "datetime": {"datetime": "2020-10-17 18:09:57", "elapsed": 74.245049, "delta": 3.648977}}
{"target": -1141236.854775409, "params": {"alpha": 0.2730766693833611, "beta": 4.464061892830861}, "datetime": {"datetime": "2020-10-17 18:10:01", "elapsed": 78.489759, "delta": 4.24471}}
{"target": -1140593.430398758, "params": {"alpha": 0.27020852419496266, "beta": 4.450945764040338}, "datetime": {"datetime": "2020-10-17 18:10:08", "elapsed": 85.856395, "delta": 7.366636}}
{"target": -1140108.7206537435, "params": {"alpha": 0.2691824988894845, "beta": 4.439537955892417}, "datetime": {"datetime": "2020-10-17 18:10:13", "elapsed": 90.739836, "delta": 4.883441}}
{"target": -1139524.8467609282, "params": {"alpha": 0.27129965706575193, "beta": 4.428050286053821}, "datetime": {"datetime": "2020-10-17 18:10:22", "elapsed": 99.194649, "delta": 8.454813}}
{"target": -1139022.7835699555, "params": {"alpha": 0.2765195362946039, "beta": 4.415879327232753}, "datetime": {"datetime": "2020-10-17 18:10:27", "elapsed": 104.457009, "delta": 5.26236}}
{"target": -1138896.2813877647, "params": {"alpha": 0.2784532988558245, "beta": 4.411012328504691}, "datetime": {"datetime": "2020-10-17 18:10:41", "elapsed": 118.27915, "delta": 13.822141}}
{"target": -1138446.660842567, "params": {"alpha": 0.27535194763252885, "beta": 4.404677283399836}, "datetime": {"datetime": "2020-10-17 18:10:44", "elapsed": 121.927827, "delta": 3.648677}}
{"target": -1138330.8369256987, "params": {"alpha": 0.2617225329355636, "beta": 4.368367330487412}, "datetime": {"datetime": "2020-10-17 18:10:51", "elapsed": 128.17559, "delta": 6.247763}}
{"target": -1137776.48488741, "params": {"alpha": 0.26864412937130316, "beta": 4.383750517636549}, "datetime": {"datetime": "2020-10-17 18:10:54", "elapsed": 131.974839, "delta": 3.799249}}
{"target": -1138237.543140487, "params": {"alpha": 0.2643230890003712, "beta": 4.38066608073768}, "datetime": {"datetime": "2020-10-17 18:10:58", "elapsed": 135.781673, "delta": 3.806834}}
{"target": -1136437.3424625609, "params": {"alpha": 0.28152099590516766, "beta": 4.356575465400578}, "datetime": {"datetime": "2020-10-17 18:11:03", "elapsed": 140.168553, "delta": 4.38688}}
{"target": -1138028.5923387397, "params": {"alpha": 0.2906867544940674, "beta": 4.363120445022651}, "datetime": {"datetime": "2020-10-17 18:11:06", "elapsed": 143.140851, "delta": 2.972298}}
{"target": -1135494.1576780942, "params": {"alpha": 0.27766815678574797, "beta": 4.3396784179494645}, "datetime": {"datetime": "2020-10-17 18:11:09", "elapsed": 146.812655, "delta": 3.671804}}
{"target": -1137115.7510611587, "params": {"alpha": 0.2615364710986819, "beta": 4.3279851655160515}, "datetime": {"datetime": "2020-10-17 18:11:12", "elapsed": 149.690741, "delta": 2.878086}}
{"target": -1136384.376820114, "params": {"alpha": 0.2795068766092005, "beta": 4.357986580569461}, "datetime": {"datetime": "2020-10-17 18:11:16", "elapsed": 153.95073, "delta": 4.259989}}
{"target": -1135691.938779356, "params": {"alpha": 0.27112903084413764, "beta": 4.337401282951456}, "datetime": {"datetime": "2020-10-17 18:11:20", "elapsed": 157.723498, "delta": 3.772768}}
{"target": -1135121.3612205202, "params": {"alpha": 0.27757855890297634, "beta": 4.331279837487982}, "datetime": {"datetime": "2020-10-17 18:11:24", "elapsed": 161.143927, "delta": 3.420429}}
{"target": -1135248.1204252006, "params": {"alpha": 0.27519952358476735, "beta": 4.333152206120653}, "datetime": {"datetime": "2020-10-17 18:11:26", "elapsed": 164.052845, "delta": 2.908918}}
{"target": -1134600.6010502803, "params": {"alpha": 0.27985819690655134, "beta": 4.319082306957894}, "datetime": {"datetime": "2020-10-17 18:11:31", "elapsed": 168.224886, "delta": 4.172041}}
{"target": -1134068.6872872084, "params": {"alpha": 0.28271898973004284, "beta": 4.305105537302068}, "datetime": {"datetime": "2020-10-17 18:11:35", "elapsed": 172.417306, "delta": 4.19242}}
{"target": -1134052.9380991724, "params": {"alpha": 0.27353748974625736, "beta": 4.300984229166719}, "datetime": {"datetime": "2020-10-17 18:11:37", "elapsed": 175.080761, "delta": 2.663455}}
{"target": -1133112.2573277538, "params": {"alpha": 0.2793747834751723, "beta": 4.285023563025647}, "datetime": {"datetime": "2020-10-17 18:11:43", "elapsed": 180.213086, "delta": 5.132325}}
{"target": -1132828.4086013157, "params": {"alpha": 0.29056846879548365, "beta": 4.264162236082342}, "datetime": {"datetime": "2020-10-17 18:11:49", "elapsed": 186.267547, "delta": 6.054461}}
{"target": -1132010.3315309368, "params": {"alpha": 0.2822341492684621, "beta": 4.259168629275956}, "datetime": {"datetime": "2020-10-17 18:11:54", "elapsed": 191.975053, "delta": 5.707506}}
{"target": -1133310.0632641928, "params": {"alpha": 0.28286995269290477, "beta": 4.288367984584973}, "datetime": {"datetime": "2020-10-17 18:12:00", "elapsed": 197.928589, "delta": 5.953536}}
{"target": -1132232.4386173128, "params": {"alpha": 0.26956515564079164, "beta": 4.228670161035309}, "datetime": {"datetime": "2020-10-17 18:12:05", "elapsed": 202.91887, "delta": 4.990281}}
{"target": -1133223.099775816, "params": {"alpha": 0.2667536143800671, "beta": 4.239540389705841}, "datetime": {"datetime": "2020-10-17 18:12:10", "elapsed": 208.112808, "delta": 5.193938}}
{"target": -1129972.909460464, "params": {"alpha": 0.2869016366158503, "beta": 4.208864404761461}, "datetime": {"datetime": "2020-10-17 18:12:17", "elapsed": 214.50443, "delta": 6.391622}}
{"target": -1131729.62562332, "params": {"alpha": 0.2920400314424769, "beta": 4.2378110995517275}, "datetime": {"datetime": "2020-10-17 18:12:21", "elapsed": 219.04479, "delta": 4.54036}}
{"target": -1131420.008701746, "params": {"alpha": 0.2709923367802355, "beta": 4.2113016888762065}, "datetime": {"datetime": "2020-10-17 18:12:25", "elapsed": 222.299693, "delta": 3.254903}}
{"target": -1129586.3845192727, "params": {"alpha": 0.2874346596719038, "beta": 4.199302658093389}, "datetime": {"datetime": "2020-10-17 18:12:29", "elapsed": 226.951445, "delta": 4.651752}}
{"target": -1128608.1095530328, "params": {"alpha": 0.2946694808683796, "beta": 4.164647856395982}, "datetime": {"datetime": "2020-10-17 18:12:34", "elapsed": 231.975442, "delta": 5.023997}}
{"target": -1129988.191756171, "params": {"alpha": 0.2987322590125396, "beta": 4.181310545030619}, "datetime": {"datetime": "2020-10-17 18:12:39", "elapsed": 236.169209, "delta": 4.193767}}
{"target": -1127528.7910451281, "params": {"alpha": 0.2836819224527988, "beta": 4.144602107999085}, "datetime": {"datetime": "2020-10-17 18:12:42", "elapsed": 239.725824, "delta": 3.556615}}
{"target": -1127414.8067684371, "params": {"alpha": 0.29635979723894157, "beta": 4.133825729724613}, "datetime": {"datetime": "2020-10-17 18:12:46", "elapsed": 243.612738, "delta": 3.886914}}
{"target": -1126837.6596326076, "params": {"alpha": 0.2895873257906196, "beta": 4.130084905016261}, "datetime": {"datetime": "2020-10-17 18:12:50", "elapsed": 247.556419, "delta": 3.943681}}
{"target": -1126170.7166367809, "params": {"alpha": 0.2860047259880259, "beta": 4.1091131575735815}, "datetime": {"datetime": "2020-10-17 18:12:52", "elapsed": 250.058823, "delta": 2.502404}}
{"target": -1126093.1237578292, "params": {"alpha": 0.285809923159505, "beta": 4.106401067636517}, "datetime": {"datetime": "2020-10-17 18:12:55", "elapsed": 253.016544, "delta": 2.957721}}
{"target": -1125806.3844854312, "params": {"alpha": 0.28522461851375774, "beta": 4.096124256908355}, "datetime": {"datetime": "2020-10-17 18:12:59", "elapsed": 256.806396, "delta": 3.789852}}
{"target": -1125810.0951710634, "params": {"alpha": 0.28404488401219835, "beta": 4.0924825024618885}, "datetime": {"datetime": "2020-10-17 18:13:01", "elapsed": 259.028708, "delta": 2.222312}}
{"target": -1125285.7123949977, "params": {"alpha": 0.2890895014535114, "beta": 4.087347937915464}, "datetime": {"datetime": "2020-10-17 18:13:04", "elapsed": 261.281132, "delta": 2.252424}}
{"target": -1127044.990159078, "params": {"alpha": 0.3056124193120337, "beta": 4.094183056412934}, "datetime": {"datetime": "2020-10-17 18:13:08", "elapsed": 265.207952, "delta": 3.92682}}
{"target": -1125712.8635062582, "params": {"alpha": 0.279742852156713, "beta": 4.062501743245344}, "datetime": {"datetime": "2020-10-17 18:13:11", "elapsed": 268.369801, "delta": 3.161849}}
{"target": -1125070.4172890296, "params": {"alpha": 0.28355781060836444, "beta": 4.064257816739287}, "datetime": {"datetime": "2020-10-17 18:13:15", "elapsed": 272.395658, "delta": 4.025857}}
{"target": -1124250.35409589, "params": {"alpha": 0.2951353400458105, "beta": 4.058312735795487}, "datetime": {"datetime": "2020-10-17 18:13:19", "elapsed": 276.85691, "delta": 4.461252}}
{"target": -1124255.0037500618, "params": {"alpha": 0.29507571128995524, "beta": 4.058490752134264}, "datetime": {"datetime": "2020-10-17 18:13:24", "elapsed": 281.924336, "delta": 5.067426}}
{"target": -1125686.7094646138, "params": {"alpha": 0.28321132602250615, "beta": 4.084841027859177}, "datetime": {"datetime": "2020-10-17 18:13:28", "elapsed": 285.423829, "delta": 3.499493}}
{"target": -1124205.446316613, "params": {"alpha": 0.29461421419961825, "beta": 4.0574929359983365}, "datetime": {"datetime": "2020-10-17 18:13:32", "elapsed": 289.931157, "delta": 4.507328}}
{"target": -1124044.1138361096, "params": {"alpha": 0.2945776207887839, "beta": 4.053059782673364}, "datetime": {"datetime": "2020-10-17 18:13:36", "elapsed": 293.167988, "delta": 3.236831}}
{"target": -1123442.4653135035, "params": {"alpha": 0.29571025360891146, "beta": 4.0355379022475395}, "datetime": {"datetime": "2020-10-17 18:13:38", "elapsed": 295.348875, "delta": 2.180887}}
{"target": -1123044.9241430971, "params": {"alpha": 0.29673126917263, "beta": 4.023564329559972}, "datetime": {"datetime": "2020-10-17 18:13:40", "elapsed": 298.026608, "delta": 2.677733}}
{"target": -1122617.2233378848, "params": {"alpha": 0.2974124307785678, "beta": 4.01077182526657}, "datetime": {"datetime": "2020-10-17 18:13:43", "elapsed": 300.922606, "delta": 2.895998}}
{"target": -1122138.2800388709, "params": {"alpha": 0.29724286593129373, "beta": 3.9966512128575453}, "datetime": {"datetime": "2020-10-17 18:13:46", "elapsed": 303.593298, "delta": 2.670692}}
{"target": -1121715.3412047797, "params": {"alpha": 0.29584016413018926, "beta": 3.982941439171763}, "datetime": {"datetime": "2020-10-17 18:13:49", "elapsed": 306.974125, "delta": 3.380827}}
{"target": -1121511.9954489362, "params": {"alpha": 0.2936378080571519, "beta": 3.9722146484698557}, "datetime": {"datetime": "2020-10-17 18:13:55", "elapsed": 312.213299, "delta": 5.239174}}
{"target": -1121518.134942223, "params": {"alpha": 0.29239483006905415, "beta": 3.9685597656186298}, "datetime": {"datetime": "2020-10-17 18:13:58", "elapsed": 315.616492, "delta": 3.403193}}
{"target": -1121397.0208306352, "params": {"alpha": 0.2940916332166636, "beta": 3.969098142345178}, "datetime": {"datetime": "2020-10-17 18:14:03", "elapsed": 320.158452, "delta": 4.54196}}
{"target": -1121035.9693374163, "params": {"alpha": 0.3015725085114943, "beta": 3.9599171420788877}, "datetime": {"datetime": "2020-10-17 18:14:05", "elapsed": 323.043505, "delta": 2.885053}}
{"target": -1121034.99473236, "params": {"alpha": 0.3015854049884787, "beta": 3.9598715159525066}, "datetime": {"datetime": "2020-10-17 18:14:08", "elapsed": 325.731009, "delta": 2.687504}}
{"target": -1121033.8404502717, "params": {"alpha": 0.3015924704757172, "beta": 3.959827778865129}, "datetime": {"datetime": "2020-10-17 18:14:11", "elapsed": 328.159432, "delta": 2.428423}}
{"target": -1121032.8353404466, "params": {"alpha": 0.3015956722178889, "beta": 3.9597934087234052}, "datetime": {"datetime": "2020-10-17 18:14:14", "elapsed": 331.267824, "delta": 3.108392}}
