{"target": -871168.8936670756, "params": {"alpha": 0.7276219031074749, "beta": 6.104701139057963}, "datetime": {"datetime": "2020-10-17 18:08:42", "elapsed": 0.0, "delta": 0.0}}
{"target": -1098742.6614959226, "params": {"alpha": 0.3051994122489931, "beta": 8.025246329299044}, "datetime": {"datetime": "2020-10-17 18:08:43", "elapsed": 0.160195, "delta": 0.160195}}
{"target": -1622271.7584302262, "params": {"alpha": 0.497916792317126, "beta": 2.070191679483405}, "datetime": {"datetime": "2020-10-17 18:08:43", "elapsed": 0.335062, "delta": 0.174867}}
{"target": -935682.0103086833, "params": {"alpha": 0.39078833232721283, "beta": 4.551785114854081}, "datetime": {"datetime": "2020-10-17 18:08:43", "elapsed": 0.48719, "delta": 0.152128}}
{"target": -5630812.520642379, "params": {"alpha": 0.3407750666686109, "beta": 1.7429568007729768}, "datetime": {"datetime": "2020-10-17 18:08:43", "elapsed": 0.627817, "delta": 0.140627}}
{"target": -971812.6539767642, "params": {"alpha": 0.36789380024771157, "beta": 4.680022589282124}, "datetime": {"datetime": "2020-10-17 18:08:43", "elapsed": 0.768439, "delta": 0.140622}}
{"target": -888540.7080607438, "params": {"alpha": 0.924599368884012, "beta": 3.6279303900661364}, "datetime": {"datetime": "2020-10-17 18:08:43", "elapsed": 0.924693, "delta": 0.156254}}
{"target": -1046194.6301812235, "params": {"alpha": 0.8318685506191031, "beta": 9.90296201688082}, "datetime": {"datetime": "2020-10-17 18:08:44", "elapsed": 1.080943, "delta": 0.15625}}
{"target": -871168.8928578427, "params": {"alpha": 0.7276218980413875, "beta": 6.1047011338616395}, "datetime": {"datetime": "2020-10-17 18:08:44", "elapsed": 1.456928, "delta": 0.375985}}
{"target": -892890.0048648731, "params": {"alpha": 0.93158453604735, "beta": 3.6289107713104527}, "datetime": {"datetime": "2020-10-17 18:08:44", "elapsed": 1.706942, "delta": 0.250014}}
{"target": -871168.9073741343, "params": {"alpha": 0.727621974461325, "beta": 6.1047012577214455}, "datetime": {"datetime": "2020-10-17 18:08:44", "elapsed": 2.035596, "delta": 0.328654}}
{"target": -871168.9140191566, "params": {"alpha": 0.7276221276512521, "beta": 6.104701063842831}, "datetime": {"datetime": "2020-10-17 18:08:45", "elapsed": 2.396129, "delta": 0.360533}}
{"target": -871168.9051312732, "params": {"alpha": 0.7276222870023512, "beta": 6.104700551029111}, "datetime": {"datetime": "2020-10-17 18:08:45", "elapsed": 2.777734, "delta": 0.381605}}
{"target": -871168.9284229163, "params": {"alpha": 0.7276222198793268, "beta": 6.104701151976159}, "datetime": {"datetime": "2020-10-17 18:08:46", "elapsed": 3.185158, "delta": 0.407424}}
{"target": -868783.9397866627, "params": {"alpha": 0.717855075432292, "beta": 6.077766473587012}, "datetime": {"datetime": "2020-10-17 18:08:46", "elapsed": 3.609048, "delta": 0.42389}}
{"target": -869709.8674765608, "params": {"alpha": 0.7216809086387219, "beta": 6.088317596079687}, "datetime": {"datetime": "2020-10-17 18:08:46", "elapsed": 4.034027, "delta": 0.424979}}
{"target": -868243.5091834089, "params": {"alpha": 0.7156036014914481, "beta": 6.071542818625165}, "datetime": {"datetime": "2020-10-17 18:08:47", "elapsed": 4.44137, "delta": 0.407343}}
{"target": -867627.074787636, "params": {"alpha": 0.7130758753147486, "beta": 6.06427558565115}, "datetime": {"datetime": "2020-10-17 18:08:47", "elapsed": 4.91012, "delta": 0.46875}}
{"target": -867191.5375138674, "params": {"alpha": 0.7148540892306592, "beta": 6.052495400473528}, "datetime": {"datetime": "2020-10-17 18:08:48", "elapsed": 5.368317, "delta": 0.458197}}
{"target": -867313.8013270011, "params": {"alpha": 0.7147550073126265, "beta": 6.0550605601241925}, "datetime": {"datetime": "2020-10-17 18:08:48", "elapsed": 5.806929, "delta": 0.438612}}
{"target": -866266.4840985439, "params": {"alpha": 0.7079597547851685, "beta": 6.047083723149796}, "datetime": {"datetime": "2020-10-17 18:08:49", "elapsed": 6.603803, "delta": 0.796874}}
{"target": -865601.4102535568, "params": {"alpha": 0.7032672729897694, "beta": 6.0421785334699365}, "datetime": {"datetime": "2020-10-17 18:08:50", "elapsed": 7.840453, "delta": 1.23665}}
{"target": -864475.5276242088, "params": {"alpha": 0.6954723949457126, "beta": 6.032650577408139}, "datetime": {"datetime": "2020-10-17 18:08:51", "elapsed": 9.014913, "delta": 1.17446}}
{"target": -863829.6609937621, "params": {"alpha": 0.6883753269225306, "beta": 6.030089064777363}, "datetime": {"datetime": "2020-10-17 18:08:53", "elapsed": 10.60974, "delta": 1.594827}}
{"target": -863140.1073788687, "params": {"alpha": 0.6810153214579435, "beta": 6.025843393500463}, "datetime": {"datetime": "2020-10-17 18:08:55", "elapsed": 12.295875, "delta": 1.686135}}
{"target": -865042.1691284506, "params": {"alpha": 0.6869388593812573, "beta": 6.054891154544733}, "datetime": {"datetime": "2020-10-17 18:08:56", "elapsed": 13.800865, "delta": 1.50499}}
{"target": -862494.5040786269, "params": {"alpha": 0.6786314178021656, "beta": 6.016244968317288}, "datetime": {"datetime": "2020-10-17 18:08:58", "elapsed": 15.156382, "delta": 1.355517}}
{"target": -861803.6684975027, "params": {"alpha": 0.6731619719577541, "beta": 6.008646962538947}, "datetime": {"datetime": "2020-10-17 18:08:59", "elapsed": 16.565335, "delta": 1.408953}}
{"target": -861071.0303019079, "params": {"alpha": 0.6644257256750115, "beta": 6.001969911584446}, "datetime": {"datetime": "2020-10-17 18:09:00", "elapsed": 17.978186, "delta": 1.412851}}
{"target": -861474.233499546, "params": {"alpha": 0.6682553187957149, "beta": 6.006665275768736}, "datetime": {"datetime": "2020-10-17 18:09:02", "elapsed": 19.136918, "delta": 1.158732}}
{"target": -860316.7233266215, "params": {"alpha": 0.6583494518415494, "beta": 5.991639352066721}, "datetime": {"datetime": "2020-10-17 18:09:03", "elapsed": 20.301621, "delta": 1.164703}}
{"target": -859723.9342798587, "params": {"alpha": 0.655250095256069, "beta": 5.982153308614022}, "datetime": {"datetime": "2020-10-17 18:09:04", "elapsed": 21.653373, "delta": 1.351752}}
{"target": -859150.4197031964, "params": {"alpha": 0.6544696128931575, "beta": 5.971860389354684}, "datetime": {"datetime": "2020-10-17 18:09:05", "elapsed": 22.739289, "delta": 1.085916}}
{"target": -858750.5399979193, "params": {"alpha": 0.6575752914527317, "beta": 5.962944606404453}, "datetime": {"datetime": "2020-10-17 18:09:06", "elapsed": 23.85241, "delta": 1.113121}}
{"target": -858711.0475154049, "params": {"alpha": 0.6612453213984896, "beta": 5.960084437491129}, "datetime": {"datetime": "2020-10-17 18:09:07", "elapsed": 24.963602, "delta": 1.111192}}
{"target": -858628.8921255274, "params": {"alpha": 0.6598767812820202, "beta": 5.959392725432756}, "datetime": {"datetime": "2020-10-17 18:09:08", "elapsed": 25.982746, "delta": 1.019144}}
{"target": -858051.801770157, "params": {"alpha": 0.6564638064094548, "beta": 5.950534058102369}, "datetime": {"datetime": "2020-10-17 18:09:21", "elapsed": 38.570958, "delta": 12.588212}}
{"target": -857338.0527557767, "params": {"alpha": 0.6523935116034292, "beta": 5.939114539482104}, "datetime": {"datetime": "2020-10-17 18:09:25", "elapsed": 42.496346, "delta": 3.925388}}
{"target": -856659.9038994237, "params": {"alpha": 0.6489957958862472, "beta": 5.927732882832713}, "datetime": {"datetime": "2020-10-17 18:09:29", "elapsed": 46.704927, "delta": 4.208581}}
{"target": -855980.0878189666, "params": {"alpha": 0.6471295027685197, "beta": 5.915670022270437}, "datetime": {"datetime": "2020-10-17 18:09:33", "elapsed": 50.269739, "delta": 3.564812}}
{"target": -855368.706044529, "params": {"alpha": 0.6490822062007232, "beta": 5.903798110458706}, "datetime": {"datetime": "2020-10-17 18:09:36", "elapsed": 53.715537, "delta": 3.445798}}
{"target": -855152.0080972634, "params": {"alpha": 0.6549718315442548, "beta": 5.8973916084722715}, "datetime": {"datetime": "2020-10-17 18:09:40", "elapsed": 57.649486, "delta": 3.933949}}
{"target": -855142.0780825621, "params": {"alpha": 0.6552381442893891, "beta": 5.897074626748839}, "datetime": {"datetime": "2020-10-17 18:09:44", "elapsed": 61.25843, "delta": 3.608944}}
{"target": -855109.9306168699, "params": {"alpha": 0.6552040054022977, "beta": 5.896494018805083}, "datetime": {"datetime": "2020-10-17 18:09:48", "elapsed": 65.067348, "delta": 3.808918}}
{"target": -854744.6018766809, "params": {"alpha": 0.6531943617663833, "beta": 5.890655413983971}, "datetime": {"datetime": "2020-10-17 18:09:51", "elapsed": 68.201872, "delta": 3.134524}}
{"target": -853925.7842760056, "params": {"alpha": 0.6487339453443581, "beta": 5.877172211032524}, "datetime": {"datetime": "2020-10-17 18:09:56", "elapsed": 73.086412, "delta": 4.88454}}
{"target": -853180.6809376915, "params": {"alpha": 0.6450466939819977, "beta": 5.864361175744957}, "datetime": {"datetime": "2020-10-17 18:09:59", "elapsed": 76.201657, "delta": 3.115245}}
{"target": -852437.3714155422, "params": {"alpha": 0.6428123670016725, "beta": 5.851020252007984}, "datetime": {"datetime": "2020-10-17 18:10:03", "elapsed": 80.75773, "delta": 4.556073}}
{"target": -851718.3197722114, "params": {"alpha": 0.6438502106934048, "beta": 5.837532310106298}, "datetime": {"datetime": "2020-10-17 18:10:08", "elapsed": 85.63765, "delta": 4.87992}}
{"target": -851278.2349372653, "params": {"alpha": 0.650038910246851, "beta": 5.827569446633488}, "datetime": {"datetime": "2020-10-17 18:10:12", "elapsed": 90.008002, "delta": 4.370352}}
{"target": -851293.7899735264, "params": {"alpha": 0.6534441551061212, "beta": 5.826360659449945}, "datetime": {"datetime": "2020-10-17 18:10:17", "elapsed": 94.955238, "delta": 4.947236}}
{"target": -851044.30346158, "params": {"alpha": 0.6503886765352083, "beta": 5.8230825570989415}, "datetime": {"datetime": "2020-10-17 18:10:23", "elapsed": 100.213735, "delta": 5.258497}}
{"target": -850113.5564620197, "params": {"alpha": 0.6474916260542866, "beta": 5.806831692984265}, "datetime": {"datetime": "2020-10-17 18:10:28", "elapsed": 105.207009, "delta": 4.993274}}
{"target": -849307.5487664912, "params": {"alpha": 0.6453567576167614, "beta": 5.792484944471631}, "datetime": {"datetime": "2020-10-17 18:10:32", "elapsed": 109.343439, "delta": 4.13643}}
{"target": -848529.3858281928, "params": {"alpha": 0.6441906504536705, "beta": 5.778322605379533}, "datetime": {"datetime": "2020-10-17 18:10:38", "elapsed": 115.816007, "delta": 6.472568}}
{"target": -847750.8731479177, "params": {"alpha": 0.6452375617458354, "beta": 5.763587798220857}, "datetime": {"datetime": "2020-10-17 18:10:45", "elapsed": 122.289714, "delta": 6.473707}}
{"target": -847210.4194861776, "params": {"alpha": 0.6508490898338412, "beta": 5.7514626103607664}, "datetime": {"datetime": "2020-10-17 18:10:49", "elapsed": 126.085232, "delta": 3.795518}}
{"target": -847227.6244771578, "params": {"alpha": 0.6564277274572443, "beta": 5.748744703341935}, "datetime": {"datetime": "2020-10-17 18:10:52", "elapsed": 129.503715, "delta": 3.418483}}
{"target": -846885.504599729, "params": {"alpha": 0.6516094561354724, "beta": 5.745036153332271}, "datetime": {"datetime": "2020-10-17 18:10:56", "elapsed": 133.341823, "delta": 3.838108}}
{"target": -845873.2408333697, "params": {"alpha": 0.6484210786257005, "beta": 5.727536207075069}, "datetime": {"datetime": "2020-10-17 18:10:59", "elapsed": 136.659031, "delta": 3.317208}}
{"target": -845008.4950509685, "params": {"alpha": 0.6457842440915833, "beta": 5.712338894686414}, "datetime": {"datetime": "2020-10-17 18:11:03", "elapsed": 140.208111, "delta": 3.54908}}
{"target": -844168.9188868692, "params": {"alpha": 0.6441725887240991, "beta": 5.697149585696825}, "datetime": {"datetime": "2020-10-17 18:11:06", "elapsed": 143.438884, "delta": 3.230773}}
{"target": -843351.9239810692, "params": {"alpha": 0.6450064803575907, "beta": 5.681644817972307}, "datetime": {"datetime": "2020-10-17 18:11:10", "elapsed": 148.028667, "delta": 4.589783}}
{"target": -842797.1976813596, "params": {"alpha": 0.6508274966475088, "beta": 5.668871212995732}, "datetime": {"datetime": "2020-10-17 18:11:15", "elapsed": 152.948153, "delta": 4.919486}}
{"target": -842828.4399354946, "params": {"alpha": 0.6562987359459699, "beta": 5.666198776067101}, "datetime": {"datetime": "2020-10-17 18:11:20", "elapsed": 157.489126, "delta": 4.540973}}
{"target": -842422.3064467512, "params": {"alpha": 0.6507681847609825, "beta": 5.6618626736831565}, "datetime": {"datetime": "2020-10-17 18:11:24", "elapsed": 162.018931, "delta": 4.529805}}
{"target": -841341.4231284336, "params": {"alpha": 0.6468512289949341, "beta": 5.643341315083402}, "datetime": {"datetime": "2020-10-17 18:11:29", "elapsed": 166.735591, "delta": 4.71666}}
{"target": -840455.7691225949, "params": {"alpha": 0.6437200746879873, "beta": 5.627805153736516}, "datetime": {"datetime": "2020-10-17 18:11:33", "elapsed": 170.304537, "delta": 3.568946}}
{"target": -839574.6339243681, "params": {"alpha": 0.6416693049019491, "beta": 5.6118190624904605}, "datetime": {"datetime": "2020-10-17 18:11:37", "elapsed": 174.734682, "delta": 4.430145}}
{"target": -838728.5008901807, "params": {"alpha": 0.642369427565103, "beta": 5.595750314698787}, "datetime": {"datetime": "2020-10-17 18:11:41", "elapsed": 178.379031, "delta": 3.644349}}
{"target": -838146.5964691676, "params": {"alpha": 0.648636431661194, "beta": 5.582414748641547}, "datetime": {"datetime": "2020-10-17 18:11:47", "elapsed": 184.843316, "delta": 6.464285}}
{"target": -838180.6672644551, "params": {"alpha": 0.6541726444054264, "beta": 5.579836654714225}, "datetime": {"datetime": "2020-10-17 18:11:52", "elapsed": 189.290368, "delta": 4.447052}}
{"target": -837757.3444049135, "params": {"alpha": 0.6484051851751501, "beta": 5.575174092636181}, "datetime": {"datetime": "2020-10-17 18:11:59", "elapsed": 196.104081, "delta": 6.813713}}
{"target": -836654.3567723403, "params": {"alpha": 0.644391725503149, "beta": 5.556030953193829}, "datetime": {"datetime": "2020-10-17 18:12:04", "elapsed": 201.950116, "delta": 5.846035}}
{"target": -835760.2704781987, "params": {"alpha": 0.6411601247382472, "beta": 5.540132010434464}, "datetime": {"datetime": "2020-10-17 18:12:11", "elapsed": 208.45657, "delta": 6.506454}}
{"target": -834863.1876457724, "params": {"alpha": 0.6389474188905662, "beta": 5.523662322581051}, "datetime": {"datetime": "2020-10-17 18:12:18", "elapsed": 215.288271, "delta": 6.831701}}
{"target": -833995.2484995757, "params": {"alpha": 0.6394464685208595, "beta": 5.50713876219469}, "datetime": {"datetime": "2020-10-17 18:12:22", "elapsed": 219.781516, "delta": 4.493245}}
{"target": -833355.4756059628, "params": {"alpha": 0.6457438820696247, "beta": 5.49293782154935}, "datetime": {"datetime": "2020-10-17 18:12:26", "elapsed": 223.208332, "delta": 3.426816}}
{"target": -833375.6244236624, "params": {"alpha": 0.6521684263303854, "beta": 5.489746508298017}, "datetime": {"datetime": "2020-10-17 18:12:30", "elapsed": 227.655879, "delta": 4.447547}}
{"target": -832983.3564325713, "params": {"alpha": 0.6463902822723215, "beta": 5.4855549937960735}, "datetime": {"datetime": "2020-10-17 18:12:34", "elapsed": 231.099298, "delta": 3.443419}}
{"target": -831875.8996813395, "params": {"alpha": 0.6424408343382648, "beta": 5.466043063685521}, "datetime": {"datetime": "2020-10-17 18:12:37", "elapsed": 234.698937, "delta": 3.599639}}
{"target": -830968.7502240819, "params": {"alpha": 0.6390693993584564, "beta": 5.449691111370362}, "datetime": {"datetime": "2020-10-17 18:12:41", "elapsed": 238.850825, "delta": 4.151888}}
{"target": -830075.6049551741, "params": {"alpha": 0.6366721755331604, "beta": 5.433079621619742}, "datetime": {"datetime": "2020-10-17 18:12:47", "elapsed": 244.254473, "delta": 5.403648}}
{"target": -829194.2931162866, "params": {"alpha": 0.6368022682481859, "beta": 5.416209733265192}, "datetime": {"datetime": "2020-10-17 18:12:50", "elapsed": 247.087671, "delta": 2.833198}}
{"target": -828491.9679902903, "params": {"alpha": 0.6427045459864986, "beta": 5.401148604467462}, "datetime": {"datetime": "2020-10-17 18:12:52", "elapsed": 249.933824, "delta": 2.846153}}
{"target": -828473.4244521592, "params": {"alpha": 0.6502856444577749, "beta": 5.396799603321573}, "datetime": {"datetime": "2020-10-17 18:12:55", "elapsed": 252.938421, "delta": 3.004597}}
{"target": -828153.9899654426, "params": {"alpha": 0.6449603886162223, "beta": 5.393672784961976}, "datetime": {"datetime": "2020-10-17 18:12:58", "elapsed": 255.615062, "delta": 2.676641}}
{"target": -827058.562048964, "params": {"alpha": 0.6408500516119211, "beta": 5.374192509535465}, "datetime": {"datetime": "2020-10-17 18:13:00", "elapsed": 257.916897, "delta": 2.301835}}
{"target": -826140.7023210468, "params": {"alpha": 0.637177962904232, "beta": 5.357431079386612}, "datetime": {"datetime": "2020-10-17 18:13:04", "elapsed": 261.626245, "delta": 3.709348}}
{"target": -825275.8025599589, "params": {"alpha": 0.6345900978729888, "beta": 5.341087770335801}, "datetime": {"datetime": "2020-10-17 18:13:07", "elapsed": 264.895455, "delta": 3.26921}}
{"target": -824393.968719222, "params": {"alpha": 0.6344603629171969, "beta": 5.324014813999446}, "datetime": {"datetime": "2020-10-17 18:13:10", "elapsed": 267.557302, "delta": 2.661847}}
{"target": -823664.9636722394, "params": {"alpha": 0.6401716682920714, "beta": 5.308591993122897}, "datetime": {"datetime": "2020-10-17 18:13:13", "elapsed": 270.951233, "delta": 3.393931}}
{"target": -823614.2369135806, "params": {"alpha": 0.6483130438717318, "beta": 5.303544699433319}, "datetime": {"datetime": "2020-10-17 18:13:18", "elapsed": 275.100719, "delta": 4.149486}}
{"target": -823353.3503941295, "params": {"alpha": 0.643545938193358, "beta": 5.301138601691297}, "datetime": {"datetime": "2020-10-17 18:13:21", "elapsed": 278.61032, "delta": 3.509601}}
{"target": -822292.7341371138, "params": {"alpha": 0.6393413538776568, "beta": 5.282041925258876}, "datetime": {"datetime": "2020-10-17 18:13:25", "elapsed": 282.425433, "delta": 3.815113}}
{"target": -821392.0988892941, "params": {"alpha": 0.6356553615471031, "beta": 5.265286888869264}, "datetime": {"datetime": "2020-10-17 18:13:28", "elapsed": 285.926226, "delta": 3.500793}}
{"target": -820561.1151936536, "params": {"alpha": 0.6332051356493331, "beta": 5.249267069350207}, "datetime": {"datetime": "2020-10-17 18:13:31", "elapsed": 288.569444, "delta": 2.643218}}
{"target": -819698.4413007682, "params": {"alpha": 0.6334692779904783, "beta": 5.232248847103209}, "datetime": {"datetime": "2020-10-17 18:13:35", "elapsed": 292.417986, "delta": 3.848542}}
{"target": -819024.9908233598, "params": {"alpha": 0.6399968271579177, "beta": 5.217383716002831}, "datetime": {"datetime": "2020-10-17 18:13:38", "elapsed": 295.802003, "delta": 3.384017}}
{"target": -819021.1109855402, "params": {"alpha": 0.6471571088105365, "beta": 5.213530434550784}, "datetime": {"datetime": "2020-10-17 18:13:41", "elapsed": 298.58911, "delta": 2.787107}}
{"target": -818709.378300907, "params": {"alpha": 0.641867903348596, "beta": 5.210327861921024}, "datetime": {"datetime": "2020-10-17 18:13:45", "elapsed": 302.117174, "delta": 3.528064}}
{"target": -817684.548830348, "params": {"alpha": 0.6380632139793507, "beta": 5.191373022002479}, "datetime": {"datetime": "2020-10-17 18:13:47", "elapsed": 304.801177, "delta": 2.684003}}
{"target": -816835.1909568502, "params": {"alpha": 0.6349617461135038, "beta": 5.175167740836796}, "datetime": {"datetime": "2020-10-17 18:13:51", "elapsed": 308.756994, "delta": 3.955817}}
{"target": -816022.132267288, "params": {"alpha": 0.6334036594318216, "beta": 5.159113532193778}, "datetime": {"datetime": "2020-10-17 18:13:56", "elapsed": 313.839367, "delta": 5.082373}}
{"target": -815225.0295653645, "params": {"alpha": 0.6357645394921774, "beta": 5.142672594055804}, "datetime": {"datetime": "2020-10-17 18:14:02", "elapsed": 319.076375, "delta": 5.237008}}
{"target": -814835.7471966204, "params": {"alpha": 0.6443412888574795, "beta": 5.1311710025886015}, "datetime": {"datetime": "2020-10-17 18:14:05", "elapsed": 322.134644, "delta": 3.058269}}
{"target": -814864.4277549415, "params": {"alpha": 0.6459916028847266, "beta": 5.130679279083575}, "datetime": {"datetime": "2020-10-17 18:14:07", "elapsed": 324.746634, "delta": 2.61199}}
{"target": -814475.0920305875, "params": {"alpha": 0.6417066032222924, "beta": 5.125323249053226}, "datetime": {"datetime": "2020-10-17 18:14:10", "elapsed": 327.672751, "delta": 2.926117}}
