{"target": -1146143.420821749, "params": {"alpha": 0.7276219031074749, "beta": 6.104701139057963}, "datetime": {"datetime": "2020-10-17 18:08:42", "elapsed": 0.0, "delta": 0.0}}
{"target": -1501960.2753022048, "params": {"alpha": 0.3051994122489931, "beta": 8.025246329299044}, "datetime": {"datetime": "2020-10-17 18:08:43", "elapsed": 0.160194, "delta": 0.160194}}
{"target": -1336701.2017476573, "params": {"alpha": 0.497916792317126, "beta": 2.070191679483405}, "datetime": {"datetime": "2020-10-17 18:08:43", "elapsed": 0.333685, "delta": 0.173491}}
{"target": -1220280.1671759558, "params": {"alpha": 0.39078833232721283, "beta": 4.551785114854081}, "datetime": {"datetime": "2020-10-17 18:08:43", "elapsed": 0.487176, "delta": 0.153491}}
{"target": -3923907.638342579, "params": {"alpha": 0.3407750666686109, "beta": 1.7429568007729768}, "datetime": {"datetime": "2020-10-17 18:08:43", "elapsed": 0.659065, "delta": 0.171889}}
{"target": -1268956.8398910963, "params": {"alpha": 0.36789380024771157, "beta": 4.680022589282124}, "datetime": {"datetime": "2020-10-17 18:08:43", "elapsed": 0.830941, "delta": 0.171876}}
{"target": -1056740.2357304406, "params": {"alpha": 0.924599368884012, "beta": 3.6279303900661364}, "datetime": {"datetime": "2020-10-17 18:08:43", "elapsed": 1.034064, "delta": 0.203123}}
{"target": -1352964.2152885103, "params": {"alpha": 0.8318685506191031, "beta": 9.90296201688082}, "datetime": {"datetime": "2020-10-17 18:08:44", "elapsed": 1.21447, "delta": 0.180406}}
{"target": -1056740.233205944, "params": {"alpha": 0.9245993640660912, "beta": 3.627930385645595}, "datetime": {"datetime": "2020-10-17 18:08:44", "elapsed": 1.566316, "delta": 0.351846}}
{"target": -1060494.0297329254, "params": {"alpha": 0.93158453604735, "beta": 3.6289107713104527}, "datetime": {"datetime": "2020-10-17 18:08:44", "elapsed": 1.816316, "delta": 0.25}}
{"target": -1055149.0041101088, "params": {"alpha": 0.921617380085698, "beta": 3.627511862029062}, "datetime": {"datetime": "2020-10-17 18:08:45", "elapsed": 2.146131, "delta": 0.329815}}
{"target": -1048261.4809081745, "params": {"alpha": 0.9085535765792435, "beta": 3.625678504839002}, "datetime": {"datetime": "2020-10-17 18:08:45", "elapsed": 2.512094, "delta": 0.365963}}
{"target": -1048634.1095101133, "params": {"alpha": 0.9093749987109956, "beta": 3.632225146936481}, "datetime": {"datetime": "2020-10-17 18:08:45", "elapsed": 2.855858, "delta": 0.343764}}
{"target": -1042712.6554682034, "params": {"alpha": 0.8978639622691852, "beta": 3.627983024453039}, "datetime": {"datetime": "2020-10-17 18:08:46", "elapsed": 3.263283, "delta": 0.407425}}
{"target": -1037283.7445012212, "params": {"alpha": 0.8871497095382882, "beta": 3.6287953993675335}, "datetime": {"datetime": "2020-10-17 18:08:46", "elapsed": 3.672665, "delta": 0.409382}}
{"target": -1034889.6856611731, "params": {"alpha": 0.8823445155598569, "beta": 3.628513547177841}, "datetime": {"datetime": "2020-10-17 18:08:46", "elapsed": 4.018402, "delta": 0.345737}}
{"target": -1026708.702516623, "params": {"alpha": 0.8655446005944302, "beta": 3.626546143674698}, "datetime": {"datetime": "2020-10-17 18:08:47", "elapsed": 4.394488, "delta": 0.376086}}
{"target": -1135952.6712861543, "params": {"alpha": 0.6295151420379856, "beta": 5.807458857675274}, "datetime": {"datetime": "2020-10-17 18:08:47", "elapsed": 4.691366, "delta": 0.296878}}
{"target": -1018848.4289506181, "params": {"alpha": 0.8487505612468458, "beta": 3.6248695869080025}, "datetime": {"datetime": "2020-10-17 18:08:47", "elapsed": 5.05074, "delta": 0.359374}}
{"target": -1011356.8404736483, "params": {"alpha": 0.8319445518192524, "beta": 3.624728412899881}, "datetime": {"datetime": "2020-10-17 18:08:48", "elapsed": 5.430812, "delta": 0.380072}}
{"target": -1004305.0482757561, "params": {"alpha": 0.8150749226767456, "beta": 3.6277413874329354}, "datetime": {"datetime": "2020-10-17 18:08:48", "elapsed": 5.791301, "delta": 0.360489}}
{"target": -999071.8706294532, "params": {"alpha": 0.8013744236612039, "beta": 3.6361472957942325}, "datetime": {"datetime": "2020-10-17 18:08:49", "elapsed": 6.353801, "delta": 0.5625}}
{"target": -997691.8229037811, "params": {"alpha": 0.7970641621354203, "beta": 3.645925634171591}, "datetime": {"datetime": "2020-10-17 18:08:50", "elapsed": 7.354977, "delta": 1.001176}}
{"target": -997325.345071996, "params": {"alpha": 0.7960617116362572, "beta": 3.6461843991954943}, "datetime": {"datetime": "2020-10-17 18:08:51", "elapsed": 8.51381, "delta": 1.158833}}
{"target": -989663.6862138276, "params": {"alpha": 0.774308574111856, "beta": 3.6460941326210192}, "datetime": {"datetime": "2020-10-17 18:08:52", "elapsed": 9.989058, "delta": 1.475248}}
{"target": -984654.4967754688, "params": {"alpha": 0.758464290394035, "beta": 3.6460089453946964}, "datetime": {"datetime": "2020-10-17 18:08:54", "elapsed": 11.684671, "delta": 1.695613}}
{"target": -979734.9197423537, "params": {"alpha": 0.7408509485368587, "beta": 3.6464756434155663}, "datetime": {"datetime": "2020-10-17 18:08:56", "elapsed": 13.091104, "delta": 1.406433}}
{"target": -975947.0327873476, "params": {"alpha": 0.7248335276474287, "beta": 3.6481464064349622}, "datetime": {"datetime": "2020-10-17 18:08:57", "elapsed": 14.597916, "delta": 1.506812}}
{"target": -973323.5849101795, "params": {"alpha": 0.7109536646908456, "beta": 3.6521885844387323}, "datetime": {"datetime": "2020-10-17 18:08:58", "elapsed": 15.876746, "delta": 1.27883}}
{"target": -972320.7696960161, "params": {"alpha": 0.7028694869774008, "beta": 3.6601214064933494}, "datetime": {"datetime": "2020-10-17 18:09:00", "elapsed": 17.069589, "delta": 1.192843}}
{"target": -972317.7439763147, "params": {"alpha": 0.7024615482615932, "beta": 3.6613747069668543}, "datetime": {"datetime": "2020-10-17 18:09:00", "elapsed": 17.978184, "delta": 0.908595}}
{"target": -2089599.0356823902, "params": {"alpha": 0.1368641698862598, "beta": 7.531481283924518}, "datetime": {"datetime": "2020-10-17 18:09:01", "elapsed": 18.963945, "delta": 0.985761}}
{"target": -972380.1862998969, "params": {"alpha": 0.7029240432610334, "beta": 3.6611550148293937}, "datetime": {"datetime": "2020-10-17 18:09:02", "elapsed": 19.935986, "delta": 0.972041}}
{"target": -971304.0312299733, "params": {"alpha": 0.6964722655580311, "beta": 3.658952966185828}, "datetime": {"datetime": "2020-10-17 18:09:03", "elapsed": 20.981494, "delta": 1.045508}}
{"target": -969667.1693640108, "params": {"alpha": 0.6838605064780205, "beta": 3.6569002470931204}, "datetime": {"datetime": "2020-10-17 18:09:05", "elapsed": 22.155682, "delta": 1.174188}}
{"target": -968692.9053875678, "params": {"alpha": 0.673326884951326, "beta": 3.6553625808543466}, "datetime": {"datetime": "2020-10-17 18:09:06", "elapsed": 23.389634, "delta": 1.233952}}
{"target": -967850.1375659598, "params": {"alpha": 0.6640227441058314, "beta": 3.6486317411716023}, "datetime": {"datetime": "2020-10-17 18:09:17", "elapsed": 34.321995, "delta": 10.932361}}
{"target": -968641.3320372195, "params": {"alpha": 0.6423139043873202, "beta": 3.6605320238414762}, "datetime": {"datetime": "2020-10-17 18:09:21", "elapsed": 38.884528, "delta": 4.562533}}
{"target": -967650.5938982898, "params": {"alpha": 0.6528408084110039, "beta": 3.648047598348115}, "datetime": {"datetime": "2020-10-17 18:09:23", "elapsed": 40.962738, "delta": 2.07821}}
{"target": -967665.652574574, "params": {"alpha": 0.6550918428102757, "beta": 3.648391060739451}, "datetime": {"datetime": "2020-10-17 18:09:25", "elapsed": 42.794407, "delta": 1.831669}}
{"target": -967576.3315432557, "params": {"alpha": 0.6547308440806804, "beta": 3.6467870778468088}, "datetime": {"datetime": "2020-10-17 18:09:28", "elapsed": 45.233026, "delta": 2.438619}}
{"target": -967238.1297492881, "params": {"alpha": 0.6552655412467676, "beta": 3.6406154196929257}, "datetime": {"datetime": "2020-10-17 18:09:30", "elapsed": 47.861178, "delta": 2.628152}}
{"target": -966680.9247541141, "params": {"alpha": 0.6555580198569477, "beta": 3.6303679272599223}, "datetime": {"datetime": "2020-10-17 18:09:32", "elapsed": 49.769739, "delta": 1.908561}}
{"target": -966160.9763376444, "params": {"alpha": 0.6565926492784753, "beta": 3.620549255840954}, "datetime": {"datetime": "2020-10-17 18:09:35", "elapsed": 52.760053, "delta": 2.990314}}
{"target": -965682.3789352144, "params": {"alpha": 0.6584941218255691, "beta": 3.610994471258218}, "datetime": {"datetime": "2020-10-17 18:09:38", "elapsed": 55.106165, "delta": 2.346112}}
{"target": -965306.8069538914, "params": {"alpha": 0.6614409557202882, "beta": 3.6023788877964917}, "datetime": {"datetime": "2020-10-17 18:09:40", "elapsed": 57.602603, "delta": 2.496438}}
{"target": -965133.6090581523, "params": {"alpha": 0.6730406792329191, "beta": 3.586641201643707}, "datetime": {"datetime": "2020-10-17 18:09:42", "elapsed": 60.01972, "delta": 2.417117}}
{"target": -965223.9934982375, "params": {"alpha": 0.6698464089536772, "beta": 3.5929165604567697}, "datetime": {"datetime": "2020-10-17 18:09:45", "elapsed": 62.433978, "delta": 2.414258}}
{"target": -1048586.066793593, "params": {"alpha": 0.7837565572822538, "beta": 4.704049815690776}, "datetime": {"datetime": "2020-10-17 18:09:48", "elapsed": 65.536094, "delta": 3.102116}}
{"target": -964204.9123159782, "params": {"alpha": 0.6618758969166364, "beta": 3.5805744966166846}, "datetime": {"datetime": "2020-10-17 18:09:50", "elapsed": 67.980766, "delta": 2.444672}}
{"target": -963833.5449697026, "params": {"alpha": 0.6576741978418328, "beta": 3.575566840999217}, "datetime": {"datetime": "2020-10-17 18:09:53", "elapsed": 70.611705, "delta": 2.630939}}
{"target": -964001.5891813303, "params": {"alpha": 0.6435127330126323, "beta": 3.5766373683660118}, "datetime": {"datetime": "2020-10-17 18:09:55", "elapsed": 72.602033, "delta": 1.990328}}
{"target": -963294.5391732171, "params": {"alpha": 0.6529973235884551, "beta": 3.5659954456039373}, "datetime": {"datetime": "2020-10-17 18:09:58", "elapsed": 75.387919, "delta": 2.785886}}
{"target": -962791.0008079454, "params": {"alpha": 0.6518188223853253, "beta": 3.5560079654713737}, "datetime": {"datetime": "2020-10-17 18:10:00", "elapsed": 77.548816, "delta": 2.160897}}
{"target": -962245.5664271059, "params": {"alpha": 0.6519963029828816, "beta": 3.545024127849211}, "datetime": {"datetime": "2020-10-17 18:10:02", "elapsed": 79.802265, "delta": 2.253449}}
{"target": -961734.4300805121, "params": {"alpha": 0.65367895235122, "beta": 3.534389781543905}, "datetime": {"datetime": "2020-10-17 18:10:05", "elapsed": 82.182198, "delta": 2.379933}}
{"target": -961351.3119984561, "params": {"alpha": 0.6573779006955149, "beta": 3.525089537299937}, "datetime": {"datetime": "2020-10-17 18:10:08", "elapsed": 85.090771, "delta": 2.908573}}
{"target": -961312.4760979124, "params": {"alpha": 0.6621485680373459, "beta": 3.520766626081594}, "datetime": {"datetime": "2020-10-17 18:10:10", "elapsed": 87.708728, "delta": 2.617957}}
{"target": -961155.3696983384, "params": {"alpha": 0.6593350182350936, "beta": 3.519724315214816}, "datetime": {"datetime": "2020-10-17 18:10:13", "elapsed": 90.505466, "delta": 2.796738}}
{"target": -960501.5357005681, "params": {"alpha": 0.6546756107055597, "beta": 3.508144363453539}, "datetime": {"datetime": "2020-10-17 18:10:16", "elapsed": 93.952626, "delta": 3.44716}}
{"target": -960017.7039847431, "params": {"alpha": 0.6513893522263343, "beta": 3.498360430184096}, "datetime": {"datetime": "2020-10-17 18:10:19", "elapsed": 96.781943, "delta": 2.829317}}
{"target": -959546.4087373647, "params": {"alpha": 0.6490038572357584, "beta": 3.4880050844978916}, "datetime": {"datetime": "2020-10-17 18:10:21", "elapsed": 98.974331, "delta": 2.192388}}
{"target": -958885.8292352165, "params": {"alpha": 0.6608089769525702, "beta": 3.467807632878946}, "datetime": {"datetime": "2020-10-17 18:10:24", "elapsed": 101.244987, "delta": 2.270656}}
{"target": -958808.0936341855, "params": {"alpha": 0.6570585478791168, "beta": 3.4692531569270058}, "datetime": {"datetime": "2020-10-17 18:10:26", "elapsed": 104.002794, "delta": 2.757807}}
{"target": -958718.1820239689, "params": {"alpha": 0.655753654825822, "beta": 3.467992441315075}, "datetime": {"datetime": "2020-10-17 18:10:29", "elapsed": 106.760469, "delta": 2.757675}}
{"target": -958203.2357778306, "params": {"alpha": 0.6523022968006116, "beta": 3.45748253603412}, "datetime": {"datetime": "2020-10-17 18:10:33", "elapsed": 110.296565, "delta": 3.536096}}
{"target": -958893.9102598391, "params": {"alpha": 0.6424263026931266, "beta": 3.470742715956448}, "datetime": {"datetime": "2020-10-17 18:10:37", "elapsed": 114.830395, "delta": 4.53383}}
{"target": -957726.1669735472, "params": {"alpha": 0.6507337329093308, "beta": 3.446585193172297}, "datetime": {"datetime": "2020-10-17 18:10:41", "elapsed": 118.747899, "delta": 3.917504}}
{"target": -957249.0949413775, "params": {"alpha": 0.6487027226198011, "beta": 3.435269227816504}, "datetime": {"datetime": "2020-10-17 18:10:44", "elapsed": 121.834079, "delta": 3.08618}}
{"target": -956811.1287613679, "params": {"alpha": 0.6469440770311734, "beta": 3.4243830146695315}, "datetime": {"datetime": "2020-10-17 18:10:47", "elapsed": 125.048141, "delta": 3.214062}}
{"target": -956375.3465302008, "params": {"alpha": 0.6461006729932355, "beta": 3.4133698322728856}, "datetime": {"datetime": "2020-10-17 18:10:50", "elapsed": 127.485771, "delta": 2.43763}}
{"target": -955914.232250501, "params": {"alpha": 0.6483091636351774, "beta": 3.4020355625382326}, "datetime": {"datetime": "2020-10-17 18:10:52", "elapsed": 129.691213, "delta": 2.205442}}
{"target": -955775.4259311579, "params": {"alpha": 0.6554483460398627, "beta": 3.395616995593308}, "datetime": {"datetime": "2020-10-17 18:10:54", "elapsed": 131.631089, "delta": 1.939876}}
{"target": -955691.2473109546, "params": {"alpha": 0.6531679633982942, "beta": 3.3949498737262584}, "datetime": {"datetime": "2020-10-17 18:10:56", "elapsed": 133.953554, "delta": 2.322465}}
{"target": -956976.7367450503, "params": {"alpha": 0.6463900591752981, "beta": 3.4282792392507115}, "datetime": {"datetime": "2020-10-17 18:10:59", "elapsed": 136.659028, "delta": 2.705474}}
{"target": -955246.5076065605, "params": {"alpha": 0.6500243290604613, "beta": 3.3842933731325093}, "datetime": {"datetime": "2020-10-17 18:11:02", "elapsed": 139.19747, "delta": 2.538442}}
{"target": -954864.9471335203, "params": {"alpha": 0.6479171888612559, "beta": 3.37413394609129}, "datetime": {"datetime": "2020-10-17 18:11:04", "elapsed": 141.930328, "delta": 2.732858}}
{"target": -954474.0827863616, "params": {"alpha": 0.6462428130642615, "beta": 3.363090631688206}, "datetime": {"datetime": "2020-10-17 18:11:07", "elapsed": 144.632565, "delta": 2.702237}}
{"target": -954705.9110021956, "params": {"alpha": 0.6565610679811236, "beta": 3.3649698619224453}, "datetime": {"datetime": "2020-10-17 18:11:10", "elapsed": 147.682534, "delta": 3.049969}}
{"target": -954067.3404459488, "params": {"alpha": 0.6475855369176025, "beta": 3.351597495295676}, "datetime": {"datetime": "2020-10-17 18:11:12", "elapsed": 149.175111, "delta": 1.492577}}
{"target": -953694.9077921772, "params": {"alpha": 0.6477633806012969, "beta": 3.340590787189794}, "datetime": {"datetime": "2020-10-17 18:11:13", "elapsed": 150.253234, "delta": 1.078123}}
{"target": -953332.0831276797, "params": {"alpha": 0.6474446930708991, "beta": 3.329545854624933}, "datetime": {"datetime": "2020-10-17 18:11:14", "elapsed": 151.351853, "delta": 1.098619}}
{"target": -952985.7202124927, "params": {"alpha": 0.6465573001459833, "beta": 3.3186391448617005}, "datetime": {"datetime": "2020-10-17 18:11:16", "elapsed": 153.229399, "delta": 1.877546}}
{"target": -952674.5304799343, "params": {"alpha": 0.6447563390318198, "beta": 3.3082014972230747}, "datetime": {"datetime": "2020-10-17 18:11:18", "elapsed": 155.87384, "delta": 2.644441}}
{"target": -952484.5222074671, "params": {"alpha": 0.6409626625894019, "beta": 3.2995148267823127}, "datetime": {"datetime": "2020-10-17 18:11:21", "elapsed": 158.537653, "delta": 2.663813}}
{"target": -952564.3218222676, "params": {"alpha": 0.6375765907346946, "beta": 3.298075648124073}, "datetime": {"datetime": "2020-10-17 18:11:24", "elapsed": 161.47205, "delta": 2.934397}}
{"target": -952161.9652230114, "params": {"alpha": 0.6450172812644527, "beta": 3.2909100150972117}, "datetime": {"datetime": "2020-10-17 18:11:27", "elapsed": 164.3208, "delta": 2.84875}}
{"target": -951927.5774121688, "params": {"alpha": 0.647735693691376, "beta": 3.2826075439726194}, "datetime": {"datetime": "2020-10-17 18:11:29", "elapsed": 166.985589, "delta": 2.664789}}
{"target": -951721.3850374736, "params": {"alpha": 0.6497631304389808, "beta": 3.274099631040844}, "datetime": {"datetime": "2020-10-17 18:11:32", "elapsed": 169.81864, "delta": 2.833051}}
{"target": -951495.1494172092, "params": {"alpha": 0.6500940051379459, "beta": 3.2651610411647645}, "datetime": {"datetime": "2020-10-17 18:11:34", "elapsed": 171.83918, "delta": 2.02054}}
{"target": -951198.7690747564, "params": {"alpha": 0.6468919753075051, "beta": 3.2548531864384724}, "datetime": {"datetime": "2020-10-17 18:11:37", "elapsed": 174.187803, "delta": 2.348623}}
{"target": -951078.5754755728, "params": {"alpha": 0.6423692209668748, "beta": 3.248747399843359}, "datetime": {"datetime": "2020-10-17 18:11:39", "elapsed": 176.578715, "delta": 2.390912}}
{"target": -951079.6415923088, "params": {"alpha": 0.6411673818193033, "beta": 3.2477730204193698}, "datetime": {"datetime": "2020-10-17 18:11:42", "elapsed": 179.869334, "delta": 3.290619}}
{"target": -951061.0275616882, "params": {"alpha": 0.6415937942232374, "beta": 3.247399843189089}, "datetime": {"datetime": "2020-10-17 18:11:46", "elapsed": 183.997054, "delta": 4.12772}}
{"target": -950925.0098535416, "params": {"alpha": 0.6431539135823808, "beta": 3.242829031574436}, "datetime": {"datetime": "2020-10-17 18:11:50", "elapsed": 187.912896, "delta": 3.915842}}
{"target": -950704.4419823601, "params": {"alpha": 0.6464958779286236, "beta": 3.2338640800383907}, "datetime": {"datetime": "2020-10-17 18:11:54", "elapsed": 191.178178, "delta": 3.265282}}
{"target": -950563.4562964725, "params": {"alpha": 0.6481414099218333, "beta": 3.2267630091271826}, "datetime": {"datetime": "2020-10-17 18:11:58", "elapsed": 195.807202, "delta": 4.629024}}
{"target": -950387.3903087246, "params": {"alpha": 0.6480571138348704, "beta": 3.2183821965702277}, "datetime": {"datetime": "2020-10-17 18:12:02", "elapsed": 199.652112, "delta": 3.84491}}
{"target": -950183.7154526584, "params": {"alpha": 0.6451020915069989, "beta": 3.2090751455026267}, "datetime": {"datetime": "2020-10-17 18:12:06", "elapsed": 203.07638, "delta": 3.424268}}
{"target": -950107.821913114, "params": {"alpha": 0.6417208134862428, "beta": 3.203468326845225}, "datetime": {"datetime": "2020-10-17 18:12:09", "elapsed": 206.424067, "delta": 3.347687}}
{"target": -950107.3560495733, "params": {"alpha": 0.6406125711293983, "beta": 3.202222056260907}, "datetime": {"datetime": "2020-10-17 18:12:13", "elapsed": 210.465815, "delta": 4.041748}}
{"target": -950346.7926786043, "params": {"alpha": 0.6338695403531908, "beta": 3.200017633701598}, "datetime": {"datetime": "2020-10-17 18:12:16", "elapsed": 213.754433, "delta": 3.288618}}
{"target": -949927.3815269603, "params": {"alpha": 0.6450276271188675, "beta": 3.1953558718794266}, "datetime": {"datetime": "2020-10-17 18:12:21", "elapsed": 218.122916, "delta": 4.368483}}
{"target": -949845.6982965139, "params": {"alpha": 0.6468808150833719, "beta": 3.1902152369207073}, "datetime": {"datetime": "2020-10-17 18:12:23", "elapsed": 220.97157, "delta": 2.848654}}
{"target": -949766.9958125469, "params": {"alpha": 0.647965840304063, "beta": 3.1847121391345627}, "datetime": {"datetime": "2020-10-17 18:12:26", "elapsed": 223.552079, "delta": 2.580509}}
{"target": -949659.8207449912, "params": {"alpha": 0.6480182489017426, "beta": 3.177927944512664}, "datetime": {"datetime": "2020-10-17 18:12:28", "elapsed": 226.0536, "delta": 2.501521}}
{"target": -949514.8457928878, "params": {"alpha": 0.6465477922301934, "beta": 3.169502004890637}, "datetime": {"datetime": "2020-10-17 18:12:31", "elapsed": 228.844513, "delta": 2.790913}}
{"target": -949398.5133115627, "params": {"alpha": 0.6447316334494586, "beta": 3.161848598391989}, "datetime": {"datetime": "2020-10-17 18:12:33", "elapsed": 230.910392, "delta": 2.065879}}
