{"target": -1312735.4277379152, "params": {"alpha": 0.7276219031074749, "beta": 6.104701139057963}, "datetime": {"datetime": "2020-10-17 18:15:41", "elapsed": 0.0, "delta": 0.0}}
{"target": -2139374.6632674737, "params": {"alpha": 0.3051994122489931, "beta": 8.025246329299044}, "datetime": {"datetime": "2020-10-17 18:15:41", "elapsed": 0.297993, "delta": 0.297993}}
{"target": -3600857.6658274904, "params": {"alpha": 0.497916792317126, "beta": 2.070191679483405}, "datetime": {"datetime": "2020-10-17 18:15:42", "elapsed": 0.657371, "delta": 0.359378}}
{"target": -2260882.9891353715, "params": {"alpha": 0.39078833232721283, "beta": 4.551785114854081}, "datetime": {"datetime": "2020-10-17 18:15:42", "elapsed": 0.987049, "delta": 0.329678}}
{"target": -9620115.879084716, "params": {"alpha": 0.3407750666686109, "beta": 1.7429568007729768}, "datetime": {"datetime": "2020-10-17 18:15:42", "elapsed": 1.300667, "delta": 0.313618}}
{"target": -2344769.3117090496, "params": {"alpha": 0.36789380024771157, "beta": 4.680022589282124}, "datetime": {"datetime": "2020-10-17 18:15:43", "elapsed": 1.644417, "delta": 0.34375}}
{"target": -947608.5723105493, "params": {"alpha": 0.924599368884012, "beta": 3.6279303900661364}, "datetime": {"datetime": "2020-10-17 18:15:43", "elapsed": 1.959677, "delta": 0.31526}}
{"target": -1362147.1228407193, "params": {"alpha": 0.8318685506191031, "beta": 9.90296201688082}, "datetime": {"datetime": "2020-10-17 18:15:43", "elapsed": 2.381549, "delta": 0.421872}}
{"target": -947610.3388821362, "params": {"alpha": 0.924598129131734, "beta": 3.6279325477851967}, "datetime": {"datetime": "2020-10-17 18:15:44", "elapsed": 2.852884, "delta": 0.471335}}
{"target": -947612.0985681262, "params": {"alpha": 0.9245968961635905, "beta": 3.627934762474581}, "datetime": {"datetime": "2020-10-17 18:15:45", "elapsed": 3.466885, "delta": 0.614001}}
{"target": -1313490.4883853267, "params": {"alpha": 0.7271368692611956, "beta": 6.108545159608595}, "datetime": {"datetime": "2020-10-17 18:15:45", "elapsed": 3.970885, "delta": 0.504}}
{"target": -947611.7388937933, "params": {"alpha": 0.9245971437122603, "beta": 3.627934160035424}, "datetime": {"datetime": "2020-10-17 18:15:46", "elapsed": 4.544887, "delta": 0.574002}}
{"target": -947610.1973564416, "params": {"alpha": 0.924598216556283, "beta": 3.6279319760078623}, "datetime": {"datetime": "2020-10-17 18:15:46", "elapsed": 5.135887, "delta": 0.591}}
{"target": -947606.5241100813, "params": {"alpha": 0.9246007980638781, "beta": 3.627927612784719}, "datetime": {"datetime": "2020-10-17 18:15:47", "elapsed": 5.751887, "delta": 0.616}}
{"target": -947589.2629033157, "params": {"alpha": 0.9246129124439638, "beta": 3.6279065494647047}, "datetime": {"datetime": "2020-10-17 18:15:47", "elapsed": 6.328888, "delta": 0.577001}}
{"target": -947254.7976385873, "params": {"alpha": 0.9248475569680854, "beta": 3.627493886010736}, "datetime": {"datetime": "2020-10-17 18:15:48", "elapsed": 6.965889, "delta": 0.637001}}
{"target": -936085.0464288023, "params": {"alpha": 0.9327283974882112, "beta": 3.613636982486151}, "datetime": {"datetime": "2020-10-17 18:15:49", "elapsed": 7.54089, "delta": 0.575001}}
{"target": -926956.4265407565, "params": {"alpha": 0.939233980489085, "beta": 3.6021965032427965}, "datetime": {"datetime": "2020-10-17 18:15:49", "elapsed": 8.16789, "delta": 0.627}}
{"target": -904636.0902949894, "params": {"alpha": 0.9553903826557439, "beta": 3.5737524140062087}, "datetime": {"datetime": "2020-10-17 18:15:50", "elapsed": 8.732523, "delta": 0.564633}}
{"target": -887998.0463603681, "params": {"alpha": 0.9676653244180322, "beta": 3.552007086813152}, "datetime": {"datetime": "2020-10-17 18:15:50", "elapsed": 9.310651, "delta": 0.578128}}
{"target": -870238.4515555894, "params": {"alpha": 0.9809690611902695, "beta": 3.527767362253373}, "datetime": {"datetime": "2020-10-17 18:15:51", "elapsed": 9.857527, "delta": 0.546876}}
{"target": -857953.6170372758, "params": {"alpha": 0.99, "beta": 3.50388095878972}, "datetime": {"datetime": "2020-10-17 18:15:51", "elapsed": 10.404405, "delta": 0.546878}}
{"target": -859445.9605450848, "params": {"alpha": 0.988081731989529, "beta": 3.4882720125005693}, "datetime": {"datetime": "2020-10-17 18:15:52", "elapsed": 10.986494, "delta": 0.582089}}
{"target": -857596.3496185646, "params": {"alpha": 0.99, "beta": 3.497290849905042}, "datetime": {"datetime": "2020-10-17 18:15:53", "elapsed": 11.565747, "delta": 0.579253}}
{"target": -857604.8867284495, "params": {"alpha": 0.99, "beta": 3.497448830481975}, "datetime": {"datetime": "2020-10-17 18:15:53", "elapsed": 12.143863, "delta": 0.578116}}
{"target": -857602.2792510808, "params": {"alpha": 0.99, "beta": 3.497400581354083}, "datetime": {"datetime": "2020-10-17 18:15:54", "elapsed": 12.691973, "delta": 0.54811}}
{"target": -856617.098538143, "params": {"alpha": 0.9899875588990273, "beta": 3.478712834005245}, "datetime": {"datetime": "2020-10-17 18:15:54", "elapsed": 13.239991, "delta": 0.548018}}
{"target": -856299.4050413101, "params": {"alpha": 0.99, "beta": 3.4729881704809014}, "datetime": {"datetime": "2020-10-17 18:15:55", "elapsed": 13.94311, "delta": 0.703119}}
{"target": -855938.4778887982, "params": {"alpha": 0.99, "beta": 3.466112447908102}, "datetime": {"datetime": "2020-10-17 18:15:56", "elapsed": 14.524866, "delta": 0.581756}}
{"target": -855619.1410568868, "params": {"alpha": 0.99, "beta": 3.4599855793292207}, "datetime": {"datetime": "2020-10-17 18:15:56", "elapsed": 15.088471, "delta": 0.563605}}
{"target": -855293.5655868606, "params": {"alpha": 0.99, "beta": 3.45369562761569}, "datetime": {"datetime": "2020-10-17 18:15:57", "elapsed": 15.731389, "delta": 0.642918}}
{"target": -860700.3807869186, "params": {"alpha": 0.9894571352222804, "beta": 3.541718612973591}, "datetime": {"datetime": "2020-10-17 18:15:58", "elapsed": 16.413289, "delta": 0.6819}}
{"target": -859538.3330944909, "params": {"alpha": 0.9878282622539426, "beta": 3.4841633262860188}, "datetime": {"datetime": "2020-10-17 18:15:58", "elapsed": 16.98629, "delta": 0.573001}}
{"target": -854902.5800696502, "params": {"alpha": 0.99, "beta": 3.4460820753787234}, "datetime": {"datetime": "2020-10-17 18:15:59", "elapsed": 17.51929, "delta": 0.533}}
{"target": -854507.2562102115, "params": {"alpha": 0.99, "beta": 3.438315025520146}, "datetime": {"datetime": "2020-10-17 18:15:59", "elapsed": 18.11029, "delta": 0.591}}
{"target": -854108.5014508374, "params": {"alpha": 0.99, "beta": 3.430407324229435}, "datetime": {"datetime": "2020-10-17 18:16:00", "elapsed": 18.744291, "delta": 0.634001}}
{"target": -853706.0022804836, "params": {"alpha": 0.99, "beta": 3.4223475399695262}, "datetime": {"datetime": "2020-10-17 18:16:02", "elapsed": 21.026295, "delta": 2.282004}}
{"target": -869403.14447657, "params": {"alpha": 0.976398830843425, "beta": 3.391935088685039}, "datetime": {"datetime": "2020-10-17 18:16:04", "elapsed": 22.892121, "delta": 1.865826}}
{"target": -853340.5973964588, "params": {"alpha": 0.99, "beta": 3.4149599029669506}, "datetime": {"datetime": "2020-10-17 18:16:06", "elapsed": 24.626487, "delta": 1.734366}}
{"target": -861436.0009593756, "params": {"alpha": 0.9864988380817089, "beta": 3.4893414623522054}, "datetime": {"datetime": "2020-10-17 18:16:07", "elapsed": 26.167274, "delta": 1.540787}}
{"target": -853017.0989491772, "params": {"alpha": 0.99, "beta": 3.4083610886605196}, "datetime": {"datetime": "2020-10-17 18:16:09", "elapsed": 27.936992, "delta": 1.769718}}
{"target": -852681.4887831031, "params": {"alpha": 0.99, "beta": 3.40145491542764}, "datetime": {"datetime": "2020-10-17 18:16:11", "elapsed": 29.474567, "delta": 1.537575}}
{"target": -852303.3357735905, "params": {"alpha": 0.99, "beta": 3.3935966782626794}, "datetime": {"datetime": "2020-10-17 18:16:12", "elapsed": 31.209569, "delta": 1.735002}}
{"target": -851881.0071098201, "params": {"alpha": 0.99, "beta": 3.3847200092652505}, "datetime": {"datetime": "2020-10-17 18:16:14", "elapsed": 32.44257, "delta": 1.233001}}
{"target": -851441.2446731814, "params": {"alpha": 0.99, "beta": 3.3753583669663954}, "datetime": {"datetime": "2020-10-17 18:16:15", "elapsed": 33.862572, "delta": 1.420002}}
{"target": -851005.1740395477, "params": {"alpha": 0.99, "beta": 3.365949109090058}, "datetime": {"datetime": "2020-10-17 18:16:17", "elapsed": 35.932323, "delta": 2.069751}}
{"target": -852198.4181574937, "params": {"alpha": 0.9885253932800226, "beta": 3.3513677751215223}, "datetime": {"datetime": "2020-10-17 18:16:19", "elapsed": 37.550378, "delta": 1.618055}}
{"target": -850287.5680077595, "params": {"alpha": 0.99, "beta": 3.350171407995132}, "datetime": {"datetime": "2020-10-17 18:16:21", "elapsed": 39.457478, "delta": 1.9071}}
{"target": -849903.0386746256, "params": {"alpha": 0.99, "beta": 3.3415555465081312}, "datetime": {"datetime": "2020-10-17 18:16:23", "elapsed": 41.703889, "delta": 2.246411}}
{"target": -849386.2026843916, "params": {"alpha": 0.99, "beta": 3.329783413950439}, "datetime": {"datetime": "2020-10-17 18:16:25", "elapsed": 43.613891, "delta": 1.910002}}
{"target": -849014.140552532, "params": {"alpha": 0.99, "beta": 3.3211636523526042}, "datetime": {"datetime": "2020-10-17 18:16:27", "elapsed": 45.891894, "delta": 2.278003}}
{"target": -855533.6364970831, "params": {"alpha": 0.9870477649679394, "beta": 3.3838706846599855}, "datetime": {"datetime": "2020-10-17 18:16:29", "elapsed": 47.60865, "delta": 1.716756}}
{"target": -853005.134595764, "params": {"alpha": 0.9865595319227436, "beta": 3.3118296607276503}, "datetime": {"datetime": "2020-10-17 18:16:31", "elapsed": 49.613344, "delta": 2.004694}}
{"target": -852516.7517421443, "params": {"alpha": 0.9891014437911694, "beta": 3.3743148400652965}, "datetime": {"datetime": "2020-10-17 18:16:32", "elapsed": 50.897293, "delta": 1.283949}}
{"target": -848941.4568292559, "params": {"alpha": 0.9899094329328508, "beta": 3.3167685848865576}, "datetime": {"datetime": "2020-10-17 18:16:33", "elapsed": 52.399709, "delta": 1.502416}}
{"target": -850223.508589849, "params": {"alpha": 0.9890677014021074, "beta": 3.321789736071482}, "datetime": {"datetime": "2020-10-17 18:16:35", "elapsed": 54.029143, "delta": 1.629434}}
{"target": -848412.5364427286, "params": {"alpha": 0.99, "beta": 3.3069477229817443}, "datetime": {"datetime": "2020-10-17 18:16:37", "elapsed": 55.565145, "delta": 1.536002}}
{"target": -847940.848910375, "params": {"alpha": 0.99, "beta": 3.29554111706559}, "datetime": {"datetime": "2020-10-17 18:16:38", "elapsed": 57.109147, "delta": 1.544002}}
{"target": -847506.7389316005, "params": {"alpha": 0.99, "beta": 3.284822230823504}, "datetime": {"datetime": "2020-10-17 18:16:40", "elapsed": 58.59815, "delta": 1.489003}}
{"target": -847101.209610945, "params": {"alpha": 0.99, "beta": 3.2746015830666693}, "datetime": {"datetime": "2020-10-17 18:16:41", "elapsed": 60.138529, "delta": 1.540379}}
{"target": -846697.1556611281, "params": {"alpha": 0.99, "beta": 3.264202069322659}, "datetime": {"datetime": "2020-10-17 18:16:43", "elapsed": 61.87594, "delta": 1.737411}}
{"target": -846301.9455823323, "params": {"alpha": 0.99, "beta": 3.2538036537767057}, "datetime": {"datetime": "2020-10-17 18:16:44", "elapsed": 63.397941, "delta": 1.522001}}
{"target": -854907.4831418577, "params": {"alpha": 0.983228216234707, "beta": 3.248073249006837}, "datetime": {"datetime": "2020-10-17 18:16:46", "elapsed": 64.777944, "delta": 1.380003}}
{"target": -846017.0271805137, "params": {"alpha": 0.99, "beta": 3.24615694471651}, "datetime": {"datetime": "2020-10-17 18:16:47", "elapsed": 66.325975, "delta": 1.548031}}
{"target": -845630.8367234097, "params": {"alpha": 0.99, "beta": 3.235574535595779}, "datetime": {"datetime": "2020-10-17 18:16:49", "elapsed": 67.939729, "delta": 1.613754}}
{"target": -845252.6902814755, "params": {"alpha": 0.99, "beta": 3.2249484859569306}, "datetime": {"datetime": "2020-10-17 18:16:51", "elapsed": 69.409731, "delta": 1.470002}}
{"target": -846288.0376978526, "params": {"alpha": 0.9889641304915683, "beta": 3.2158194491595458}, "datetime": {"datetime": "2020-10-17 18:16:52", "elapsed": 71.207734, "delta": 1.798003}}
{"target": -850980.8282616675, "params": {"alpha": 0.9862835530501429, "beta": 3.2500063406327007}, "datetime": {"datetime": "2020-10-17 18:16:54", "elapsed": 72.582734, "delta": 1.375}}
{"target": -844781.0317037936, "params": {"alpha": 0.99, "beta": 3.2112879801074175}, "datetime": {"datetime": "2020-10-17 18:16:55", "elapsed": 74.12807, "delta": 1.545336}}
{"target": -844323.5503380625, "params": {"alpha": 0.99, "beta": 3.197552055773547}, "datetime": {"datetime": "2020-10-17 18:16:56", "elapsed": 75.12808, "delta": 1.00001}}
{"target": -844011.8768977497, "params": {"alpha": 0.99, "beta": 3.1878845681764476}, "datetime": {"datetime": "2020-10-17 18:16:57", "elapsed": 76.396097, "delta": 1.268017}}
{"target": -854065.7242398008, "params": {"alpha": 0.9843048020495481, "beta": 3.2640068702056992}, "datetime": {"datetime": "2020-10-17 18:16:58", "elapsed": 77.225479, "delta": 0.829382}}
{"target": -854755.9989960094, "params": {"alpha": 0.9856608845600001, "beta": 3.326364641213395}, "datetime": {"datetime": "2020-10-17 18:16:59", "elapsed": 78.307081, "delta": 1.081602}}
{"target": -843704.493154636, "params": {"alpha": 0.99, "beta": 3.178074960269243}, "datetime": {"datetime": "2020-10-17 18:17:01", "elapsed": 79.489411, "delta": 1.18233}}
{"target": -847914.0514318267, "params": {"alpha": 0.9884430033325167, "beta": 3.2428486163561137}, "datetime": {"datetime": "2020-10-17 18:17:02", "elapsed": 80.821412, "delta": 1.332001}}
{"target": -843397.0592473232, "params": {"alpha": 0.99, "beta": 3.167959980981847}, "datetime": {"datetime": "2020-10-17 18:17:03", "elapsed": 81.854414, "delta": 1.033002}}
{"target": -843098.9772483069, "params": {"alpha": 0.99, "beta": 3.1578283693989007}, "datetime": {"datetime": "2020-10-17 18:17:04", "elapsed": 82.872416, "delta": 1.018002}}
{"target": -842819.0040424282, "params": {"alpha": 0.99, "beta": 3.1479855311268348}, "datetime": {"datetime": "2020-10-17 18:17:05", "elapsed": 83.989416, "delta": 1.117}}
{"target": -848153.4245634136, "params": {"alpha": 0.989755154203818, "beta": 3.2930882523532823}, "datetime": {"datetime": "2020-10-17 18:17:06", "elapsed": 85.092432, "delta": 1.103016}}
{"target": -842551.0116205519, "params": {"alpha": 0.99, "beta": 3.1382295506049744}, "datetime": {"datetime": "2020-10-17 18:17:07", "elapsed": 86.20237, "delta": 1.109938}}
{"target": -842298.4131892144, "params": {"alpha": 0.99, "beta": 3.128695328166307}, "datetime": {"datetime": "2020-10-17 18:17:08", "elapsed": 87.096861, "delta": 0.894491}}
{"target": -842060.2171965117, "params": {"alpha": 0.99, "beta": 3.1193630008360342}, "datetime": {"datetime": "2020-10-17 18:17:09", "elapsed": 87.864943, "delta": 0.768082}}
{"target": -841836.6179528956, "params": {"alpha": 0.99, "beta": 3.1102589272237973}, "datetime": {"datetime": "2020-10-17 18:17:10", "elapsed": 88.957308, "delta": 1.092365}}
{"target": -846598.2263050514, "params": {"alpha": 0.9878272717057505, "beta": 3.178844119975617}, "datetime": {"datetime": "2020-10-17 18:17:11", "elapsed": 89.818373, "delta": 0.861065}}
{"target": -841625.126581609, "params": {"alpha": 0.99, "beta": 3.10129793454027}, "datetime": {"datetime": "2020-10-17 18:17:12", "elapsed": 90.788342, "delta": 0.969969}}
{"target": -841427.8643032705, "params": {"alpha": 0.99, "beta": 3.092588268090909}, "datetime": {"datetime": "2020-10-17 18:17:13", "elapsed": 91.925826, "delta": 1.137484}}
{"target": -841244.290359414, "params": {"alpha": 0.99, "beta": 3.0841322090760346}, "datetime": {"datetime": "2020-10-17 18:17:14", "elapsed": 92.765827, "delta": 0.840001}}
{"target": -841074.0740521348, "params": {"alpha": 0.99, "beta": 3.075942710916298}, "datetime": {"datetime": "2020-10-17 18:17:14", "elapsed": 93.357716, "delta": 0.591889}}
{"target": -845693.353248147, "params": {"alpha": 0.9873208245086106, "beta": 3.120645847385454}, "datetime": {"datetime": "2020-10-17 18:17:15", "elapsed": 94.189904, "delta": 0.832188}}
{"target": -840913.8397551612, "params": {"alpha": 0.99, "beta": 3.0678781847299232}, "datetime": {"datetime": "2020-10-17 18:17:16", "elapsed": 94.895394, "delta": 0.70549}}
{"target": -840767.0544025128, "params": {"alpha": 0.99, "beta": 3.0601389101201266}, "datetime": {"datetime": "2020-10-17 18:17:17", "elapsed": 95.573443, "delta": 0.678049}}
{"target": -840632.8998794466, "params": {"alpha": 0.99, "beta": 3.0527225055299314}, "datetime": {"datetime": "2020-10-17 18:17:17", "elapsed": 96.230844, "delta": 0.657401}}
{"target": -847186.0905484185, "params": {"alpha": 0.9853515276971423, "beta": 3.0627081419711732}, "datetime": {"datetime": "2020-10-17 18:17:18", "elapsed": 97.016455, "delta": 0.785611}}
{"target": -847236.5365635866, "params": {"alpha": 0.9854265001560476, "beta": 3.0715279369293595}, "datetime": {"datetime": "2020-10-17 18:17:19", "elapsed": 97.727915, "delta": 0.71146}}
{"target": -840478.993929834, "params": {"alpha": 0.99, "beta": 3.0437357797006213}, "datetime": {"datetime": "2020-10-17 18:17:19", "elapsed": 98.385375, "delta": 0.65746}}
{"target": -848107.1911599202, "params": {"alpha": 0.9851786420980423, "beta": 3.0988597407289675}, "datetime": {"datetime": "2020-10-17 18:17:20", "elapsed": 99.011507, "delta": 0.626132}}
{"target": -848977.6281341382, "params": {"alpha": 0.9843976038360055, "beta": 3.089107074979795}, "datetime": {"datetime": "2020-10-17 18:17:21", "elapsed": 99.637757, "delta": 0.62625}}
{"target": -840366.0632564676, "params": {"alpha": 0.99, "beta": 3.036754287032149}, "datetime": {"datetime": "2020-10-17 18:17:21", "elapsed": 100.275466, "delta": 0.637709}}
{"target": -840268.9316417114, "params": {"alpha": 0.99, "beta": 3.030436399374823}, "datetime": {"datetime": "2020-10-17 18:17:22", "elapsed": 100.916467, "delta": 0.641001}}
{"target": -843614.0330202134, "params": {"alpha": 0.988631032661698, "beta": 3.107464319186614}, "datetime": {"datetime": "2020-10-17 18:17:23", "elapsed": 101.460468, "delta": 0.544001}}
{"target": -840177.215794598, "params": {"alpha": 0.99, "beta": 3.0241571079489025}, "datetime": {"datetime": "2020-10-17 18:17:23", "elapsed": 102.098471, "delta": 0.638003}}
{"target": -853696.5093995192, "params": {"alpha": 0.9847727656686125, "beta": 3.2705334056899598}, "datetime": {"datetime": "2020-10-17 18:17:24", "elapsed": 102.656472, "delta": 0.558001}}
{"target": -840091.3119277648, "params": {"alpha": 0.99, "beta": 3.0179485795158527}, "datetime": {"datetime": "2020-10-17 18:17:24", "elapsed": 103.269893, "delta": 0.613421}}
{"target": -853612.4408710513, "params": {"alpha": 0.9889694168321725, "beta": 3.3941422411577866}, "datetime": {"datetime": "2020-10-17 18:17:25", "elapsed": 103.868707, "delta": 0.598814}}
{"target": -853422.5094931659, "params": {"alpha": 0.9860409827326487, "beta": 3.305745601385631}, "datetime": {"datetime": "2020-10-17 18:17:26", "elapsed": 104.519707, "delta": 0.651}}
{"target": -840012.1096394849, "params": {"alpha": 0.99, "beta": 3.011889743571987}, "datetime": {"datetime": "2020-10-17 18:17:26", "elapsed": 105.103708, "delta": 0.584001}}
{"target": -843819.6915659929, "params": {"alpha": 0.9882868836545466, "beta": 3.0959470157774227}, "datetime": {"datetime": "2020-10-17 18:17:27", "elapsed": 105.663709, "delta": 0.560001}}
{"target": -849513.320963807, "params": {"alpha": 0.9846991916154108, "beta": 3.1322438465874156}, "datetime": {"datetime": "2020-10-17 18:17:27", "elapsed": 106.185708, "delta": 0.521999}}
