{"target": -7696776.573834626, "params": {"alpha": 0.7276219031074749, "beta": 6.104701139057963}, "datetime": {"datetime": "2020-10-17 18:14:14", "elapsed": 0.0, "delta": 0.0}}
{"target": -7312484.827921701, "params": {"alpha": 0.3051994122489931, "beta": 8.025246329299044}, "datetime": {"datetime": "2020-10-17 18:14:14", "elapsed": 0.093753, "delta": 0.093753}}
{"target": -6977909.464227226, "params": {"alpha": 0.497916792317126, "beta": 2.070191679483405}, "datetime": {"datetime": "2020-10-17 18:14:14", "elapsed": 0.220712, "delta": 0.126959}}
{"target": -7211333.21278518, "params": {"alpha": 0.39078833232721283, "beta": 4.551785114854081}, "datetime": {"datetime": "2020-10-17 18:14:14", "elapsed": 0.331171, "delta": 0.110459}}
{"target": -5875568.51907851, "params": {"alpha": 0.3407750666686109, "beta": 1.7429568007729768}, "datetime": {"datetime": "2020-10-17 18:14:14", "elapsed": 0.440557, "delta": 0.109386}}
{"target": -7177144.226426406, "params": {"alpha": 0.36789380024771157, "beta": 4.680022589282124}, "datetime": {"datetime": "2020-10-17 18:14:14", "elapsed": 0.534308, "delta": 0.093751}}
{"target": -7913933.919863846, "params": {"alpha": 0.924599368884012, "beta": 3.6279303900661364}, "datetime": {"datetime": "2020-10-17 18:14:14", "elapsed": 0.643684, "delta": 0.109376}}
{"target": -7735765.328503353, "params": {"alpha": 0.8318685506191031, "beta": 9.90296201688082}, "datetime": {"datetime": "2020-10-17 18:14:15", "elapsed": 0.768683, "delta": 0.124999}}
{"target": -5875809.216940052, "params": {"alpha": 0.34079845571020423, "beta": 1.7430055077393973}, "datetime": {"datetime": "2020-10-17 18:14:15", "elapsed": 1.034309, "delta": 0.265626}}
{"target": -5917320.428836659, "params": {"alpha": 0.34541800352970725, "beta": 1.7483041004940536}, "datetime": {"datetime": "2020-10-17 18:14:15", "elapsed": 1.207651, "delta": 0.173342}}
{"target": -5865212.594346161, "params": {"alpha": 0.33978114716139757, "beta": 1.7408114095253724}, "datetime": {"datetime": "2020-10-17 18:14:15", "elapsed": 1.460002, "delta": 0.252351}}
{"target": -5834312.361594025, "params": {"alpha": 0.33705141836622504, "beta": 1.7332928781194465}, "datetime": {"datetime": "2020-10-17 18:14:16", "elapsed": 1.789239, "delta": 0.329237}}
{"target": -5805279.573120114, "params": {"alpha": 0.33435881225052727, "beta": 1.7273373186283227}, "datetime": {"datetime": "2020-10-17 18:14:16", "elapsed": 2.119299, "delta": 0.33006}}
{"target": -5702538.95650944, "params": {"alpha": 0.3232046310052445, "beta": 1.7182332276318968}, "datetime": {"datetime": "2020-10-17 18:14:16", "elapsed": 2.360296, "delta": 0.240997}}
{"target": -5603641.976037092, "params": {"alpha": 0.31172343799594476, "beta": 1.7171342101142153}, "datetime": {"datetime": "2020-10-17 18:14:17", "elapsed": 2.774298, "delta": 0.414002}}
{"target": -5486187.612952546, "params": {"alpha": 0.29812969780961196, "beta": 1.719528527657531}, "datetime": {"datetime": "2020-10-17 18:14:17", "elapsed": 3.075297, "delta": 0.300999}}
{"target": -5358835.2465162305, "params": {"alpha": 0.28389558792776315, "beta": 1.7237258137559575}, "datetime": {"datetime": "2020-10-17 18:14:17", "elapsed": 3.426297, "delta": 0.351}}
{"target": -5219821.809422459, "params": {"alpha": 0.2691866422529591, "beta": 1.728507029542132}, "datetime": {"datetime": "2020-10-17 18:14:18", "elapsed": 3.769299, "delta": 0.343002}}
{"target": -5066573.388405934, "params": {"alpha": 0.2540190321118937, "beta": 1.733279363827595}, "datetime": {"datetime": "2020-10-17 18:14:18", "elapsed": 4.115298, "delta": 0.345999}}
{"target": -4947826.537198556, "params": {"alpha": 0.24429362533288834, "beta": 1.7286444880299379}, "datetime": {"datetime": "2020-10-17 18:14:18", "elapsed": 4.409299, "delta": 0.294001}}
{"target": -4770569.8870179, "params": {"alpha": 0.23066184759104028, "beta": 1.7218778555352365}, "datetime": {"datetime": "2020-10-17 18:14:19", "elapsed": 4.741301, "delta": 0.332002}}
{"target": -4673295.829888517, "params": {"alpha": 0.22561083958353673, "beta": 1.7060084080974511}, "datetime": {"datetime": "2020-10-17 18:14:19", "elapsed": 5.006298, "delta": 0.264997}}
{"target": -4512915.127934537, "params": {"alpha": 0.21355875941550778, "beta": 1.7059994631753241}, "datetime": {"datetime": "2020-10-17 18:14:19", "elapsed": 5.3963, "delta": 0.390002}}
{"target": -3845694.543414228, "params": {"alpha": 0.17328010647226869, "beta": 1.6868833979428346}, "datetime": {"datetime": "2020-10-17 18:14:20", "elapsed": 5.746301, "delta": 0.350001}}
{"target": -3694036.434124503, "params": {"alpha": 0.16506632262945942, "beta": 1.6844813555460032}, "datetime": {"datetime": "2020-10-17 18:14:20", "elapsed": 6.1513, "delta": 0.404999}}
{"target": -3424987.3495998364, "params": {"alpha": 0.15115179448783356, "beta": 1.6820187192411151}, "datetime": {"datetime": "2020-10-17 18:14:20", "elapsed": 6.5043, "delta": 0.353}}
{"target": -3145676.786227644, "params": {"alpha": 0.13747620041050745, "beta": 1.6817825600576999}, "datetime": {"datetime": "2020-10-17 18:14:21", "elapsed": 6.7913, "delta": 0.287}}
{"target": -2855345.3717412567, "params": {"alpha": 0.12394853692436564, "beta": 1.6839341490233046}, "datetime": {"datetime": "2020-10-17 18:14:21", "elapsed": 7.163301, "delta": 0.372001}}
{"target": -2549476.509408772, "params": {"alpha": 0.1102810716177366, "beta": 1.688830432582982}, "datetime": {"datetime": "2020-10-17 18:14:21", "elapsed": 7.535302, "delta": 0.372001}}
{"target": -2241552.620927976, "params": {"alpha": 0.09689850530786144, "beta": 1.6966163310959645}, "datetime": {"datetime": "2020-10-17 18:14:22", "elapsed": 7.875302, "delta": 0.34}}
{"target": -1946849.2184126596, "params": {"alpha": 0.08411407462235727, "beta": 1.7069867118288433}, "datetime": {"datetime": "2020-10-17 18:14:22", "elapsed": 8.287429, "delta": 0.412127}}
{"target": -1679226.0535276749, "params": {"alpha": 0.07191975363033287, "beta": 1.7191033585202515}, "datetime": {"datetime": "2020-10-17 18:14:22", "elapsed": 8.709301, "delta": 0.421872}}
{"target": -1455505.2638362963, "params": {"alpha": 0.05941057415300007, "beta": 1.731929758782296}, "datetime": {"datetime": "2020-10-17 18:14:23", "elapsed": 9.116883, "delta": 0.407582}}
{"target": -1439488.322204123, "params": {"alpha": 0.044687872557464065, "beta": 1.7427818916758349}, "datetime": {"datetime": "2020-10-17 18:14:23", "elapsed": 9.474743, "delta": 0.35786}}
{"target": -1391537.5844823658, "params": {"alpha": 0.05285896952911832, "beta": 1.7403110535070387}, "datetime": {"datetime": "2020-10-17 18:14:24", "elapsed": 9.92875, "delta": 0.454007}}
{"target": -1447638.4464341912, "params": {"alpha": 0.05811339431243781, "beta": 1.7482121831695712}, "datetime": {"datetime": "2020-10-17 18:14:24", "elapsed": 10.262989, "delta": 0.334239}}
{"target": -1660966.346614532, "params": {"alpha": 0.06941183957055862, "beta": 1.7409016770309558}, "datetime": {"datetime": "2020-10-17 18:14:26", "elapsed": 12.550232, "delta": 2.287243}}
{"target": -1387472.689658892, "params": {"alpha": 0.052018252744706714, "beta": 1.7419014590711177}, "datetime": {"datetime": "2020-10-17 18:14:29", "elapsed": 14.883744, "delta": 2.333512}}
{"target": -1385793.7130390261, "params": {"alpha": 0.05176341000506162, "beta": 1.743750228877967}, "datetime": {"datetime": "2020-10-17 18:14:31", "elapsed": 16.926746, "delta": 2.043002}}
{"target": -1400046.1133594187, "params": {"alpha": 0.051727855405964376, "beta": 1.72323695035924}, "datetime": {"datetime": "2020-10-17 18:14:34", "elapsed": 20.052367, "delta": 3.125621}}
{"target": -1397642.8562414348, "params": {"alpha": 0.05152498896084372, "beta": 1.7261728070717692}, "datetime": {"datetime": "2020-10-17 18:14:36", "elapsed": 22.414382, "delta": 2.362015}}
{"target": -1397036.239975569, "params": {"alpha": 0.051444199028144226, "beta": 1.7269644158260389}, "datetime": {"datetime": "2020-10-17 18:14:39", "elapsed": 24.92921, "delta": 2.514828}}
{"target": -1394758.9551466946, "params": {"alpha": 0.05192562088048307, "beta": 1.7294084124217006}, "datetime": {"datetime": "2020-10-17 18:14:42", "elapsed": 28.250196, "delta": 3.320986}}
{"target": -1384516.9942600417, "params": {"alpha": 0.051323059007550006, "beta": 1.74396974239294}, "datetime": {"datetime": "2020-10-17 18:14:45", "elapsed": 31.105199, "delta": 2.855003}}
{"target": -1383586.5337853844, "params": {"alpha": 0.05105321724384257, "beta": 1.7446905701129107}, "datetime": {"datetime": "2020-10-17 18:14:48", "elapsed": 33.953156, "delta": 2.847957}}
{"target": -1382431.016126576, "params": {"alpha": 0.05083096235070821, "beta": 1.7460217747343298}, "datetime": {"datetime": "2020-10-17 18:14:51", "elapsed": 37.167961, "delta": 3.214805}}
{"target": -1376084.6113116562, "params": {"alpha": 0.05112627246390868, "beta": 1.7643996625828207}, "datetime": {"datetime": "2020-10-17 18:14:55", "elapsed": 40.783862, "delta": 3.615901}}
{"target": -1459258.7929947628, "params": {"alpha": 0.047696240482690624, "beta": 1.7104199468963763}, "datetime": {"datetime": "2020-10-17 18:14:58", "elapsed": 43.797866, "delta": 3.014004}}
{"target": -1378953.391697899, "params": {"alpha": 0.05154407525201371, "beta": 1.762880169573712}, "datetime": {"datetime": "2020-10-17 18:15:01", "elapsed": 47.052509, "delta": 3.254643}}
{"target": -1430681.0731475702, "params": {"alpha": 0.05533898323353942, "beta": 1.7829565527276148}, "datetime": {"datetime": "2020-10-17 18:15:04", "elapsed": 50.073319, "delta": 3.02081}}
{"target": -1448787.951185004, "params": {"alpha": 0.04338314289367239, "beta": 1.7505786413553532}, "datetime": {"datetime": "2020-10-17 18:15:10", "elapsed": 55.85025, "delta": 5.776931}}
{"target": -1477411.3363185602, "params": {"alpha": 0.05741067414935435, "beta": 1.7924021648855533}, "datetime": {"datetime": "2020-10-17 18:15:13", "elapsed": 59.309301, "delta": 3.459051}}
{"target": -1411657.5961073898, "params": {"alpha": 0.05051158899849014, "beta": 1.7173804034332214}, "datetime": {"datetime": "2020-10-17 18:15:16", "elapsed": 62.538272, "delta": 3.228971}}
{"target": -1363231.968969757, "params": {"alpha": 0.048580234389469804, "beta": 1.7725151909473738}, "datetime": {"datetime": "2020-10-17 18:15:19", "elapsed": 64.792428, "delta": 2.254156}}
{"target": -1383328.5441924566, "params": {"alpha": 0.051965020663327165, "beta": 1.7532122855141004}, "datetime": {"datetime": "2020-10-17 18:15:21", "elapsed": 67.517015, "delta": 2.724587}}
{"target": -1401058.2501911235, "params": {"alpha": 0.05114134724887552, "beta": 1.723587814978072}, "datetime": {"datetime": "2020-10-17 18:15:24", "elapsed": 70.017019, "delta": 2.500004}}
{"target": -1357141.2910919788, "params": {"alpha": 0.047548881639964756, "beta": 1.7806825154614476}, "datetime": {"datetime": "2020-10-17 18:15:26", "elapsed": 72.230158, "delta": 2.213139}}
{"target": -1401984.3775375737, "params": {"alpha": 0.05441207174404004, "beta": 1.73429567325904}, "datetime": {"datetime": "2020-10-17 18:15:29", "elapsed": 74.909538, "delta": 2.67938}}
{"target": -1467703.9766560418, "params": {"alpha": 0.03882299334015331, "beta": 1.7898296567969925}, "datetime": {"datetime": "2020-10-17 18:15:31", "elapsed": 76.801348, "delta": 1.89181}}
{"target": -1374457.9888496886, "params": {"alpha": 0.05100572004395657, "beta": 1.7827609153839057}, "datetime": {"datetime": "2020-10-17 18:15:33", "elapsed": 79.093978, "delta": 2.29263}}
{"target": -1402520.7664691268, "params": {"alpha": 0.05328731054359937, "beta": 1.7870726266650478}, "datetime": {"datetime": "2020-10-17 18:15:35", "elapsed": 81.10198, "delta": 2.008002}}
{"target": -1373353.6307671433, "params": {"alpha": 0.05017088669954376, "beta": 1.7599439771956613}, "datetime": {"datetime": "2020-10-17 18:15:37", "elapsed": 83.584983, "delta": 2.483003}}
{"target": -1357564.0447551257, "params": {"alpha": 0.0471337656748659, "beta": 1.7801027749888527}, "datetime": {"datetime": "2020-10-17 18:15:40", "elapsed": 85.759966, "delta": 2.174983}}
{"target": -1402426.2340428655, "params": {"alpha": 0.05308249005634624, "beta": 1.7199024732971462}, "datetime": {"datetime": "2020-10-17 18:15:42", "elapsed": 88.667465, "delta": 2.907499}}
{"target": -1402484.7541157273, "params": {"alpha": 0.04279789159064041, "beta": 1.7752853692283899}, "datetime": {"datetime": "2020-10-17 18:15:45", "elapsed": 91.673811, "delta": 3.006346}}
{"target": -1406690.1482518776, "params": {"alpha": 0.05453144089393606, "beta": 1.7189830004194797}, "datetime": {"datetime": "2020-10-17 18:15:48", "elapsed": 94.696814, "delta": 3.023003}}
{"target": -1721365.7577392648, "params": {"alpha": 0.03434170863996416, "beta": 1.7862916822647867}, "datetime": {"datetime": "2020-10-17 18:15:51", "elapsed": 97.677454, "delta": 2.98064}}
{"target": -1377925.773208068, "params": {"alpha": 0.050788013199656784, "beta": 1.754110099359126}, "datetime": {"datetime": "2020-10-17 18:15:54", "elapsed": 100.121272, "delta": 2.443818}}
{"target": -1422954.067055064, "params": {"alpha": 0.04399114238266636, "beta": 1.755722704883532}, "datetime": {"datetime": "2020-10-17 18:15:56", "elapsed": 102.049017, "delta": 1.927745}}
{"target": -1433178.3438976689, "params": {"alpha": 0.040877468475883735, "beta": 1.7802330256846792}, "datetime": {"datetime": "2020-10-17 18:15:58", "elapsed": 104.158214, "delta": 2.109197}}
{"target": -1354978.419065877, "params": {"alpha": 0.04527600388850938, "beta": 1.7882977160335325}, "datetime": {"datetime": "2020-10-17 18:16:00", "elapsed": 106.243216, "delta": 2.085002}}
{"target": -1411213.1231754392, "params": {"alpha": 0.04198637779049663, "beta": 1.778546014876923}, "datetime": {"datetime": "2020-10-17 18:16:01", "elapsed": 107.521218, "delta": 1.278002}}
{"target": -1621194.092701312, "params": {"alpha": 0.06690075393633921, "beta": 1.7511084755121926}, "datetime": {"datetime": "2020-10-17 18:16:03", "elapsed": 109.334662, "delta": 1.813444}}
{"target": -1349966.0502980489, "params": {"alpha": 0.04584703883280335, "beta": 1.791794858130328}, "datetime": {"datetime": "2020-10-17 18:16:05", "elapsed": 110.977662, "delta": 1.643}}
{"target": -1767667.9276091936, "params": {"alpha": 0.07442026432546901, "beta": 1.734351916819388}, "datetime": {"datetime": "2020-10-17 18:16:07", "elapsed": 113.252828, "delta": 2.275166}}
{"target": -1443640.4927304543, "params": {"alpha": 0.04133384042617001, "beta": 1.7718486228827124}, "datetime": {"datetime": "2020-10-17 18:16:09", "elapsed": 115.34511, "delta": 2.092282}}
{"target": -1349342.252638242, "params": {"alpha": 0.04583295978759123, "beta": 1.792594677036997}, "datetime": {"datetime": "2020-10-17 18:16:11", "elapsed": 116.863492, "delta": 1.518382}}
{"target": -1362841.3032603331, "params": {"alpha": 0.049517534431811415, "beta": 1.784006595472968}, "datetime": {"datetime": "2020-10-17 18:16:13", "elapsed": 118.785495, "delta": 1.922003}}
{"target": -1385243.7675828238, "params": {"alpha": 0.051245068695678006, "beta": 1.7424770816795667}, "datetime": {"datetime": "2020-10-17 18:16:14", "elapsed": 120.510496, "delta": 1.725001}}
{"target": -1604012.3527270749, "params": {"alpha": 0.06758870289016086, "beta": 1.7311331070195641}, "datetime": {"datetime": "2020-10-17 18:16:16", "elapsed": 122.277427, "delta": 1.766931}}
{"target": -1399620.1001718272, "params": {"alpha": 0.053764940992515234, "beta": 1.7670233959584594}, "datetime": {"datetime": "2020-10-17 18:16:17", "elapsed": 123.595997, "delta": 1.31857}}
{"target": -1519321.5306463032, "params": {"alpha": 0.039556843213281, "beta": 1.7666080424868036}, "datetime": {"datetime": "2020-10-17 18:16:19", "elapsed": 124.792172, "delta": 1.196175}}
{"target": -1368356.3146551903, "params": {"alpha": 0.048081925407405045, "beta": 1.7652698201787416}, "datetime": {"datetime": "2020-10-17 18:16:20", "elapsed": 126.717268, "delta": 1.925096}}
{"target": -1343758.8315708998, "params": {"alpha": 0.04469148070718919, "beta": 1.8022122792983817}, "datetime": {"datetime": "2020-10-17 18:16:22", "elapsed": 128.246815, "delta": 1.529547}}
{"target": -1344187.3511425776, "params": {"alpha": 0.045378187559168975, "beta": 1.800014246171254}, "datetime": {"datetime": "2020-10-17 18:16:24", "elapsed": 130.018814, "delta": 1.771999}}
{"target": -1432780.5446790429, "params": {"alpha": 0.05777701066934508, "beta": 1.7289695304460087}, "datetime": {"datetime": "2020-10-17 18:16:25", "elapsed": 131.643816, "delta": 1.625002}}
{"target": -1361245.6627087954, "params": {"alpha": 0.04917942218512109, "beta": 1.7822955217901302}, "datetime": {"datetime": "2020-10-17 18:16:27", "elapsed": 133.704819, "delta": 2.061003}}
{"target": -1387222.7440727039, "params": {"alpha": 0.052637905635805934, "beta": 1.7590039302088347}, "datetime": {"datetime": "2020-10-17 18:16:29", "elapsed": 134.881699, "delta": 1.17688}}
{"target": -1356720.3496567146, "params": {"alpha": 0.04602959897604911, "beta": 1.7836258434242351}, "datetime": {"datetime": "2020-10-17 18:16:30", "elapsed": 136.480143, "delta": 1.598444}}
{"target": -1397055.4111393865, "params": {"alpha": 0.051342537921770424, "beta": 1.727115173159325}, "datetime": {"datetime": "2020-10-17 18:16:32", "elapsed": 138.279719, "delta": 1.799576}}
{"target": -1343743.3987350136, "params": {"alpha": 0.04495459822988262, "beta": 1.8014630942047334}, "datetime": {"datetime": "2020-10-17 18:16:33", "elapsed": 139.704009, "delta": 1.42429}}
{"target": -1356041.2225366933, "params": {"alpha": 0.045422502573029946, "beta": 1.786645462868396}, "datetime": {"datetime": "2020-10-17 18:16:35", "elapsed": 141.238071, "delta": 1.534062}}
{"target": -1350344.630378757, "params": {"alpha": 0.04693096963911822, "beta": 1.7909043435493626}, "datetime": {"datetime": "2020-10-17 18:16:36", "elapsed": 142.561069, "delta": 1.322998}}
{"target": -1342934.4103191865, "params": {"alpha": 0.04514561353155104, "beta": 1.8020468267065781}, "datetime": {"datetime": "2020-10-17 18:16:38", "elapsed": 144.268071, "delta": 1.707002}}
{"target": -1342007.8693403485, "params": {"alpha": 0.04559479231213217, "beta": 1.802978167471693}, "datetime": {"datetime": "2020-10-17 18:16:40", "elapsed": 145.994076, "delta": 1.726005}}
{"target": -1385917.2191423425, "params": {"alpha": 0.05246854029348862, "beta": 1.7582904739057263}, "datetime": {"datetime": "2020-10-17 18:16:41", "elapsed": 147.724075, "delta": 1.729999}}
{"target": -1572243.0999588426, "params": {"alpha": 0.04339451613270211, "beta": 1.7129955345393064}, "datetime": {"datetime": "2020-10-17 18:16:43", "elapsed": 149.178864, "delta": 1.454789}}
{"target": -1346561.145918888, "params": {"alpha": 0.045374053905782925, "beta": 1.7970152503332617}, "datetime": {"datetime": "2020-10-17 18:16:44", "elapsed": 150.459867, "delta": 1.281003}}
{"target": -1341745.4478285352, "params": {"alpha": 0.045669223127481555, "beta": 1.8034383817491142}, "datetime": {"datetime": "2020-10-17 18:16:46", "elapsed": 152.105868, "delta": 1.646001}}
{"target": -1361711.1481494708, "params": {"alpha": 0.049390480401169785, "beta": 1.7862205936817266}, "datetime": {"datetime": "2020-10-17 18:16:47", "elapsed": 153.661527, "delta": 1.555659}}
{"target": -1389040.3403009886, "params": {"alpha": 0.04821812633459172, "beta": 1.7452824666434859}, "datetime": {"datetime": "2020-10-17 18:16:49", "elapsed": 155.285654, "delta": 1.624127}}
{"target": -1341466.8156387785, "params": {"alpha": 0.04566630288163341, "beta": 1.803890860681669}, "datetime": {"datetime": "2020-10-17 18:16:50", "elapsed": 156.395655, "delta": 1.110001}}
{"target": -1458000.5271902923, "params": {"alpha": 0.043407721979770816, "beta": 1.7469464096244334}, "datetime": {"datetime": "2020-10-17 18:16:51", "elapsed": 157.660656, "delta": 1.265001}}
{"target": -1354040.7672337429, "params": {"alpha": 0.0481456218177662, "beta": 1.7903117350821827}, "datetime": {"datetime": "2020-10-17 18:16:53", "elapsed": 159.031658, "delta": 1.371002}}
{"target": -1341099.281175582, "params": {"alpha": 0.045806215903413314, "beta": 1.804746952921175}, "datetime": {"datetime": "2020-10-17 18:16:54", "elapsed": 160.630403, "delta": 1.598745}}
{"target": -1374731.3723183377, "params": {"alpha": 0.050969090843987944, "beta": 1.7871038894918352}, "datetime": {"datetime": "2020-10-17 18:16:55", "elapsed": 161.604246, "delta": 0.973843}}
{"target": -1372480.3484212116, "params": {"alpha": 0.043413346209510005, "beta": 1.786467847835405}, "datetime": {"datetime": "2020-10-17 18:16:56", "elapsed": 162.713628, "delta": 1.109382}}
{"target": -1362064.744969227, "params": {"alpha": 0.0452031060705652, "beta": 1.7823122170646202}, "datetime": {"datetime": "2020-10-17 18:16:57", "elapsed": 163.700398, "delta": 0.98677}}
