{"target": -1680264.633106664, "params": {"alpha": 0.7276219031074749, "beta": 6.104701139057963}, "datetime": {"datetime": "2020-10-17 18:14:52", "elapsed": 0.0, "delta": 0.0}}
{"target": -2629086.9293782944, "params": {"alpha": 0.3051994122489931, "beta": 8.025246329299044}, "datetime": {"datetime": "2020-10-17 18:14:52", "elapsed": 0.281246, "delta": 0.281246}}
{"target": -4065322.228467013, "params": {"alpha": 0.497916792317126, "beta": 2.070191679483405}, "datetime": {"datetime": "2020-10-17 18:14:52", "elapsed": 0.546872, "delta": 0.265626}}
{"target": -2580556.1861564075, "params": {"alpha": 0.39078833232721283, "beta": 4.551785114854081}, "datetime": {"datetime": "2020-10-17 18:14:53", "elapsed": 0.98675, "delta": 0.439878}}
{"target": -10290854.91814744, "params": {"alpha": 0.3407750666686109, "beta": 1.7429568007729768}, "datetime": {"datetime": "2020-10-17 18:14:53", "elapsed": 1.268004, "delta": 0.281254}}
{"target": -2671257.5813448178, "params": {"alpha": 0.36789380024771157, "beta": 4.680022589282124}, "datetime": {"datetime": "2020-10-17 18:14:53", "elapsed": 1.627375, "delta": 0.359371}}
{"target": -1242766.1857494977, "params": {"alpha": 0.924599368884012, "beta": 3.6279303900661364}, "datetime": {"datetime": "2020-10-17 18:14:54", "elapsed": 1.939881, "delta": 0.312506}}
{"target": -1812852.1478527645, "params": {"alpha": 0.8318685506191031, "beta": 9.90296201688082}, "datetime": {"datetime": "2020-10-17 18:14:54", "elapsed": 2.244768, "delta": 0.304887}}
{"target": -1242768.387987848, "params": {"alpha": 0.9245978517836867, "beta": 3.627933034782751}, "datetime": {"datetime": "2020-10-17 18:14:55", "elapsed": 2.800769, "delta": 0.556001}}
{"target": -1233142.9219072962, "params": {"alpha": 0.93158453604735, "beta": 3.6289107713104527}, "datetime": {"datetime": "2020-10-17 18:14:55", "elapsed": 3.285771, "delta": 0.485002}}
{"target": -1216129.9760346, "params": {"alpha": 0.9441927288674591, "beta": 3.630684838113334}, "datetime": {"datetime": "2020-10-17 18:14:56", "elapsed": 3.883771, "delta": 0.598}}
{"target": -1179251.3595457063, "params": {"alpha": 0.9727264992858454, "beta": 3.634859750356483}, "datetime": {"datetime": "2020-10-17 18:14:56", "elapsed": 4.580771, "delta": 0.697}}
{"target": -1158037.4009059616, "params": {"alpha": 0.99, "beta": 3.6389413178859034}, "datetime": {"datetime": "2020-10-17 18:14:57", "elapsed": 5.162773, "delta": 0.582002}}
{"target": -1158880.9635633263, "params": {"alpha": 0.99, "beta": 3.6546393102741868}, "datetime": {"datetime": "2020-10-17 18:14:58", "elapsed": 5.800773, "delta": 0.638}}
{"target": -1158391.3196854661, "params": {"alpha": 0.99, "beta": 3.6455837500210175}, "datetime": {"datetime": "2020-10-17 18:14:58", "elapsed": 6.415774, "delta": 0.615001}}
{"target": -1158054.502001006, "params": {"alpha": 0.99, "beta": 3.63926421809975}, "datetime": {"datetime": "2020-10-17 18:14:59", "elapsed": 7.079779, "delta": 0.664005}}
{"target": -1158010.4336010392, "params": {"alpha": 0.99, "beta": 3.6384317174641483}, "datetime": {"datetime": "2020-10-17 18:14:59", "elapsed": 7.593776, "delta": 0.513997}}
{"target": -1172048.4555824997, "params": {"alpha": 0.9788739244620688, "beta": 3.6449429854068063}, "datetime": {"datetime": "2020-10-17 18:15:00", "elapsed": 8.22829, "delta": 0.634514}}
{"target": -1157889.9980457828, "params": {"alpha": 0.99, "beta": 3.6361497084513035}, "datetime": {"datetime": "2020-10-17 18:15:01", "elapsed": 8.75954, "delta": 0.53125}}
{"target": -1157691.0836697335, "params": {"alpha": 0.99, "beta": 3.6323583447291816}, "datetime": {"datetime": "2020-10-17 18:15:01", "elapsed": 9.306417, "delta": 0.546877}}
{"target": -1157376.811490458, "params": {"alpha": 0.99, "beta": 3.62630974938157}, "datetime": {"datetime": "2020-10-17 18:15:02", "elapsed": 9.840442, "delta": 0.534025}}
{"target": -1157073.928862931, "params": {"alpha": 0.99, "beta": 3.620409806032465}, "datetime": {"datetime": "2020-10-17 18:15:02", "elapsed": 10.402943, "delta": 0.562501}}
{"target": -1174929.800346072, "params": {"alpha": 0.9751814167921505, "beta": 3.608884257496864}, "datetime": {"datetime": "2020-10-17 18:15:03", "elapsed": 11.060461, "delta": 0.657518}}
{"target": -1156850.7759323008, "params": {"alpha": 0.99, "beta": 3.616016720812561}, "datetime": {"datetime": "2020-10-17 18:15:03", "elapsed": 11.639739, "delta": 0.579278}}
{"target": -1156652.623394296, "params": {"alpha": 0.99, "beta": 3.612081681610137}, "datetime": {"datetime": "2020-10-17 18:15:04", "elapsed": 12.264729, "delta": 0.62499}}
{"target": -1156433.5179066851, "params": {"alpha": 0.99, "beta": 3.607691890155939}, "datetime": {"datetime": "2020-10-17 18:15:05", "elapsed": 12.845514, "delta": 0.580785}}
{"target": -1166662.0966677577, "params": {"alpha": 0.9824480095140371, "beta": 3.6260986383317606}, "datetime": {"datetime": "2020-10-17 18:15:05", "elapsed": 13.408015, "delta": 0.562501}}
{"target": -1156151.854540514, "params": {"alpha": 0.99, "beta": 3.6019868079015485}, "datetime": {"datetime": "2020-10-17 18:15:06", "elapsed": 13.97052, "delta": 0.562505}}
{"target": -1155853.5910367162, "params": {"alpha": 0.99, "beta": 3.5958660782117633}, "datetime": {"datetime": "2020-10-17 18:15:06", "elapsed": 14.476153, "delta": 0.505633}}
{"target": -1155551.0797301945, "params": {"alpha": 0.99, "beta": 3.589570413090639}, "datetime": {"datetime": "2020-10-17 18:15:07", "elapsed": 15.028153, "delta": 0.552}}
{"target": -1155247.5504254955, "params": {"alpha": 0.99, "beta": 3.5831598432071545}, "datetime": {"datetime": "2020-10-17 18:15:07", "elapsed": 15.584154, "delta": 0.556001}}
{"target": -1158918.1713679747, "params": {"alpha": 0.9883049845392212, "beta": 3.615788714810736}, "datetime": {"datetime": "2020-10-17 18:15:08", "elapsed": 16.237155, "delta": 0.653001}}
{"target": -1153771.6130060689, "params": {"alpha": 0.9895699599700668, "beta": 3.5378550679069196}, "datetime": {"datetime": "2020-10-17 18:15:09", "elapsed": 16.844156, "delta": 0.607001}}
{"target": -1153504.8877630911, "params": {"alpha": 0.99, "beta": 3.5442339547723813}, "datetime": {"datetime": "2020-10-17 18:15:09", "elapsed": 17.493157, "delta": 0.649001}}
{"target": -1153160.032605774, "params": {"alpha": 0.99, "beta": 3.5360243076950857}, "datetime": {"datetime": "2020-10-17 18:15:10", "elapsed": 18.173161, "delta": 0.680004}}
{"target": -1152911.0253369166, "params": {"alpha": 0.99, "beta": 3.5299724116966655}, "datetime": {"datetime": "2020-10-17 18:15:11", "elapsed": 18.739158, "delta": 0.565997}}
{"target": -1162764.9689168136, "params": {"alpha": 0.981537119576612, "beta": 3.5088877616497562}, "datetime": {"datetime": "2020-10-17 18:15:15", "elapsed": 22.862262, "delta": 4.123104}}
{"target": -1160686.5160552824, "params": {"alpha": 0.9864328982370629, "beta": 3.6048685141288965}, "datetime": {"datetime": "2020-10-17 18:15:17", "elapsed": 25.279544, "delta": 2.417282}}
{"target": -1152615.9515731067, "params": {"alpha": 0.99, "beta": 3.522655704957192}, "datetime": {"datetime": "2020-10-17 18:15:20", "elapsed": 27.911919, "delta": 2.632375}}
{"target": -1155775.1623242656, "params": {"alpha": 0.9864988380817089, "beta": 3.4893414623522054}, "datetime": {"datetime": "2020-10-17 18:15:22", "elapsed": 30.719926, "delta": 2.808007}}
{"target": -1151415.1010326678, "params": {"alpha": 0.99, "beta": 3.4909587103249975}, "datetime": {"datetime": "2020-10-17 18:15:25", "elapsed": 32.804927, "delta": 2.085001}}
{"target": -1151446.4658122438, "params": {"alpha": 0.99, "beta": 3.491832049850395}, "datetime": {"datetime": "2020-10-17 18:15:27", "elapsed": 35.048974, "delta": 2.244047}}
{"target": -1151426.2705447774, "params": {"alpha": 0.99, "beta": 3.4912700379352333}, "datetime": {"datetime": "2020-10-17 18:15:29", "elapsed": 37.242756, "delta": 2.193782}}
{"target": -1151421.4453990785, "params": {"alpha": 0.99, "beta": 3.4911355898939975}, "datetime": {"datetime": "2020-10-17 18:15:31", "elapsed": 39.039636, "delta": 1.79688}}
{"target": -1151415.15458892, "params": {"alpha": 0.99, "beta": 3.4909602039373855}, "datetime": {"datetime": "2020-10-17 18:15:33", "elapsed": 41.153885, "delta": 2.114249}}
{"target": -1151406.0169981292, "params": {"alpha": 0.99, "beta": 3.4907052513418515}, "datetime": {"datetime": "2020-10-17 18:15:36", "elapsed": 43.920891, "delta": 2.767006}}
{"target": -1164680.2400522355, "params": {"alpha": 0.9830074240026575, "beta": 3.5995055926538275}, "datetime": {"datetime": "2020-10-17 18:15:38", "elapsed": 45.978891, "delta": 2.058}}
{"target": -1151386.7358055122, "params": {"alpha": 0.99, "beta": 3.4901664994392125}, "datetime": {"datetime": "2020-10-17 18:15:40", "elapsed": 48.273316, "delta": 2.294425}}
{"target": -1151341.2974754465, "params": {"alpha": 0.99, "beta": 3.4888926600797685}, "datetime": {"datetime": "2020-10-17 18:15:44", "elapsed": 51.752257, "delta": 3.478941}}
{"target": -1151185.7535135017, "params": {"alpha": 0.99, "beta": 3.484486129465824}, "datetime": {"datetime": "2020-10-17 18:15:47", "elapsed": 54.995719, "delta": 3.243462}}
{"target": -1150860.640540361, "params": {"alpha": 0.99, "beta": 3.475030599046361}, "datetime": {"datetime": "2020-10-17 18:15:50", "elapsed": 58.571985, "delta": 3.576266}}
{"target": -1162627.7633256456, "params": {"alpha": 0.982455255974089, "beta": 3.5361461876484466}, "datetime": {"datetime": "2020-10-17 18:15:53", "elapsed": 61.358321, "delta": 2.786336}}
{"target": -1153596.8201956574, "params": {"alpha": 0.9882730128375391, "beta": 3.491161041446875}, "datetime": {"datetime": "2020-10-17 18:15:56", "elapsed": 64.240423, "delta": 2.882102}}
{"target": -1163755.057112873, "params": {"alpha": 0.9832701269979016, "beta": 3.5866063733175237}, "datetime": {"datetime": "2020-10-17 18:15:58", "elapsed": 66.591121, "delta": 2.350698}}
{"target": -1155197.7097455708, "params": {"alpha": 0.9878376151100594, "beta": 3.51949340415149}, "datetime": {"datetime": "2020-10-17 18:16:01", "elapsed": 69.038124, "delta": 2.447003}}
{"target": -1150747.9503071252, "params": {"alpha": 0.989356852032177, "beta": 3.4457612292423576}, "datetime": {"datetime": "2020-10-17 18:16:03", "elapsed": 71.385445, "delta": 2.347321}}
{"target": -1149930.9126087993, "params": {"alpha": 0.99, "beta": 3.4457614075150977}, "datetime": {"datetime": "2020-10-17 18:16:05", "elapsed": 73.575321, "delta": 2.189876}}
{"target": -1164240.1770720999, "params": {"alpha": 0.9805384844909735, "beta": 3.514518008275166}, "datetime": {"datetime": "2020-10-17 18:16:08", "elapsed": 75.868468, "delta": 2.293147}}
{"target": -1149892.6495339486, "params": {"alpha": 0.99, "beta": 3.4444709979650185}, "datetime": {"datetime": "2020-10-17 18:16:10", "elapsed": 78.142398, "delta": 2.27393}}
{"target": -1149762.687415253, "params": {"alpha": 0.99, "beta": 3.440027498984255}, "datetime": {"datetime": "2020-10-17 18:16:12", "elapsed": 80.046401, "delta": 1.904003}}
{"target": -1149473.6114851718, "params": {"alpha": 0.99, "beta": 3.4297775620372266}, "datetime": {"datetime": "2020-10-17 18:16:14", "elapsed": 81.857402, "delta": 1.811001}}
{"target": -1149290.5009085084, "params": {"alpha": 0.99, "beta": 3.4229897628644923}, "datetime": {"datetime": "2020-10-17 18:16:15", "elapsed": 83.631404, "delta": 1.774002}}
{"target": -1154268.5262329064, "params": {"alpha": 0.98744135211707, "beta": 3.4801885440241214}, "datetime": {"datetime": "2020-10-17 18:16:18", "elapsed": 85.756159, "delta": 2.124755}}
{"target": -1149099.2465051173, "params": {"alpha": 0.99, "beta": 3.415617768852706}, "datetime": {"datetime": "2020-10-17 18:16:20", "elapsed": 87.85858, "delta": 2.102421}}
{"target": -1148910.2852399722, "params": {"alpha": 0.99, "beta": 3.4080097662903697}, "datetime": {"datetime": "2020-10-17 18:16:22", "elapsed": 90.49472, "delta": 2.63614}}
{"target": -1148734.0024346586, "params": {"alpha": 0.99, "beta": 3.400575574915669}, "datetime": {"datetime": "2020-10-17 18:16:24", "elapsed": 92.328722, "delta": 1.834002}}
{"target": -1150431.7477259566, "params": {"alpha": 0.9886982668314953, "beta": 3.401712161897145}, "datetime": {"datetime": "2020-10-17 18:16:26", "elapsed": 94.517724, "delta": 2.189002}}
{"target": -1150083.6959147074, "params": {"alpha": 0.9898157481045121, "beta": 3.4430092668549657}, "datetime": {"datetime": "2020-10-17 18:16:28", "elapsed": 96.11882, "delta": 1.601096}}
{"target": -1148585.0974407515, "params": {"alpha": 0.99, "beta": 3.394002095043937}, "datetime": {"datetime": "2020-10-17 18:16:30", "elapsed": 97.889168, "delta": 1.770348}}
{"target": -1148385.6086509137, "params": {"alpha": 0.99, "beta": 3.3846953743759047}, "datetime": {"datetime": "2020-10-17 18:16:31", "elapsed": 99.393001, "delta": 1.503833}}
{"target": -1148247.4529494871, "params": {"alpha": 0.99, "beta": 3.377849471820961}, "datetime": {"datetime": "2020-10-17 18:16:33", "elapsed": 101.395419, "delta": 2.002418}}
{"target": -1155070.8658287995, "params": {"alpha": 0.9844547888815517, "beta": 3.355163696349485}, "datetime": {"datetime": "2020-10-17 18:16:35", "elapsed": 102.8978, "delta": 1.502381}}
{"target": -1151502.6217236016, "params": {"alpha": 0.9887968066568134, "beta": 3.4471964904047057}, "datetime": {"datetime": "2020-10-17 18:16:36", "elapsed": 104.241976, "delta": 1.344176}}
{"target": -1148153.8348629412, "params": {"alpha": 0.99, "beta": 3.372989016254108}, "datetime": {"datetime": "2020-10-17 18:16:38", "elapsed": 105.802978, "delta": 1.561002}}
{"target": -1153924.9900521003, "params": {"alpha": 0.9881616198390467, "beta": 3.4964143650869843}, "datetime": {"datetime": "2020-10-17 18:16:39", "elapsed": 107.66098, "delta": 1.858002}}
{"target": -1148103.2010115369, "params": {"alpha": 0.99, "beta": 3.3702757240258383}, "datetime": {"datetime": "2020-10-17 18:16:41", "elapsed": 109.368607, "delta": 1.707627}}
{"target": -1148065.8032186558, "params": {"alpha": 0.99, "beta": 3.368230175614458}, "datetime": {"datetime": "2020-10-17 18:16:43", "elapsed": 111.108771, "delta": 1.740164}}
{"target": -1148031.313656108, "params": {"alpha": 0.99, "beta": 3.3663104248588067}, "datetime": {"datetime": "2020-10-17 18:16:44", "elapsed": 112.715773, "delta": 1.607002}}
{"target": -1157956.8110209315, "params": {"alpha": 0.9857243411699939, "beta": 3.5221454315005696}, "datetime": {"datetime": "2020-10-17 18:16:46", "elapsed": 114.648776, "delta": 1.933003}}
{"target": -1147994.7316592957, "params": {"alpha": 0.99, "beta": 3.364237259774732}, "datetime": {"datetime": "2020-10-17 18:16:48", "elapsed": 116.328561, "delta": 1.679785}}
{"target": -1147952.2819990127, "params": {"alpha": 0.99, "beta": 3.361780820771809}, "datetime": {"datetime": "2020-10-17 18:16:49", "elapsed": 117.717561, "delta": 1.389}}
{"target": -1147898.9654712335, "params": {"alpha": 0.99, "beta": 3.3586121903500716}, "datetime": {"datetime": "2020-10-17 18:16:51", "elapsed": 119.154564, "delta": 1.437003}}
{"target": -1147829.6097015864, "params": {"alpha": 0.99, "beta": 3.3543366171962212}, "datetime": {"datetime": "2020-10-17 18:16:53", "elapsed": 121.031565, "delta": 1.877001}}
{"target": -1156345.0243241694, "params": {"alpha": 0.9840126203710057, "beta": 3.3950967478494785}, "datetime": {"datetime": "2020-10-17 18:16:54", "elapsed": 122.63431, "delta": 1.602745}}
{"target": -1147744.232455363, "params": {"alpha": 0.99, "beta": 3.34879915522507}, "datetime": {"datetime": "2020-10-17 18:16:56", "elapsed": 123.967527, "delta": 1.333217}}
{"target": -1147650.6615761567, "params": {"alpha": 0.99, "beta": 3.3423123613195647}, "datetime": {"datetime": "2020-10-17 18:16:57", "elapsed": 125.390697, "delta": 1.42317}}
{"target": -1147571.6416436338, "params": {"alpha": 0.99, "beta": 3.3364114804213436}, "datetime": {"datetime": "2020-10-17 18:16:59", "elapsed": 126.989121, "delta": 1.598424}}
{"target": -1147508.9739934157, "params": {"alpha": 0.99, "beta": 3.331386259515612}, "datetime": {"datetime": "2020-10-17 18:17:00", "elapsed": 127.755911, "delta": 0.76679}}
{"target": -1157129.5606578938, "params": {"alpha": 0.9877267581578936, "beta": 3.5626854616148247}, "datetime": {"datetime": "2020-10-17 18:17:01", "elapsed": 129.224246, "delta": 1.468335}}
{"target": -1147456.187022178, "params": {"alpha": 0.99, "beta": 3.326858591695055}, "datetime": {"datetime": "2020-10-17 18:17:02", "elapsed": 130.363245, "delta": 1.138999}}
{"target": -1147410.3649037264, "params": {"alpha": 0.99, "beta": 3.322659092692783}, "datetime": {"datetime": "2020-10-17 18:17:03", "elapsed": 131.292246, "delta": 0.929001}}
{"target": -1147370.1961430062, "params": {"alpha": 0.99, "beta": 3.3187247444293426}, "datetime": {"datetime": "2020-10-17 18:17:04", "elapsed": 132.326247, "delta": 1.034001}}
{"target": -1155956.2558555356, "params": {"alpha": 0.9833661602120047, "beta": 3.291144736051144}, "datetime": {"datetime": "2020-10-17 18:17:05", "elapsed": 133.610248, "delta": 1.284001}}
{"target": -1151805.2965520483, "params": {"alpha": 0.9890797503361921, "beta": 3.4684605457251743}, "datetime": {"datetime": "2020-10-17 18:17:07", "elapsed": 134.853766, "delta": 1.243518}}
{"target": -1147355.624616189, "params": {"alpha": 0.99, "beta": 3.317228514269636}, "datetime": {"datetime": "2020-10-17 18:17:08", "elapsed": 136.058598, "delta": 1.204832}}
{"target": -1147346.1830030684, "params": {"alpha": 0.99, "beta": 3.3162369891636416}, "datetime": {"datetime": "2020-10-17 18:17:09", "elapsed": 137.250707, "delta": 1.192109}}
{"target": -1149735.957457582, "params": {"alpha": 0.9895083200032455, "beta": 3.415931735914665}, "datetime": {"datetime": "2020-10-17 18:17:10", "elapsed": 138.390517, "delta": 1.13981}}
{"target": -1147339.9348166147, "params": {"alpha": 0.99, "beta": 3.3155707133317804}, "datetime": {"datetime": "2020-10-17 18:17:11", "elapsed": 139.642208, "delta": 1.251691}}
{"target": -1147334.9057028578, "params": {"alpha": 0.99, "beta": 3.3150283311740516}, "datetime": {"datetime": "2020-10-17 18:17:12", "elapsed": 140.628962, "delta": 0.986754}}
{"target": -1153575.5266081335, "params": {"alpha": 0.9852978304811635, "beta": 3.321954101115379}, "datetime": {"datetime": "2020-10-17 18:17:13", "elapsed": 141.573659, "delta": 0.944697}}
{"target": -1147282.9004433446, "params": {"alpha": 0.99, "beta": 3.3090513147801044}, "datetime": {"datetime": "2020-10-17 18:17:14", "elapsed": 142.462797, "delta": 0.889138}}
{"target": -1153038.3926304472, "params": {"alpha": 0.9881274367013996, "beta": 3.46928693273111}, "datetime": {"datetime": "2020-10-17 18:17:15", "elapsed": 143.212798, "delta": 0.750001}}
{"target": -1147268.1947540096, "params": {"alpha": 0.99, "beta": 3.3072160737294927}, "datetime": {"datetime": "2020-10-17 18:17:16", "elapsed": 143.967958, "delta": 0.75516}}
{"target": -1149913.3354927972, "params": {"alpha": 0.9889694168321725, "beta": 3.3941422411577866}, "datetime": {"datetime": "2020-10-17 18:17:16", "elapsed": 144.722696, "delta": 0.754738}}
{"target": -1152470.297656455, "params": {"alpha": 0.9860409827326487, "beta": 3.305745601385631}, "datetime": {"datetime": "2020-10-17 18:17:17", "elapsed": 145.492175, "delta": 0.769479}}
{"target": -1147250.1734053788, "params": {"alpha": 0.99, "beta": 3.304857740434463}, "datetime": {"datetime": "2020-10-17 18:17:18", "elapsed": 146.277795, "delta": 0.78562}}
{"target": -1147236.6251684588, "params": {"alpha": 0.99, "beta": 3.3029932123886567}, "datetime": {"datetime": "2020-10-17 18:17:19", "elapsed": 147.036109, "delta": 0.758314}}
{"target": -1157240.4273205122, "params": {"alpha": 0.9843840987692807, "beta": 3.450659508062479}, "datetime": {"datetime": "2020-10-17 18:17:20", "elapsed": 147.740458, "delta": 0.704349}}
