{"target": -1779184.4718639583, "params": {"alpha": 0.7276219031074749, "beta": 6.104701139057963}, "datetime": {"datetime": "2020-10-17 18:11:56", "elapsed": 0.0, "delta": 0.0}}
{"target": -1508228.8174393666, "params": {"alpha": 0.3051994122489931, "beta": 8.025246329299044}, "datetime": {"datetime": "2020-10-17 18:11:56", "elapsed": 0.106694, "delta": 0.106694}}
{"target": -1388628.1452623368, "params": {"alpha": 0.497916792317126, "beta": 2.070191679483405}, "datetime": {"datetime": "2020-10-17 18:11:56", "elapsed": 0.232805, "delta": 0.126111}}
{"target": -1174421.6880061552, "params": {"alpha": 0.39078833232721283, "beta": 4.551785114854081}, "datetime": {"datetime": "2020-10-17 18:11:56", "elapsed": 0.326567, "delta": 0.093762}}
{"target": -4243263.6371882, "params": {"alpha": 0.3407750666686109, "beta": 1.7429568007729768}, "datetime": {"datetime": "2020-10-17 18:11:56", "elapsed": 0.435943, "delta": 0.109376}}
{"target": -1162544.010383443, "params": {"alpha": 0.36789380024771157, "beta": 4.680022589282124}, "datetime": {"datetime": "2020-10-17 18:11:56", "elapsed": 0.59219, "delta": 0.156247}}
{"target": -1803694.477633895, "params": {"alpha": 0.924599368884012, "beta": 3.6279303900661364}, "datetime": {"datetime": "2020-10-17 18:11:56", "elapsed": 0.749935, "delta": 0.157745}}
{"target": -2029318.1944458552, "params": {"alpha": 0.8318685506191031, "beta": 9.90296201688082}, "datetime": {"datetime": "2020-10-17 18:11:57", "elapsed": 0.937444, "delta": 0.187509}}
{"target": -1168042.8799291004, "params": {"alpha": 0.3784869930630323, "beta": 4.62068768365164}, "datetime": {"datetime": "2020-10-17 18:11:57", "elapsed": 1.170067, "delta": 0.232623}}
{"target": -1552521.1913090537, "params": {"alpha": 0.7314212688771988, "beta": 3.7722421535447763}, "datetime": {"datetime": "2020-10-17 18:11:57", "elapsed": 1.34311, "delta": 0.173043}}
{"target": -1067011.9341664554, "params": {"alpha": 0.1165301112709405, "beta": 6.176489919882287}, "datetime": {"datetime": "2020-10-17 18:11:57", "elapsed": 1.530604, "delta": 0.187494}}
{"target": -1067011.7709932155, "params": {"alpha": 0.1165287470296973, "beta": 6.176490074858664}, "datetime": {"datetime": "2020-10-17 18:11:57", "elapsed": 1.749356, "delta": 0.218752}}
{"target": -1067011.532276282, "params": {"alpha": 0.11652687135044358, "beta": 6.176490090553233}, "datetime": {"datetime": "2020-10-17 18:11:58", "elapsed": 2.218105, "delta": 0.468749}}
{"target": -1073167.4756975232, "params": {"alpha": 0.0983935936561117, "beta": 6.190676610604243}, "datetime": {"datetime": "2020-10-17 18:11:58", "elapsed": 2.593112, "delta": 0.375007}}
{"target": -1068756.262686495, "params": {"alpha": 0.1037742241001022, "beta": 6.170840408988455}, "datetime": {"datetime": "2020-10-17 18:11:59", "elapsed": 2.905611, "delta": 0.312499}}
{"target": -1067393.5989691794, "params": {"alpha": 0.10931228040775265, "beta": 6.179693397183987}, "datetime": {"datetime": "2020-10-17 18:11:59", "elapsed": 3.344345, "delta": 0.438734}}
{"target": -1066655.221330856, "params": {"alpha": 0.11342404173887771, "beta": 6.174228079173509}, "datetime": {"datetime": "2020-10-17 18:12:00", "elapsed": 3.798577, "delta": 0.454232}}
{"target": -1066640.788818408, "params": {"alpha": 0.11344629293386757, "beta": 6.17401905161184}, "datetime": {"datetime": "2020-10-17 18:12:00", "elapsed": 4.209834, "delta": 0.411257}}
{"target": -1066631.4776338423, "params": {"alpha": 0.11348455766612511, "beta": 6.173884932739252}, "datetime": {"datetime": "2020-10-17 18:12:00", "elapsed": 4.558249, "delta": 0.348415}}
{"target": -1066621.41901315, "params": {"alpha": 0.113531329574481, "beta": 6.173739266226806}, "datetime": {"datetime": "2020-10-17 18:12:01", "elapsed": 4.934414, "delta": 0.376165}}
{"target": -1066609.3876493787, "params": {"alpha": 0.11360150663055803, "beta": 6.173563101732303}, "datetime": {"datetime": "2020-10-17 18:12:01", "elapsed": 5.262537, "delta": 0.328123}}
{"target": -1066593.197245077, "params": {"alpha": 0.11370229401166965, "beta": 6.173321411148555}, "datetime": {"datetime": "2020-10-17 18:12:01", "elapsed": 5.763738, "delta": 0.501201}}
{"target": -1069027.2977201813, "params": {"alpha": 0.1215387129372042, "beta": 6.187719967930209}, "datetime": {"datetime": "2020-10-17 18:12:02", "elapsed": 6.249271, "delta": 0.485533}}
{"target": -1066435.2139932392, "params": {"alpha": 0.11345417486359644, "beta": 6.171023306534442}, "datetime": {"datetime": "2020-10-17 18:12:02", "elapsed": 6.564148, "delta": 0.314877}}
{"target": -1069778.8108732249, "params": {"alpha": 0.12768619995154637, "beta": 6.16665591888981}, "datetime": {"datetime": "2020-10-17 18:12:03", "elapsed": 6.86102, "delta": 0.296872}}
{"target": -1065907.6610101087, "params": {"alpha": 0.10972353886029888, "beta": 6.157007577974307}, "datetime": {"datetime": "2020-10-17 18:12:03", "elapsed": 7.173519, "delta": 0.312499}}
{"target": -1065255.2868222594, "params": {"alpha": 0.11467159593992311, "beta": 6.153839818985862}, "datetime": {"datetime": "2020-10-17 18:12:03", "elapsed": 7.642267, "delta": 0.468748}}
{"target": -1065196.4737258486, "params": {"alpha": 0.1148473946376325, "beta": 6.152942105298226}, "datetime": {"datetime": "2020-10-17 18:12:04", "elapsed": 8.173521, "delta": 0.531254}}
{"target": -1064605.7295799078, "params": {"alpha": 0.1147607599187829, "beta": 6.144461506434003}, "datetime": {"datetime": "2020-10-17 18:12:04", "elapsed": 8.611021, "delta": 0.4375}}
{"target": -1064292.8050288484, "params": {"alpha": 0.1144245746435671, "beta": 6.13989967394504}, "datetime": {"datetime": "2020-10-17 18:12:05", "elapsed": 9.032896, "delta": 0.421875}}
{"target": -1064478.453481618, "params": {"alpha": 0.11677431783165369, "beta": 6.141315183215359}, "datetime": {"datetime": "2020-10-17 18:12:05", "elapsed": 9.423519, "delta": 0.390623}}
{"target": -1063846.6021790279, "params": {"alpha": 0.11455527190529631, "beta": 6.133406465812297}, "datetime": {"datetime": "2020-10-17 18:12:06", "elapsed": 9.862288, "delta": 0.438769}}
{"target": -1064303.113175986, "params": {"alpha": 0.11377627415637868, "beta": 6.139781767702285}, "datetime": {"datetime": "2020-10-17 18:12:06", "elapsed": 10.225154, "delta": 0.362866}}
{"target": -1063352.2198267838, "params": {"alpha": 0.11483684304624187, "beta": 6.126248654066781}, "datetime": {"datetime": "2020-10-17 18:12:06", "elapsed": 10.615786, "delta": 0.390632}}
{"target": -1062875.980773737, "params": {"alpha": 0.1150082766898294, "beta": 6.1193289290612505}, "datetime": {"datetime": "2020-10-17 18:12:07", "elapsed": 10.990787, "delta": 0.375001}}
{"target": -1062382.7586923623, "params": {"alpha": 0.11504056079052975, "beta": 6.112102015532135}, "datetime": {"datetime": "2020-10-17 18:12:07", "elapsed": 11.334539, "delta": 0.343752}}
{"target": -1061890.4189928446, "params": {"alpha": 0.11494409128698276, "beta": 6.104773356230407}, "datetime": {"datetime": "2020-10-17 18:12:16", "elapsed": 19.806962, "delta": 8.472423}}
{"target": -1068516.3137158179, "params": {"alpha": 0.10609640885483547, "beta": 6.184371031846}, "datetime": {"datetime": "2020-10-17 18:12:24", "elapsed": 28.35123, "delta": 8.544268}}
{"target": -1063665.645773725, "params": {"alpha": 0.11195353483762785, "beta": 6.127467951009139}, "datetime": {"datetime": "2020-10-17 18:12:29", "elapsed": 33.043745, "delta": 4.692515}}
{"target": -1061328.0532248523, "params": {"alpha": 0.11753631937177067, "beta": 6.096571948853907}, "datetime": {"datetime": "2020-10-17 18:12:35", "elapsed": 38.903222, "delta": 5.859477}}
{"target": -1061220.628967849, "params": {"alpha": 0.11928004859489927, "beta": 6.09309830329503}, "datetime": {"datetime": "2020-10-17 18:12:40", "elapsed": 44.728126, "delta": 5.824904}}
{"target": -1061188.6974372035, "params": {"alpha": 0.11952985120365163, "beta": 6.092262766792248}, "datetime": {"datetime": "2020-10-17 18:12:48", "elapsed": 51.97788, "delta": 7.249754}}
{"target": -1063224.1457076604, "params": {"alpha": 0.10860923516682364, "beta": 6.106508694183164}, "datetime": {"datetime": "2020-10-17 18:12:51", "elapsed": 55.563478, "delta": 3.585598}}
{"target": -1061317.7394379003, "params": {"alpha": 0.12035170325992854, "beta": 6.092467708835024}, "datetime": {"datetime": "2020-10-17 18:12:54", "elapsed": 58.771202, "delta": 3.207724}}
{"target": -1060214.7287063499, "params": {"alpha": 0.11356583634999666, "beta": 6.077096503196115}, "datetime": {"datetime": "2020-10-17 18:12:58", "elapsed": 61.791593, "delta": 3.020391}}
{"target": -1062242.9678632738, "params": {"alpha": 0.10834308486962353, "beta": 6.087143744907369}, "datetime": {"datetime": "2020-10-17 18:13:02", "elapsed": 66.035788, "delta": 4.244195}}
{"target": -1060291.818803661, "params": {"alpha": 0.11213153575407875, "beta": 6.073929690929367}, "datetime": {"datetime": "2020-10-17 18:13:06", "elapsed": 70.665735, "delta": 4.629947}}
{"target": -1059246.4463752, "params": {"alpha": 0.11821742584511719, "beta": 6.0667624856755324}, "datetime": {"datetime": "2020-10-17 18:13:12", "elapsed": 76.171332, "delta": 5.505597}}
{"target": -1059060.4925351723, "params": {"alpha": 0.11924959934325599, "beta": 6.06341686654527}, "datetime": {"datetime": "2020-10-17 18:13:19", "elapsed": 83.706414, "delta": 7.535082}}
{"target": -1059195.4255348998, "params": {"alpha": 0.1277394706242787, "beta": 6.042087272345305}, "datetime": {"datetime": "2020-10-17 18:13:26", "elapsed": 90.041837, "delta": 6.335423}}
{"target": -1056836.1774895017, "params": {"alpha": 0.12298207416894828, "beta": 6.027458837786806}, "datetime": {"datetime": "2020-10-17 18:13:33", "elapsed": 97.373315, "delta": 7.331478}}
{"target": -1056081.7638605426, "params": {"alpha": 0.1158495709720866, "beta": 6.0177328488197315}, "datetime": {"datetime": "2020-10-17 18:13:38", "elapsed": 102.150406, "delta": 4.777091}}
{"target": -1056084.238127951, "params": {"alpha": 0.11671208009067234, "beta": 6.019478146342375}, "datetime": {"datetime": "2020-10-17 18:13:43", "elapsed": 107.772239, "delta": 5.621833}}
{"target": -1059319.1794966059, "params": {"alpha": 0.1082347973890305, "beta": 6.031002776688534}, "datetime": {"datetime": "2020-10-17 18:13:48", "elapsed": 111.874582, "delta": 4.102343}}
{"target": -1055222.7343967692, "params": {"alpha": 0.12202594143508096, "beta": 6.007392552987507}, "datetime": {"datetime": "2020-10-17 18:13:56", "elapsed": 120.067625, "delta": 8.193043}}
{"target": -1055240.945431733, "params": {"alpha": 0.12183255499503781, "beta": 6.007881032573004}, "datetime": {"datetime": "2020-10-17 18:14:02", "elapsed": 126.425135, "delta": 6.35751}}
{"target": -1055209.1963275874, "params": {"alpha": 0.1217815885652514, "beta": 6.007505132636519}, "datetime": {"datetime": "2020-10-17 18:14:06", "elapsed": 130.47004, "delta": 4.044905}}
{"target": -1055150.6670835176, "params": {"alpha": 0.12159009537410301, "beta": 6.006910895592464}, "datetime": {"datetime": "2020-10-17 18:14:12", "elapsed": 136.182055, "delta": 5.712015}}
{"target": -1054649.2865070398, "params": {"alpha": 0.12030296316300354, "beta": 6.000710953164413}, "datetime": {"datetime": "2020-10-17 18:14:18", "elapsed": 141.784745, "delta": 5.60269}}
{"target": -1052396.39193509, "params": {"alpha": 0.12414128259475543, "beta": 5.966048416873693}, "datetime": {"datetime": "2020-10-17 18:14:24", "elapsed": 148.032105, "delta": 6.24736}}
{"target": -1052259.51289736, "params": {"alpha": 0.1201343905410391, "beta": 5.966074060441136}, "datetime": {"datetime": "2020-10-17 18:14:27", "elapsed": 151.749927, "delta": 3.717822}}
{"target": -1052249.3151818998, "params": {"alpha": 0.12043573862550067, "beta": 5.966101519449029}, "datetime": {"datetime": "2020-10-17 18:14:32", "elapsed": 156.184193, "delta": 4.434266}}
{"target": -1057382.792627281, "params": {"alpha": 0.10774590048912984, "beta": 5.985550712493108}, "datetime": {"datetime": "2020-10-17 18:14:37", "elapsed": 161.552827, "delta": 5.368634}}
{"target": -1054460.3907744782, "params": {"alpha": 0.12465395616622112, "beta": 5.99253679537159}, "datetime": {"datetime": "2020-10-17 18:14:44", "elapsed": 168.493645, "delta": 6.940818}}
{"target": -1051175.9358497749, "params": {"alpha": 0.12026627625645499, "beta": 5.950150132158377}, "datetime": {"datetime": "2020-10-17 18:14:49", "elapsed": 173.690248, "delta": 5.196603}}
{"target": -1050996.2716087145, "params": {"alpha": 0.1200671499197282, "beta": 5.947249536554508}, "datetime": {"datetime": "2020-10-17 18:14:57", "elapsed": 180.81731, "delta": 7.127062}}
{"target": -1052602.396836328, "params": {"alpha": 0.13227205988419735, "beta": 5.944120485790808}, "datetime": {"datetime": "2020-10-17 18:15:04", "elapsed": 188.023018, "delta": 7.205708}}
{"target": -1050154.911790617, "params": {"alpha": 0.12040534226938909, "beta": 5.935040084105872}, "datetime": {"datetime": "2020-10-17 18:15:11", "elapsed": 195.663698, "delta": 7.64068}}
{"target": -1048209.1936356057, "params": {"alpha": 0.12747242706935066, "beta": 5.904445189310192}, "datetime": {"datetime": "2020-10-17 18:15:17", "elapsed": 201.020335, "delta": 5.356637}}
{"target": -1048154.0610446848, "params": {"alpha": 0.12979440670256018, "beta": 5.898299234235472}, "datetime": {"datetime": "2020-10-17 18:15:21", "elapsed": 205.431461, "delta": 4.411126}}
{"target": -1047209.0912167027, "params": {"alpha": 0.12289999606360429, "beta": 5.893740382637508}, "datetime": {"datetime": "2020-10-17 18:15:25", "elapsed": 209.548699, "delta": 4.117238}}
{"target": -1050950.4561618632, "params": {"alpha": 0.1119831096532082, "beta": 5.903692211873698}, "datetime": {"datetime": "2020-10-17 18:15:29", "elapsed": 212.827971, "delta": 3.279272}}
{"target": -1046041.1704195178, "params": {"alpha": 0.12301767461106511, "beta": 5.876579148998191}, "datetime": {"datetime": "2020-10-17 18:15:32", "elapsed": 216.431423, "delta": 3.603452}}
{"target": -1045797.6250717199, "params": {"alpha": 0.12280295392376961, "beta": 5.872686211419645}, "datetime": {"datetime": "2020-10-17 18:15:36", "elapsed": 220.528428, "delta": 4.097005}}
{"target": -1045076.0980475452, "params": {"alpha": 0.12207230054758841, "beta": 5.860438266035907}, "datetime": {"datetime": "2020-10-17 18:15:41", "elapsed": 225.645738, "delta": 5.11731}}
{"target": -1044602.131321046, "params": {"alpha": 0.12154276114822868, "beta": 5.851711536245745}, "datetime": {"datetime": "2020-10-17 18:15:47", "elapsed": 230.775258, "delta": 5.12952}}
{"target": -1044318.668928751, "params": {"alpha": 0.11718410007374014, "beta": 5.824180430801359}, "datetime": {"datetime": "2020-10-17 18:15:51", "elapsed": 234.845896, "delta": 4.070638}}
{"target": -1044060.8996127819, "params": {"alpha": 0.1193233993044573, "beta": 5.833873344199757}, "datetime": {"datetime": "2020-10-17 18:15:55", "elapsed": 239.63461, "delta": 4.788714}}
{"target": -1044072.610000915, "params": {"alpha": 0.11928159710695715, "beta": 5.833850625345993}, "datetime": {"datetime": "2020-10-17 18:16:00", "elapsed": 244.67488, "delta": 5.04027}}
{"target": -1043944.7736499221, "params": {"alpha": 0.11966028817191207, "beta": 5.83363045436581}, "datetime": {"datetime": "2020-10-17 18:16:05", "elapsed": 249.021108, "delta": 4.346228}}
{"target": -1042492.6413415408, "params": {"alpha": 0.13192259621424202, "beta": 5.820494067894294}, "datetime": {"datetime": "2020-10-17 18:16:08", "elapsed": 252.270078, "delta": 3.24897}}
{"target": -1042444.888094454, "params": {"alpha": 0.13070435297056363, "beta": 5.822391130338191}, "datetime": {"datetime": "2020-10-17 18:16:11", "elapsed": 254.999938, "delta": 2.72986}}
{"target": -1042522.2771078432, "params": {"alpha": 0.13059670581484628, "beta": 5.823606748628465}, "datetime": {"datetime": "2020-10-17 18:16:15", "elapsed": 259.305943, "delta": 4.306005}}
{"target": -1042111.4892258984, "params": {"alpha": 0.1299848688650608, "beta": 5.819145645739315}, "datetime": {"datetime": "2020-10-17 18:16:18", "elapsed": 262.250356, "delta": 2.944413}}
{"target": -1042911.3996570788, "params": {"alpha": 0.140002295546488, "beta": 5.7970427131197075}, "datetime": {"datetime": "2020-10-17 18:16:21", "elapsed": 265.181342, "delta": 2.930986}}
{"target": -1040612.5732351948, "params": {"alpha": 0.129116184649542, "beta": 5.799654155640622}, "datetime": {"datetime": "2020-10-17 18:16:25", "elapsed": 269.228262, "delta": 4.04692}}
{"target": -1040068.0112548614, "params": {"alpha": 0.1273012188286165, "beta": 5.792093591127993}, "datetime": {"datetime": "2020-10-17 18:16:29", "elapsed": 272.800145, "delta": 3.571883}}
{"target": -1041766.0606204692, "params": {"alpha": 0.13445548095325882, "beta": 5.804572096739695}, "datetime": {"datetime": "2020-10-17 18:16:30", "elapsed": 274.632964, "delta": 1.832819}}
{"target": -1040430.5940885097, "params": {"alpha": 0.11908926608342663, "beta": 5.76641743307422}, "datetime": {"datetime": "2020-10-17 18:16:34", "elapsed": 277.919332, "delta": 3.286368}}
{"target": -1039206.2114277785, "params": {"alpha": 0.12592834102691725, "beta": 5.7777529704947}, "datetime": {"datetime": "2020-10-17 18:16:37", "elapsed": 281.145516, "delta": 3.226184}}
{"target": -1044046.2709810783, "params": {"alpha": 0.14339891289051332, "beta": 5.792983486504179}, "datetime": {"datetime": "2020-10-17 18:16:39", "elapsed": 283.761524, "delta": 2.616008}}
{"target": -1038806.1719944773, "params": {"alpha": 0.12762183641364525, "beta": 5.773873930508093}, "datetime": {"datetime": "2020-10-17 18:16:43", "elapsed": 286.81631, "delta": 3.054786}}
{"target": -1038084.8280597117, "params": {"alpha": 0.13086069155235078, "beta": 5.763512551384978}, "datetime": {"datetime": "2020-10-17 18:16:46", "elapsed": 289.910314, "delta": 3.094004}}
{"target": -1037658.7469164503, "params": {"alpha": 0.13277783607411156, "beta": 5.7555568126768435}, "datetime": {"datetime": "2020-10-17 18:16:48", "elapsed": 292.651099, "delta": 2.740785}}
{"target": -1037178.1111273373, "params": {"alpha": 0.1343817408964294, "beta": 5.7464132869236515}, "datetime": {"datetime": "2020-10-17 18:16:51", "elapsed": 295.172103, "delta": 2.521004}}
{"target": -1036625.6230218026, "params": {"alpha": 0.1360087819629818, "beta": 5.735671945076887}, "datetime": {"datetime": "2020-10-17 18:16:54", "elapsed": 298.035106, "delta": 2.863003}}
{"target": -1036205.2381861772, "params": {"alpha": 0.13749146662413494, "beta": 5.72644603437517}, "datetime": {"datetime": "2020-10-17 18:16:56", "elapsed": 300.335191, "delta": 2.300085}}
{"target": -1036553.8174495163, "params": {"alpha": 0.1245789792695025, "beta": 5.7315825360485935}, "datetime": {"datetime": "2020-10-17 18:16:58", "elapsed": 302.400096, "delta": 2.064905}}
{"target": -1036686.7045704566, "params": {"alpha": 0.13356129634667677, "beta": 5.741434531246404}, "datetime": {"datetime": "2020-10-17 18:17:00", "elapsed": 304.092326, "delta": 1.69223}}
{"target": -1034601.3365472635, "params": {"alpha": 0.1324552494903554, "beta": 5.71432841889379}, "datetime": {"datetime": "2020-10-17 18:17:01", "elapsed": 305.677783, "delta": 1.585457}}
{"target": -1037203.7192146053, "params": {"alpha": 0.11772252563628348, "beta": 5.681590110720363}, "datetime": {"datetime": "2020-10-17 18:17:03", "elapsed": 307.363785, "delta": 1.686002}}
{"target": -1033545.0696155948, "params": {"alpha": 0.13171322785853568, "beta": 5.699565322604476}, "datetime": {"datetime": "2020-10-17 18:17:04", "elapsed": 308.721787, "delta": 1.358002}}
{"target": -1033281.3904386503, "params": {"alpha": 0.13360875723588886, "beta": 5.695372036160725}, "datetime": {"datetime": "2020-10-17 18:17:06", "elapsed": 310.205803, "delta": 1.484016}}
{"target": -1033132.245282464, "params": {"alpha": 0.13638766113851816, "beta": 5.689828559938043}, "datetime": {"datetime": "2020-10-17 18:17:07", "elapsed": 311.629375, "delta": 1.423572}}
{"target": -1032174.2810487421, "params": {"alpha": 0.13184041130789276, "beta": 5.679829752662911}, "datetime": {"datetime": "2020-10-17 18:17:09", "elapsed": 312.926019, "delta": 1.296644}}
{"target": -1031821.1259036376, "params": {"alpha": 0.12838508831136833, "beta": 5.668101457019548}, "datetime": {"datetime": "2020-10-17 18:17:10", "elapsed": 314.101921, "delta": 1.175902}}
{"target": -1030566.9800689799, "params": {"alpha": 0.13825160980119505, "beta": 5.652913772251287}, "datetime": {"datetime": "2020-10-17 18:17:11", "elapsed": 315.275496, "delta": 1.173575}}
{"target": -1030583.4458572831, "params": {"alpha": 0.13379648239072284, "beta": 5.6575649659575085}, "datetime": {"datetime": "2020-10-17 18:17:12", "elapsed": 316.559127, "delta": 1.283631}}
