{"target": -1884717.2576768794, "params": {"alpha": 0.7276219031074749, "beta": 6.104701139057963}, "datetime": {"datetime": "2020-10-17 18:13:11", "elapsed": 0.0, "delta": 0.0}}
{"target": -2917994.9001357323, "params": {"alpha": 0.3051994122489931, "beta": 8.025246329299044}, "datetime": {"datetime": "2020-10-17 18:13:11", "elapsed": 0.187498, "delta": 0.187498}}
{"target": -3203448.6807612437, "params": {"alpha": 0.497916792317126, "beta": 2.070191679483405}, "datetime": {"datetime": "2020-10-17 18:13:11", "elapsed": 0.390622, "delta": 0.203124}}
{"target": -2834475.945051107, "params": {"alpha": 0.39078833232721283, "beta": 4.551785114854081}, "datetime": {"datetime": "2020-10-17 18:13:11", "elapsed": 0.562497, "delta": 0.171875}}
{"target": -7394378.072574684, "params": {"alpha": 0.3407750666686109, "beta": 1.7429568007729768}, "datetime": {"datetime": "2020-10-17 18:13:12", "elapsed": 0.765625, "delta": 0.203128}}
{"target": -2940403.362355308, "params": {"alpha": 0.36789380024771157, "beta": 4.680022589282124}, "datetime": {"datetime": "2020-10-17 18:13:12", "elapsed": 1.015619, "delta": 0.249994}}
{"target": -1289945.1907529691, "params": {"alpha": 0.924599368884012, "beta": 3.6279303900661364}, "datetime": {"datetime": "2020-10-17 18:13:12", "elapsed": 1.218749, "delta": 0.20313}}
{"target": -2020239.70769755, "params": {"alpha": 0.8318685506191031, "beta": 9.90296201688082}, "datetime": {"datetime": "2020-10-17 18:13:12", "elapsed": 1.406251, "delta": 0.187502}}
{"target": -2024743.480589385, "params": {"alpha": 0.8268422271622979, "beta": 9.906853152804505}, "datetime": {"datetime": "2020-10-17 18:13:13", "elapsed": 1.703123, "delta": 0.296872}}
{"target": -1289945.2602684891, "params": {"alpha": 0.9245993290063196, "beta": 3.627930445008268}, "datetime": {"datetime": "2020-10-17 18:13:13", "elapsed": 2.143927, "delta": 0.440804}}
{"target": -1289945.3028570486, "params": {"alpha": 0.9245993041365648, "beta": 3.6279304746359897}, "datetime": {"datetime": "2020-10-17 18:13:13", "elapsed": 2.581427, "delta": 0.4375}}
{"target": -1289944.791189327, "params": {"alpha": 0.9245995725619421, "beta": 3.627929839608217}, "datetime": {"datetime": "2020-10-17 18:13:14", "elapsed": 3.038914, "delta": 0.457487}}
{"target": -1289942.3664907394, "params": {"alpha": 0.9246008851372522, "beta": 3.6279272030635945}, "datetime": {"datetime": "2020-10-17 18:13:14", "elapsed": 3.510232, "delta": 0.471318}}
{"target": -1289932.0054104633, "params": {"alpha": 0.9246065268730713, "beta": 3.6279162390167126}, "datetime": {"datetime": "2020-10-17 18:13:15", "elapsed": 3.963356, "delta": 0.453124}}
{"target": -1289798.9008149928, "params": {"alpha": 0.9246789417065101, "beta": 3.6277747824254183}, "datetime": {"datetime": "2020-10-17 18:13:15", "elapsed": 4.387615, "delta": 0.424259}}
{"target": -1281319.3139338552, "params": {"alpha": 0.9293035595775474, "beta": 3.618738219703628}, "datetime": {"datetime": "2020-10-17 18:13:16", "elapsed": 4.871997, "delta": 0.484382}}
{"target": -1267807.816014822, "params": {"alpha": 0.9367201101827698, "beta": 3.604249440359734}, "datetime": {"datetime": "2020-10-17 18:13:16", "elapsed": 5.303193, "delta": 0.431196}}
{"target": -1240114.655816284, "params": {"alpha": 0.9521091375227076, "beta": 3.57423644651158}, "datetime": {"datetime": "2020-10-17 18:13:17", "elapsed": 5.771942, "delta": 0.468749}}
{"target": -1218255.7012937805, "params": {"alpha": 0.9644506391593901, "beta": 3.5503522322072745}, "datetime": {"datetime": "2020-10-17 18:13:17", "elapsed": 6.151576, "delta": 0.379634}}
{"target": -1193760.7238405652, "params": {"alpha": 0.9785469425885973, "beta": 3.523822518584694}, "datetime": {"datetime": "2020-10-17 18:13:17", "elapsed": 6.60591, "delta": 0.454334}}
{"target": -1173235.4121776964, "params": {"alpha": 0.99, "beta": 3.497442751313801}, "datetime": {"datetime": "2020-10-17 18:13:18", "elapsed": 7.028891, "delta": 0.422981}}
{"target": -1168824.4229100025, "params": {"alpha": 0.99, "beta": 3.47342389361665}, "datetime": {"datetime": "2020-10-17 18:13:18", "elapsed": 7.403898, "delta": 0.375007}}
{"target": -1169608.123669657, "params": {"alpha": 0.99, "beta": 3.477687718469791}, "datetime": {"datetime": "2020-10-17 18:13:19", "elapsed": 7.953184, "delta": 0.549286}}
{"target": -1166069.0746891615, "params": {"alpha": 0.99, "beta": 3.4584450817131995}, "datetime": {"datetime": "2020-10-17 18:13:19", "elapsed": 8.346489, "delta": 0.393305}}
{"target": -1163015.6698604275, "params": {"alpha": 0.99, "beta": 3.441867197719509}, "datetime": {"datetime": "2020-10-17 18:13:20", "elapsed": 8.722578, "delta": 0.376089}}
{"target": -1160344.547616686, "params": {"alpha": 0.99, "beta": 3.42738247341521}, "datetime": {"datetime": "2020-10-17 18:13:20", "elapsed": 9.084251, "delta": 0.361673}}
{"target": -1157230.3933523784, "params": {"alpha": 0.99, "beta": 3.410515227774085}, "datetime": {"datetime": "2020-10-17 18:13:20", "elapsed": 9.459261, "delta": 0.37501}}
{"target": -1154151.474218649, "params": {"alpha": 0.99, "beta": 3.393858975067199}, "datetime": {"datetime": "2020-10-17 18:13:21", "elapsed": 9.865515, "delta": 0.406254}}
{"target": -1150947.7765772738, "params": {"alpha": 0.99, "beta": 3.37654790830344}, "datetime": {"datetime": "2020-10-17 18:13:21", "elapsed": 10.271768, "delta": 0.406253}}
{"target": -1147657.3525845555, "params": {"alpha": 0.99, "beta": 3.3587885039841594}, "datetime": {"datetime": "2020-10-17 18:13:22", "elapsed": 10.709264, "delta": 0.437496}}
{"target": -1144281.8411755585, "params": {"alpha": 0.99, "beta": 3.3405899184271877}, "datetime": {"datetime": "2020-10-17 18:13:22", "elapsed": 11.163619, "delta": 0.454355}}
{"target": -1155298.4010733624, "params": {"alpha": 0.9879022411578918, "beta": 3.3842913244981205}, "datetime": {"datetime": "2020-10-17 18:13:22", "elapsed": 11.609041, "delta": 0.445422}}
{"target": -1152602.5401668444, "params": {"alpha": 0.982358495460022, "beta": 3.327263493304668}, "datetime": {"datetime": "2020-10-17 18:13:23", "elapsed": 12.050689, "delta": 0.441648}}
{"target": -1140864.2923034285, "params": {"alpha": 0.99, "beta": 3.3221839891750604}, "datetime": {"datetime": "2020-10-17 18:13:23", "elapsed": 12.51944, "delta": 0.468751}}
{"target": -1137006.351703264, "params": {"alpha": 0.99, "beta": 3.301427726955594}, "datetime": {"datetime": "2020-10-17 18:13:24", "elapsed": 12.958182, "delta": 0.438742}}
{"target": -1133304.1605629257, "params": {"alpha": 0.99, "beta": 3.2815289038464583}, "datetime": {"datetime": "2020-10-17 18:13:24", "elapsed": 13.351408, "delta": 0.393226}}
{"target": -1164980.746558445, "params": {"alpha": 0.9721123067723182, "beta": 3.314223624238639}, "datetime": {"datetime": "2020-10-17 18:13:27", "elapsed": 16.091585, "delta": 2.740177}}
{"target": -1134846.0227880625, "params": {"alpha": 0.9829865455271821, "beta": 3.23576471571128}, "datetime": {"datetime": "2020-10-17 18:13:30", "elapsed": 19.012137, "delta": 2.920552}}
{"target": -1124954.5549477718, "params": {"alpha": 0.99, "beta": 3.2367103197323526}, "datetime": {"datetime": "2020-10-17 18:13:33", "elapsed": 21.889476, "delta": 2.877339}}
{"target": -1122786.1323236849, "params": {"alpha": 0.9827242010609597, "beta": 3.168394125468173}, "datetime": {"datetime": "2020-10-17 18:13:35", "elapsed": 24.61068, "delta": 2.721204}}
{"target": -1112471.559301861, "params": {"alpha": 0.99, "beta": 3.1698139196730755}, "datetime": {"datetime": "2020-10-17 18:13:37", "elapsed": 26.524815, "delta": 1.914135}}
{"target": -1112195.9990313896, "params": {"alpha": 0.99, "beta": 3.1683381184317594}, "datetime": {"datetime": "2020-10-17 18:13:40", "elapsed": 29.281802, "delta": 2.756987}}
{"target": -1108592.3949174276, "params": {"alpha": 0.99, "beta": 3.1490404068606197}, "datetime": {"datetime": "2020-10-17 18:13:42", "elapsed": 31.328678, "delta": 2.046876}}
{"target": -1104690.5774361833, "params": {"alpha": 0.99, "beta": 3.1281478066081094}, "datetime": {"datetime": "2020-10-17 18:13:44", "elapsed": 33.580491, "delta": 2.251813}}
{"target": -1100312.515994924, "params": {"alpha": 0.99, "beta": 3.1047040187704336}, "datetime": {"datetime": "2020-10-17 18:13:47", "elapsed": 35.647496, "delta": 2.067005}}
{"target": -1096007.0503203126, "params": {"alpha": 0.99, "beta": 3.0816436430203833}, "datetime": {"datetime": "2020-10-17 18:13:50", "elapsed": 39.271514, "delta": 3.624018}}
{"target": -1103746.2294360797, "params": {"alpha": 0.9820726201948147, "beta": 3.05999921063124}, "datetime": {"datetime": "2020-10-17 18:13:55", "elapsed": 43.640365, "delta": 4.368851}}
{"target": -1092528.9411380286, "params": {"alpha": 0.99, "beta": 3.063007722290779}, "datetime": {"datetime": "2020-10-17 18:13:58", "elapsed": 47.480694, "delta": 3.840329}}
{"target": -1087983.068595126, "params": {"alpha": 0.99, "beta": 3.0386369324675266}, "datetime": {"datetime": "2020-10-17 18:14:02", "elapsed": 50.908901, "delta": 3.428207}}
{"target": -1083379.6670464438, "params": {"alpha": 0.99, "beta": 3.013936399739335}, "datetime": {"datetime": "2020-10-17 18:14:04", "elapsed": 53.233587, "delta": 2.324686}}
{"target": -1078974.6892118135, "params": {"alpha": 0.99, "beta": 2.9902746209492745}, "datetime": {"datetime": "2020-10-17 18:14:07", "elapsed": 55.829952, "delta": 2.596365}}
{"target": -1109505.133466136, "params": {"alpha": 0.9698462738292978, "beta": 2.98894273480746}, "datetime": {"datetime": "2020-10-17 18:14:09", "elapsed": 58.479654, "delta": 2.649702}}
{"target": -1085527.7490142751, "params": {"alpha": 0.9807135650809335, "beta": 2.9495069813217443}, "datetime": {"datetime": "2020-10-17 18:14:13", "elapsed": 61.991767, "delta": 3.512113}}
{"target": -1090412.2051061697, "params": {"alpha": 0.988269277516462, "beta": 3.037904334325121}, "datetime": {"datetime": "2020-10-17 18:14:16", "elapsed": 64.770721, "delta": 2.778954}}
{"target": -1066639.3879334242, "params": {"alpha": 0.9895418441804438, "beta": 2.9200756983747747}, "datetime": {"datetime": "2020-10-17 18:14:19", "elapsed": 68.370658, "delta": 3.599937}}
{"target": -1057050.8767835968, "params": {"alpha": 0.9848147404126842, "beta": 2.828053416324021}, "datetime": {"datetime": "2020-10-17 18:14:22", "elapsed": 71.61266, "delta": 3.242002}}
{"target": -1051650.7027706266, "params": {"alpha": 0.99, "beta": 2.8425404863582933}, "datetime": {"datetime": "2020-10-17 18:14:25", "elapsed": 73.870595, "delta": 2.257935}}
{"target": -1074025.4896724415, "params": {"alpha": 0.9737047565010516, "beta": 2.8246533002162466}, "datetime": {"datetime": "2020-10-17 18:14:27", "elapsed": 76.328596, "delta": 2.458001}}
{"target": -1045825.6793434215, "params": {"alpha": 0.99, "beta": 2.810725925248131}, "datetime": {"datetime": "2020-10-17 18:14:29", "elapsed": 78.405103, "delta": 2.076507}}
{"target": -1040645.2624963106, "params": {"alpha": 0.99, "beta": 2.782299603877594}, "datetime": {"datetime": "2020-10-17 18:14:33", "elapsed": 81.638107, "delta": 3.233004}}
{"target": -1036777.41085781, "params": {"alpha": 0.99, "beta": 2.7609836059707438}, "datetime": {"datetime": "2020-10-17 18:14:35", "elapsed": 84.330724, "delta": 2.692617}}
{"target": -1032128.2525615726, "params": {"alpha": 0.99, "beta": 2.7352452777300624}, "datetime": {"datetime": "2020-10-17 18:14:38", "elapsed": 87.253327, "delta": 2.922603}}
{"target": -1035178.6772956579, "params": {"alpha": 0.9833574752549656, "beta": 2.692851880107723}, "datetime": {"datetime": "2020-10-17 18:14:42", "elapsed": 90.949554, "delta": 3.696227}}
{"target": -1025848.9264878399, "params": {"alpha": 0.99, "beta": 2.700254761009728}, "datetime": {"datetime": "2020-10-17 18:14:45", "elapsed": 93.911559, "delta": 2.962005}}
{"target": -1023402.2136577656, "params": {"alpha": 0.99, "beta": 2.6865422794125697}, "datetime": {"datetime": "2020-10-17 18:14:48", "elapsed": 96.698895, "delta": 2.787336}}
{"target": -1018472.1665189315, "params": {"alpha": 0.99, "beta": 2.6587631867316737}, "datetime": {"datetime": "2020-10-17 18:14:50", "elapsed": 99.427868, "delta": 2.728973}}
{"target": -1028923.3032037534, "params": {"alpha": 0.9825291970626902, "beta": 2.6493523109060932}, "datetime": {"datetime": "2020-10-17 18:14:54", "elapsed": 103.32622, "delta": 3.898352}}
{"target": -1025642.1465502195, "params": {"alpha": 0.9858121357122968, "beta": 2.661162814756855}, "datetime": {"datetime": "2020-10-17 18:14:58", "elapsed": 107.037225, "delta": 3.711005}}
{"target": -1012590.434913653, "params": {"alpha": 0.99, "beta": 2.6253328066149617}, "datetime": {"datetime": "2020-10-17 18:15:00", "elapsed": 109.549616, "delta": 2.512391}}
{"target": -1008354.1771265683, "params": {"alpha": 0.99, "beta": 2.6010359554299023}, "datetime": {"datetime": "2020-10-17 18:15:04", "elapsed": 112.945429, "delta": 3.395813}}
{"target": -1044837.1205231987, "params": {"alpha": 0.967533550178126, "beta": 2.594804158735739}, "datetime": {"datetime": "2020-10-17 18:15:08", "elapsed": 117.148607, "delta": 4.203178}}
{"target": -1004821.8266136441, "params": {"alpha": 0.99, "beta": 2.580620338340445}, "datetime": {"datetime": "2020-10-17 18:15:11", "elapsed": 120.317611, "delta": 3.169004}}
{"target": -1016015.8354022332, "params": {"alpha": 0.9816026693496348, "beta": 2.5648259841930656}, "datetime": {"datetime": "2020-10-17 18:15:14", "elapsed": 123.18238, "delta": 2.864769}}
{"target": -1000872.5532816583, "params": {"alpha": 0.9873393664491066, "beta": 2.5316469206056316}, "datetime": {"datetime": "2020-10-17 18:15:17", "elapsed": 125.692739, "delta": 2.510359}}
{"target": -1000093.7057991743, "params": {"alpha": 0.9899704433587346, "beta": 2.552763312036385}, "datetime": {"datetime": "2020-10-17 18:15:20", "elapsed": 128.825372, "delta": 3.132633}}
{"target": -993349.892414958, "params": {"alpha": 0.99, "beta": 2.513172790982656}, "datetime": {"datetime": "2020-10-17 18:15:23", "elapsed": 132.082376, "delta": 3.257004}}
{"target": -1000866.9557976485, "params": {"alpha": 0.9869767988306456, "beta": 2.5280136842310155}, "datetime": {"datetime": "2020-10-17 18:15:25", "elapsed": 134.346111, "delta": 2.263735}}
{"target": -988831.8032420794, "params": {"alpha": 0.99, "beta": 2.486045270138215}, "datetime": {"datetime": "2020-10-17 18:15:27", "elapsed": 136.605853, "delta": 2.259742}}
{"target": -1005776.8267514526, "params": {"alpha": 0.9792017211189721, "beta": 2.4776258884141544}, "datetime": {"datetime": "2020-10-17 18:15:31", "elapsed": 139.767211, "delta": 3.161358}}
{"target": -985662.1727689441, "params": {"alpha": 0.9896360319675122, "beta": 2.463047266014142}, "datetime": {"datetime": "2020-10-17 18:15:34", "elapsed": 142.776338, "delta": 3.009127}}
{"target": -981746.5233781731, "params": {"alpha": 0.99, "beta": 2.442723060163589}, "datetime": {"datetime": "2020-10-17 18:15:36", "elapsed": 144.98234, "delta": 2.206002}}
{"target": -973214.1075781003, "params": {"alpha": 0.9875645995492744, "beta": 2.3617226366741813}, "datetime": {"datetime": "2020-10-17 18:15:38", "elapsed": 146.810345, "delta": 1.828005}}
{"target": -969892.4184882994, "params": {"alpha": 0.99, "beta": 2.367587383066753}, "datetime": {"datetime": "2020-10-17 18:15:40", "elapsed": 149.42276, "delta": 2.612415}}
{"target": -995847.6598317992, "params": {"alpha": 0.9821176775272038, "beta": 2.4467873821664607}, "datetime": {"datetime": "2020-10-17 18:15:43", "elapsed": 151.979833, "delta": 2.557073}}
{"target": -990412.9724617813, "params": {"alpha": 0.9787306245767796, "beta": 2.3729939989879565}, "datetime": {"datetime": "2020-10-17 18:15:46", "elapsed": 155.273171, "delta": 3.293338}}
{"target": -966412.6380798245, "params": {"alpha": 0.99, "beta": 2.3447458079232706}, "datetime": {"datetime": "2020-10-17 18:15:50", "elapsed": 158.681174, "delta": 3.408003}}
{"target": -988948.9017859494, "params": {"alpha": 0.9729605810706273, "beta": 2.2892831040160644}, "datetime": {"datetime": "2020-10-17 18:15:53", "elapsed": 161.86715, "delta": 3.185976}}
{"target": -959989.1160772954, "params": {"alpha": 0.99, "beta": 2.301400984733274}, "datetime": {"datetime": "2020-10-17 18:15:55", "elapsed": 163.885147, "delta": 2.017997}}
{"target": -970932.6197778557, "params": {"alpha": 0.9898241852670194, "beta": 2.372375416445861}, "datetime": {"datetime": "2020-10-17 18:15:57", "elapsed": 166.147572, "delta": 2.262425}}
{"target": -971467.2219594619, "params": {"alpha": 0.9854211241662252, "beta": 2.324807206483548}, "datetime": {"datetime": "2020-10-17 18:16:00", "elapsed": 169.179576, "delta": 3.032004}}
{"target": -969101.4868811847, "params": {"alpha": 0.9810887916515101, "beta": 2.2523453764192958}, "datetime": {"datetime": "2020-10-17 18:16:02", "elapsed": 171.616583, "delta": 2.437007}}
{"target": -952725.1564329482, "params": {"alpha": 0.99, "beta": 2.250110177903553}, "datetime": {"datetime": "2020-10-17 18:16:05", "elapsed": 173.97477, "delta": 2.358187}}
{"target": -960997.9472229276, "params": {"alpha": 0.9868425186404133, "beta": 2.269139231943891}, "datetime": {"datetime": "2020-10-17 18:16:07", "elapsed": 176.343684, "delta": 2.368914}}
{"target": -957537.3052181946, "params": {"alpha": 0.9857346285301084, "beta": 2.2288937590759565}, "datetime": {"datetime": "2020-10-17 18:16:10", "elapsed": 178.942296, "delta": 2.598612}}
{"target": -948315.7217480291, "params": {"alpha": 0.99, "beta": 2.21747709541852}, "datetime": {"datetime": "2020-10-17 18:16:12", "elapsed": 180.720852, "delta": 1.778556}}
{"target": -947610.2527646715, "params": {"alpha": 0.9880091428907296, "beta": 2.18396860202124}, "datetime": {"datetime": "2020-10-17 18:16:14", "elapsed": 182.870855, "delta": 2.150003}}
{"target": -953533.4764260807, "params": {"alpha": 0.9824869713615484, "beta": 2.1481007768041804}, "datetime": {"datetime": "2020-10-17 18:16:15", "elapsed": 184.557857, "delta": 1.687002}}
{"target": -939343.3257655582, "params": {"alpha": 0.99, "beta": 2.146228905643661}, "datetime": {"datetime": "2020-10-17 18:16:18", "elapsed": 186.655611, "delta": 2.097754}}
{"target": -947811.1372991434, "params": {"alpha": 0.9880795411402157, "beta": 2.186593676305479}, "datetime": {"datetime": "2020-10-17 18:16:19", "elapsed": 188.42991, "delta": 1.774299}}
{"target": -941101.021862665, "params": {"alpha": 0.9878754843684125, "beta": 2.127529513340465}, "datetime": {"datetime": "2020-10-17 18:16:21", "elapsed": 190.323768, "delta": 1.893858}}
{"target": -946771.4926208514, "params": {"alpha": 0.9882840241573624, "beta": 2.1812842556228853}, "datetime": {"datetime": "2020-10-17 18:16:24", "elapsed": 192.669173, "delta": 2.345405}}
{"target": -950611.728729992, "params": {"alpha": 0.9898292507387282, "beta": 2.2323633117668087}, "datetime": {"datetime": "2020-10-17 18:16:25", "elapsed": 194.173176, "delta": 1.504003}}
{"target": -942215.5930891016, "params": {"alpha": 0.9856932297137828, "beta": 2.1004611560606863}, "datetime": {"datetime": "2020-10-17 18:16:27", "elapsed": 195.862182, "delta": 1.689006}}
{"target": -946098.215000007, "params": {"alpha": 0.9848782366294699, "beta": 2.1220523691502877}, "datetime": {"datetime": "2020-10-17 18:16:28", "elapsed": 197.160055, "delta": 1.297873}}
{"target": -946337.3453344812, "params": {"alpha": 0.988260462013333, "beta": 2.1774530592508614}, "datetime": {"datetime": "2020-10-17 18:16:30", "elapsed": 199.038615, "delta": 1.87856}}
{"target": -933122.9329434528, "params": {"alpha": 0.99, "beta": 2.0912539041794664}, "datetime": {"datetime": "2020-10-17 18:16:32", "elapsed": 200.933083, "delta": 1.894468}}
{"target": -952927.8335640589, "params": {"alpha": 0.9799925165994277, "beta": 2.0989751785093875}, "datetime": {"datetime": "2020-10-17 18:16:33", "elapsed": 202.622993, "delta": 1.68991}}
{"target": -937760.7580496608, "params": {"alpha": 0.9847932927129542, "beta": 2.0376627248043864}, "datetime": {"datetime": "2020-10-17 18:16:35", "elapsed": 204.552428, "delta": 1.929435}}
