{"target": -1492134.2852248787, "params": {"alpha": 0.7276219031074749, "beta": 6.104701139057963}, "datetime": {"datetime": "2020-10-17 18:13:28", "elapsed": 0.0, "delta": 0.0}}
{"target": -1274186.6664355202, "params": {"alpha": 0.3051994122489931, "beta": 8.025246329299044}, "datetime": {"datetime": "2020-10-17 18:13:28", "elapsed": 0.109374, "delta": 0.109374}}
{"target": -988005.945944949, "params": {"alpha": 0.497916792317126, "beta": 2.070191679483405}, "datetime": {"datetime": "2020-10-17 18:13:28", "elapsed": 0.203123, "delta": 0.093749}}
{"target": -1034055.7997859105, "params": {"alpha": 0.39078833232721283, "beta": 4.551785114854081}, "datetime": {"datetime": "2020-10-17 18:13:28", "elapsed": 0.312499, "delta": 0.109376}}
{"target": -1541436.8231444177, "params": {"alpha": 0.3407750666686109, "beta": 1.7429568007729768}, "datetime": {"datetime": "2020-10-17 18:13:28", "elapsed": 0.421876, "delta": 0.109377}}
{"target": -1023598.6568841536, "params": {"alpha": 0.36789380024771157, "beta": 4.680022589282124}, "datetime": {"datetime": "2020-10-17 18:13:28", "elapsed": 0.516849, "delta": 0.094973}}
{"target": -1692786.1645771563, "params": {"alpha": 0.924599368884012, "beta": 3.6279303900661364}, "datetime": {"datetime": "2020-10-17 18:13:28", "elapsed": 0.610611, "delta": 0.093762}}
{"target": -1642839.340319868, "params": {"alpha": 0.8318685506191031, "beta": 9.90296201688082}, "datetime": {"datetime": "2020-10-17 18:13:28", "elapsed": 0.721132, "delta": 0.110521}}
{"target": -977980.441173949, "params": {"alpha": 0.49183542999415725, "beta": 2.0740776731464363}, "datetime": {"datetime": "2020-10-17 18:13:28", "elapsed": 0.939892, "delta": 0.21876}}
{"target": -949809.8690049809, "params": {"alpha": 0.47324363623909066, "beta": 2.0874543256579905}, "datetime": {"datetime": "2020-10-17 18:13:29", "elapsed": 1.158645, "delta": 0.218753}}
{"target": -1101859.9764259805, "params": {"alpha": 0.1165301112709405, "beta": 6.176489919882287}, "datetime": {"datetime": "2020-10-17 18:13:29", "elapsed": 1.283646, "delta": 0.125001}}
{"target": -928778.1524540628, "params": {"alpha": 0.45757352177729643, "beta": 2.102715189730529}, "datetime": {"datetime": "2020-10-17 18:13:29", "elapsed": 1.51802, "delta": 0.234374}}
{"target": -916824.9813654624, "params": {"alpha": 0.4485599833335789, "beta": 2.1179014188423966}, "datetime": {"datetime": "2020-10-17 18:13:29", "elapsed": 1.738258, "delta": 0.220238}}
{"target": -912843.5726123678, "params": {"alpha": 0.44740023172199134, "beta": 2.1314722496032505}, "datetime": {"datetime": "2020-10-17 18:13:30", "elapsed": 1.973732, "delta": 0.235474}}
{"target": -913709.7022754161, "params": {"alpha": 0.4487170955724582, "beta": 2.1330812313243164}, "datetime": {"datetime": "2020-10-17 18:13:30", "elapsed": 2.192478, "delta": 0.218746}}
{"target": -902045.4814080903, "params": {"alpha": 0.4340980082951949, "beta": 2.133874269216375}, "datetime": {"datetime": "2020-10-17 18:13:30", "elapsed": 2.395613, "delta": 0.203135}}
{"target": -893535.2587212104, "params": {"alpha": 0.41066884562397166, "beta": 2.134051231021428}, "datetime": {"datetime": "2020-10-17 18:13:30", "elapsed": 2.614354, "delta": 0.218741}}
{"target": -1397392.706267428, "params": {"alpha": 0.6295151420379856, "beta": 5.807458857675274}, "datetime": {"datetime": "2020-10-17 18:13:30", "elapsed": 2.754982, "delta": 0.140628}}
{"target": -1455137.5933527513, "params": {"alpha": 0.5641566850540021, "beta": 8.008751085268823}, "datetime": {"datetime": "2020-10-17 18:13:30", "elapsed": 2.911233, "delta": 0.156251}}
{"target": -889841.9155283456, "params": {"alpha": 0.40880942385317287, "beta": 2.145462238533988}, "datetime": {"datetime": "2020-10-17 18:13:31", "elapsed": 3.19248, "delta": 0.281247}}
{"target": -895193.2755282449, "params": {"alpha": 0.4146138012677892, "beta": 2.1301291634408406}, "datetime": {"datetime": "2020-10-17 18:13:31", "elapsed": 3.395606, "delta": 0.203126}}
{"target": -884321.0807152622, "params": {"alpha": 0.40522937784320245, "beta": 2.163080142816533}, "datetime": {"datetime": "2020-10-17 18:13:31", "elapsed": 3.598732, "delta": 0.203126}}
{"target": -1656334.175424993, "params": {"alpha": 0.9393939234384778, "beta": 7.6437855391144645}, "datetime": {"datetime": "2020-10-17 18:13:31", "elapsed": 3.754983, "delta": 0.156251}}
{"target": -882684.285695296, "params": {"alpha": 0.4134572414565524, "beta": 2.173218406849897}, "datetime": {"datetime": "2020-10-17 18:13:32", "elapsed": 4.020606, "delta": 0.265623}}
{"target": -878337.2134790489, "params": {"alpha": 0.4245843057273433, "beta": 2.216178940509154}, "datetime": {"datetime": "2020-10-17 18:13:32", "elapsed": 4.208112, "delta": 0.187506}}
{"target": -870305.8371648245, "params": {"alpha": 0.40419169873010946, "beta": 2.2139290898105264}, "datetime": {"datetime": "2020-10-17 18:13:32", "elapsed": 4.442487, "delta": 0.234375}}
{"target": -867665.9615355174, "params": {"alpha": 0.3954933076760105, "beta": 2.222008203415301}, "datetime": {"datetime": "2020-10-17 18:13:32", "elapsed": 4.726063, "delta": 0.283576}}
{"target": -865173.6193071522, "params": {"alpha": 0.3894075713611414, "beta": 2.2335561281935967}, "datetime": {"datetime": "2020-10-17 18:13:33", "elapsed": 4.976078, "delta": 0.250015}}
{"target": -860871.2432839405, "params": {"alpha": 0.38581642137470046, "beta": 2.2518366076538863}, "datetime": {"datetime": "2020-10-17 18:13:33", "elapsed": 5.194821, "delta": 0.218743}}
{"target": -855031.4127574894, "params": {"alpha": 0.3851435703890564, "beta": 2.2749053867731766}, "datetime": {"datetime": "2020-10-17 18:13:33", "elapsed": 5.444826, "delta": 0.250005}}
{"target": -850205.1183426573, "params": {"alpha": 0.38358625650296085, "beta": 2.295970400852488}, "datetime": {"datetime": "2020-10-17 18:13:33", "elapsed": 5.663574, "delta": 0.218748}}
{"target": -1146744.3779399693, "params": {"alpha": 0.1368641698862598, "beta": 7.531481283924518}, "datetime": {"datetime": "2020-10-17 18:13:33", "elapsed": 5.913574, "delta": 0.25}}
{"target": -846808.9325331579, "params": {"alpha": 0.37856128845514037, "beta": 2.3141901936836393}, "datetime": {"datetime": "2020-10-17 18:13:34", "elapsed": 6.163577, "delta": 0.250003}}
{"target": -846605.2752038748, "params": {"alpha": 0.3704499114121901, "beta": 2.325334897515463}, "datetime": {"datetime": "2020-10-17 18:13:34", "elapsed": 6.413577, "delta": 0.25}}
{"target": -844331.6066058588, "params": {"alpha": 0.37814248922287363, "beta": 2.325535735174151}, "datetime": {"datetime": "2020-10-17 18:13:34", "elapsed": 6.649243, "delta": 0.235666}}
{"target": -839953.4350935093, "params": {"alpha": 0.3809443743166636, "beta": 2.3453955656077445}, "datetime": {"datetime": "2020-10-17 18:13:34", "elapsed": 6.900404, "delta": 0.251161}}
{"target": -833595.2293014341, "params": {"alpha": 0.37651032868911394, "beta": 2.3807929188679093}, "datetime": {"datetime": "2020-10-17 18:13:35", "elapsed": 7.697278, "delta": 0.796874}}
{"target": -831861.9155593788, "params": {"alpha": 0.38610784228915135, "beta": 2.3990810318148523}, "datetime": {"datetime": "2020-10-17 18:13:36", "elapsed": 8.683982, "delta": 0.986704}}
{"target": -831635.7817015448, "params": {"alpha": 0.3841104317884123, "beta": 2.397357343126628}, "datetime": {"datetime": "2020-10-17 18:13:37", "elapsed": 9.641409, "delta": 0.957427}}
{"target": -829577.433008584, "params": {"alpha": 0.37548468448428607, "beta": 2.4049625143094366}, "datetime": {"datetime": "2020-10-17 18:13:38", "elapsed": 10.128169, "delta": 0.48676}}
{"target": -828047.198834459, "params": {"alpha": 0.36518438715542745, "beta": 2.4208653636556647}, "datetime": {"datetime": "2020-10-17 18:13:39", "elapsed": 11.145702, "delta": 1.017533}}
{"target": -827971.1686347602, "params": {"alpha": 0.3704699594341987, "beta": 2.4162780955319936}, "datetime": {"datetime": "2020-10-17 18:13:39", "elapsed": 11.695406, "delta": 0.549704}}
{"target": -826174.1689590503, "params": {"alpha": 0.37165444738755476, "beta": 2.427154959864872}, "datetime": {"datetime": "2020-10-17 18:13:40", "elapsed": 12.337152, "delta": 0.641746}}
{"target": -823120.424733851, "params": {"alpha": 0.37533914660755535, "beta": 2.4506335064294147}, "datetime": {"datetime": "2020-10-17 18:13:41", "elapsed": 13.337152, "delta": 1.0}}
{"target": -822105.361137264, "params": {"alpha": 0.3764675301200252, "beta": 2.460622776072934}, "datetime": {"datetime": "2020-10-17 18:13:42", "elapsed": 14.649651, "delta": 1.312499}}
{"target": -820709.4052922213, "params": {"alpha": 0.3778268593787964, "beta": 2.4763979358596275}, "datetime": {"datetime": "2020-10-17 18:13:43", "elapsed": 15.258977, "delta": 0.609326}}
{"target": -818702.9303729417, "params": {"alpha": 0.3804594452948581, "beta": 2.5091589515158153}, "datetime": {"datetime": "2020-10-17 18:13:44", "elapsed": 16.489464, "delta": 1.230487}}
{"target": -818109.6921237592, "params": {"alpha": 0.37919524713673325, "beta": 2.5106864517215928}, "datetime": {"datetime": "2020-10-17 18:13:45", "elapsed": 17.35247, "delta": 0.863006}}
{"target": -1504188.3524730604, "params": {"alpha": 0.7837565572822538, "beta": 4.704049815690776}, "datetime": {"datetime": "2020-10-17 18:13:45", "elapsed": 17.653465, "delta": 0.300995}}
{"target": -814400.3810011724, "params": {"alpha": 0.35457547631523223, "beta": 2.5254352397298936}, "datetime": {"datetime": "2020-10-17 18:13:46", "elapsed": 18.456467, "delta": 0.803002}}
{"target": -814214.9196744075, "params": {"alpha": 0.3591280340638077, "beta": 2.521308168449607}, "datetime": {"datetime": "2020-10-17 18:13:47", "elapsed": 19.004468, "delta": 0.548001}}
{"target": -815878.3357093397, "params": {"alpha": 0.3727093046600469, "beta": 2.5143371903580745}, "datetime": {"datetime": "2020-10-17 18:13:47", "elapsed": 19.548467, "delta": 0.543999}}
{"target": -1114163.2477959455, "params": {"alpha": 0.3456178407546785, "beta": 5.690841020849503}, "datetime": {"datetime": "2020-10-17 18:13:48", "elapsed": 20.161468, "delta": 0.613001}}
{"target": -813620.1232172769, "params": {"alpha": 0.3601326671226682, "beta": 2.5257400305112827}, "datetime": {"datetime": "2020-10-17 18:13:49", "elapsed": 21.470646, "delta": 1.309178}}
{"target": -811897.7341787922, "params": {"alpha": 0.3631030703301216, "beta": 2.542333514957347}, "datetime": {"datetime": "2020-10-17 18:13:50", "elapsed": 21.9577, "delta": 0.487054}}
{"target": -1470952.5063479291, "params": {"alpha": 0.758253000863743, "beta": 4.405208269347275}, "datetime": {"datetime": "2020-10-17 18:13:50", "elapsed": 22.397573, "delta": 0.439873}}
{"target": -813359.4224016789, "params": {"alpha": 0.3598913569487762, "beta": 2.5281627467523697}, "datetime": {"datetime": "2020-10-17 18:13:51", "elapsed": 23.497125, "delta": 1.099552}}
{"target": -809273.5566830143, "params": {"alpha": 0.35599168392309005, "beta": 2.569134927838598}, "datetime": {"datetime": "2020-10-17 18:13:53", "elapsed": 25.300178, "delta": 1.803053}}
{"target": -807566.1700618595, "params": {"alpha": 0.3582360794912799, "beta": 2.5885819982872005}, "datetime": {"datetime": "2020-10-17 18:13:54", "elapsed": 26.535784, "delta": 1.235606}}
{"target": -807016.2375852774, "params": {"alpha": 0.35930955748909005, "beta": 2.5969562282609484}, "datetime": {"datetime": "2020-10-17 18:13:55", "elapsed": 27.809868, "delta": 1.274084}}
{"target": -805865.8364984642, "params": {"alpha": 0.3580982944777598, "beta": 2.611623044757593}, "datetime": {"datetime": "2020-10-17 18:13:57", "elapsed": 29.019658, "delta": 1.20979}}
{"target": -803691.351429395, "params": {"alpha": 0.3451752135225437, "beta": 2.6436490328810107}, "datetime": {"datetime": "2020-10-17 18:13:58", "elapsed": 30.171659, "delta": 1.152001}}
{"target": -804027.4728889228, "params": {"alpha": 0.3499581859900009, "beta": 2.6336748101577143}, "datetime": {"datetime": "2020-10-17 18:13:59", "elapsed": 30.96066, "delta": 0.789001}}
{"target": -803736.0147615024, "params": {"alpha": 0.3443789437914996, "beta": 2.644585929184294}, "datetime": {"datetime": "2020-10-17 18:13:59", "elapsed": 31.754661, "delta": 0.794001}}
{"target": -803051.6943411316, "params": {"alpha": 0.3484024600097313, "beta": 2.648070818344986}, "datetime": {"datetime": "2020-10-17 18:14:00", "elapsed": 32.827662, "delta": 1.073001}}
{"target": -802811.9199892972, "params": {"alpha": 0.35615453924777374, "beta": 2.660980279595836}, "datetime": {"datetime": "2020-10-17 18:14:01", "elapsed": 33.899667, "delta": 1.072005}}
{"target": -802905.7137568567, "params": {"alpha": 0.35458371367111574, "beta": 2.6543642118757553}, "datetime": {"datetime": "2020-10-17 18:14:02", "elapsed": 34.48101, "delta": 0.581343}}
{"target": -801585.2756511683, "params": {"alpha": 0.34895404136471375, "beta": 2.670971529118851}, "datetime": {"datetime": "2020-10-17 18:14:03", "elapsed": 35.536549, "delta": 1.055539}}
{"target": -800564.7133796347, "params": {"alpha": 0.3411694284378252, "beta": 2.694125842235585}, "datetime": {"datetime": "2020-10-17 18:14:04", "elapsed": 36.145923, "delta": 0.609374}}
{"target": -801405.2987289866, "params": {"alpha": 0.34516146288431515, "beta": 2.675207781450936}, "datetime": {"datetime": "2020-10-17 18:14:05", "elapsed": 37.337275, "delta": 1.191352}}
{"target": -799764.3498665438, "params": {"alpha": 0.3446900152593789, "beta": 2.704223023952838}, "datetime": {"datetime": "2020-10-17 18:14:06", "elapsed": 37.963427, "delta": 0.626152}}
{"target": -799255.7557648532, "params": {"alpha": 0.3474280576816856, "beta": 2.7185245138542276}, "datetime": {"datetime": "2020-10-17 18:14:07", "elapsed": 39.041547, "delta": 1.07812}}
{"target": -799108.9894954165, "params": {"alpha": 0.34716338822511683, "beta": 2.721825888514189}, "datetime": {"datetime": "2020-10-17 18:14:08", "elapsed": 39.96343, "delta": 0.921883}}
{"target": -799188.9628496157, "params": {"alpha": 0.34556148349397897, "beta": 2.7170004638624747}, "datetime": {"datetime": "2020-10-17 18:14:08", "elapsed": 40.918903, "delta": 0.955473}}
{"target": -1199876.3247969453, "params": {"alpha": 0.3326045110846906, "beta": 6.741563069299485}, "datetime": {"datetime": "2020-10-17 18:14:09", "elapsed": 41.412627, "delta": 0.493724}}
{"target": -799124.8859314324, "params": {"alpha": 0.3398234670265263, "beta": 2.7210882386954998}, "datetime": {"datetime": "2020-10-17 18:14:10", "elapsed": 42.136723, "delta": 0.724096}}
{"target": -801118.5336999146, "params": {"alpha": 0.3565706242256309, "beta": 2.715687329649393}, "datetime": {"datetime": "2020-10-17 18:14:10", "elapsed": 42.937615, "delta": 0.800892}}
{"target": -798498.8303165459, "params": {"alpha": 0.34284450289829177, "beta": 2.7317230683077476}, "datetime": {"datetime": "2020-10-17 18:14:12", "elapsed": 43.971203, "delta": 1.033588}}
{"target": -797837.9737292948, "params": {"alpha": 0.34148667233325564, "beta": 2.7481797279193985}, "datetime": {"datetime": "2020-10-17 18:14:12", "elapsed": 44.909818, "delta": 0.938615}}
{"target": -797285.0426144078, "params": {"alpha": 0.33870839761298055, "beta": 2.7636224986343785}, "datetime": {"datetime": "2020-10-17 18:14:13", "elapsed": 45.484618, "delta": 0.5748}}
{"target": -796951.502867112, "params": {"alpha": 0.3386720412327374, "beta": 2.773441813390213}, "datetime": {"datetime": "2020-10-17 18:14:14", "elapsed": 46.680514, "delta": 1.195896}}
{"target": -801730.6715920811, "params": {"alpha": 0.3592997599752054, "beta": 2.763048825842852}, "datetime": {"datetime": "2020-10-17 18:14:15", "elapsed": 47.667493, "delta": 0.986979}}
{"target": -796793.2257523575, "params": {"alpha": 0.3317366751296025, "beta": 2.791139604040577}, "datetime": {"datetime": "2020-10-17 18:14:16", "elapsed": 48.576628, "delta": 0.909135}}
{"target": -796802.7010266795, "params": {"alpha": 0.33400743007661027, "beta": 2.7840825759689305}, "datetime": {"datetime": "2020-10-17 18:14:18", "elapsed": 50.57063, "delta": 1.994002}}
{"target": -796521.1500058776, "params": {"alpha": 0.33468513752632245, "beta": 2.790529739613251}, "datetime": {"datetime": "2020-10-17 18:14:19", "elapsed": 51.534631, "delta": 0.964001}}
{"target": -796140.7392120073, "params": {"alpha": 0.3381673118673794, "beta": 2.8043218568894153}, "datetime": {"datetime": "2020-10-17 18:14:20", "elapsed": 52.606638, "delta": 1.072007}}
{"target": -1280860.343488396, "params": {"alpha": 0.6029497185106835, "beta": 4.357497171976991}, "datetime": {"datetime": "2020-10-17 18:14:21", "elapsed": 53.085638, "delta": 0.479}}
{"target": -796112.0493744984, "params": {"alpha": 0.33830740334795995, "beta": 2.8062094697515385}, "datetime": {"datetime": "2020-10-17 18:14:22", "elapsed": 54.464885, "delta": 1.379247}}
{"target": -796066.9983215252, "params": {"alpha": 0.33820918840358677, "beta": 2.8083171467139714}, "datetime": {"datetime": "2020-10-17 18:14:23", "elapsed": 55.32559, "delta": 0.860705}}
{"target": -795940.8260762499, "params": {"alpha": 0.33776488476325367, "beta": 2.813929967401574}, "datetime": {"datetime": "2020-10-17 18:14:23", "elapsed": 55.904624, "delta": 0.579034}}
{"target": -795727.4489383512, "params": {"alpha": 0.33694112195201753, "beta": 2.824208162561942}, "datetime": {"datetime": "2020-10-17 18:14:24", "elapsed": 56.754066, "delta": 0.849442}}
{"target": -795598.6079131204, "params": {"alpha": 0.3366741657700959, "beta": 2.8326303538411675}, "datetime": {"datetime": "2020-10-17 18:14:25", "elapsed": 57.708395, "delta": 0.954329}}
{"target": -795559.5078394486, "params": {"alpha": 0.33678250961246314, "beta": 2.837075631819742}, "datetime": {"datetime": "2020-10-17 18:14:26", "elapsed": 58.665185, "delta": 0.95679}}
{"target": -795593.6212166027, "params": {"alpha": 0.33240419835523494, "beta": 2.828102515133983}, "datetime": {"datetime": "2020-10-17 18:14:27", "elapsed": 59.118317, "delta": 0.453132}}
{"target": -795763.9998021873, "params": {"alpha": 0.32750378062850516, "beta": 2.8383832108046203}, "datetime": {"datetime": "2020-10-17 18:14:28", "elapsed": 59.962064, "delta": 0.843747}}
{"target": -858597.7956126606, "params": {"alpha": 0.3385727648304308, "beta": 2.3785383588899194}, "datetime": {"datetime": "2020-10-17 18:14:28", "elapsed": 60.374076, "delta": 0.412012}}
{"target": -797070.445536299, "params": {"alpha": 0.3443498817550672, "beta": 2.7893949610042057}, "datetime": {"datetime": "2020-10-17 18:14:29", "elapsed": 61.109076, "delta": 0.735}}
{"target": -795381.6520004581, "params": {"alpha": 0.33352742789419315, "beta": 2.8384498111817953}, "datetime": {"datetime": "2020-10-17 18:14:29", "elapsed": 61.609076, "delta": 0.5}}
{"target": -795294.2337861528, "params": {"alpha": 0.3332934278959395, "beta": 2.8440505410376415}, "datetime": {"datetime": "2020-10-17 18:14:30", "elapsed": 62.419077, "delta": 0.810001}}
{"target": -795144.6673796288, "params": {"alpha": 0.3331789967400714, "beta": 2.856346883628871}, "datetime": {"datetime": "2020-10-17 18:14:31", "elapsed": 63.540079, "delta": 1.121002}}
{"target": -795075.9692086488, "params": {"alpha": 0.3325225638368636, "beta": 2.861076926264322}, "datetime": {"datetime": "2020-10-17 18:14:32", "elapsed": 64.81308, "delta": 1.273001}}
{"target": -795032.2108820275, "params": {"alpha": 0.3324912550074858, "beta": 2.8662210834975186}, "datetime": {"datetime": "2020-10-17 18:14:33", "elapsed": 65.849084, "delta": 1.036004}}
{"target": -795009.9953836789, "params": {"alpha": 0.3325106979263932, "beta": 2.869679424914203}, "datetime": {"datetime": "2020-10-17 18:14:34", "elapsed": 66.823567, "delta": 0.974483}}
{"target": -795001.9804054623, "params": {"alpha": 0.3325378539541013, "beta": 2.8713354704292855}, "datetime": {"datetime": "2020-10-17 18:14:36", "elapsed": 67.964194, "delta": 1.140627}}
{"target": -794998.1320155166, "params": {"alpha": 0.3325504032789739, "beta": 2.8722097778683886}, "datetime": {"datetime": "2020-10-17 18:14:36", "elapsed": 68.732463, "delta": 0.768269}}
{"target": -794995.5367404898, "params": {"alpha": 0.3325525988903444, "beta": 2.8727626300464273}, "datetime": {"datetime": "2020-10-17 18:14:38", "elapsed": 70.103434, "delta": 1.370971}}
{"target": -794993.2807027103, "params": {"alpha": 0.33254928010095924, "beta": 2.8731979937424845}, "datetime": {"datetime": "2020-10-17 18:14:39", "elapsed": 71.091041, "delta": 0.987607}}
{"target": -796125.9178943518, "params": {"alpha": 0.3383774413128549, "beta": 2.8056989009130624}, "datetime": {"datetime": "2020-10-17 18:14:40", "elapsed": 71.963707, "delta": 0.872666}}
