{"target": -1283398.1104414302, "params": {"alpha": 0.7276219031074749, "beta": 6.104701139057963}, "datetime": {"datetime": "2020-10-17 18:11:42", "elapsed": 0.0, "delta": 0.0}}
{"target": -1596002.9775292256, "params": {"alpha": 0.3051994122489931, "beta": 8.025246329299044}, "datetime": {"datetime": "2020-10-17 18:11:42", "elapsed": 0.187506, "delta": 0.187506}}
{"target": -1491121.0365730983, "params": {"alpha": 0.497916792317126, "beta": 2.070191679483405}, "datetime": {"datetime": "2020-10-17 18:11:42", "elapsed": 0.404853, "delta": 0.217347}}
{"target": -1370855.8149785774, "params": {"alpha": 0.39078833232721283, "beta": 4.551785114854081}, "datetime": {"datetime": "2020-10-17 18:11:42", "elapsed": 0.640379, "delta": 0.235526}}
{"target": -3544600.7631558264, "params": {"alpha": 0.3407750666686109, "beta": 1.7429568007729768}, "datetime": {"datetime": "2020-10-17 18:11:42", "elapsed": 0.843511, "delta": 0.203132}}
{"target": -1413945.2363357337, "params": {"alpha": 0.36789380024771157, "beta": 4.680022589282124}, "datetime": {"datetime": "2020-10-17 18:11:43", "elapsed": 1.031009, "delta": 0.187498}}
{"target": -1280501.9871147207, "params": {"alpha": 0.924599368884012, "beta": 3.6279303900661364}, "datetime": {"datetime": "2020-10-17 18:11:43", "elapsed": 1.265533, "delta": 0.234524}}
{"target": -1437822.5970983312, "params": {"alpha": 0.8318685506191031, "beta": 9.90296201688082}, "datetime": {"datetime": "2020-10-17 18:11:43", "elapsed": 1.515532, "delta": 0.249999}}
{"target": -1280501.5619607745, "params": {"alpha": 0.9245987760026606, "beta": 3.6279316885284123}, "datetime": {"datetime": "2020-10-17 18:11:44", "elapsed": 1.999908, "delta": 0.484376}}
{"target": -1280501.506236763, "params": {"alpha": 0.9245986864876085, "beta": 3.6279317521771244}, "datetime": {"datetime": "2020-10-17 18:11:44", "elapsed": 2.53116, "delta": 0.531252}}
{"target": -1416689.7790163753, "params": {"alpha": 0.3664709219216757, "beta": 4.67714150115187}, "datetime": {"datetime": "2020-10-17 18:11:45", "elapsed": 2.906165, "delta": 0.375005}}
{"target": -1280855.5147760308, "params": {"alpha": 0.9252482339623651, "beta": 3.628258426054252}, "datetime": {"datetime": "2020-10-17 18:11:45", "elapsed": 3.343664, "delta": 0.437499}}
{"target": -1283398.1103786025, "params": {"alpha": 0.7276218981926413, "beta": 6.104701134278748}, "datetime": {"datetime": "2020-10-17 18:11:45", "elapsed": 3.843662, "delta": 0.499998}}
{"target": -1278587.4143305167, "params": {"alpha": 0.9210808625964145, "beta": 3.626160642891926}, "datetime": {"datetime": "2020-10-17 18:11:46", "elapsed": 4.345089, "delta": 0.501427}}
{"target": -1274706.7876086, "params": {"alpha": 0.9139248383307431, "beta": 3.6226134835912265}, "datetime": {"datetime": "2020-10-17 18:11:47", "elapsed": 4.939978, "delta": 0.594889}}
{"target": -1269458.3713333127, "params": {"alpha": 0.9053197996329373, "beta": 3.629002112668146}, "datetime": {"datetime": "2020-10-17 18:11:47", "elapsed": 5.410063, "delta": 0.470085}}
{"target": -1269032.4515674605, "params": {"alpha": 0.9044618962910349, "beta": 3.6280231555079028}, "datetime": {"datetime": "2020-10-17 18:11:47", "elapsed": 5.86436, "delta": 0.454297}}
{"target": -1264392.3478816506, "params": {"alpha": 0.898515262519545, "beta": 3.6527040214262883}, "datetime": {"datetime": "2020-10-17 18:11:48", "elapsed": 6.381251, "delta": 0.516891}}
{"target": -1260089.8594776534, "params": {"alpha": 0.8899567977863435, "beta": 3.645587619587064}, "datetime": {"datetime": "2020-10-17 18:11:48", "elapsed": 6.804221, "delta": 0.42297}}
{"target": -1256730.773687766, "params": {"alpha": 0.8833001544877785, "beta": 3.640733110931416}, "datetime": {"datetime": "2020-10-17 18:11:49", "elapsed": 7.19838, "delta": 0.394159}}
{"target": -1252857.052871384, "params": {"alpha": 0.8757579584957617, "beta": 3.637281332120365}, "datetime": {"datetime": "2020-10-17 18:11:49", "elapsed": 7.793317, "delta": 0.594937}}
{"target": -1235671.1837027837, "params": {"alpha": 0.841673789678938, "beta": 3.627505020739373}, "datetime": {"datetime": "2020-10-17 18:11:50", "elapsed": 8.230815, "delta": 0.437498}}
{"target": -1232647.9074375946, "params": {"alpha": 0.8355224203386212, "beta": 3.62691203603616}, "datetime": {"datetime": "2020-10-17 18:11:50", "elapsed": 8.746444, "delta": 0.515629}}
{"target": -1223830.8109336745, "params": {"alpha": 0.8172510161523672, "beta": 3.629032047841514}, "datetime": {"datetime": "2020-10-17 18:11:51", "elapsed": 9.293315, "delta": 0.546871}}
{"target": -1216716.5743281583, "params": {"alpha": 0.8020681453621665, "beta": 3.6378466046767723}, "datetime": {"datetime": "2020-10-17 18:11:51", "elapsed": 9.730818, "delta": 0.437503}}
{"target": -1212969.8131680095, "params": {"alpha": 0.7939627941792754, "beta": 3.649396216589053}, "datetime": {"datetime": "2020-10-17 18:11:52", "elapsed": 10.233293, "delta": 0.502475}}
{"target": -1205543.0177277108, "params": {"alpha": 0.7762682575602714, "beta": 3.660756137932691}, "datetime": {"datetime": "2020-10-17 18:11:52", "elapsed": 10.655165, "delta": 0.421872}}
{"target": -1198332.4659873415, "params": {"alpha": 0.7571073980288934, "beta": 3.6593237086816206}, "datetime": {"datetime": "2020-10-17 18:11:53", "elapsed": 11.180581, "delta": 0.525416}}
{"target": -1193535.8682295645, "params": {"alpha": 0.7432021086002701, "beta": 3.6544467129752927}, "datetime": {"datetime": "2020-10-17 18:11:53", "elapsed": 11.730472, "delta": 0.549891}}
{"target": -1188515.9121973175, "params": {"alpha": 0.7273588540889332, "beta": 3.645133316265308}, "datetime": {"datetime": "2020-10-17 18:11:54", "elapsed": 12.292974, "delta": 0.562502}}
{"target": -1185405.7620136288, "params": {"alpha": 0.7166963110641332, "beta": 3.634931314451454}, "datetime": {"datetime": "2020-10-17 18:11:54", "elapsed": 12.856721, "delta": 0.563747}}
{"target": -1184426.1506694194, "params": {"alpha": 0.7132269907991158, "beta": 3.626280351722609}, "datetime": {"datetime": "2020-10-17 18:11:55", "elapsed": 13.639082, "delta": 0.782361}}
{"target": -1183596.4477528385, "params": {"alpha": 0.710172225838235, "beta": 3.6235875184655106}, "datetime": {"datetime": "2020-10-17 18:11:56", "elapsed": 14.279332, "delta": 0.64025}}
{"target": -1178080.0668834585, "params": {"alpha": 0.6866824214209942, "beta": 3.621649968343038}, "datetime": {"datetime": "2020-10-17 18:11:57", "elapsed": 14.938211, "delta": 0.658879}}
{"target": -1175937.3154475451, "params": {"alpha": 0.6750845761092255, "beta": 3.621470935619555}, "datetime": {"datetime": "2020-10-17 18:11:57", "elapsed": 15.500123, "delta": 0.561912}}
{"target": -1173691.7085105625, "params": {"alpha": 0.659346414528849, "beta": 3.6202746360114406}, "datetime": {"datetime": "2020-10-17 18:11:58", "elapsed": 15.984498, "delta": 0.484375}}
{"target": -1172644.1601737519, "params": {"alpha": 0.6491005052000232, "beta": 3.6173775498239573}, "datetime": {"datetime": "2020-10-17 18:12:04", "elapsed": 22.643034, "delta": 6.658536}}
{"target": -1172119.3399432255, "params": {"alpha": 0.6432752728591232, "beta": 3.609939217905231}, "datetime": {"datetime": "2020-10-17 18:12:10", "elapsed": 28.083469, "delta": 5.440435}}
{"target": -1172092.4283823548, "params": {"alpha": 0.6432686366574253, "beta": 3.6082863059000694}, "datetime": {"datetime": "2020-10-17 18:12:15", "elapsed": 33.49275, "delta": 5.409281}}
{"target": -1172105.6946637882, "params": {"alpha": 0.6436431528109359, "beta": 3.6076973674646435}, "datetime": {"datetime": "2020-10-17 18:12:21", "elapsed": 39.612714, "delta": 6.119964}}
{"target": -1172040.7561171316, "params": {"alpha": 0.6424691032349159, "beta": 3.607967696683296}, "datetime": {"datetime": "2020-10-17 18:12:25", "elapsed": 43.305122, "delta": 3.692408}}
{"target": -1171760.2766932948, "params": {"alpha": 0.6370552656670222, "beta": 3.6061986030259785}, "datetime": {"datetime": "2020-10-17 18:12:28", "elapsed": 46.840272, "delta": 3.53515}}
{"target": -1171569.7272478205, "params": {"alpha": 0.6309991227662496, "beta": 3.6035947520327527}, "datetime": {"datetime": "2020-10-17 18:12:32", "elapsed": 50.14681, "delta": 3.306538}}
{"target": -1171528.5276241642, "params": {"alpha": 0.6285472585059276, "beta": 3.602237030639896}, "datetime": {"datetime": "2020-10-17 18:12:34", "elapsed": 52.355866, "delta": 2.209056}}
{"target": -1171509.8329038648, "params": {"alpha": 0.6276169019799688, "beta": 3.601192383618596}, "datetime": {"datetime": "2020-10-17 18:12:37", "elapsed": 55.626234, "delta": 3.270368}}
{"target": -1171480.9435819387, "params": {"alpha": 0.6273128775540115, "beta": 3.5995212551709304}, "datetime": {"datetime": "2020-10-17 18:12:42", "elapsed": 59.996871, "delta": 4.370637}}
{"target": -1171439.8162821354, "params": {"alpha": 0.6274785690268804, "beta": 3.5972001896291226}, "datetime": {"datetime": "2020-10-17 18:12:45", "elapsed": 63.489399, "delta": 3.492528}}
{"target": -1171408.2173216082, "params": {"alpha": 0.6277575545474017, "beta": 3.59540012038816}, "datetime": {"datetime": "2020-10-17 18:12:49", "elapsed": 67.231015, "delta": 3.741616}}
{"target": -1171378.0552915449, "params": {"alpha": 0.6279526456996501, "beta": 3.5936490111879427}, "datetime": {"datetime": "2020-10-17 18:12:51", "elapsed": 69.548615, "delta": 2.3176}}
{"target": -1171332.3886216446, "params": {"alpha": 0.6280011531972401, "beta": 3.590972728945611}, "datetime": {"datetime": "2020-10-17 18:12:54", "elapsed": 72.67822, "delta": 3.129605}}
{"target": -1171251.756806309, "params": {"alpha": 0.6275993696370223, "beta": 3.5862051180183685}, "datetime": {"datetime": "2020-10-17 18:12:57", "elapsed": 75.227496, "delta": 2.549276}}
{"target": -1171167.6567923718, "params": {"alpha": 0.6263250528034658, "beta": 3.580976211103847}, "datetime": {"datetime": "2020-10-17 18:13:01", "elapsed": 78.892305, "delta": 3.664809}}
{"target": -1171121.8447637716, "params": {"alpha": 0.6245562328004544, "beta": 3.5773292432629127}, "datetime": {"datetime": "2020-10-17 18:13:03", "elapsed": 81.770926, "delta": 2.878621}}
{"target": -1171118.697714748, "params": {"alpha": 0.6232100631785106, "beta": 3.575954594844308}, "datetime": {"datetime": "2020-10-17 18:13:05", "elapsed": 83.710952, "delta": 1.940026}}
{"target": -1171113.7878989333, "params": {"alpha": 0.6233953206634795, "beta": 3.575847716256218}, "datetime": {"datetime": "2020-10-17 18:13:07", "elapsed": 85.557125, "delta": 1.846173}}
{"target": -1171108.588055444, "params": {"alpha": 0.623386088231249, "beta": 3.5755235790833857}, "datetime": {"datetime": "2020-10-17 18:13:09", "elapsed": 87.653064, "delta": 2.095939}}
{"target": -1171091.207382453, "params": {"alpha": 0.623623483438289, "beta": 3.5746982633779214}, "datetime": {"datetime": "2020-10-17 18:13:12", "elapsed": 90.484603, "delta": 2.831539}}
{"target": -1171007.9891988025, "params": {"alpha": 0.6252706422973837, "beta": 3.5707382059346475}, "datetime": {"datetime": "2020-10-17 18:13:15", "elapsed": 92.979205, "delta": 2.494602}}
{"target": -1170927.908768445, "params": {"alpha": 0.6271855664288154, "beta": 3.566043105578332}, "datetime": {"datetime": "2020-10-17 18:13:17", "elapsed": 95.840512, "delta": 2.861307}}
{"target": -1170869.8122472872, "params": {"alpha": 0.6280909443592994, "beta": 3.562027293779392}, "datetime": {"datetime": "2020-10-17 18:13:20", "elapsed": 98.443868, "delta": 2.603356}}
{"target": -1170798.4064078948, "params": {"alpha": 0.6279390210204793, "beta": 3.5572641642415364}, "datetime": {"datetime": "2020-10-17 18:13:24", "elapsed": 102.208409, "delta": 3.764541}}
{"target": -1170721.7827556548, "params": {"alpha": 0.6263846123360445, "beta": 3.5522554727854394}, "datetime": {"datetime": "2020-10-17 18:13:26", "elapsed": 104.589475, "delta": 2.381066}}
{"target": -1170812.2820733327, "params": {"alpha": 0.6355813314023214, "beta": 3.545965063621991}, "datetime": {"datetime": "2020-10-17 18:13:29", "elapsed": 107.291024, "delta": 2.701549}}
{"target": -1170620.8114201704, "params": {"alpha": 0.627924114825772, "beta": 3.544779402744682}, "datetime": {"datetime": "2020-10-17 18:13:32", "elapsed": 110.717828, "delta": 3.426804}}
{"target": -1170561.190330812, "params": {"alpha": 0.6272456882462384, "beta": 3.5406976034464193}, "datetime": {"datetime": "2020-10-17 18:13:34", "elapsed": 112.687871, "delta": 1.970043}}
{"target": -1170489.2687620963, "params": {"alpha": 0.6264220104354915, "beta": 3.535524889792226}, "datetime": {"datetime": "2020-10-17 18:13:37", "elapsed": 114.941358, "delta": 2.253487}}
{"target": -1170307.1756285122, "params": {"alpha": 0.6305627922696937, "beta": 3.516818168256864}, "datetime": {"datetime": "2020-10-17 18:13:40", "elapsed": 118.125782, "delta": 3.184424}}
{"target": -1170295.9660563003, "params": {"alpha": 0.6287890990182275, "beta": 3.5186037240531567}, "datetime": {"datetime": "2020-10-17 18:13:42", "elapsed": 120.547654, "delta": 2.421872}}
{"target": -1170293.3465600396, "params": {"alpha": 0.6286990839837833, "beta": 3.518486371654691}, "datetime": {"datetime": "2020-10-17 18:13:45", "elapsed": 123.244096, "delta": 2.696442}}
{"target": -1170287.743822838, "params": {"alpha": 0.6284790150789095, "beta": 3.518255793743247}, "datetime": {"datetime": "2020-10-17 18:13:48", "elapsed": 126.459098, "delta": 3.215002}}
{"target": -1170270.5394686689, "params": {"alpha": 0.6278876199653923, "beta": 3.5173690071602937}, "datetime": {"datetime": "2020-10-17 18:13:52", "elapsed": 130.132238, "delta": 3.67314}}
{"target": -1170214.8030088688, "params": {"alpha": 0.6262680403882545, "beta": 3.5135728825624377}, "datetime": {"datetime": "2020-10-17 18:13:56", "elapsed": 133.974638, "delta": 3.8424}}
{"target": -1170158.2586930688, "params": {"alpha": 0.6250377914797779, "beta": 3.508817262870472}, "datetime": {"datetime": "2020-10-17 18:14:00", "elapsed": 138.292291, "delta": 4.317653}}
{"target": -1170108.31254265, "params": {"alpha": 0.6246020584115993, "beta": 3.5043331944790097}, "datetime": {"datetime": "2020-10-17 18:14:02", "elapsed": 140.472773, "delta": 2.180482}}
{"target": -1170060.1628617595, "params": {"alpha": 0.6171855797264278, "beta": 3.4874663996564657}, "datetime": {"datetime": "2020-10-17 18:14:05", "elapsed": 143.642676, "delta": 3.169903}}
{"target": -1170006.796525785, "params": {"alpha": 0.6211379549955823, "beta": 3.491969409153336}, "datetime": {"datetime": "2020-10-17 18:14:07", "elapsed": 145.517678, "delta": 1.875002}}
{"target": -1169990.2260580603, "params": {"alpha": 0.6217813492678217, "beta": 3.49133089058215}, "datetime": {"datetime": "2020-10-17 18:14:10", "elapsed": 148.065978, "delta": 2.5483}}
{"target": -1169947.5512707117, "params": {"alpha": 0.6231398424870865, "beta": 3.4885768823301433}, "datetime": {"datetime": "2020-10-17 18:14:13", "elapsed": 151.241997, "delta": 3.176019}}
{"target": -1170387.036246286, "params": {"alpha": 0.6163624041266429, "beta": 3.5126425174661566}, "datetime": {"datetime": "2020-10-17 18:14:17", "elapsed": 155.499258, "delta": 4.257261}}
{"target": -1169892.2648195084, "params": {"alpha": 0.6244398894001921, "beta": 3.4834902118224895}, "datetime": {"datetime": "2020-10-17 18:14:21", "elapsed": 159.035262, "delta": 3.536004}}
{"target": -1169854.8255719498, "params": {"alpha": 0.6249042940232956, "beta": 3.4794719187575733}, "datetime": {"datetime": "2020-10-17 18:14:23", "elapsed": 161.737704, "delta": 2.702442}}
{"target": -1169817.3250244793, "params": {"alpha": 0.6249474702456482, "beta": 3.475306435973121}, "datetime": {"datetime": "2020-10-17 18:14:25", "elapsed": 163.794982, "delta": 2.057278}}
{"target": -1169778.286038518, "params": {"alpha": 0.6246914697659882, "beta": 3.470883726610339}, "datetime": {"datetime": "2020-10-17 18:14:29", "elapsed": 166.962704, "delta": 3.167722}}
{"target": -1169741.2311271832, "params": {"alpha": 0.6242475900073495, "beta": 3.466529824952658}, "datetime": {"datetime": "2020-10-17 18:14:32", "elapsed": 170.288708, "delta": 3.326004}}
{"target": -1169707.944171199, "params": {"alpha": 0.6237568786890558, "beta": 3.4623968776296286}, "datetime": {"datetime": "2020-10-17 18:14:35", "elapsed": 173.721572, "delta": 3.432864}}
{"target": -1169678.2780727167, "params": {"alpha": 0.6233836920611407, "beta": 3.4585163628827624}, "datetime": {"datetime": "2020-10-17 18:14:39", "elapsed": 177.751187, "delta": 4.029615}}
{"target": -1169649.9188909384, "params": {"alpha": 0.623365879476836, "beta": 3.454745986330415}, "datetime": {"datetime": "2020-10-17 18:14:44", "elapsed": 182.071159, "delta": 4.319972}}
{"target": -1169623.6359492694, "params": {"alpha": 0.6242918695147065, "beta": 3.4510448468643067}, "datetime": {"datetime": "2020-10-17 18:14:47", "elapsed": 185.065162, "delta": 2.994003}}
{"target": -1169623.2681508972, "params": {"alpha": 0.6260135358954998, "beta": 3.449294566135115}, "datetime": {"datetime": "2020-10-17 18:14:50", "elapsed": 188.521839, "delta": 3.456677}}
{"target": -1169615.0034022948, "params": {"alpha": 0.6252298535850163, "beta": 3.4491050768519034}, "datetime": {"datetime": "2020-10-17 18:14:54", "elapsed": 191.91768, "delta": 3.395841}}
{"target": -1169604.1926856488, "params": {"alpha": 0.6248423355489026, "beta": 3.44784989134617}, "datetime": {"datetime": "2020-10-17 18:14:58", "elapsed": 196.079827, "delta": 4.162147}}
{"target": -1169578.7080972805, "params": {"alpha": 0.6237325916312367, "beta": 3.444502916368545}, "datetime": {"datetime": "2020-10-17 18:15:01", "elapsed": 198.940471, "delta": 2.860644}}
{"target": -1169843.9327680029, "params": {"alpha": 0.6235419007621825, "beta": 3.4781245810172594}, "datetime": {"datetime": "2020-10-17 18:15:05", "elapsed": 203.120193, "delta": 4.179722}}
{"target": -1169558.5307176418, "params": {"alpha": 0.6227720728014634, "beta": 3.441174001583001}, "datetime": {"datetime": "2020-10-17 18:15:10", "elapsed": 208.824214, "delta": 5.704021}}
{"target": -1170043.282826881, "params": {"alpha": 0.6086790027718563, "beta": 3.4362937667683506}, "datetime": {"datetime": "2020-10-17 18:15:14", "elapsed": 212.128481, "delta": 3.304267}}
{"target": -1169541.9234958235, "params": {"alpha": 0.6232055653434756, "beta": 3.4386306168536147}, "datetime": {"datetime": "2020-10-17 18:15:18", "elapsed": 216.414762, "delta": 4.286281}}
{"target": -1169523.2696245178, "params": {"alpha": 0.6237356994510069, "beta": 3.4354076054381566}, "datetime": {"datetime": "2020-10-17 18:15:21", "elapsed": 219.184976, "delta": 2.770214}}
{"target": -1169509.6446838384, "params": {"alpha": 0.6241801826484611, "beta": 3.4327058622586835}, "datetime": {"datetime": "2020-10-17 18:15:23", "elapsed": 221.480978, "delta": 2.296002}}
{"target": -1169500.3681847558, "params": {"alpha": 0.6244525716689269, "beta": 3.430699483291879}, "datetime": {"datetime": "2020-10-17 18:15:25", "elapsed": 223.861971, "delta": 2.380993}}
{"target": -1169492.1455226634, "params": {"alpha": 0.6245947312190463, "beta": 3.4289221975020707}, "datetime": {"datetime": "2020-10-17 18:15:28", "elapsed": 226.263925, "delta": 2.401954}}
{"target": -1169483.1919136592, "params": {"alpha": 0.6246465196175476, "beta": 3.4270454446846212}, "datetime": {"datetime": "2020-10-17 18:15:31", "elapsed": 229.064316, "delta": 2.800391}}
{"target": -1169950.7973778464, "params": {"alpha": 0.6355275824474024, "beta": 3.4536374364127527}, "datetime": {"datetime": "2020-10-17 18:15:33", "elapsed": 231.019938, "delta": 1.955622}}
{"target": -1169470.5986358223, "params": {"alpha": 0.6244438014318061, "beta": 3.4247109858879563}, "datetime": {"datetime": "2020-10-17 18:15:36", "elapsed": 234.220944, "delta": 3.201006}}
{"target": -1169455.0304647554, "params": {"alpha": 0.6241258269505023, "beta": 3.4217421628931453}, "datetime": {"datetime": "2020-10-17 18:15:38", "elapsed": 236.471821, "delta": 2.250877}}
{"target": -1169439.1514500382, "params": {"alpha": 0.6237795825642034, "beta": 3.418493481447309}, "datetime": {"datetime": "2020-10-17 18:15:41", "elapsed": 239.411001, "delta": 2.93918}}
{"target": -1169425.7858330186, "params": {"alpha": 0.6236715344361393, "beta": 3.415356988852842}, "datetime": {"datetime": "2020-10-17 18:15:44", "elapsed": 242.011311, "delta": 2.60031}}
{"target": -1169416.9516194905, "params": {"alpha": 0.6239708082672121, "beta": 3.412670192402313}, "datetime": {"datetime": "2020-10-17 18:15:47", "elapsed": 245.384773, "delta": 3.373462}}
{"target": -1169415.2317619026, "params": {"alpha": 0.6244869480611631, "beta": 3.411164966379137}, "datetime": {"datetime": "2020-10-17 18:15:50", "elapsed": 248.050778, "delta": 2.666005}}
