{"target": -5053679.858549646, "params": {"alpha": 0.7276219031074749, "beta": 6.104701139057963}, "datetime": {"datetime": "2020-10-17 18:08:42", "elapsed": 0.0, "delta": 0.0}}
{"target": -7375679.805051745, "params": {"alpha": 0.3051994122489931, "beta": 8.025246329299044}, "datetime": {"datetime": "2020-10-17 18:08:43", "elapsed": 0.204273, "delta": 0.204273}}
{"target": -9962804.416427711, "params": {"alpha": 0.497916792317126, "beta": 2.070191679483405}, "datetime": {"datetime": "2020-10-17 18:08:43", "elapsed": 0.41966, "delta": 0.215387}}
{"target": -7642236.7448907755, "params": {"alpha": 0.39078833232721283, "beta": 4.551785114854081}, "datetime": {"datetime": "2020-10-17 18:08:43", "elapsed": 0.623875, "delta": 0.204215}}
{"target": -22183477.471756462, "params": {"alpha": 0.3407750666686109, "beta": 1.7429568007729768}, "datetime": {"datetime": "2020-10-17 18:08:43", "elapsed": 0.842623, "delta": 0.218748}}
{"target": -7872708.003069266, "params": {"alpha": 0.36789380024771157, "beta": 4.680022589282124}, "datetime": {"datetime": "2020-10-17 18:08:44", "elapsed": 1.061378, "delta": 0.218755}}
{"target": -3904788.858148368, "params": {"alpha": 0.924599368884012, "beta": 3.6279303900661364}, "datetime": {"datetime": "2020-10-17 18:08:44", "elapsed": 1.295666, "delta": 0.234288}}
{"target": -5148298.895697738, "params": {"alpha": 0.8318685506191031, "beta": 9.90296201688082}, "datetime": {"datetime": "2020-10-17 18:08:44", "elapsed": 1.562372, "delta": 0.266706}}
{"target": -3904792.1478348724, "params": {"alpha": 0.9245986328332902, "beta": 3.627931663409727}, "datetime": {"datetime": "2020-10-17 18:08:44", "elapsed": 1.969149, "delta": 0.406777}}
{"target": -3904795.927753278, "params": {"alpha": 0.9245977871268025, "beta": 3.627933127082222}, "datetime": {"datetime": "2020-10-17 18:08:45", "elapsed": 2.407812, "delta": 0.438663}}
{"target": -5055875.624525981, "params": {"alpha": 0.7271368692611956, "beta": 6.108545159608595}, "datetime": {"datetime": "2020-10-17 18:08:45", "elapsed": 2.773791, "delta": 0.365979}}
{"target": -3904788.6814626465, "params": {"alpha": 0.9245993940601342, "beta": 3.627930050321224}, "datetime": {"datetime": "2020-10-17 18:08:46", "elapsed": 3.212467, "delta": 0.438676}}
{"target": -3904770.7690595537, "params": {"alpha": 0.9246033924409969, "beta": 3.6279229385272296}, "datetime": {"datetime": "2020-10-17 18:08:46", "elapsed": 3.6531, "delta": 0.440633}}
{"target": -3904630.651064342, "params": {"alpha": 0.9246346013864806, "beta": 3.627866010612505}, "datetime": {"datetime": "2020-10-17 18:08:47", "elapsed": 4.092584, "delta": 0.439484}}
{"target": -3898309.7831621566, "params": {"alpha": 0.9260435154152928, "beta": 3.6252965321969843}, "datetime": {"datetime": "2020-10-17 18:08:47", "elapsed": 4.484299, "delta": 0.391715}}
{"target": -3854273.385359245, "params": {"alpha": 0.9359147372930084, "beta": 3.6072945144441135}, "datetime": {"datetime": "2020-10-17 18:08:47", "elapsed": 4.921797, "delta": 0.437498}}
{"target": -3786165.725030605, "params": {"alpha": 0.9513739126581884, "beta": 3.5791083965277712}, "datetime": {"datetime": "2020-10-17 18:08:48", "elapsed": 5.364371, "delta": 0.442574}}
{"target": -3752883.2352237795, "params": {"alpha": 0.9593419698303444, "beta": 3.5703594732843453}, "datetime": {"datetime": "2020-10-17 18:08:48", "elapsed": 5.787361, "delta": 0.42299}}
{"target": -3635179.5839161114, "params": {"alpha": 0.99, "beta": 3.563238460441129}, "datetime": {"datetime": "2020-10-17 18:08:49", "elapsed": 6.599858, "delta": 0.812497}}
{"target": -3639153.71240276, "params": {"alpha": 0.99, "beta": 3.5777839681001047}, "datetime": {"datetime": "2020-10-17 18:08:50", "elapsed": 7.477136, "delta": 0.877278}}
{"target": -3635719.075497775, "params": {"alpha": 0.99, "beta": 3.565213793928378}, "datetime": {"datetime": "2020-10-17 18:08:51", "elapsed": 8.620346, "delta": 1.14321}}
{"target": -3686564.582750847, "params": {"alpha": 0.9756551667530666, "beta": 3.5553913153611454}, "datetime": {"datetime": "2020-10-17 18:08:53", "elapsed": 10.406995, "delta": 1.786649}}
{"target": -3634055.3777628504, "params": {"alpha": 0.99, "beta": 3.559121405720845}, "datetime": {"datetime": "2020-10-17 18:08:54", "elapsed": 11.914553, "delta": 1.507558}}
{"target": -3631443.682247357, "params": {"alpha": 0.99, "beta": 3.549552550283422}, "datetime": {"datetime": "2020-10-17 18:08:56", "elapsed": 13.561521, "delta": 1.646968}}
{"target": -3628025.5288078985, "params": {"alpha": 0.99, "beta": 3.5370193144852347}, "datetime": {"datetime": "2020-10-17 18:08:57", "elapsed": 14.949268, "delta": 1.387747}}
{"target": -3624853.7926231427, "params": {"alpha": 0.99, "beta": 3.5253791849023495}, "datetime": {"datetime": "2020-10-17 18:08:59", "elapsed": 16.342641, "delta": 1.393373}}
{"target": -3638675.984430869, "params": {"alpha": 0.9855243917114511, "beta": 3.514798136127268}, "datetime": {"datetime": "2020-10-17 18:09:00", "elapsed": 17.614871, "delta": 1.27223}}
{"target": -3620758.0793525847, "params": {"alpha": 0.99, "beta": 3.5103321528407956}, "datetime": {"datetime": "2020-10-17 18:09:02", "elapsed": 19.022504, "delta": 1.407633}}
{"target": -3617281.869938194, "params": {"alpha": 0.99, "beta": 3.497545968334231}, "datetime": {"datetime": "2020-10-17 18:09:03", "elapsed": 20.219554, "delta": 1.19705}}
{"target": -3613605.540154797, "params": {"alpha": 0.99, "beta": 3.484007504597832}, "datetime": {"datetime": "2020-10-17 18:09:04", "elapsed": 21.30568, "delta": 1.086126}}
{"target": -3609896.546449779, "params": {"alpha": 0.99, "beta": 3.470330737134521}, "datetime": {"datetime": "2020-10-17 18:09:05", "elapsed": 22.579096, "delta": 1.273416}}
{"target": -3631313.1067386097, "params": {"alpha": 0.9894571352222804, "beta": 3.541718612973591}, "datetime": {"datetime": "2020-10-17 18:09:06", "elapsed": 23.723467, "delta": 1.144371}}
{"target": -3621792.6201643716, "params": {"alpha": 0.9878282622539426, "beta": 3.4841633262860188}, "datetime": {"datetime": "2020-10-17 18:09:07", "elapsed": 24.772158, "delta": 1.048691}}
{"target": -3605526.963757588, "params": {"alpha": 0.99, "beta": 3.4541932034691514}, "datetime": {"datetime": "2020-10-17 18:09:08", "elapsed": 25.775679, "delta": 1.003521}}
{"target": -3601639.391652936, "params": {"alpha": 0.99, "beta": 3.439811600172839}, "datetime": {"datetime": "2020-10-17 18:09:09", "elapsed": 26.793705, "delta": 1.018026}}
{"target": -3597372.666503343, "params": {"alpha": 0.99, "beta": 3.423999245948419}, "datetime": {"datetime": "2020-10-17 18:09:10", "elapsed": 27.627905, "delta": 0.8342}}
{"target": -3643443.4333485626, "params": {"alpha": 0.9792479741681845, "beta": 3.4426295925634216}, "datetime": {"datetime": "2020-10-17 18:09:20", "elapsed": 37.672166, "delta": 10.044261}}
{"target": -3641436.385691111, "params": {"alpha": 0.976398830843425, "beta": 3.391935088685039}, "datetime": {"datetime": "2020-10-17 18:09:24", "elapsed": 41.992402, "delta": 4.320236}}
{"target": -3591537.2786984895, "params": {"alpha": 0.99, "beta": 3.402322094063355}, "datetime": {"datetime": "2020-10-17 18:09:27", "elapsed": 44.588459, "delta": 2.596057}}
{"target": -3628184.456082203, "params": {"alpha": 0.9864988380817089, "beta": 3.4893414623522054}, "datetime": {"datetime": "2020-10-17 18:09:30", "elapsed": 47.997865, "delta": 3.409406}}
{"target": -3588398.6206587413, "params": {"alpha": 0.99, "beta": 3.390636367280096}, "datetime": {"datetime": "2020-10-17 18:09:33", "elapsed": 50.691243, "delta": 2.693378}}
{"target": -3583510.9807874565, "params": {"alpha": 0.99, "beta": 3.3723995351149076}, "datetime": {"datetime": "2020-10-17 18:09:36", "elapsed": 53.711595, "delta": 3.020352}}
{"target": -3578858.5231488226, "params": {"alpha": 0.99, "beta": 3.354992726388434}, "datetime": {"datetime": "2020-10-17 18:09:39", "elapsed": 56.538282, "delta": 2.826687}}
{"target": -3574176.646806365, "params": {"alpha": 0.99, "beta": 3.3374256600893415}, "datetime": {"datetime": "2020-10-17 18:09:42", "elapsed": 59.335393, "delta": 2.797111}}
{"target": -3569409.0440788674, "params": {"alpha": 0.99, "beta": 3.319481491059273}, "datetime": {"datetime": "2020-10-17 18:09:45", "elapsed": 62.241319, "delta": 2.905926}}
{"target": -3564623.7842342947, "params": {"alpha": 0.99, "beta": 3.301410586325396}, "datetime": {"datetime": "2020-10-17 18:09:49", "elapsed": 66.345992, "delta": 4.104673}}
{"target": -3562018.711372375, "params": {"alpha": 0.9883470688294509, "beta": 3.2667371483950927}, "datetime": {"datetime": "2020-10-17 18:09:52", "elapsed": 69.307318, "delta": 2.961326}}
{"target": -3554676.995904706, "params": {"alpha": 0.99, "beta": 3.2636355775353443}, "datetime": {"datetime": "2020-10-17 18:09:55", "elapsed": 72.926216, "delta": 3.618898}}
{"target": -3548932.7605929673, "params": {"alpha": 0.99, "beta": 3.241676725621872}, "datetime": {"datetime": "2020-10-17 18:09:59", "elapsed": 76.433181, "delta": 3.506965}}
{"target": -3545237.149579114, "params": {"alpha": 0.99, "beta": 3.227488270686983}, "datetime": {"datetime": "2020-10-17 18:10:03", "elapsed": 80.174561, "delta": 3.74138}}
{"target": -3539915.96270023, "params": {"alpha": 0.99, "beta": 3.2069688281520023}, "datetime": {"datetime": "2020-10-17 18:10:06", "elapsed": 83.803263, "delta": 3.628702}}
{"target": -3551614.3082513637, "params": {"alpha": 0.9857547347768503, "beta": 3.1858018883159507}, "datetime": {"datetime": "2020-10-17 18:10:11", "elapsed": 88.173537, "delta": 4.370274}}
{"target": -3571714.985850754, "params": {"alpha": 0.983531747933801, "beta": 3.2296939812147216}, "datetime": {"datetime": "2020-10-17 18:10:15", "elapsed": 92.680609, "delta": 4.507072}}
{"target": -3548806.7686139443, "params": {"alpha": 0.9871488884984401, "beta": 3.196967322679477}, "datetime": {"datetime": "2020-10-17 18:10:18", "elapsed": 95.495642, "delta": 2.815033}}
{"target": -3552232.7182993586, "params": {"alpha": 0.9828657468316864, "beta": 3.140854455344119}, "datetime": {"datetime": "2020-10-17 18:10:22", "elapsed": 99.206335, "delta": 3.710693}}
{"target": -3573651.224213242, "params": {"alpha": 0.9890677014021074, "beta": 3.321789736071482}, "datetime": {"datetime": "2020-10-17 18:10:25", "elapsed": 102.261798, "delta": 3.055463}}
{"target": -3522864.7097276244, "params": {"alpha": 0.99, "beta": 3.1404052424657523}, "datetime": {"datetime": "2020-10-17 18:10:28", "elapsed": 105.187444, "delta": 2.925646}}
{"target": -3511296.286689855, "params": {"alpha": 0.988719080575866, "beta": 3.073011019623987}, "datetime": {"datetime": "2020-10-17 18:10:34", "elapsed": 111.18325, "delta": 5.995806}}
{"target": -3506199.813707922, "params": {"alpha": 0.99, "beta": 3.0739050347124652}, "datetime": {"datetime": "2020-10-17 18:10:40", "elapsed": 117.185487, "delta": 6.002237}}
{"target": -3507547.525731043, "params": {"alpha": 0.99, "beta": 3.079344990298356}, "datetime": {"datetime": "2020-10-17 18:10:45", "elapsed": 122.12844, "delta": 4.942953}}
{"target": -3501566.4423110764, "params": {"alpha": 0.99, "beta": 3.055110196561521}, "datetime": {"datetime": "2020-10-17 18:10:49", "elapsed": 126.254253, "delta": 4.125813}}
{"target": -3495758.080659537, "params": {"alpha": 0.99, "beta": 3.0313338506286223}, "datetime": {"datetime": "2020-10-17 18:10:52", "elapsed": 129.031025, "delta": 2.776772}}
{"target": -3540907.4236631496, "params": {"alpha": 0.979558991033494, "beta": 3.035268362464783}, "datetime": {"datetime": "2020-10-17 18:10:55", "elapsed": 132.302723, "delta": 3.271698}}
{"target": -3490960.3034191076, "params": {"alpha": 0.99, "beta": 3.0114986254749097}, "datetime": {"datetime": "2020-10-17 18:10:58", "elapsed": 135.418358, "delta": 3.115635}}
{"target": -3486241.9439769825, "params": {"alpha": 0.99, "beta": 2.9918042661557007}, "datetime": {"datetime": "2020-10-17 18:11:01", "elapsed": 138.879888, "delta": 3.46153}}
{"target": -3481448.8197126593, "params": {"alpha": 0.99, "beta": 2.971591854738939}, "datetime": {"datetime": "2020-10-17 18:11:05", "elapsed": 142.22576, "delta": 3.345872}}
{"target": -3489364.1667695725, "params": {"alpha": 0.9870606953320252, "beta": 2.951442526653406}, "datetime": {"datetime": "2020-10-17 18:11:09", "elapsed": 146.390825, "delta": 4.165065}}
{"target": -3502757.025671978, "params": {"alpha": 0.9882896661209088, "beta": 3.0305641674238184}, "datetime": {"datetime": "2020-10-17 18:11:12", "elapsed": 149.514917, "delta": 3.124092}}
{"target": -3476931.611266029, "params": {"alpha": 0.99, "beta": 2.9523372252781113}, "datetime": {"datetime": "2020-10-17 18:11:15", "elapsed": 152.959837, "delta": 3.44492}}
{"target": -3472580.055114756, "params": {"alpha": 0.99, "beta": 2.9335842434756967}, "datetime": {"datetime": "2020-10-17 18:11:19", "elapsed": 156.201476, "delta": 3.241639}}
{"target": -3476869.4209123147, "params": {"alpha": 0.9889308343709343, "beta": 2.9321726219983484}, "datetime": {"datetime": "2020-10-17 18:11:22", "elapsed": 160.012613, "delta": 3.811137}}
{"target": -3462490.1107027535, "params": {"alpha": 0.9899094141190212, "beta": 2.887468254894635}, "datetime": {"datetime": "2020-10-17 18:11:26", "elapsed": 163.111396, "delta": 3.098783}}
{"target": -3475221.4756008303, "params": {"alpha": 0.9888171751808663, "beta": 2.922807288300848}, "datetime": {"datetime": "2020-10-17 18:11:29", "elapsed": 166.19652, "delta": 3.085124}}
{"target": -3486331.36889256, "params": {"alpha": 0.9860388509388278, "beta": 2.9185009541775617}, "datetime": {"datetime": "2020-10-17 18:11:32", "elapsed": 169.408448, "delta": 3.211928}}
{"target": -3492437.338219032, "params": {"alpha": 0.9846688168027937, "beta": 2.919039759639234}, "datetime": {"datetime": "2020-10-17 18:11:37", "elapsed": 174.355742, "delta": 4.947294}}
{"target": -3457853.37834566, "params": {"alpha": 0.99, "beta": 2.8683955183095824}, "datetime": {"datetime": "2020-10-17 18:11:41", "elapsed": 178.171966, "delta": 3.816224}}
{"target": -3453850.7512077, "params": {"alpha": 0.99, "beta": 2.8501433210476197}, "datetime": {"datetime": "2020-10-17 18:11:45", "elapsed": 182.865549, "delta": 4.693583}}
{"target": -3449386.237852447, "params": {"alpha": 0.99, "beta": 2.8294696955193355}, "datetime": {"datetime": "2020-10-17 18:11:51", "elapsed": 188.440202, "delta": 5.574653}}
{"target": -3454820.9870657837, "params": {"alpha": 0.9883557801378978, "beta": 2.820544288242904}, "datetime": {"datetime": "2020-10-17 18:11:57", "elapsed": 194.473971, "delta": 6.033769}}
{"target": -3447322.3926072586, "params": {"alpha": 0.99, "beta": 2.819791430673443}, "datetime": {"datetime": "2020-10-17 18:12:04", "elapsed": 201.321173, "delta": 6.847202}}
{"target": -3442687.875776696, "params": {"alpha": 0.99, "beta": 2.7977538460996207}, "datetime": {"datetime": "2020-10-17 18:12:08", "elapsed": 205.894762, "delta": 4.573589}}
{"target": -3475173.2083823667, "params": {"alpha": 0.9843793637491497, "beta": 2.8326872743845524}, "datetime": {"datetime": "2020-10-17 18:12:12", "elapsed": 209.755553, "delta": 3.860791}}
{"target": -3438521.11332205, "params": {"alpha": 0.99, "beta": 2.7775483064047743}, "datetime": {"datetime": "2020-10-17 18:12:19", "elapsed": 216.256082, "delta": 6.500529}}
{"target": -3459591.1759127276, "params": {"alpha": 0.9864593164930461, "beta": 2.8024598793208453}, "datetime": {"datetime": "2020-10-17 18:12:23", "elapsed": 220.561379, "delta": 4.305297}}
{"target": -3434913.5304697487, "params": {"alpha": 0.99, "beta": 2.7597217866455517}, "datetime": {"datetime": "2020-10-17 18:12:27", "elapsed": 224.391887, "delta": 3.830508}}
{"target": -3431103.5012085675, "params": {"alpha": 0.99, "beta": 2.7405238150902798}, "datetime": {"datetime": "2020-10-17 18:12:31", "elapsed": 228.324945, "delta": 3.933058}}
{"target": -3427538.6845106394, "params": {"alpha": 0.99, "beta": 2.7221790744619168}, "datetime": {"datetime": "2020-10-17 18:12:35", "elapsed": 232.835616, "delta": 4.510671}}
{"target": -3424123.329186403, "params": {"alpha": 0.99, "beta": 2.704217923130868}, "datetime": {"datetime": "2020-10-17 18:12:38", "elapsed": 235.241868, "delta": 2.406252}}
{"target": -3421793.2112763007, "params": {"alpha": 0.9870743146100222, "beta": 2.6116315829504253}, "datetime": {"datetime": "2020-10-17 18:12:43", "elapsed": 240.774942, "delta": 5.533074}}
{"target": -3433313.4144469616, "params": {"alpha": 0.986845533118236, "beta": 2.673967713889109}, "datetime": {"datetime": "2020-10-17 18:12:48", "elapsed": 245.29741, "delta": 4.522468}}
{"target": -3446426.8731329124, "params": {"alpha": 0.9831662617717294, "beta": 2.648552652055331}, "datetime": {"datetime": "2020-10-17 18:12:51", "elapsed": 248.099353, "delta": 2.801943}}
{"target": -3403370.840778187, "params": {"alpha": 0.99, "beta": 2.5837143277876513}, "datetime": {"datetime": "2020-10-17 18:12:53", "elapsed": 250.601754, "delta": 2.502401}}
{"target": -3411612.637983498, "params": {"alpha": 0.9872142461034348, "beta": 2.547760429111565}, "datetime": {"datetime": "2020-10-17 18:12:56", "elapsed": 253.530623, "delta": 2.928869}}
{"target": -3418259.4395483765, "params": {"alpha": 0.9879379324463833, "beta": 2.6153758546567527}, "datetime": {"datetime": "2020-10-17 18:12:59", "elapsed": 256.771205, "delta": 3.240582}}
{"target": -3399227.567594345, "params": {"alpha": 0.99, "beta": 2.5561840008984427}, "datetime": {"datetime": "2020-10-17 18:13:02", "elapsed": 259.542811, "delta": 2.771606}}
{"target": -3396456.6154044694, "params": {"alpha": 0.989419206601174, "beta": 2.5156721585584556}, "datetime": {"datetime": "2020-10-17 18:13:06", "elapsed": 263.203998, "delta": 3.661187}}
{"target": -3417745.483039161, "params": {"alpha": 0.9851537269237718, "beta": 2.516982379647689}, "datetime": {"datetime": "2020-10-17 18:13:09", "elapsed": 266.139829, "delta": 2.935831}}
{"target": -3393337.3233887968, "params": {"alpha": 0.99, "beta": 2.513711711704314}, "datetime": {"datetime": "2020-10-17 18:13:12", "elapsed": 269.600238, "delta": 3.460409}}
{"target": -3415975.5258536553, "params": {"alpha": 0.9864399384651841, "beta": 2.5518779080943563}, "datetime": {"datetime": "2020-10-17 18:13:15", "elapsed": 272.376093, "delta": 2.775855}}
{"target": -3412999.707687595, "params": {"alpha": 0.9873573185482815, "beta": 2.5625498247321814}, "datetime": {"datetime": "2020-10-17 18:13:18", "elapsed": 275.676005, "delta": 3.299912}}
{"target": -3392208.2175284303, "params": {"alpha": 0.99, "beta": 2.5049944009892835}, "datetime": {"datetime": "2020-10-17 18:13:23", "elapsed": 280.572801, "delta": 4.896796}}
{"target": -3402949.52770751, "params": {"alpha": 0.986330614897072, "beta": 2.435478597590511}, "datetime": {"datetime": "2020-10-17 18:13:26", "elapsed": 283.314488, "delta": 2.741687}}
{"target": -3481422.010945613, "params": {"alpha": 0.9759121446208, "beta": 2.6492084881704674}, "datetime": {"datetime": "2020-10-17 18:13:29", "elapsed": 286.939396, "delta": 3.624908}}
{"target": -3412973.47155973, "params": {"alpha": 0.9838791361403136, "beta": 2.4040254362965743}, "datetime": {"datetime": "2020-10-17 18:13:33", "elapsed": 290.489715, "delta": 3.550319}}
{"target": -3390830.877848382, "params": {"alpha": 0.98852819518834, "beta": 2.4258489981773046}, "datetime": {"datetime": "2020-10-17 18:13:37", "elapsed": 294.22887, "delta": 3.739155}}
{"target": -3382409.532910905, "params": {"alpha": 0.99, "beta": 2.415986121427822}, "datetime": {"datetime": "2020-10-17 18:13:40", "elapsed": 297.147663, "delta": 2.918793}}
{"target": -3385290.2559451717, "params": {"alpha": 0.9893999159647935, "beta": 2.4139037619000745}, "datetime": {"datetime": "2020-10-17 18:13:43", "elapsed": 300.194546, "delta": 3.046883}}
{"target": -3434148.9934258675, "params": {"alpha": 0.9798729420055434, "beta": 2.407703206836229}, "datetime": {"datetime": "2020-10-17 18:13:46", "elapsed": 303.362982, "delta": 3.168436}}
