{"target": -732148.4444633694, "params": {"alpha": 0.7276219031074749, "beta": 6.104701139057963}, "datetime": {"datetime": "2020-10-17 18:08:42", "elapsed": 0.0, "delta": 0.0}}
{"target": -619093.6587116525, "params": {"alpha": 0.3051994122489931, "beta": 8.025246329299044}, "datetime": {"datetime": "2020-10-17 18:08:42", "elapsed": 0.0625, "delta": 0.0625}}
{"target": -658730.570678201, "params": {"alpha": 0.497916792317126, "beta": 2.070191679483405}, "datetime": {"datetime": "2020-10-17 18:08:42", "elapsed": 0.144567, "delta": 0.082067}}
{"target": -620571.9830533, "params": {"alpha": 0.39078833232721283, "beta": 4.551785114854081}, "datetime": {"datetime": "2020-10-17 18:08:43", "elapsed": 0.207069, "delta": 0.062502}}
{"target": -469422.9128386725, "params": {"alpha": 0.3407750666686109, "beta": 1.7429568007729768}, "datetime": {"datetime": "2020-10-17 18:08:43", "elapsed": 0.300819, "delta": 0.09375}}
{"target": -610048.1436070142, "params": {"alpha": 0.36789380024771157, "beta": 4.680022589282124}, "datetime": {"datetime": "2020-10-17 18:08:43", "elapsed": 0.372298, "delta": 0.071479}}
{"target": -828134.9167126063, "params": {"alpha": 0.924599368884012, "beta": 3.6279303900661364}, "datetime": {"datetime": "2020-10-17 18:08:43", "elapsed": 0.458437, "delta": 0.086139}}
{"target": -725727.7628832312, "params": {"alpha": 0.8318685506191031, "beta": 9.90296201688082}, "datetime": {"datetime": "2020-10-17 18:08:43", "elapsed": 0.532978, "delta": 0.074541}}
{"target": -469229.5938634881, "params": {"alpha": 0.3406447180121353, "beta": 1.7426853656730532}, "datetime": {"datetime": "2020-10-17 18:08:43", "elapsed": 0.799688, "delta": 0.26671}}
{"target": -475968.6468563894, "params": {"alpha": 0.34541800352970725, "beta": 1.7483041004940536}, "datetime": {"datetime": "2020-10-17 18:08:43", "elapsed": 0.940317, "delta": 0.140629}}
{"target": -467267.67946905084, "params": {"alpha": 0.33943968553965564, "beta": 1.7378257688579994}, "datetime": {"datetime": "2020-10-17 18:08:43", "elapsed": 1.112192, "delta": 0.171875}}
{"target": -450402.2867959969, "params": {"alpha": 0.32651438514719894, "beta": 1.7441909788840482}, "datetime": {"datetime": "2020-10-17 18:08:44", "elapsed": 1.261344, "delta": 0.149152}}
{"target": -444866.9460492031, "params": {"alpha": 0.3225729104125698, "beta": 1.7415025347477529}, "datetime": {"datetime": "2020-10-17 18:08:44", "elapsed": 1.420726, "delta": 0.159382}}
{"target": -425057.32606283645, "params": {"alpha": 0.3081962331055159, "beta": 1.7385914006046779}, "datetime": {"datetime": "2020-10-17 18:08:44", "elapsed": 1.549606, "delta": 0.12888}}
{"target": -416082.5095405078, "params": {"alpha": 0.3016250264548136, "beta": 1.7390107858349884}, "datetime": {"datetime": "2020-10-17 18:08:44", "elapsed": 1.738192, "delta": 0.188586}}
{"target": -404356.9299579995, "params": {"alpha": 0.2929919306807058, "beta": 1.7407935087168467}, "datetime": {"datetime": "2020-10-17 18:08:44", "elapsed": 1.863193, "delta": 0.125001}}
{"target": -392264.1982167064, "params": {"alpha": 0.2840073987800193, "beta": 1.744270254167033}, "datetime": {"datetime": "2020-10-17 18:08:44", "elapsed": 2.019968, "delta": 0.156775}}
{"target": -711356.359355828, "params": {"alpha": 0.6295151420379856, "beta": 5.807458857675274}, "datetime": {"datetime": "2020-10-17 18:08:44", "elapsed": 2.14497, "delta": 0.125002}}
{"target": -379933.0472884021, "params": {"alpha": 0.2747402857041893, "beta": 1.7495923846395482}, "datetime": {"datetime": "2020-10-17 18:08:45", "elapsed": 2.318004, "delta": 0.173034}}
{"target": -367904.49845123076, "params": {"alpha": 0.2659505155147521, "beta": 1.7487818526327206}, "datetime": {"datetime": "2020-10-17 18:08:45", "elapsed": 2.474254, "delta": 0.15625}}
{"target": -359002.8742048333, "params": {"alpha": 0.25940809031302364, "beta": 1.7474312932899496}, "datetime": {"datetime": "2020-10-17 18:08:45", "elapsed": 2.652735, "delta": 0.178481}}
{"target": -340024.26856957265, "params": {"alpha": 0.24457326224715353, "beta": 1.7589985854574484}, "datetime": {"datetime": "2020-10-17 18:08:45", "elapsed": 2.808991, "delta": 0.156256}}
{"target": -324744.75151267846, "params": {"alpha": 0.2332158422242281, "beta": 1.730005859060534}, "datetime": {"datetime": "2020-10-17 18:08:45", "elapsed": 2.996486, "delta": 0.187495}}
{"target": -306842.2840953288, "params": {"alpha": 0.21738953069965256, "beta": 1.7389741834896537}, "datetime": {"datetime": "2020-10-17 18:08:46", "elapsed": 3.169537, "delta": 0.173051}}
{"target": -292825.39171151724, "params": {"alpha": 0.20314645705158724, "beta": 1.7415500663755268}, "datetime": {"datetime": "2020-10-17 18:08:46", "elapsed": 3.403909, "delta": 0.234372}}
{"target": -278464.63816701394, "params": {"alpha": 0.15952627433393493, "beta": 1.7430665449828966}, "datetime": {"datetime": "2020-10-17 18:08:46", "elapsed": 3.655922, "delta": 0.252013}}
{"target": -275933.361859014, "params": {"alpha": 0.16850205604491064, "beta": 1.743440083801667}, "datetime": {"datetime": "2020-10-17 18:08:46", "elapsed": 3.938289, "delta": 0.282367}}
{"target": -275648.0942664676, "params": {"alpha": 0.17126509905450915, "beta": 1.744903975324023}, "datetime": {"datetime": "2020-10-17 18:08:46", "elapsed": 4.143401, "delta": 0.205112}}
{"target": -275135.7958219084, "params": {"alpha": 0.17121934579073608, "beta": 1.7477153189858323}, "datetime": {"datetime": "2020-10-17 18:08:47", "elapsed": 4.394477, "delta": 0.251076}}
{"target": -273941.2451128938, "params": {"alpha": 0.1697172544747129, "beta": 1.7538082265817825}, "datetime": {"datetime": "2020-10-17 18:08:47", "elapsed": 4.628866, "delta": 0.234389}}
{"target": -271840.08299332374, "params": {"alpha": 0.1680676056480583, "beta": 1.7650464076230454}, "datetime": {"datetime": "2020-10-17 18:08:47", "elapsed": 4.863241, "delta": 0.234375}}
{"target": -516314.52853847423, "params": {"alpha": 0.1368641698862598, "beta": 7.531481283924518}, "datetime": {"datetime": "2020-10-17 18:08:47", "elapsed": 5.035119, "delta": 0.171878}}
{"target": -270221.21104442637, "params": {"alpha": 0.16745513438511941, "beta": 1.7741610934145025}, "datetime": {"datetime": "2020-10-17 18:08:48", "elapsed": 5.285118, "delta": 0.249999}}
{"target": -268574.5851063212, "params": {"alpha": 0.16674290236697437, "beta": 1.7836863636477813}, "datetime": {"datetime": "2020-10-17 18:08:48", "elapsed": 5.571525, "delta": 0.286407}}
{"target": -266784.2261831729, "params": {"alpha": 0.16493676911840752, "beta": 1.7935272961597115}, "datetime": {"datetime": "2020-10-17 18:08:48", "elapsed": 5.822551, "delta": 0.251026}}
{"target": -264883.05071021616, "params": {"alpha": 0.16082876692207163, "beta": 1.8035099966607444}, "datetime": {"datetime": "2020-10-17 18:08:49", "elapsed": 6.275674, "delta": 0.453123}}
{"target": -262247.9277415079, "params": {"alpha": 0.1590168285973385, "beta": 1.8189048901003129}, "datetime": {"datetime": "2020-10-17 18:08:57", "elapsed": 14.326943, "delta": 8.051269}}
{"target": -261198.0372779567, "params": {"alpha": 0.15965175630141237, "beta": 1.825704311088952}, "datetime": {"datetime": "2020-10-17 18:09:05", "elapsed": 22.639819, "delta": 8.312876}}
{"target": -259840.50255737905, "params": {"alpha": 0.1601343408806164, "beta": 1.8353693538663085}, "datetime": {"datetime": "2020-10-17 18:09:12", "elapsed": 29.412602, "delta": 6.772783}}
{"target": -262487.42565858166, "params": {"alpha": 0.16150026582673674, "beta": 1.8185598529053144}, "datetime": {"datetime": "2020-10-17 18:09:15", "elapsed": 32.480003, "delta": 3.067401}}
{"target": -257811.25615873162, "params": {"alpha": 0.15510431908121822, "beta": 1.845706851314714}, "datetime": {"datetime": "2020-10-17 18:09:18", "elapsed": 35.976385, "delta": 3.496382}}
{"target": -256891.68372935618, "params": {"alpha": 0.14912699040786204, "beta": 1.854076246546084}, "datetime": {"datetime": "2020-10-17 18:09:20", "elapsed": 37.581065, "delta": 1.60468}}
{"target": -256783.91108096964, "params": {"alpha": 0.14838981254548453, "beta": 1.8554954593935722}, "datetime": {"datetime": "2020-10-17 18:09:22", "elapsed": 39.322034, "delta": 1.740969}}
{"target": -255433.08327198742, "params": {"alpha": 0.14933422574209823, "beta": 1.861880738090146}, "datetime": {"datetime": "2020-10-17 18:09:23", "elapsed": 40.256109, "delta": 0.934075}}
{"target": -253825.4077350414, "params": {"alpha": 0.15570742248691183, "beta": 1.8745361668809248}, "datetime": {"datetime": "2020-10-17 18:09:24", "elapsed": 41.715097, "delta": 1.458988}}
{"target": -253863.86303879728, "params": {"alpha": 0.1553949855295973, "beta": 1.8737094926732474}, "datetime": {"datetime": "2020-10-17 18:09:24", "elapsed": 42.136969, "delta": 0.421872}}
{"target": -253332.9037194286, "params": {"alpha": 0.15437256123954055, "beta": 1.8763699354342922}, "datetime": {"datetime": "2020-10-17 18:09:26", "elapsed": 43.529907, "delta": 1.392938}}
{"target": -251117.9191494459, "params": {"alpha": 0.1465334286802935, "beta": 1.8892362488855579}, "datetime": {"datetime": "2020-10-17 18:09:26", "elapsed": 43.983026, "delta": 0.453119}}
{"target": -762139.696559897, "params": {"alpha": 0.7837565572822538, "beta": 4.704049815690776}, "datetime": {"datetime": "2020-10-17 18:09:27", "elapsed": 44.248651, "delta": 0.265625}}
{"target": -250539.69825312617, "params": {"alpha": 0.14429303520352044, "beta": 1.8944955481309331}, "datetime": {"datetime": "2020-10-17 18:09:28", "elapsed": 45.860037, "delta": 1.611386}}
{"target": -249337.6686324725, "params": {"alpha": 0.14236715399649844, "beta": 1.9035866678433904}, "datetime": {"datetime": "2020-10-17 18:09:29", "elapsed": 46.423677, "delta": 0.56364}}
{"target": -246974.69248897303, "params": {"alpha": 0.14254939371734066, "beta": 1.9176582292530542}, "datetime": {"datetime": "2020-10-17 18:09:29", "elapsed": 47.142429, "delta": 0.718752}}
{"target": -612645.349463201, "params": {"alpha": 0.3456178407546785, "beta": 5.690841020849503}, "datetime": {"datetime": "2020-10-17 18:09:30", "elapsed": 47.876809, "delta": 0.73438}}
{"target": -244473.72271728, "params": {"alpha": 0.14182448687484683, "beta": 1.9346303614336475}, "datetime": {"datetime": "2020-10-17 18:09:32", "elapsed": 49.17599, "delta": 1.299181}}
{"target": -243229.34794145945, "params": {"alpha": 0.13829313553612313, "beta": 1.9451325521681362}, "datetime": {"datetime": "2020-10-17 18:09:33", "elapsed": 50.363493, "delta": 1.187503}}
{"target": -243618.06519916165, "params": {"alpha": 0.13278777987716486, "beta": 1.9519004366899828}, "datetime": {"datetime": "2020-10-17 18:09:33", "elapsed": 51.148311, "delta": 0.784818}}
{"target": -242038.556840399, "params": {"alpha": 0.1409311397317328, "beta": 1.9523717958516045}, "datetime": {"datetime": "2020-10-17 18:09:35", "elapsed": 52.947555, "delta": 1.799244}}
{"target": -241708.95855375804, "params": {"alpha": 0.1452199151954182, "beta": 1.960849787880428}, "datetime": {"datetime": "2020-10-17 18:09:36", "elapsed": 53.856162, "delta": 0.908607}}
{"target": -241791.77466166005, "params": {"alpha": 0.14441053515584693, "beta": 1.9581378633772992}, "datetime": {"datetime": "2020-10-17 18:09:38", "elapsed": 55.324917, "delta": 1.468755}}
{"target": -240663.85780478638, "params": {"alpha": 0.14210199024531459, "beta": 1.9645280285395896}, "datetime": {"datetime": "2020-10-17 18:09:38", "elapsed": 56.156113, "delta": 0.831196}}
{"target": -238213.6133046207, "params": {"alpha": 0.13669642246004288, "beta": 1.9813530766825005}, "datetime": {"datetime": "2020-10-17 18:09:39", "elapsed": 57.06207, "delta": 0.905957}}
{"target": -237471.14224990035, "params": {"alpha": 0.1353650952661227, "beta": 1.987243421440182}, "datetime": {"datetime": "2020-10-17 18:09:41", "elapsed": 58.401838, "delta": 1.339768}}
{"target": -235940.38634865248, "params": {"alpha": 0.13345064522835792, "beta": 1.9995544157714114}, "datetime": {"datetime": "2020-10-17 18:09:42", "elapsed": 59.370587, "delta": 0.968749}}
{"target": -751533.7894842585, "params": {"alpha": 0.9153015083947735, "beta": 7.4731499570720334}, "datetime": {"datetime": "2020-10-17 18:09:42", "elapsed": 59.808087, "delta": 0.4375}}
{"target": -234733.92732084283, "params": {"alpha": 0.13235651918196534, "beta": 2.009289912161344}, "datetime": {"datetime": "2020-10-17 18:09:43", "elapsed": 61.038554, "delta": 1.230467}}
{"target": -233441.00453837743, "params": {"alpha": 0.13079685501176064, "beta": 2.0200806138243204}, "datetime": {"datetime": "2020-10-17 18:09:44", "elapsed": 62.119116, "delta": 1.080562}}
{"target": -232484.34933597568, "params": {"alpha": 0.12790459074919436, "beta": 2.0298297011824755}, "datetime": {"datetime": "2020-10-17 18:09:45", "elapsed": 63.138231, "delta": 1.019115}}
{"target": -232655.44480419724, "params": {"alpha": 0.12440717914368725, "beta": 2.0347442168495435}, "datetime": {"datetime": "2020-10-17 18:09:47", "elapsed": 64.158734, "delta": 1.020503}}
{"target": -231487.450987114, "params": {"alpha": 0.13055658528366967, "beta": 2.0361803981100945}, "datetime": {"datetime": "2020-10-17 18:09:48", "elapsed": 65.161092, "delta": 1.002358}}
{"target": -231188.18489983885, "params": {"alpha": 0.13382936974419826, "beta": 2.042791528655196}, "datetime": {"datetime": "2020-10-17 18:09:49", "elapsed": 66.616647, "delta": 1.455555}}
{"target": -231254.68292757418, "params": {"alpha": 0.13351900636677805, "beta": 2.0413984799331724}, "datetime": {"datetime": "2020-10-17 18:09:50", "elapsed": 67.258556, "delta": 0.641909}}
{"target": -230683.41837421592, "params": {"alpha": 0.1319669160984149, "beta": 2.0446753401265054}, "datetime": {"datetime": "2020-10-17 18:09:52", "elapsed": 69.389381, "delta": 2.130825}}
{"target": -228914.09718433104, "params": {"alpha": 0.12751926848195674, "beta": 2.058543291023341}, "datetime": {"datetime": "2020-10-17 18:09:53", "elapsed": 70.407362, "delta": 1.017981}}
{"target": -228319.34913368087, "params": {"alpha": 0.12630207128831644, "beta": 2.0639763603485757}, "datetime": {"datetime": "2020-10-17 18:09:54", "elapsed": 71.615345, "delta": 1.207983}}
{"target": -618442.8802566165, "params": {"alpha": 0.3326045110846906, "beta": 6.741563069299485}, "datetime": {"datetime": "2020-10-17 18:09:54", "elapsed": 71.959095, "delta": 0.34375}}
{"target": -227288.41435148308, "params": {"alpha": 0.1249624693572162, "beta": 2.0734034795692944}, "datetime": {"datetime": "2020-10-17 18:09:56", "elapsed": 73.258285, "delta": 1.29919}}
{"target": -226307.70236549265, "params": {"alpha": 0.12423801901075385, "beta": 2.0822630305138765}, "datetime": {"datetime": "2020-10-17 18:09:57", "elapsed": 74.791925, "delta": 1.53364}}
{"target": -225315.05595835453, "params": {"alpha": 0.12340485283710824, "beta": 2.091425982217123}, "datetime": {"datetime": "2020-10-17 18:09:58", "elapsed": 76.059797, "delta": 1.267872}}
{"target": -224441.6125719721, "params": {"alpha": 0.12159266290590462, "beta": 2.1001662336054636}, "datetime": {"datetime": "2020-10-17 18:09:59", "elapsed": 76.905872, "delta": 0.846075}}
{"target": -224259.15623619605, "params": {"alpha": 0.1181106821755284, "beta": 2.106502110876848}, "datetime": {"datetime": "2020-10-17 18:10:00", "elapsed": 77.92382, "delta": 1.017948}}
{"target": -223919.1240010431, "params": {"alpha": 0.11998841735417544, "beta": 2.1062085939003867}, "datetime": {"datetime": "2020-10-17 18:10:02", "elapsed": 79.364763, "delta": 1.440943}}
{"target": -223146.07800105712, "params": {"alpha": 0.12577134629299125, "beta": 2.117119075818004}, "datetime": {"datetime": "2020-10-17 18:10:03", "elapsed": 80.507725, "delta": 1.142962}}
{"target": -223237.18699930568, "params": {"alpha": 0.1249870028258151, "beta": 2.1140142248092926}, "datetime": {"datetime": "2020-10-17 18:10:03", "elapsed": 81.0546, "delta": 0.546875}}
{"target": -222473.08643297953, "params": {"alpha": 0.12387097273074157, "beta": 2.1208626272356255}, "datetime": {"datetime": "2020-10-17 18:10:05", "elapsed": 82.21345, "delta": 1.15885}}
{"target": -220962.37717729952, "params": {"alpha": 0.11830600863769576, "beta": 2.1339681797282415}, "datetime": {"datetime": "2020-10-17 18:10:05", "elapsed": 82.979078, "delta": 0.765628}}
{"target": -220770.18698129928, "params": {"alpha": 0.11769351688824224, "beta": 2.136222469452264}, "datetime": {"datetime": "2020-10-17 18:10:06", "elapsed": 83.822825, "delta": 0.843747}}
{"target": -240693.845217877, "params": {"alpha": 0.14232015941681167, "beta": 1.9645687466771127}, "datetime": {"datetime": "2020-10-17 18:10:07", "elapsed": 84.432202, "delta": 0.609377}}
{"target": -219950.08515685648, "params": {"alpha": 0.11699160887059619, "beta": 2.1444295580694783}, "datetime": {"datetime": "2020-10-17 18:10:08", "elapsed": 85.887646, "delta": 1.455444}}
{"target": -219034.73288057375, "params": {"alpha": 0.11796657013090674, "beta": 2.1532663701377315}, "datetime": {"datetime": "2020-10-17 18:10:09", "elapsed": 86.761531, "delta": 0.873885}}
{"target": -218486.5516708165, "params": {"alpha": 0.11878913332451355, "beta": 2.1600272096661195}, "datetime": {"datetime": "2020-10-17 18:10:10", "elapsed": 87.83373, "delta": 1.072199}}
{"target": -217881.96052015692, "params": {"alpha": 0.11793482560568146, "beta": 2.1661630982664475}, "datetime": {"datetime": "2020-10-17 18:10:11", "elapsed": 88.475564, "delta": 0.641834}}
{"target": -228308.68423539813, "params": {"alpha": 0.13777417664575753, "beta": 2.164455543140554}, "datetime": {"datetime": "2020-10-17 18:10:12", "elapsed": 89.398624, "delta": 0.92306}}
{"target": -218483.99777966583, "params": {"alpha": 0.10971281311637847, "beta": 2.1711855236726114}, "datetime": {"datetime": "2020-10-17 18:10:13", "elapsed": 90.567965, "delta": 1.169341}}
{"target": -217506.47047883528, "params": {"alpha": 0.11561195435441284, "beta": 2.1693346887565204}, "datetime": {"datetime": "2020-10-17 18:10:14", "elapsed": 91.194171, "delta": 0.626206}}
{"target": -217007.9964655884, "params": {"alpha": 0.11616976727932812, "beta": 2.1748340117580187}, "datetime": {"datetime": "2020-10-17 18:10:14", "elapsed": 91.981425, "delta": 0.787254}}
{"target": -215114.05525640884, "params": {"alpha": 0.11549258868068299, "beta": 2.197088983308197}, "datetime": {"datetime": "2020-10-17 18:10:15", "elapsed": 92.918923, "delta": 0.937498}}
{"target": -218289.3552992687, "params": {"alpha": 0.12246348354625351, "beta": 2.1756953889926844}, "datetime": {"datetime": "2020-10-17 18:10:16", "elapsed": 93.654642, "delta": 0.735719}}
{"target": -214804.00430492553, "params": {"alpha": 0.1135297151893358, "beta": 2.1989352044951165}, "datetime": {"datetime": "2020-10-17 18:10:17", "elapsed": 94.783363, "delta": 1.128721}}
{"target": -214527.10831710065, "params": {"alpha": 0.11139254801998377, "beta": 2.202523666555658}, "datetime": {"datetime": "2020-10-17 18:10:18", "elapsed": 95.50211, "delta": 0.718747}}
{"target": -214126.5003237314, "params": {"alpha": 0.11128785703134193, "beta": 2.20681651370772}, "datetime": {"datetime": "2020-10-17 18:10:19", "elapsed": 96.79757, "delta": 1.29546}}
{"target": -216179.31272235158, "params": {"alpha": 0.12225975018669229, "beta": 2.2244880878176128}, "datetime": {"datetime": "2020-10-17 18:10:20", "elapsed": 97.550105, "delta": 0.752535}}
{"target": -213509.7861004653, "params": {"alpha": 0.11293739022327019, "beta": 2.214191740938934}, "datetime": {"datetime": "2020-10-17 18:10:21", "elapsed": 98.974337, "delta": 1.424232}}
{"target": -213155.21735395968, "params": {"alpha": 0.11187718339299925, "beta": 2.217775028834343}, "datetime": {"datetime": "2020-10-17 18:10:23", "elapsed": 100.63561, "delta": 1.661273}}
{"target": -212748.60851027464, "params": {"alpha": 0.1091338447327523, "beta": 2.2232229843334026}, "datetime": {"datetime": "2020-10-17 18:10:24", "elapsed": 101.665713, "delta": 1.030103}}
{"target": -212647.99113060543, "params": {"alpha": 0.10825467531371605, "beta": 2.225357374562769}, "datetime": {"datetime": "2020-10-17 18:10:25", "elapsed": 102.593878, "delta": 0.928165}}
{"target": -212466.3393383257, "params": {"alpha": 0.10757604877098591, "beta": 2.2282453648901566}, "datetime": {"datetime": "2020-10-17 18:10:26", "elapsed": 103.688739, "delta": 1.094861}}
{"target": -215820.20175659735, "params": {"alpha": 0.10783857253165459, "beta": 2.197603815986327}, "datetime": {"datetime": "2020-10-17 18:10:27", "elapsed": 104.613259, "delta": 0.92452}}
{"target": -212826.37036408595, "params": {"alpha": 0.1161037315751518, "beta": 2.2361344749809704}, "datetime": {"datetime": "2020-10-17 18:10:28", "elapsed": 105.693761, "delta": 1.080502}}
