{"target": -1308591.0023840936, "params": {"alpha": 0.7276219031074749, "beta": 6.104701139057963}, "datetime": {"datetime": "2020-10-17 18:08:43", "elapsed": 0.0, "delta": 0.0}}
{"target": -1836211.374175776, "params": {"alpha": 0.3051994122489931, "beta": 8.025246329299044}, "datetime": {"datetime": "2020-10-17 18:08:43", "elapsed": 0.358244, "delta": 0.358244}}
{"target": -1745847.9727872144, "params": {"alpha": 0.497916792317126, "beta": 2.070191679483405}, "datetime": {"datetime": "2020-10-17 18:08:43", "elapsed": 0.701999, "delta": 0.343755}}
{"target": -1581440.3201344016, "params": {"alpha": 0.39078833232721283, "beta": 4.551785114854081}, "datetime": {"datetime": "2020-10-17 18:08:44", "elapsed": 1.123783, "delta": 0.421784}}
{"target": -5612229.402766201, "params": {"alpha": 0.3407750666686109, "beta": 1.7429568007729768}, "datetime": {"datetime": "2020-10-17 18:08:44", "elapsed": 1.515497, "delta": 0.391714}}
{"target": -1650815.5713967632, "params": {"alpha": 0.36789380024771157, "beta": 4.680022589282124}, "datetime": {"datetime": "2020-10-17 18:08:45", "elapsed": 1.89217, "delta": 0.376673}}
{"target": -1036875.9728944285, "params": {"alpha": 0.924599368884012, "beta": 3.6279303900661364}, "datetime": {"datetime": "2020-10-17 18:08:45", "elapsed": 2.282811, "delta": 0.390641}}
{"target": -1528677.4566784683, "params": {"alpha": 0.8318685506191031, "beta": 9.90296201688082}, "datetime": {"datetime": "2020-10-17 18:08:45", "elapsed": 2.664417, "delta": 0.381606}}
{"target": -1037359.6866581959, "params": {"alpha": 0.9373521228912353, "beta": 3.61228243712438}, "datetime": {"datetime": "2020-10-17 18:08:46", "elapsed": 3.196837, "delta": 0.53242}}
{"target": -1068404.7584166857, "params": {"alpha": 0.7314212688771988, "beta": 3.7722421535447763}, "datetime": {"datetime": "2020-10-17 18:08:46", "elapsed": 3.63747, "delta": 0.440633}}
{"target": -3271928.623499154, "params": {"alpha": 0.1165301112709405, "beta": 6.176489919882287}, "datetime": {"datetime": "2020-10-17 18:08:47", "elapsed": 4.076955, "delta": 0.439485}}
{"target": -1036982.920242576, "params": {"alpha": 0.9252482339623651, "beta": 3.628258426054252}, "datetime": {"datetime": "2020-10-17 18:08:47", "elapsed": 4.656173, "delta": 0.579218}}
{"target": -1036728.695325466, "params": {"alpha": 0.9298964621889254, "beta": 3.6175714371042034}, "datetime": {"datetime": "2020-10-17 18:08:48", "elapsed": 5.145623, "delta": 0.48945}}
{"target": -1037224.6215119843, "params": {"alpha": 0.9317200872527511, "beta": 3.6207249410540747}, "datetime": {"datetime": "2020-10-17 18:08:48", "elapsed": 5.787357, "delta": 0.641734}}
{"target": -1034772.7359572608, "params": {"alpha": 0.8953776093694361, "beta": 3.637164082558212}, "datetime": {"datetime": "2020-10-17 18:08:50", "elapsed": 6.927979, "delta": 1.140622}}
{"target": -1035469.2955269241, "params": {"alpha": 0.8951035796257684, "beta": 3.6453982118048183}, "datetime": {"datetime": "2020-10-17 18:08:51", "elapsed": 8.760968, "delta": 1.832989}}
{"target": -1035108.7925143047, "params": {"alpha": 0.9010068645713026, "beta": 3.635998617980455}, "datetime": {"datetime": "2020-10-17 18:08:53", "elapsed": 10.64623, "delta": 1.885262}}
{"target": -1328653.9841671705, "params": {"alpha": 0.6295151420379856, "beta": 5.807458857675274}, "datetime": {"datetime": "2020-10-17 18:08:55", "elapsed": 12.32318, "delta": 1.67695}}
{"target": -1035777.6768884491, "params": {"alpha": 0.8827850752233328, "beta": 3.6569926001205495}, "datetime": {"datetime": "2020-10-17 18:08:57", "elapsed": 14.007947, "delta": 1.684767}}
{"target": -1034795.6203214781, "params": {"alpha": 0.8746531890356076, "beta": 3.6495999566326223}, "datetime": {"datetime": "2020-10-17 18:08:58", "elapsed": 15.795758, "delta": 1.787811}}
{"target": -1034632.9568354612, "params": {"alpha": 0.8847437568967378, "beta": 3.64310501078196}, "datetime": {"datetime": "2020-10-17 18:09:00", "elapsed": 17.396116, "delta": 1.600358}}
{"target": -1034585.4833510508, "params": {"alpha": 0.8863629696663908, "beta": 3.641593279395946}, "datetime": {"datetime": "2020-10-17 18:09:01", "elapsed": 18.725627, "delta": 1.329511}}
{"target": -1034510.5348581495, "params": {"alpha": 0.8868912246395392, "beta": 3.6404135613853312}, "datetime": {"datetime": "2020-10-17 18:09:03", "elapsed": 20.17378, "delta": 1.448153}}
{"target": -1034297.2937607792, "params": {"alpha": 0.8870415741469385, "beta": 3.637904215454211}, "datetime": {"datetime": "2020-10-17 18:09:04", "elapsed": 21.66621, "delta": 1.49243}}
{"target": -1033494.2414857929, "params": {"alpha": 0.8845018760769461, "beta": 3.630411482508957}, "datetime": {"datetime": "2020-10-17 18:09:06", "elapsed": 23.295959, "delta": 1.629749}}
{"target": -1032536.7007379351, "params": {"alpha": 0.8819449351515033, "beta": 3.621100912816316}, "datetime": {"datetime": "2020-10-17 18:09:07", "elapsed": 24.662782, "delta": 1.366823}}
{"target": -1031710.2998533306, "params": {"alpha": 0.8815831052277197, "beta": 3.6119681335288747}, "datetime": {"datetime": "2020-10-17 18:09:09", "elapsed": 25.937663, "delta": 1.274881}}
{"target": -1031052.0378824164, "params": {"alpha": 0.8842342918170754, "beta": 3.6028336050365195}, "datetime": {"datetime": "2020-10-17 18:09:10", "elapsed": 27.065402, "delta": 1.127739}}
{"target": -1030787.0778399867, "params": {"alpha": 0.887724621299579, "beta": 3.597314127087626}, "datetime": {"datetime": "2020-10-17 18:09:11", "elapsed": 27.893529, "delta": 0.828127}}
{"target": -1030698.6268728209, "params": {"alpha": 0.8897508965201387, "beta": 3.5947023709719}, "datetime": {"datetime": "2020-10-17 18:09:11", "elapsed": 28.680878, "delta": 0.787349}}
{"target": -1030588.6583350925, "params": {"alpha": 0.89061635531623, "beta": 3.592712250294587}, "datetime": {"datetime": "2020-10-17 18:09:12", "elapsed": 29.519164, "delta": 0.838286}}
{"target": -2623936.1385401483, "params": {"alpha": 0.1368641698862598, "beta": 7.531481283924518}, "datetime": {"datetime": "2020-10-17 18:09:13", "elapsed": 30.171234, "delta": 0.65207}}
{"target": -1031810.3478299965, "params": {"alpha": 0.8597969195101203, "beta": 3.6200716196098215}, "datetime": {"datetime": "2020-10-17 18:09:14", "elapsed": 31.035183, "delta": 0.863949}}
{"target": -1029658.4543133851, "params": {"alpha": 0.8829647437213413, "beta": 3.587723808684043}, "datetime": {"datetime": "2020-10-17 18:09:15", "elapsed": 31.974955, "delta": 0.939772}}
{"target": -1028936.9189227581, "params": {"alpha": 0.8760638368496347, "beta": 3.5835810852894503}, "datetime": {"datetime": "2020-10-17 18:09:15", "elapsed": 32.679196, "delta": 0.704241}}
{"target": -1028283.7097756782, "params": {"alpha": 0.8677015266566255, "beta": 3.579745104262159}, "datetime": {"datetime": "2020-10-17 18:09:16", "elapsed": 33.348177, "delta": 0.668981}}
{"target": -1027525.9416197573, "params": {"alpha": 0.8465826827436543, "beta": 3.5730567701242184}, "datetime": {"datetime": "2020-10-17 18:09:20", "elapsed": 37.107223, "delta": 3.759046}}
{"target": -1029627.7539778182, "params": {"alpha": 0.8529225238147742, "beta": 3.596480740630507}, "datetime": {"datetime": "2020-10-17 18:09:23", "elapsed": 40.363908, "delta": 3.256685}}
{"target": -1026988.6536574704, "params": {"alpha": 0.8523586211645137, "beta": 3.567777150867968}, "datetime": {"datetime": "2020-10-17 18:09:26", "elapsed": 43.041582, "delta": 2.677674}}
{"target": -1026320.3116445474, "params": {"alpha": 0.8553361428699999, "beta": 3.5603821297116105}, "datetime": {"datetime": "2020-10-17 18:09:27", "elapsed": 44.760332, "delta": 1.71875}}
{"target": -1025421.2805686409, "params": {"alpha": 0.8595490337131021, "beta": 3.5498921296626116}, "datetime": {"datetime": "2020-10-17 18:09:30", "elapsed": 47.638487, "delta": 2.878155}}
{"target": -1024800.1618730375, "params": {"alpha": 0.8646479253613846, "beta": 3.5416081251088274}, "datetime": {"datetime": "2020-10-17 18:09:32", "elapsed": 49.672047, "delta": 2.03356}}
{"target": -1024601.4179841956, "params": {"alpha": 0.870861824949623, "beta": 3.5367935306476515}, "datetime": {"datetime": "2020-10-17 18:09:34", "elapsed": 51.566247, "delta": 1.8942}}
{"target": -1024581.3913994317, "params": {"alpha": 0.8710495674770808, "beta": 3.5364707591831706}, "datetime": {"datetime": "2020-10-17 18:09:37", "elapsed": 54.133472, "delta": 2.567225}}
{"target": -1024501.9276662236, "params": {"alpha": 0.8708825755845722, "beta": 3.5356423848120007}, "datetime": {"datetime": "2020-10-17 18:09:39", "elapsed": 56.603851, "delta": 2.470379}}
{"target": -1023653.154320494, "params": {"alpha": 0.8667733468164948, "beta": 3.5277928155440605}, "datetime": {"datetime": "2020-10-17 18:09:41", "elapsed": 58.022891, "delta": 1.41904}}
{"target": -1021765.5243929103, "params": {"alpha": 0.8527052167477701, "beta": 3.5099616228053896}, "datetime": {"datetime": "2020-10-17 18:09:43", "elapsed": 60.547891, "delta": 2.525}}
{"target": -1021351.8164498347, "params": {"alpha": 0.8493992104560746, "beta": 3.5054966450254987}, "datetime": {"datetime": "2020-10-17 18:09:44", "elapsed": 61.724545, "delta": 1.176654}}
{"target": -1154129.984723812, "params": {"alpha": 0.7837565572822538, "beta": 4.704049815690776}, "datetime": {"datetime": "2020-10-17 18:09:46", "elapsed": 62.963689, "delta": 1.239144}}
{"target": -1020538.9568381119, "params": {"alpha": 0.8436768531580714, "beta": 3.4961229923708284}, "datetime": {"datetime": "2020-10-17 18:09:48", "elapsed": 65.188401, "delta": 2.224712}}
{"target": -1019610.2384729309, "params": {"alpha": 0.8420696237734481, "beta": 3.4855708565596295}, "datetime": {"datetime": "2020-10-17 18:09:49", "elapsed": 66.581456, "delta": 1.393055}}
{"target": -1019212.3443923937, "params": {"alpha": 0.8484434626677415, "beta": 3.4814849455107217}, "datetime": {"datetime": "2020-10-17 18:09:51", "elapsed": 68.369809, "delta": 1.788353}}
{"target": -1711762.1925165027, "params": {"alpha": 0.3456178407546785, "beta": 5.690841020849503}, "datetime": {"datetime": "2020-10-17 18:09:52", "elapsed": 69.432317, "delta": 1.062508}}
{"target": -1018614.1009423711, "params": {"alpha": 0.8473290219576722, "beta": 3.474748859151666}, "datetime": {"datetime": "2020-10-17 18:09:55", "elapsed": 72.190717, "delta": 2.7584}}
{"target": -1017372.4655215745, "params": {"alpha": 0.8458911547868571, "beta": 3.4606836960428478}, "datetime": {"datetime": "2020-10-17 18:09:57", "elapsed": 73.866104, "delta": 1.675387}}
{"target": -1016270.8683453653, "params": {"alpha": 0.8439369882720298, "beta": 3.4481138580108937}, "datetime": {"datetime": "2020-10-17 18:09:58", "elapsed": 75.352724, "delta": 1.48662}}
{"target": -1015190.876893386, "params": {"alpha": 0.8413350684566796, "beta": 3.4356376378033904}, "datetime": {"datetime": "2020-10-17 18:10:00", "elapsed": 77.435499, "delta": 2.082775}}
{"target": -1014159.0450644206, "params": {"alpha": 0.8376516378132347, "beta": 3.4233833774492974}, "datetime": {"datetime": "2020-10-17 18:10:02", "elapsed": 79.485818, "delta": 2.050319}}
{"target": -1013379.7716797206, "params": {"alpha": 0.8316235495331881, "beta": 3.4130061886426044}, "datetime": {"datetime": "2020-10-17 18:10:05", "elapsed": 82.225135, "delta": 2.739317}}
{"target": -1013408.5069842234, "params": {"alpha": 0.8244202683951217, "beta": 3.410225031829526}, "datetime": {"datetime": "2020-10-17 18:10:07", "elapsed": 84.131383, "delta": 1.906248}}
{"target": -1012842.2078561205, "params": {"alpha": 0.8294516754345225, "beta": 3.4061184380926353}, "datetime": {"datetime": "2020-10-17 18:10:08", "elapsed": 85.83683, "delta": 1.705447}}
{"target": -1011495.8689937389, "params": {"alpha": 0.8304010362537368, "beta": 3.3910461004847416}, "datetime": {"datetime": "2020-10-17 18:10:11", "elapsed": 88.065357, "delta": 2.228527}}
{"target": -1013333.2205012299, "params": {"alpha": 0.8360892537524859, "beta": 3.413644826946127}, "datetime": {"datetime": "2020-10-17 18:10:12", "elapsed": 89.785303, "delta": 1.719946}}
{"target": -1010188.854583505, "params": {"alpha": 0.8337415571144017, "beta": 3.3767950065080745}, "datetime": {"datetime": "2020-10-17 18:10:14", "elapsed": 91.132599, "delta": 1.347296}}
{"target": -1009037.1963780102, "params": {"alpha": 0.838727653435134, "beta": 3.3638248407213416}, "datetime": {"datetime": "2020-10-17 18:10:16", "elapsed": 93.260072, "delta": 2.127473}}
{"target": -1008191.5123358216, "params": {"alpha": 0.845759335346546, "beta": 3.353050035438425}, "datetime": {"datetime": "2020-10-17 18:10:18", "elapsed": 95.824869, "delta": 2.564797}}
{"target": -1008083.7566570856, "params": {"alpha": 0.8538760824642212, "beta": 3.3489767941388027}, "datetime": {"datetime": "2020-10-17 18:10:20", "elapsed": 97.530527, "delta": 1.705658}}
{"target": -1007784.7135153996, "params": {"alpha": 0.8503173742257005, "beta": 3.346770239072276}, "datetime": {"datetime": "2020-10-17 18:10:23", "elapsed": 100.209793, "delta": 2.679266}}
{"target": -1006533.5008119256, "params": {"alpha": 0.8478995396874859, "beta": 3.3321480112831265}, "datetime": {"datetime": "2020-10-17 18:10:25", "elapsed": 101.883094, "delta": 1.673301}}
{"target": -1005282.4126370025, "params": {"alpha": 0.8453028345601691, "beta": 3.31738052682479}, "datetime": {"datetime": "2020-10-17 18:10:27", "elapsed": 104.796813, "delta": 2.913719}}
{"target": -1004092.2110407816, "params": {"alpha": 0.8431245059645344, "beta": 3.3030540156497303}, "datetime": {"datetime": "2020-10-17 18:10:29", "elapsed": 106.820346, "delta": 2.023533}}
{"target": -1002882.5509020428, "params": {"alpha": 0.8421566732790104, "beta": 3.288025691504638}, "datetime": {"datetime": "2020-10-17 18:10:34", "elapsed": 111.277001, "delta": 4.456655}}
{"target": -1001830.0150026424, "params": {"alpha": 0.8450190653798988, "beta": 3.2736802454746727}, "datetime": {"datetime": "2020-10-17 18:10:38", "elapsed": 115.357701, "delta": 4.0807}}
{"target": -1001601.6352860573, "params": {"alpha": 0.8532376934720257, "beta": 3.266364037767765}, "datetime": {"datetime": "2020-10-17 18:10:43", "elapsed": 120.363442, "delta": 5.005741}}
{"target": -1756637.4692743032, "params": {"alpha": 0.3326045110846906, "beta": 6.741563069299485}, "datetime": {"datetime": "2020-10-17 18:10:44", "elapsed": 121.439512, "delta": 1.07607}}
{"target": -1001333.5184503754, "params": {"alpha": 0.8497792207649759, "beta": 3.2649765273756133}, "datetime": {"datetime": "2020-10-17 18:10:47", "elapsed": 123.981698, "delta": 2.542186}}
{"target": -1000000.0747220453, "params": {"alpha": 0.8447872109855115, "beta": 3.2498749960436157}, "datetime": {"datetime": "2020-10-17 18:10:49", "elapsed": 126.051116, "delta": 2.069418}}
{"target": -998691.1615715442, "params": {"alpha": 0.8401728745471053, "beta": 3.234240768980727}, "datetime": {"datetime": "2020-10-17 18:10:51", "elapsed": 128.109144, "delta": 2.058028}}
{"target": -999427.206535124, "params": {"alpha": 0.8454182504280904, "beta": 3.241992591385127}, "datetime": {"datetime": "2020-10-17 18:10:52", "elapsed": 129.609147, "delta": 1.500003}}
{"target": -997524.8545350706, "params": {"alpha": 0.834440221401106, "beta": 3.219974762405806}, "datetime": {"datetime": "2020-10-17 18:10:54", "elapsed": 131.502147, "delta": 1.893}}
{"target": -996335.7063428124, "params": {"alpha": 0.8319725329216865, "beta": 3.20432172183296}, "datetime": {"datetime": "2020-10-17 18:10:57", "elapsed": 134.246479, "delta": 2.744332}}
{"target": -995247.4688118368, "params": {"alpha": 0.8328269530575844, "beta": 3.1894996621523823}, "datetime": {"datetime": "2020-10-17 18:10:59", "elapsed": 135.919583, "delta": 1.673104}}
{"target": -994334.20925578, "params": {"alpha": 0.8372573024032983, "beta": 3.1758099238105393}, "datetime": {"datetime": "2020-10-17 18:11:00", "elapsed": 137.55053, "delta": 1.630947}}
{"target": -994035.7212947039, "params": {"alpha": 0.8441049823944072, "beta": 3.1681621208888155}, "datetime": {"datetime": "2020-10-17 18:11:03", "elapsed": 140.110415, "delta": 2.559885}}
{"target": -994048.904277195, "params": {"alpha": 0.8446699582919645, "beta": 3.167976581530009}, "datetime": {"datetime": "2020-10-17 18:11:05", "elapsed": 142.10077, "delta": 1.990355}}
{"target": -993939.3924677327, "params": {"alpha": 0.8438674395323223, "beta": 3.1669282516891673}, "datetime": {"datetime": "2020-10-17 18:11:06", "elapsed": 143.70176, "delta": 1.60099}}
{"target": -1208424.2462943252, "params": {"alpha": 0.6029497185106835, "beta": 4.357497171976991}, "datetime": {"datetime": "2020-10-17 18:11:07", "elapsed": 144.597373, "delta": 0.895613}}
{"target": -992729.982698924, "params": {"alpha": 0.8383009053498187, "beta": 3.1525424652546663}, "datetime": {"datetime": "2020-10-17 18:11:10", "elapsed": 147.41296, "delta": 2.815587}}
{"target": -991699.7930368262, "params": {"alpha": 0.8337157851086167, "beta": 3.1393357309207865}, "datetime": {"datetime": "2020-10-17 18:11:12", "elapsed": 149.264916, "delta": 1.851956}}
{"target": -990556.641220815, "params": {"alpha": 0.829573448344205, "beta": 3.1235655085858456}, "datetime": {"datetime": "2020-10-17 18:11:14", "elapsed": 151.129158, "delta": 1.864242}}
{"target": -989499.8368700499, "params": {"alpha": 0.8283726643820821, "beta": 3.1080622878884165}, "datetime": {"datetime": "2020-10-17 18:11:15", "elapsed": 152.397332, "delta": 1.268174}}
{"target": -988624.7960923123, "params": {"alpha": 0.8325576981033127, "beta": 3.0936502601643587}, "datetime": {"datetime": "2020-10-17 18:11:18", "elapsed": 155.040538, "delta": 2.643206}}
{"target": -988505.7352508443, "params": {"alpha": 0.8391217317637134, "beta": 3.088155733468371}, "datetime": {"datetime": "2020-10-17 18:11:20", "elapsed": 157.45393, "delta": 2.413392}}
{"target": -988332.8048236035, "params": {"alpha": 0.8365221657278652, "beta": 3.087139201453494}, "datetime": {"datetime": "2020-10-17 18:11:21", "elapsed": 158.5661, "delta": 1.11217}}
{"target": -987177.3409667392, "params": {"alpha": 0.8314551457692829, "beta": 3.0713432755413534}, "datetime": {"datetime": "2020-10-17 18:11:23", "elapsed": 160.483734, "delta": 1.917634}}
{"target": -2970692.380471276, "params": {"alpha": 0.3385727648304308, "beta": 2.3785383588899194}, "datetime": {"datetime": "2020-10-17 18:11:24", "elapsed": 161.436864, "delta": 0.95313}}
{"target": -986465.3791483011, "params": {"alpha": 0.8293257700574694, "beta": 3.060688606404966}, "datetime": {"datetime": "2020-10-17 18:11:26", "elapsed": 163.37702, "delta": 1.940156}}
{"target": -985720.9823039894, "params": {"alpha": 0.8283877377125215, "beta": 3.048857588687487}, "datetime": {"datetime": "2020-10-17 18:11:27", "elapsed": 164.584776, "delta": 1.207756}}
{"target": -985074.2463589483, "params": {"alpha": 0.8306227374225272, "beta": 3.037181169151475}, "datetime": {"datetime": "2020-10-17 18:11:29", "elapsed": 166.684776, "delta": 2.1}}
{"target": -984895.4671513903, "params": {"alpha": 0.8357002590031034, "beta": 3.030890407854994}, "datetime": {"datetime": "2020-10-17 18:11:32", "elapsed": 169.189692, "delta": 2.504916}}
{"target": -984871.9082731953, "params": {"alpha": 0.8353081968827613, "beta": 3.0307878503092467}, "datetime": {"datetime": "2020-10-17 18:11:34", "elapsed": 170.944612, "delta": 1.75492}}
{"target": -984754.9371376409, "params": {"alpha": 0.8346685609057262, "beta": 3.029240732639182}, "datetime": {"datetime": "2020-10-17 18:11:37", "elapsed": 173.918235, "delta": 2.973623}}
{"target": -983932.8367273213, "params": {"alpha": 0.8299232909490241, "beta": 3.017901272867096}, "datetime": {"datetime": "2020-10-17 18:11:40", "elapsed": 177.122739, "delta": 3.204504}}
{"target": -983291.4787465929, "params": {"alpha": 0.8264331154300664, "beta": 3.0081426721761853}, "datetime": {"datetime": "2020-10-17 18:11:42", "elapsed": 179.084387, "delta": 1.961648}}
{"target": -982593.1726681847, "params": {"alpha": 0.8240426812668181, "beta": 2.9964170477299543}, "datetime": {"datetime": "2020-10-17 18:11:44", "elapsed": 181.09992, "delta": 2.015533}}
{"target": -981991.0418296632, "params": {"alpha": 0.8253627803215082, "beta": 2.985029146364901}, "datetime": {"datetime": "2020-10-17 18:11:48", "elapsed": 184.933121, "delta": 3.833201}}
{"target": -981752.423912892, "params": {"alpha": 0.830098574212165, "beta": 2.9779999944491204}, "datetime": {"datetime": "2020-10-17 18:11:50", "elapsed": 186.971455, "delta": 2.038334}}
{"target": -981768.2386073848, "params": {"alpha": 0.8311096070051762, "beta": 2.977552569885735}, "datetime": {"datetime": "2020-10-17 18:11:52", "elapsed": 189.786426, "delta": 2.814971}}
