{"target": -1529420.7935793814, "params": {"alpha": 0.7276219031074749, "beta": 6.104701139057963}, "datetime": {"datetime": "2020-10-17 18:15:03", "elapsed": 0.0, "delta": 0.0}}
{"target": -2447001.6905439715, "params": {"alpha": 0.3051994122489931, "beta": 8.025246329299044}, "datetime": {"datetime": "2020-10-17 18:15:03", "elapsed": 0.078125, "delta": 0.078125}}
{"target": -3039448.0000298535, "params": {"alpha": 0.497916792317126, "beta": 2.070191679483405}, "datetime": {"datetime": "2020-10-17 18:15:03", "elapsed": 0.156255, "delta": 0.07813}}
{"target": -2356880.2169833304, "params": {"alpha": 0.39078833232721283, "beta": 4.551785114854081}, "datetime": {"datetime": "2020-10-17 18:15:03", "elapsed": 0.234388, "delta": 0.078133}}
{"target": -7371077.891635335, "params": {"alpha": 0.3407750666686109, "beta": 1.7429568007729768}, "datetime": {"datetime": "2020-10-17 18:15:04", "elapsed": 0.343755, "delta": 0.109367}}
{"target": -2448596.7559037893, "params": {"alpha": 0.36789380024771157, "beta": 4.680022589282124}, "datetime": {"datetime": "2020-10-17 18:15:04", "elapsed": 0.437502, "delta": 0.093747}}
{"target": -1060616.190324746, "params": {"alpha": 0.924599368884012, "beta": 3.6279303900661364}, "datetime": {"datetime": "2020-10-17 18:15:04", "elapsed": 0.578128, "delta": 0.140626}}
{"target": -1658557.9991357448, "params": {"alpha": 0.8318685506191031, "beta": 9.90296201688082}, "datetime": {"datetime": "2020-10-17 18:15:04", "elapsed": 0.687501, "delta": 0.109373}}
{"target": -1060616.4485164857, "params": {"alpha": 0.9245991856601213, "beta": 3.6279306948977754}, "datetime": {"datetime": "2020-10-17 18:15:04", "elapsed": 0.954645, "delta": 0.267144}}
{"target": -1060617.0859210335, "params": {"alpha": 0.9245987376538151, "beta": 3.627931508213636}, "datetime": {"datetime": "2020-10-17 18:15:04", "elapsed": 1.315164, "delta": 0.360519}}
{"target": -1530326.3957351833, "params": {"alpha": 0.7271368692611956, "beta": 6.108545159608595}, "datetime": {"datetime": "2020-10-17 18:15:05", "elapsed": 1.565164, "delta": 0.25}}
{"target": -1060616.8244623358, "params": {"alpha": 0.9245989505310612, "beta": 3.6279315837893247}, "datetime": {"datetime": "2020-10-17 18:15:05", "elapsed": 1.955795, "delta": 0.390631}}
{"target": -1060615.4535498456, "params": {"alpha": 0.9245998922091226, "beta": 3.6279295269172653}, "datetime": {"datetime": "2020-10-17 18:15:05", "elapsed": 2.315167, "delta": 0.359372}}
{"target": -1060611.2181739497, "params": {"alpha": 0.9246028250937277, "beta": 3.6279235040744986}, "datetime": {"datetime": "2020-10-17 18:15:06", "elapsed": 2.674538, "delta": 0.359371}}
{"target": -1060580.6848272781, "params": {"alpha": 0.9246242572209203, "beta": 3.6278841357290625}, "datetime": {"datetime": "2020-10-17 18:15:06", "elapsed": 2.965802, "delta": 0.291264}}
{"target": -1059541.685653646, "params": {"alpha": 0.9253528439344133, "beta": 3.626528295597466}, "datetime": {"datetime": "2020-10-17 18:15:06", "elapsed": 3.291804, "delta": 0.326002}}
{"target": -1047063.0561655735, "params": {"alpha": 0.9341627836730055, "beta": 3.610135268717947}, "datetime": {"datetime": "2020-10-17 18:15:07", "elapsed": 3.646805, "delta": 0.355001}}
{"target": -1012906.110808671, "params": {"alpha": 0.9593419698303444, "beta": 3.5703594732843453}, "datetime": {"datetime": "2020-10-17 18:15:07", "elapsed": 3.980805, "delta": 0.334}}
{"target": -988743.6706234223, "params": {"alpha": 0.9788777697078812, "beta": 3.5548154800259253}, "datetime": {"datetime": "2020-10-17 18:15:08", "elapsed": 4.334804, "delta": 0.353999}}
{"target": -976619.7898897426, "params": {"alpha": 0.99, "beta": 3.558878127085654}, "datetime": {"datetime": "2020-10-17 18:15:08", "elapsed": 4.660804, "delta": 0.326}}
{"target": -977120.1738278897, "params": {"alpha": 0.99, "beta": 3.563916444871905}, "datetime": {"datetime": "2020-10-17 18:15:08", "elapsed": 5.071804, "delta": 0.411}}
{"target": -992482.162142151, "params": {"alpha": 0.9756551667530666, "beta": 3.5553913153611454}, "datetime": {"datetime": "2020-10-17 18:15:09", "elapsed": 5.434804, "delta": 0.363}}
{"target": -976355.3424492856, "params": {"alpha": 0.99, "beta": 3.556210505673843}, "datetime": {"datetime": "2020-10-17 18:15:09", "elapsed": 5.839805, "delta": 0.405001}}
{"target": -976075.8944367574, "params": {"alpha": 0.99, "beta": 3.5533878180292042}, "datetime": {"datetime": "2020-10-17 18:15:09", "elapsed": 6.162806, "delta": 0.323001}}
{"target": -975497.378064857, "params": {"alpha": 0.99, "beta": 3.54753185564556}, "datetime": {"datetime": "2020-10-17 18:15:10", "elapsed": 6.533807, "delta": 0.371001}}
{"target": -974285.0272644481, "params": {"alpha": 0.99, "beta": 3.5352043545380973}, "datetime": {"datetime": "2020-10-17 18:15:10", "elapsed": 6.904807, "delta": 0.371}}
{"target": -973124.5835206354, "params": {"alpha": 0.99, "beta": 3.523331531098529}, "datetime": {"datetime": "2020-10-17 18:15:10", "elapsed": 7.24381, "delta": 0.339003}}
{"target": -971977.8238951057, "params": {"alpha": 0.99, "beta": 3.5115253303093055}, "datetime": {"datetime": "2020-10-17 18:15:11", "elapsed": 7.541808, "delta": 0.297998}}
{"target": -970786.4754673085, "params": {"alpha": 0.99, "beta": 3.4991793505840496}, "datetime": {"datetime": "2020-10-17 18:15:11", "elapsed": 7.880808, "delta": 0.339}}
{"target": -969572.5146414972, "params": {"alpha": 0.99, "beta": 3.486510486839801}, "datetime": {"datetime": "2020-10-17 18:15:11", "elapsed": 8.240809, "delta": 0.360001}}
{"target": -968341.6805972009, "params": {"alpha": 0.99, "beta": 3.473569853203015}, "datetime": {"datetime": "2020-10-17 18:15:12", "elapsed": 8.526936, "delta": 0.286127}}
{"target": -976204.6277266601, "params": {"alpha": 0.9838352855513774, "beta": 3.482773882069456}, "datetime": {"datetime": "2020-10-17 18:15:12", "elapsed": 8.808187, "delta": 0.281251}}
{"target": -971799.8560966441, "params": {"alpha": 0.9878282622539426, "beta": 3.4841633262860188}, "datetime": {"datetime": "2020-10-17 18:15:12", "elapsed": 9.120684, "delta": 0.312497}}
{"target": -966905.6010448965, "params": {"alpha": 0.99, "beta": 3.458343091412507}, "datetime": {"datetime": "2020-10-17 18:15:13", "elapsed": 9.448812, "delta": 0.328128}}
{"target": -965635.4947816984, "params": {"alpha": 0.99, "beta": 3.444754725992181}, "datetime": {"datetime": "2020-10-17 18:15:13", "elapsed": 9.767227, "delta": 0.318415}}
{"target": -964287.1942889655, "params": {"alpha": 0.99, "beta": 3.4301978271485445}, "datetime": {"datetime": "2020-10-17 18:15:13", "elapsed": 10.095353, "delta": 0.328126}}
{"target": -977766.0667307002, "params": {"alpha": 0.9792479741681845, "beta": 3.4426295925634216}, "datetime": {"datetime": "2020-10-17 18:15:16", "elapsed": 12.645523, "delta": 2.55017}}
{"target": -976582.7792642934, "params": {"alpha": 0.976398830843425, "beta": 3.391935088685039}, "datetime": {"datetime": "2020-10-17 18:15:18", "elapsed": 14.93786, "delta": 2.292337}}
{"target": -961632.890398994, "params": {"alpha": 0.99, "beta": 3.40111205672263}, "datetime": {"datetime": "2020-10-17 18:15:20", "elapsed": 16.627569, "delta": 1.689709}}
{"target": -973796.9329190985, "params": {"alpha": 0.9864988380817089, "beta": 3.4893414623522054}, "datetime": {"datetime": "2020-10-17 18:15:22", "elapsed": 18.626571, "delta": 1.999002}}
{"target": -960890.0934169478, "params": {"alpha": 0.99, "beta": 3.3928632868051016}, "datetime": {"datetime": "2020-10-17 18:15:24", "elapsed": 20.438574, "delta": 1.812003}}
{"target": -959397.9429862485, "params": {"alpha": 0.99, "beta": 3.3761373671195405}, "datetime": {"datetime": "2020-10-17 18:15:25", "elapsed": 22.166308, "delta": 1.727734}}
{"target": -958019.2631153786, "params": {"alpha": 0.99, "beta": 3.360487761316122}, "datetime": {"datetime": "2020-10-17 18:15:27", "elapsed": 24.113549, "delta": 1.947241}}
{"target": -956633.4092652706, "params": {"alpha": 0.99, "beta": 3.3445536663021875}, "datetime": {"datetime": "2020-10-17 18:15:29", "elapsed": 26.149907, "delta": 2.036358}}
{"target": -955251.5187255706, "params": {"alpha": 0.99, "beta": 3.3284475932641886}, "datetime": {"datetime": "2020-10-17 18:15:31", "elapsed": 27.774912, "delta": 1.625005}}
{"target": -953885.0374545419, "params": {"alpha": 0.99, "beta": 3.3122913010891724}, "datetime": {"datetime": "2020-10-17 18:15:34", "elapsed": 30.388536, "delta": 2.613624}}
{"target": -956175.0018672846, "params": {"alpha": 0.9885088635119114, "beta": 3.3189496644344456}, "datetime": {"datetime": "2020-10-17 18:15:35", "elapsed": 32.264538, "delta": 1.876002}}
{"target": -952185.3051576676, "params": {"alpha": 0.99, "beta": 3.2918486595111243}, "datetime": {"datetime": "2020-10-17 18:15:38", "elapsed": 34.45754, "delta": 2.193002}}
{"target": -951023.5814693541, "params": {"alpha": 0.99, "beta": 3.2776370963908033}, "datetime": {"datetime": "2020-10-17 18:15:40", "elapsed": 36.742959, "delta": 2.285419}}
{"target": -949639.4783955577, "params": {"alpha": 0.99, "beta": 3.2604285872794687}, "datetime": {"datetime": "2020-10-17 18:15:42", "elapsed": 38.874279, "delta": 2.13132}}
{"target": -948343.5111506528, "params": {"alpha": 0.99, "beta": 3.2440202260342335}, "datetime": {"datetime": "2020-10-17 18:15:46", "elapsed": 42.634368, "delta": 3.760089}}
{"target": -954088.96818162, "params": {"alpha": 0.9868505317515222, "beta": 3.2699025027312616}, "datetime": {"datetime": "2020-10-17 18:15:48", "elapsed": 45.29737, "delta": 2.663002}}
{"target": -954893.6585355159, "params": {"alpha": 0.983531747933801, "beta": 3.2296939812147216}, "datetime": {"datetime": "2020-10-17 18:15:52", "elapsed": 49.140472, "delta": 3.843102}}
{"target": -948147.2331168178, "params": {"alpha": 0.9871488884984401, "beta": 3.196967322679477}, "datetime": {"datetime": "2020-10-17 18:15:54", "elapsed": 51.064716, "delta": 1.924244}}
{"target": -954366.6207472852, "params": {"alpha": 0.9899094329328508, "beta": 3.3167685848865576}, "datetime": {"datetime": "2020-10-17 18:15:57", "elapsed": 53.399869, "delta": 2.335153}}
{"target": -944034.80777208, "params": {"alpha": 0.99, "beta": 3.1870490310230126}, "datetime": {"datetime": "2020-10-17 18:15:59", "elapsed": 55.924771, "delta": 2.524902}}
{"target": -942085.6430139061, "params": {"alpha": 0.99, "beta": 3.159798330609108}, "datetime": {"datetime": "2020-10-17 18:16:01", "elapsed": 57.755774, "delta": 1.831003}}
{"target": -951523.5671042849, "params": {"alpha": 0.9887430952592928, "beta": 3.2655971132537243}, "datetime": {"datetime": "2020-10-17 18:16:03", "elapsed": 59.792582, "delta": 2.036808}}
{"target": -941696.9165332888, "params": {"alpha": 0.99, "beta": 3.154232048788897}, "datetime": {"datetime": "2020-10-17 18:16:05", "elapsed": 62.091844, "delta": 2.299262}}
{"target": -940389.5389921684, "params": {"alpha": 0.99, "beta": 3.135152811071665}, "datetime": {"datetime": "2020-10-17 18:16:07", "elapsed": 64.258882, "delta": 2.167038}}
{"target": -939304.1135996785, "params": {"alpha": 0.99, "beta": 3.1188527532040444}, "datetime": {"datetime": "2020-10-17 18:16:10", "elapsed": 66.338318, "delta": 2.079436}}
{"target": -938278.7600240632, "params": {"alpha": 0.99, "beta": 3.1030237902453757}, "datetime": {"datetime": "2020-10-17 18:16:11", "elapsed": 67.890049, "delta": 1.551731}}
{"target": -947127.8961171228, "params": {"alpha": 0.979558991033494, "beta": 3.035268362464783}, "datetime": {"datetime": "2020-10-17 18:16:13", "elapsed": 69.67905, "delta": 1.789001}}
{"target": -936685.6326873848, "params": {"alpha": 0.99, "beta": 3.0774746390099796}, "datetime": {"datetime": "2020-10-17 18:16:15", "elapsed": 71.482052, "delta": 1.803002}}
{"target": -936203.1886241549, "params": {"alpha": 0.99, "beta": 3.069477923048506}, "datetime": {"datetime": "2020-10-17 18:16:17", "elapsed": 73.502107, "delta": 2.020055}}
{"target": -935643.9265091987, "params": {"alpha": 0.99, "beta": 3.0600387310975403}, "datetime": {"datetime": "2020-10-17 18:16:18", "elapsed": 75.040952, "delta": 1.538845}}
{"target": -939015.8795282842, "params": {"alpha": 0.9860242704595369, "beta": 3.0336096434150126}, "datetime": {"datetime": "2020-10-17 18:16:20", "elapsed": 76.940831, "delta": 1.899879}}
{"target": -936065.0908079552, "params": {"alpha": 0.9882896661209088, "beta": 3.0305641674238184}, "datetime": {"datetime": "2020-10-17 18:16:22", "elapsed": 78.861368, "delta": 1.920537}}
{"target": -933139.5711122995, "params": {"alpha": 0.99, "beta": 3.0151108792739563}, "datetime": {"datetime": "2020-10-17 18:16:24", "elapsed": 80.71137, "delta": 1.850002}}
{"target": -932317.3189197103, "params": {"alpha": 0.99, "beta": 2.9991877514296643}, "datetime": {"datetime": "2020-10-17 18:16:25", "elapsed": 82.105372, "delta": 1.394002}}
{"target": -938645.1418308137, "params": {"alpha": 0.9882232785003936, "beta": 3.0742215151194054}, "datetime": {"datetime": "2020-10-17 18:16:27", "elapsed": 83.746374, "delta": 1.641002}}
{"target": -931658.6528514886, "params": {"alpha": 0.99, "beta": 2.9859017831681935}, "datetime": {"datetime": "2020-10-17 18:16:28", "elapsed": 84.635343, "delta": 0.888969}}
{"target": -934146.2848929282, "params": {"alpha": 0.9887465520379171, "beta": 3.00482095883941}, "datetime": {"datetime": "2020-10-17 18:16:29", "elapsed": 86.231496, "delta": 1.596153}}
{"target": -930933.3191858513, "params": {"alpha": 0.99, "beta": 2.9706323437457334}, "datetime": {"datetime": "2020-10-17 18:16:31", "elapsed": 87.5787, "delta": 1.347204}}
{"target": -937980.9719224595, "params": {"alpha": 0.9859559458660032, "beta": 3.0124133844633527}, "datetime": {"datetime": "2020-10-17 18:16:33", "elapsed": 89.349441, "delta": 1.770741}}
{"target": -930293.957018536, "params": {"alpha": 0.99, "beta": 2.9565217178310674}, "datetime": {"datetime": "2020-10-17 18:16:34", "elapsed": 91.130698, "delta": 1.781257}}
{"target": -929680.8906103098, "params": {"alpha": 0.99, "beta": 2.942310403491971}, "datetime": {"datetime": "2020-10-17 18:16:36", "elapsed": 92.566628, "delta": 1.43593}}
{"target": -929126.9634915608, "params": {"alpha": 0.99, "beta": 2.9287855227721327}, "datetime": {"datetime": "2020-10-17 18:16:37", "elapsed": 94.156627, "delta": 1.589999}}
{"target": -944696.1955419931, "params": {"alpha": 0.9773687083543178, "beta": 2.9166376722412335}, "datetime": {"datetime": "2020-10-17 18:16:39", "elapsed": 95.726629, "delta": 1.570002}}
{"target": -928787.5971460673, "params": {"alpha": 0.99, "beta": 2.9201214089711405}, "datetime": {"datetime": "2020-10-17 18:16:41", "elapsed": 97.458631, "delta": 1.732002}}
{"target": -928327.3379298432, "params": {"alpha": 0.99, "beta": 2.9078296395593792}, "datetime": {"datetime": "2020-10-17 18:16:42", "elapsed": 98.61951, "delta": 1.160879}}
{"target": -927875.6320789771, "params": {"alpha": 0.99, "beta": 2.8950466431774613}, "datetime": {"datetime": "2020-10-17 18:16:43", "elapsed": 99.989421, "delta": 1.369911}}
{"target": -927478.4934187055, "params": {"alpha": 0.99, "beta": 2.883087235172818}, "datetime": {"datetime": "2020-10-17 18:16:45", "elapsed": 101.957423, "delta": 1.968002}}
{"target": -929115.7961168337, "params": {"alpha": 0.9883279544204229, "beta": 2.867395865454905}, "datetime": {"datetime": "2020-10-17 18:16:47", "elapsed": 103.345425, "delta": 1.388002}}
{"target": -927035.4763437058, "params": {"alpha": 0.99, "beta": 2.868744160927991}, "datetime": {"datetime": "2020-10-17 18:16:48", "elapsed": 104.683404, "delta": 1.337979}}
{"target": -926835.1989330102, "params": {"alpha": 0.99, "beta": 2.861831505315398}, "datetime": {"datetime": "2020-10-17 18:16:50", "elapsed": 106.398211, "delta": 1.714807}}
{"target": -926469.8448557861, "params": {"alpha": 0.99, "beta": 2.848347074033508}, "datetime": {"datetime": "2020-10-17 18:16:52", "elapsed": 108.494213, "delta": 2.096002}}
{"target": -926244.6385867108, "params": {"alpha": 0.99, "beta": 2.8393330670973063}, "datetime": {"datetime": "2020-10-17 18:16:53", "elapsed": 109.361213, "delta": 0.867}}
{"target": -932468.1147577285, "params": {"alpha": 0.9854781894791057, "beta": 2.8570679959481544}, "datetime": {"datetime": "2020-10-17 18:16:54", "elapsed": 110.916456, "delta": 1.555243}}
{"target": -931125.1218007943, "params": {"alpha": 0.9883138773573739, "beta": 2.925954678279571}, "datetime": {"datetime": "2020-10-17 18:16:55", "elapsed": 112.17155, "delta": 1.255094}}
{"target": -926012.8040262397, "params": {"alpha": 0.99, "beta": 2.8293240023732773}, "datetime": {"datetime": "2020-10-17 18:16:56", "elapsed": 113.265302, "delta": 1.093752}}
{"target": -925836.4024911586, "params": {"alpha": 0.99, "beta": 2.821074620363451}, "datetime": {"datetime": "2020-10-17 18:16:58", "elapsed": 114.455205, "delta": 1.189903}}
{"target": -926473.5596784839, "params": {"alpha": 0.9888848154865901, "beta": 2.7673132081104077}, "datetime": {"datetime": "2020-10-17 18:16:59", "elapsed": 115.551315, "delta": 1.09611}}
{"target": -930430.5246732669, "params": {"alpha": 0.9865337141517814, "beta": 2.8281293853648783}, "datetime": {"datetime": "2020-10-17 18:17:00", "elapsed": 116.694312, "delta": 1.142997}}
{"target": -925173.5835573412, "params": {"alpha": 0.99, "beta": 2.7808610491718277}, "datetime": {"datetime": "2020-10-17 18:17:01", "elapsed": 117.641893, "delta": 0.947581}}
{"target": -929050.6322842928, "params": {"alpha": 0.9880688913040904, "beta": 2.8530471928871304}, "datetime": {"datetime": "2020-10-17 18:17:02", "elapsed": 118.784893, "delta": 1.143}}
{"target": -935379.3158000988, "params": {"alpha": 0.9821070800992319, "beta": 2.7041090455703998}, "datetime": {"datetime": "2020-10-17 18:17:03", "elapsed": 119.579894, "delta": 0.795001}}
{"target": -925150.5251262733, "params": {"alpha": 0.99, "beta": 2.7789528715283134}, "datetime": {"datetime": "2020-10-17 18:17:04", "elapsed": 120.750897, "delta": 1.171003}}
{"target": -926856.8499723604, "params": {"alpha": 0.9896925413052574, "beta": 2.8481949730784297}, "datetime": {"datetime": "2020-10-17 18:17:05", "elapsed": 121.7479, "delta": 0.997003}}
{"target": -926448.1799001343, "params": {"alpha": 0.9897914150372807, "beta": 2.8367219230166834}, "datetime": {"datetime": "2020-10-17 18:17:06", "elapsed": 122.491899, "delta": 0.743999}}
{"target": -925145.1289423383, "params": {"alpha": 0.99, "beta": 2.7784967417914825}, "datetime": {"datetime": "2020-10-17 18:17:07", "elapsed": 123.730928, "delta": 1.239029}}
{"target": -929525.5770289559, "params": {"alpha": 0.9864889980683806, "beta": 2.757723455105368}, "datetime": {"datetime": "2020-10-17 18:17:08", "elapsed": 124.512619, "delta": 0.781691}}
{"target": -941631.449079688, "params": {"alpha": 0.9836251949306133, "beta": 3.0270571915002447}, "datetime": {"datetime": "2020-10-17 18:17:09", "elapsed": 125.343467, "delta": 0.830848}}
{"target": -926273.5711614658, "params": {"alpha": 0.9890810586635387, "beta": 2.7729791908406067}, "datetime": {"datetime": "2020-10-17 18:17:09", "elapsed": 126.262851, "delta": 0.919384}}
{"target": -929545.7318065237, "params": {"alpha": 0.9872496246923758, "beta": 2.82981938101818}, "datetime": {"datetime": "2020-10-17 18:17:10", "elapsed": 127.277645, "delta": 1.014794}}
{"target": -925078.2249696658, "params": {"alpha": 0.99, "beta": 2.772487243392961}, "datetime": {"datetime": "2020-10-17 18:17:11", "elapsed": 128.143103, "delta": 0.865458}}
{"target": -932916.0356017628, "params": {"alpha": 0.9840038804787159, "beta": 2.695353779426605}, "datetime": {"datetime": "2020-10-17 18:17:12", "elapsed": 129.036109, "delta": 0.893006}}
{"target": -931359.7619196515, "params": {"alpha": 0.9879642221876038, "beta": 2.9206456126120517}, "datetime": {"datetime": "2020-10-17 18:17:13", "elapsed": 129.853307, "delta": 0.817198}}
