{"target": -1244793.8411429164, "params": {"alpha": 0.7276219031074749, "beta": 6.104701139057963}, "datetime": {"datetime": "2020-10-17 18:14:30", "elapsed": 0.0, "delta": 0.0}}
{"target": -1631430.9028485257, "params": {"alpha": 0.3051994122489931, "beta": 8.025246329299044}, "datetime": {"datetime": "2020-10-17 18:14:30", "elapsed": 0.189, "delta": 0.189}}
{"target": -2217512.9891793723, "params": {"alpha": 0.497916792317126, "beta": 2.070191679483405}, "datetime": {"datetime": "2020-10-17 18:14:31", "elapsed": 0.404, "delta": 0.215}}
{"target": -1491877.4952066126, "params": {"alpha": 0.39078833232721283, "beta": 4.551785114854081}, "datetime": {"datetime": "2020-10-17 18:14:31", "elapsed": 0.643, "delta": 0.239}}
{"target": -6705615.970422988, "params": {"alpha": 0.3407750666686109, "beta": 1.7429568007729768}, "datetime": {"datetime": "2020-10-17 18:14:31", "elapsed": 0.925001, "delta": 0.282001}}
{"target": -1543617.3815576814, "params": {"alpha": 0.36789380024771157, "beta": 4.680022589282124}, "datetime": {"datetime": "2020-10-17 18:14:32", "elapsed": 1.257001, "delta": 0.332}}
{"target": -1159911.078402197, "params": {"alpha": 0.924599368884012, "beta": 3.6279303900661364}, "datetime": {"datetime": "2020-10-17 18:14:32", "elapsed": 1.548001, "delta": 0.291}}
{"target": -1405350.793695624, "params": {"alpha": 0.8318685506191031, "beta": 9.90296201688082}, "datetime": {"datetime": "2020-10-17 18:14:32", "elapsed": 1.797003, "delta": 0.249002}}
{"target": -1163945.025661011, "params": {"alpha": 0.9373521228912353, "beta": 3.61228243712438}, "datetime": {"datetime": "2020-10-17 18:14:32", "elapsed": 2.179002, "delta": 0.381999}}
{"target": -1143038.2115059192, "params": {"alpha": 0.7314212688771988, "beta": 3.7722421535447763}, "datetime": {"datetime": "2020-10-17 18:14:33", "elapsed": 2.440003, "delta": 0.261001}}
{"target": -2925376.919947104, "params": {"alpha": 0.1165301112709405, "beta": 6.176489919882287}, "datetime": {"datetime": "2020-10-17 18:14:33", "elapsed": 2.696003, "delta": 0.256}}
{"target": -1140110.1453446976, "params": {"alpha": 0.7541131725559774, "beta": 3.7537653643550843}, "datetime": {"datetime": "2020-10-17 18:14:33", "elapsed": 3.073004, "delta": 0.377001}}
{"target": -1141146.6386354722, "params": {"alpha": 0.7445725473786515, "beta": 3.7617433837061616}, "datetime": {"datetime": "2020-10-17 18:14:34", "elapsed": 3.404012, "delta": 0.331008}}
{"target": -1139578.9037083504, "params": {"alpha": 0.7602334139005917, "beta": 3.744606151508051}, "datetime": {"datetime": "2020-10-17 18:14:34", "elapsed": 3.843239, "delta": 0.439227}}
{"target": -2748558.0909564323, "params": {"alpha": 0.9379882460181324, "beta": 1.2413645995177203}, "datetime": {"datetime": "2020-10-17 18:14:34", "elapsed": 4.18699, "delta": 0.343751}}
{"target": -1138883.6134953839, "params": {"alpha": 0.7723628879488371, "beta": 3.7407567189414808}, "datetime": {"datetime": "2020-10-17 18:14:35", "elapsed": 4.530738, "delta": 0.343748}}
{"target": -1138916.2237468183, "params": {"alpha": 0.7715677225719603, "beta": 3.7407083452271404}, "datetime": {"datetime": "2020-10-17 18:14:35", "elapsed": 4.890116, "delta": 0.359378}}
{"target": -1256271.8908752727, "params": {"alpha": 0.6295151420379856, "beta": 5.807458857675274}, "datetime": {"datetime": "2020-10-17 18:14:35", "elapsed": 5.186993, "delta": 0.296877}}
{"target": -1392624.725638903, "params": {"alpha": 0.5641566850540021, "beta": 8.008751085268823}, "datetime": {"datetime": "2020-10-17 18:14:36", "elapsed": 5.40722, "delta": 0.220227}}
{"target": -1138841.5753885596, "params": {"alpha": 0.7734075585038758, "beta": 3.7397241316551213}, "datetime": {"datetime": "2020-10-17 18:14:36", "elapsed": 5.861511, "delta": 0.454291}}
{"target": -1138723.0649962556, "params": {"alpha": 0.7769207664232074, "beta": 3.736465075573188}, "datetime": {"datetime": "2020-10-17 18:14:36", "elapsed": 6.236513, "delta": 0.375002}}
{"target": -1138650.7154943969, "params": {"alpha": 0.7798384072053011, "beta": 3.733651751953063}, "datetime": {"datetime": "2020-10-17 18:14:37", "elapsed": 6.658386, "delta": 0.421873}}
{"target": -1138679.3813885436, "params": {"alpha": 0.7957361705615316, "beta": 3.7105855221141466}, "datetime": {"datetime": "2020-10-17 18:14:37", "elapsed": 7.065885, "delta": 0.407499}}
{"target": -1138608.1928862473, "params": {"alpha": 0.7924193163425304, "beta": 3.719499986533103}, "datetime": {"datetime": "2020-10-17 18:14:38", "elapsed": 7.497911, "delta": 0.432026}}
{"target": -1138577.8672069157, "params": {"alpha": 0.7855838039613523, "beta": 3.7239246150470673}, "datetime": {"datetime": "2020-10-17 18:14:38", "elapsed": 7.890848, "delta": 0.392937}}
{"target": -1138576.598922921, "params": {"alpha": 0.7857981733374074, "beta": 3.7247373398292707}, "datetime": {"datetime": "2020-10-17 18:14:39", "elapsed": 8.376338, "delta": 0.48549}}
{"target": -1138575.849815973, "params": {"alpha": 0.786003410579563, "beta": 3.7245256555397646}, "datetime": {"datetime": "2020-10-17 18:14:39", "elapsed": 8.824585, "delta": 0.448247}}
{"target": -1138575.3705036142, "params": {"alpha": 0.7861569915975029, "beta": 3.7243524887377357}, "datetime": {"datetime": "2020-10-17 18:14:40", "elapsed": 9.264629, "delta": 0.440044}}
{"target": -1138575.1562359899, "params": {"alpha": 0.7862294410989648, "beta": 3.7242975553293434}, "datetime": {"datetime": "2020-10-17 18:14:40", "elapsed": 9.666591, "delta": 0.401962}}
{"target": -1138574.91399421, "params": {"alpha": 0.7863227923516063, "beta": 3.7241949238706757}, "datetime": {"datetime": "2020-10-17 18:14:40", "elapsed": 10.213462, "delta": 0.546871}}
{"target": -1138574.6143537788, "params": {"alpha": 0.7864524446891757, "beta": 3.7240593371390815}, "datetime": {"datetime": "2020-10-17 18:14:41", "elapsed": 10.919451, "delta": 0.705989}}
{"target": -1138905.6832340339, "params": {"alpha": 0.8030901315424065, "beta": 3.7087315977869113}, "datetime": {"datetime": "2020-10-17 18:14:42", "elapsed": 11.78045, "delta": 0.860999}}
{"target": -1138631.4979724109, "params": {"alpha": 0.7813195042420314, "beta": 3.74148477357687}, "datetime": {"datetime": "2020-10-17 18:14:43", "elapsed": 12.29845, "delta": 0.518}}
{"target": -1138572.6060182273, "params": {"alpha": 0.7867927711956896, "beta": 3.7292883853192675}, "datetime": {"datetime": "2020-10-17 18:14:43", "elapsed": 12.823452, "delta": 0.525002}}
{"target": -1138583.0752743643, "params": {"alpha": 0.7906306835909803, "beta": 3.7291046249218947}, "datetime": {"datetime": "2020-10-17 18:14:44", "elapsed": 13.560452, "delta": 0.737}}
{"target": -1138606.7215249722, "params": {"alpha": 0.7922654794463199, "beta": 3.7191476533236156}, "datetime": {"datetime": "2020-10-17 18:14:44", "elapsed": 14.048453, "delta": 0.488001}}
{"target": -1138572.0640080483, "params": {"alpha": 0.7871720850986447, "beta": 3.72855234658304}, "datetime": {"datetime": "2020-10-17 18:14:51", "elapsed": 20.708841, "delta": 6.660388}}
{"target": -1138675.3161934929, "params": {"alpha": 0.7963348264293777, "beta": 3.7199168846053636}, "datetime": {"datetime": "2020-10-17 18:15:01", "elapsed": 30.812138, "delta": 10.103297}}
{"target": -1138571.9963053535, "params": {"alpha": 0.7874271957264334, "beta": 3.7277857753841914}, "datetime": {"datetime": "2020-10-17 18:15:08", "elapsed": 38.159503, "delta": 7.347365}}
{"target": -1138572.0228032034, "params": {"alpha": 0.7874683899052907, "beta": 3.727588569051524}, "datetime": {"datetime": "2020-10-17 18:15:15", "elapsed": 44.414861, "delta": 6.255358}}
{"target": -1138572.0501835942, "params": {"alpha": 0.7874704383180801, "beta": 3.7274598096959672}, "datetime": {"datetime": "2020-10-17 18:15:18", "elapsed": 47.833308, "delta": 3.418447}}
{"target": -1138572.0769383747, "params": {"alpha": 0.7874772631332619, "beta": 3.727334969789199}, "datetime": {"datetime": "2020-10-17 18:15:22", "elapsed": 52.153273, "delta": 4.319965}}
{"target": -1138572.0773687176, "params": {"alpha": 0.7874917674779719, "beta": 3.727320163466699}, "datetime": {"datetime": "2020-10-17 18:15:26", "elapsed": 56.070294, "delta": 3.917021}}
{"target": -1138572.1344441997, "params": {"alpha": 0.7874961746110544, "beta": 3.72708376643456}, "datetime": {"datetime": "2020-10-17 18:15:30", "elapsed": 59.310979, "delta": 3.240685}}
{"target": -1138600.8933654414, "params": {"alpha": 0.7840499346016319, "beta": 3.7456475411694763}, "datetime": {"datetime": "2020-10-17 18:15:32", "elapsed": 62.172231, "delta": 2.861252}}
{"target": -1138572.007178727, "params": {"alpha": 0.7874989215087405, "beta": 3.727629489646806}, "datetime": {"datetime": "2020-10-17 18:15:37", "elapsed": 66.387236, "delta": 4.215005}}
{"target": -1138571.9803225752, "params": {"alpha": 0.7874594256682106, "beta": 3.7278114667369557}, "datetime": {"datetime": "2020-10-17 18:15:40", "elapsed": 69.669657, "delta": 3.282421}}
{"target": -1138572.0195056712, "params": {"alpha": 0.7874567649486474, "beta": 3.72761989725432}, "datetime": {"datetime": "2020-10-17 18:15:45", "elapsed": 74.259066, "delta": 4.589409}}
{"target": -1138572.0362742173, "params": {"alpha": 0.7875224382946137, "beta": 3.727478264365052}, "datetime": {"datetime": "2020-10-17 18:15:50", "elapsed": 79.874581, "delta": 5.615515}}
{"target": -1138572.0991471778, "params": {"alpha": 0.7875304287696244, "beta": 3.7272074774345803}, "datetime": {"datetime": "2020-10-17 18:15:53", "elapsed": 83.129669, "delta": 3.255088}}
{"target": -1138571.9172274854, "params": {"alpha": 0.7873874011931339, "beta": 3.728364116550677}, "datetime": {"datetime": "2020-10-17 18:15:58", "elapsed": 88.242469, "delta": 5.1128}}
{"target": -1138572.0600521092, "params": {"alpha": 0.7873320387574587, "beta": 3.7277010839280544}, "datetime": {"datetime": "2020-10-17 18:16:02", "elapsed": 91.677473, "delta": 3.435004}}
{"target": -1138572.1640840494, "params": {"alpha": 0.7875562607139691, "beta": 3.7269511488631872}, "datetime": {"datetime": "2020-10-17 18:16:07", "elapsed": 96.476423, "delta": 4.79895}}
{"target": -1138571.9698634378, "params": {"alpha": 0.7873848508087907, "beta": 3.7280353477414945}, "datetime": {"datetime": "2020-10-17 18:16:09", "elapsed": 98.964116, "delta": 2.487693}}
{"target": -1138571.96929821, "params": {"alpha": 0.7873745332324757, "beta": 3.7280705663254627}, "datetime": {"datetime": "2020-10-17 18:16:12", "elapsed": 101.701748, "delta": 2.737632}}
{"target": -1138571.9796007094, "params": {"alpha": 0.7874866111580356, "beta": 3.7277778080474713}, "datetime": {"datetime": "2020-10-17 18:16:15", "elapsed": 104.41475, "delta": 2.713002}}
{"target": -1138571.956268008, "params": {"alpha": 0.7874574075962694, "beta": 3.7279433343194137}, "datetime": {"datetime": "2020-10-17 18:16:17", "elapsed": 106.996257, "delta": 2.581507}}
{"target": -1138572.0485420933, "params": {"alpha": 0.7874722957037715, "beta": 3.7274651082845196}, "datetime": {"datetime": "2020-10-17 18:16:21", "elapsed": 110.318282, "delta": 3.322025}}
{"target": -1138571.978635238, "params": {"alpha": 0.7874632484960294, "beta": 3.7278143085297617}, "datetime": {"datetime": "2020-10-17 18:16:23", "elapsed": 113.047068, "delta": 2.728786}}
{"target": -1138572.0090170447, "params": {"alpha": 0.7873920761289961, "beta": 3.7277975685150375}, "datetime": {"datetime": "2020-10-17 18:16:27", "elapsed": 116.321072, "delta": 3.274004}}
{"target": -1138572.0222929397, "params": {"alpha": 0.7875088735776686, "beta": 3.7275504639120047}, "datetime": {"datetime": "2020-10-17 18:16:29", "elapsed": 119.017571, "delta": 2.696499}}
{"target": -1138572.0368814296, "params": {"alpha": 0.7875375257104499, "beta": 3.727468533453165}, "datetime": {"datetime": "2020-10-17 18:16:31", "elapsed": 121.02372, "delta": 2.006149}}
{"target": -1138781.457840768, "params": {"alpha": 0.8009025395097276, "beta": 3.7465214375185645}, "datetime": {"datetime": "2020-10-17 18:16:34", "elapsed": 123.869894, "delta": 2.846174}}
{"target": -1138575.7029413895, "params": {"alpha": 0.7884923744567166, "beta": 3.7397552576670416}, "datetime": {"datetime": "2020-10-17 18:16:37", "elapsed": 126.805324, "delta": 2.93543}}
{"target": -1138574.6204411618, "params": {"alpha": 0.7881396000245301, "beta": 3.7387270745602814}, "datetime": {"datetime": "2020-10-17 18:16:40", "elapsed": 129.52633, "delta": 2.721006}}
{"target": -1138574.2160772225, "params": {"alpha": 0.7880416048504107, "beta": 3.7381763209876175}, "datetime": {"datetime": "2020-10-17 18:16:42", "elapsed": 131.733704, "delta": 2.207374}}
{"target": -1138572.022600242, "params": {"alpha": 0.787285946201714, "beta": 3.728093293766027}, "datetime": {"datetime": "2020-10-17 18:16:45", "elapsed": 134.487121, "delta": 2.753417}}
{"target": -1138571.937326885, "params": {"alpha": 0.7874872067495016, "beta": 3.7280019542707055}, "datetime": {"datetime": "2020-10-17 18:16:47", "elapsed": 137.014904, "delta": 2.527783}}
{"target": -1138571.9161186914, "params": {"alpha": 0.7875405440515999, "beta": 3.728066877003035}, "datetime": {"datetime": "2020-10-17 18:16:50", "elapsed": 139.314908, "delta": 2.300004}}
{"target": -1138571.9504860672, "params": {"alpha": 0.7875250122310365, "beta": 3.7278907488529187}, "datetime": {"datetime": "2020-10-17 18:16:52", "elapsed": 141.635913, "delta": 2.321005}}
{"target": -1138571.8466310818, "params": {"alpha": 0.7875386493616199, "beta": 3.7285057118029306}, "datetime": {"datetime": "2020-10-17 18:16:54", "elapsed": 143.968157, "delta": 2.332244}}
{"target": -1138572.2163753882, "params": {"alpha": 0.7875173795584846, "beta": 3.7267681752334383}, "datetime": {"datetime": "2020-10-17 18:16:56", "elapsed": 145.520126, "delta": 1.551969}}
{"target": -1138572.137825034, "params": {"alpha": 0.7875523947728325, "beta": 3.727050394256212}, "datetime": {"datetime": "2020-10-17 18:16:58", "elapsed": 147.272528, "delta": 1.752402}}
{"target": -1138571.9820056804, "params": {"alpha": 0.7873940638835647, "beta": 3.7279395113179588}, "datetime": {"datetime": "2020-10-17 18:16:59", "elapsed": 148.730389, "delta": 1.457861}}
{"target": -1138691.98735418, "params": {"alpha": 0.7974857707863297, "beta": 3.7492317421997807}, "datetime": {"datetime": "2020-10-17 18:17:01", "elapsed": 150.28159, "delta": 1.551201}}
{"target": -1138571.7946907913, "params": {"alpha": 0.7876353981519704, "beta": 3.731737562716951}, "datetime": {"datetime": "2020-10-17 18:17:02", "elapsed": 151.938592, "delta": 1.657002}}
{"target": -1138576.6416040126, "params": {"alpha": 0.7883145384359319, "beta": 3.7412456635195195}, "datetime": {"datetime": "2020-10-17 18:17:03", "elapsed": 153.166594, "delta": 1.228002}}
{"target": -1138571.8710080625, "params": {"alpha": 0.7875035614599223, "beta": 3.7283832594986026}, "datetime": {"datetime": "2020-10-17 18:17:05", "elapsed": 154.636596, "delta": 1.470002}}
{"target": -1138572.563828763, "params": {"alpha": 0.7875683363157451, "beta": 3.7257066018415737}, "datetime": {"datetime": "2020-10-17 18:17:06", "elapsed": 156.140739, "delta": 1.504143}}
{"target": -1138571.8991418309, "params": {"alpha": 0.7874678179858322, "beta": 3.728262063606316}, "datetime": {"datetime": "2020-10-17 18:17:08", "elapsed": 157.548693, "delta": 1.407954}}
{"target": -1138571.9021717866, "params": {"alpha": 0.7875039295013541, "beta": 3.7281840262506223}, "datetime": {"datetime": "2020-10-17 18:17:09", "elapsed": 158.655823, "delta": 1.10713}}
{"target": -1138571.99897088, "params": {"alpha": 0.7877116794345501, "beta": 3.7277381098038562}, "datetime": {"datetime": "2020-10-17 18:17:10", "elapsed": 159.693113, "delta": 1.03729}}
{"target": -1138571.7123545138, "params": {"alpha": 0.7876612903114057, "beta": 3.7304694399642044}, "datetime": {"datetime": "2020-10-17 18:17:11", "elapsed": 160.991675, "delta": 1.298562}}
{"target": -1138572.0377428827, "params": {"alpha": 0.787359650319669, "beta": 3.727733566933818}, "datetime": {"datetime": "2020-10-17 18:17:12", "elapsed": 162.087808, "delta": 1.096133}}
{"target": -1138572.0332108526, "params": {"alpha": 0.7875133374697832, "beta": 3.727497560583789}, "datetime": {"datetime": "2020-10-17 18:17:13", "elapsed": 162.995005, "delta": 0.907197}}
{"target": -1138572.181367531, "params": {"alpha": 0.7874170427485427, "beta": 3.7269808943289973}, "datetime": {"datetime": "2020-10-17 18:17:14", "elapsed": 163.673006, "delta": 0.678001}}
{"target": -1138572.6687695966, "params": {"alpha": 0.7874614311541095, "beta": 3.7254359926879865}, "datetime": {"datetime": "2020-10-17 18:17:15", "elapsed": 164.452894, "delta": 0.779888}}
{"target": -1138571.8369019018, "params": {"alpha": 0.7874504561003401, "beta": 3.7287677858071526}, "datetime": {"datetime": "2020-10-17 18:17:15", "elapsed": 165.050709, "delta": 0.597815}}
{"target": -1138571.8639651467, "params": {"alpha": 0.7875070783241095, "beta": 3.7284257431648635}, "datetime": {"datetime": "2020-10-17 18:17:16", "elapsed": 165.724947, "delta": 0.674238}}
{"target": -1138571.8055793762, "params": {"alpha": 0.7874024532816851, "beta": 3.7308627987987517}, "datetime": {"datetime": "2020-10-17 18:17:17", "elapsed": 166.324876, "delta": 0.599929}}
{"target": -1138572.3244009519, "params": {"alpha": 0.7873812685285131, "beta": 3.726512524731859}, "datetime": {"datetime": "2020-10-17 18:17:17", "elapsed": 166.857272, "delta": 0.532396}}
{"target": -1138572.1836702395, "params": {"alpha": 0.7872812298264995, "beta": 3.7272719285115765}, "datetime": {"datetime": "2020-10-17 18:17:18", "elapsed": 167.529155, "delta": 0.671883}}
{"target": -1138571.7285782385, "params": {"alpha": 0.7876828855888984, "beta": 3.7309641553843687}, "datetime": {"datetime": "2020-10-17 18:17:18", "elapsed": 168.145033, "delta": 0.615878}}
{"target": -1138571.7413814447, "params": {"alpha": 0.7875031853169918, "beta": 3.729836466287829}, "datetime": {"datetime": "2020-10-17 18:17:19", "elapsed": 168.713715, "delta": 0.568682}}
{"target": -1138804.9730489647, "params": {"alpha": 0.7792909950780806, "beta": 3.7847325684663913}, "datetime": {"datetime": "2020-10-17 18:17:20", "elapsed": 169.261805, "delta": 0.54809}}
{"target": -1138621.9778884205, "params": {"alpha": 0.7874191698294358, "beta": 3.765505793271486}, "datetime": {"datetime": "2020-10-17 18:17:20", "elapsed": 169.825436, "delta": 0.563631}}
{"target": -1138571.866534528, "params": {"alpha": 0.7872893661071564, "beta": 3.7299325741149776}, "datetime": {"datetime": "2020-10-17 18:17:21", "elapsed": 170.404796, "delta": 0.57936}}
{"target": -1138571.7344327867, "params": {"alpha": 0.7875162025534075, "beta": 3.7299490779714106}, "datetime": {"datetime": "2020-10-17 18:17:21", "elapsed": 171.021645, "delta": 0.616849}}
{"target": -1138571.7938464582, "params": {"alpha": 0.7876339006203035, "beta": 3.73172877736973}, "datetime": {"datetime": "2020-10-17 18:17:22", "elapsed": 171.574645, "delta": 0.553}}
{"target": -1138571.7266833899, "params": {"alpha": 0.787532807117284, "beta": 3.7302324535932767}, "datetime": {"datetime": "2020-10-17 18:17:22", "elapsed": 172.122648, "delta": 0.548003}}
{"target": -1138571.8351691458, "params": {"alpha": 0.7873665021298659, "beta": 3.730937761245335}, "datetime": {"datetime": "2020-10-17 18:17:23", "elapsed": 172.672648, "delta": 0.55}}
{"target": -1138574.464905831, "params": {"alpha": 0.7881211101726108, "beta": 3.7385039083248572}, "datetime": {"datetime": "2020-10-17 18:17:23", "elapsed": 173.163649, "delta": 0.491001}}
{"target": -1138571.744090331, "params": {"alpha": 0.7875335004138547, "beta": 3.730883951921612}, "datetime": {"datetime": "2020-10-17 18:17:24", "elapsed": 173.754653, "delta": 0.591004}}
{"target": -1138571.938795289, "params": {"alpha": 0.7873122704664715, "beta": 3.728551723727322}, "datetime": {"datetime": "2020-10-17 18:17:25", "elapsed": 174.302578, "delta": 0.547925}}
{"target": -1138571.7838955414, "params": {"alpha": 0.7877238312248526, "beta": 3.7291140882803333}, "datetime": {"datetime": "2020-10-17 18:17:25", "elapsed": 174.890884, "delta": 0.588306}}
{"target": -1138571.7182274908, "params": {"alpha": 0.7875774784929649, "beta": 3.7300773249590455}, "datetime": {"datetime": "2020-10-17 18:17:26", "elapsed": 175.497886, "delta": 0.607002}}
{"target": -1138579.089682171, "params": {"alpha": 0.7862938160925375, "beta": 3.718071994491232}, "datetime": {"datetime": "2020-10-17 18:17:26", "elapsed": 176.126962, "delta": 0.629076}}
{"target": -1138571.721521105, "params": {"alpha": 0.78758352199461, "beta": 3.7298947512368374}, "datetime": {"datetime": "2020-10-17 18:17:27", "elapsed": 176.755887, "delta": 0.628925}}
