{"target": -185214.62508215668, "params": {"alpha": 0.7276219031074749, "beta": 6.104701139057963}, "datetime": {"datetime": "2020-10-17 18:08:43", "elapsed": 0.0, "delta": 0.0}}
{"target": -285092.1890744252, "params": {"alpha": 0.3051994122489931, "beta": 8.025246329299044}, "datetime": {"datetime": "2020-10-17 18:08:43", "elapsed": 0.42739, "delta": 0.42739}}
{"target": -208456.94619537337, "params": {"alpha": 0.497916792317126, "beta": 2.070191679483405}, "datetime": {"datetime": "2020-10-17 18:08:44", "elapsed": 0.889046, "delta": 0.461656}}
{"target": -222567.9887938542, "params": {"alpha": 0.39078833232721283, "beta": 4.551785114854081}, "datetime": {"datetime": "2020-10-17 18:08:44", "elapsed": 1.334641, "delta": 0.445595}}
{"target": -808550.5983489616, "params": {"alpha": 0.3407750666686109, "beta": 1.7429568007729768}, "datetime": {"datetime": "2020-10-17 18:08:45", "elapsed": 1.788298, "delta": 0.453657}}
{"target": -235254.52425828422, "params": {"alpha": 0.36789380024771157, "beta": 4.680022589282124}, "datetime": {"datetime": "2020-10-17 18:08:45", "elapsed": 2.249184, "delta": 0.460886}}
{"target": -124624.50537272292, "params": {"alpha": 0.924599368884012, "beta": 3.6279303900661364}, "datetime": {"datetime": "2020-10-17 18:08:45", "elapsed": 2.703484, "delta": 0.4543}}
{"target": -236577.05348389837, "params": {"alpha": 0.8318685506191031, "beta": 9.90296201688082}, "datetime": {"datetime": "2020-10-17 18:08:46", "elapsed": 3.205496, "delta": 0.502012}}
{"target": -124624.9897071096, "params": {"alpha": 0.9373521228912353, "beta": 3.61228243712438}, "datetime": {"datetime": "2020-10-17 18:08:47", "elapsed": 3.864853, "delta": 0.659357}}
{"target": -130479.68476799315, "params": {"alpha": 0.7314212688771988, "beta": 3.7722421535447763}, "datetime": {"datetime": "2020-10-17 18:08:47", "elapsed": 4.365943, "delta": 0.50109}}
{"target": -521973.05135251855, "params": {"alpha": 0.1165301112709405, "beta": 6.176489919882287}, "datetime": {"datetime": "2020-10-17 18:08:48", "elapsed": 4.865943, "delta": 0.5}}
{"target": -124509.73974807968, "params": {"alpha": 0.9284956023633145, "beta": 3.618043173384463}, "datetime": {"datetime": "2020-10-17 18:08:48", "elapsed": 5.528378, "delta": 0.662435}}
{"target": -124573.15616719227, "params": {"alpha": 0.9288334994106441, "beta": 3.620619107808896}, "datetime": {"datetime": "2020-10-17 18:08:49", "elapsed": 6.247126, "delta": 0.718748}}
{"target": -124474.06207553124, "params": {"alpha": 0.9387206619122409, "beta": 3.6031913729174025}, "datetime": {"datetime": "2020-10-17 18:08:51", "elapsed": 8.030654, "delta": 1.783528}}
{"target": -124247.30319385692, "params": {"alpha": 0.8953776093694361, "beta": 3.637164082558212}, "datetime": {"datetime": "2020-10-17 18:08:53", "elapsed": 9.991762, "delta": 1.961108}}
{"target": -124371.96943767251, "params": {"alpha": 0.9015973772627945, "beta": 3.638175745416418}, "datetime": {"datetime": "2020-10-17 18:08:55", "elapsed": 12.436439, "delta": 2.444677}}
{"target": -124176.68768061454, "params": {"alpha": 0.897321131234883, "beta": 3.632656981616357}, "datetime": {"datetime": "2020-10-17 18:08:57", "elapsed": 14.483093, "delta": 2.046654}}
{"target": -187273.9563183161, "params": {"alpha": 0.6295151420379856, "beta": 5.807458857675274}, "datetime": {"datetime": "2020-10-17 18:08:59", "elapsed": 16.02116, "delta": 1.538067}}
{"target": -231227.45044454595, "params": {"alpha": 0.5641566850540021, "beta": 8.008751085268823}, "datetime": {"datetime": "2020-10-17 18:09:00", "elapsed": 17.38714, "delta": 1.36598}}
{"target": -124164.53156797194, "params": {"alpha": 0.8833001544877785, "beta": 3.640733110931416}, "datetime": {"datetime": "2020-10-17 18:09:02", "elapsed": 19.108369, "delta": 1.721229}}
{"target": -124117.69349689165, "params": {"alpha": 0.8977333037509864, "beta": 3.629729540040992}, "datetime": {"datetime": "2020-10-17 18:09:03", "elapsed": 20.586686, "delta": 1.478317}}
{"target": -123995.87159092141, "params": {"alpha": 0.8990465969011292, "beta": 3.623310913227675}, "datetime": {"datetime": "2020-10-17 18:09:05", "elapsed": 22.320111, "delta": 1.733425}}
{"target": -203037.10214673757, "params": {"alpha": 0.9393939234384778, "beta": 7.6437855391144645}, "datetime": {"datetime": "2020-10-17 18:09:06", "elapsed": 23.776988, "delta": 1.456877}}
{"target": -123817.7401972356, "params": {"alpha": 0.8997038141890141, "beta": 3.6148315109425817}, "datetime": {"datetime": "2020-10-17 18:09:08", "elapsed": 25.282321, "delta": 1.505333}}
{"target": -123595.32941441155, "params": {"alpha": 0.899203977288368, "beta": 3.6052605389855574}, "datetime": {"datetime": "2020-10-17 18:09:09", "elapsed": 26.572974, "delta": 1.290653}}
{"target": -123407.26919251685, "params": {"alpha": 0.8993751588968517, "beta": 3.5966865134843604}, "datetime": {"datetime": "2020-10-17 18:09:10", "elapsed": 27.650178, "delta": 1.077204}}
{"target": -123276.68162618297, "params": {"alpha": 0.9018475392936867, "beta": 3.5887371894858626}, "datetime": {"datetime": "2020-10-17 18:09:11", "elapsed": 28.562522, "delta": 0.912344}}
{"target": -123366.05547915961, "params": {"alpha": 0.9101396132409274, "beta": 3.5851077509878917}, "datetime": {"datetime": "2020-10-17 18:09:12", "elapsed": 29.572683, "delta": 1.010161}}
{"target": -123129.03616731279, "params": {"alpha": 0.8992417002917088, "beta": 3.58429381869424}, "datetime": {"datetime": "2020-10-17 18:09:13", "elapsed": 30.556253, "delta": 0.98357}}
{"target": -122829.78241031324, "params": {"alpha": 0.8909875632022727, "beta": 3.577323018030866}, "datetime": {"datetime": "2020-10-17 18:09:14", "elapsed": 31.558531, "delta": 1.002278}}
{"target": -122595.66749613393, "params": {"alpha": 0.881258055519698, "beta": 3.5733166917248984}, "datetime": {"datetime": "2020-10-17 18:09:15", "elapsed": 32.435839, "delta": 0.877308}}
{"target": -419036.5195849764, "params": {"alpha": 0.1368641698862598, "beta": 7.531481283924518}, "datetime": {"datetime": "2020-10-17 18:09:16", "elapsed": 33.019271, "delta": 0.583432}}
{"target": -122424.1247799692, "params": {"alpha": 0.8780810818511245, "beta": 3.567593775125967}, "datetime": {"datetime": "2020-10-17 18:09:16", "elapsed": 33.684078, "delta": 0.664807}}
{"target": -122182.6933384289, "params": {"alpha": 0.8755570061235556, "beta": 3.5584011639663116}, "datetime": {"datetime": "2020-10-17 18:09:17", "elapsed": 34.598696, "delta": 0.914618}}
{"target": -121958.16050638573, "params": {"alpha": 0.8749043186738862, "beta": 3.5489610334622754}, "datetime": {"datetime": "2020-10-17 18:09:18", "elapsed": 35.243626, "delta": 0.64493}}
{"target": -121770.78964787029, "params": {"alpha": 0.8770512989355608, "beta": 3.5396145832063834}, "datetime": {"datetime": "2020-10-17 18:09:19", "elapsed": 35.963462, "delta": 0.719836}}
{"target": -121712.91679821193, "params": {"alpha": 0.881711549718109, "beta": 3.534237405324318}, "datetime": {"datetime": "2020-10-17 18:09:21", "elapsed": 38.730987, "delta": 2.767525}}
{"target": -121702.32959437306, "params": {"alpha": 0.8817284210118469, "beta": 3.5337594817610163}, "datetime": {"datetime": "2020-10-17 18:09:24", "elapsed": 40.872913, "delta": 2.141926}}
{"target": -121629.2146133181, "params": {"alpha": 0.8805833170483938, "beta": 3.531273377219579}, "datetime": {"datetime": "2020-10-17 18:09:26", "elapsed": 43.329477, "delta": 2.456564}}
{"target": -121275.27325641825, "params": {"alpha": 0.8738387842399691, "beta": 3.519743483335425}, "datetime": {"datetime": "2020-10-17 18:09:28", "elapsed": 45.126354, "delta": 1.796877}}
{"target": -120994.43076542753, "params": {"alpha": 0.8681226483512382, "beta": 3.510431134167445}, "datetime": {"datetime": "2020-10-17 18:09:31", "elapsed": 47.895135, "delta": 2.768781}}
{"target": -120689.57862120372, "params": {"alpha": 0.8619178441307642, "beta": 3.4999122107376173}, "datetime": {"datetime": "2020-10-17 18:09:33", "elapsed": 50.084943, "delta": 2.189808}}
{"target": -120394.57764257336, "params": {"alpha": 0.8564448635244172, "beta": 3.4891509791106228}, "datetime": {"datetime": "2020-10-17 18:09:35", "elapsed": 52.122128, "delta": 2.037185}}
{"target": -120091.91863999354, "params": {"alpha": 0.8533132106201592, "beta": 3.4771269092819}, "datetime": {"datetime": "2020-10-17 18:09:37", "elapsed": 54.640115, "delta": 2.517987}}
{"target": -119854.80857154314, "params": {"alpha": 0.8581530599336139, "beta": 3.46538824156931}, "datetime": {"datetime": "2020-10-17 18:09:41", "elapsed": 58.263912, "delta": 3.623797}}
{"target": -119842.08075581504, "params": {"alpha": 0.8608986844652716, "beta": 3.463745523943623}, "datetime": {"datetime": "2020-10-17 18:09:42", "elapsed": 59.756799, "delta": 1.492887}}
{"target": -120393.28702485703, "params": {"alpha": 0.8510024157452784, "beta": 3.4905326029039845}, "datetime": {"datetime": "2020-10-17 18:09:45", "elapsed": 62.484682, "delta": 2.727883}}
{"target": -119587.77160373268, "params": {"alpha": 0.8573140221484993, "beta": 3.454195717915948}, "datetime": {"datetime": "2020-10-17 18:09:47", "elapsed": 64.100146, "delta": 1.615464}}
{"target": -151485.54262281765, "params": {"alpha": 0.7837565572822538, "beta": 4.704049815690776}, "datetime": {"datetime": "2020-10-17 18:09:48", "elapsed": 65.273174, "delta": 1.173028}}
{"target": -119256.63683249392, "params": {"alpha": 0.8539703886666801, "beta": 3.441133164149436}, "datetime": {"datetime": "2020-10-17 18:09:50", "elapsed": 67.357368, "delta": 2.084194}}
{"target": -118900.50890592321, "params": {"alpha": 0.8504479964890447, "beta": 3.426956663990181}, "datetime": {"datetime": "2020-10-17 18:09:52", "elapsed": 69.001457, "delta": 1.644089}}
{"target": -118793.75096223009, "params": {"alpha": 0.8673372858303329, "beta": 3.4146525653555226}, "datetime": {"datetime": "2020-10-17 18:09:53", "elapsed": 70.662442, "delta": 1.660985}}
{"target": -252230.20260904287, "params": {"alpha": 0.3456178407546785, "beta": 5.690841020849503}, "datetime": {"datetime": "2020-10-17 18:09:55", "elapsed": 71.805551, "delta": 1.143109}}
{"target": -119170.00549541003, "params": {"alpha": 0.8769488728992714, "beta": 3.424757313866527}, "datetime": {"datetime": "2020-10-17 18:09:58", "elapsed": 75.124995, "delta": 3.319444}}
{"target": -118513.51961458173, "params": {"alpha": 0.8553437342260316, "beta": 3.4085381613507435}, "datetime": {"datetime": "2020-10-17 18:09:59", "elapsed": 76.627329, "delta": 1.502334}}
{"target": -118182.31228764383, "params": {"alpha": 0.8486700937770246, "beta": 3.396639846341031}, "datetime": {"datetime": "2020-10-17 18:10:01", "elapsed": 78.179962, "delta": 1.552633}}
{"target": -117770.10185029852, "params": {"alpha": 0.841911857071729, "beta": 3.3807116440543488}, "datetime": {"datetime": "2020-10-17 18:10:03", "elapsed": 79.868704, "delta": 1.688742}}
{"target": -117431.4805264934, "params": {"alpha": 0.8368006944715444, "beta": 3.3671348100560294}, "datetime": {"datetime": "2020-10-17 18:10:05", "elapsed": 81.888025, "delta": 2.019321}}
{"target": -117054.8541433787, "params": {"alpha": 0.8320495946210995, "beta": 3.351585251921167}, "datetime": {"datetime": "2020-10-17 18:10:07", "elapsed": 84.46616, "delta": 2.578135}}
{"target": -116679.19459708764, "params": {"alpha": 0.8301548677149918, "beta": 3.3357346250893958}, "datetime": {"datetime": "2020-10-17 18:10:09", "elapsed": 86.58056, "delta": 2.1144}}
{"target": -116338.8134137212, "params": {"alpha": 0.8368574646472025, "beta": 3.3203679333896745}, "datetime": {"datetime": "2020-10-17 18:10:11", "elapsed": 88.651328, "delta": 2.070768}}
{"target": -116313.82931692249, "params": {"alpha": 0.8437485619885567, "beta": 3.317445793543967}, "datetime": {"datetime": "2020-10-17 18:10:13", "elapsed": 90.774987, "delta": 2.123659}}
{"target": -116413.6794394437, "params": {"alpha": 0.8428129667615272, "beta": 3.3220832394630055}, "datetime": {"datetime": "2020-10-17 18:10:15", "elapsed": 91.99975, "delta": 1.224763}}
{"target": -115828.54316030098, "params": {"alpha": 0.8389292438461571, "beta": 3.297845267700401}, "datetime": {"datetime": "2020-10-17 18:10:16", "elapsed": 93.51783, "delta": 1.51808}}
{"target": -115441.17609926479, "params": {"alpha": 0.8366852869494065, "beta": 3.2816271738696536}, "datetime": {"datetime": "2020-10-17 18:10:18", "elapsed": 95.722143, "delta": 2.204313}}
{"target": -115019.44522778165, "params": {"alpha": 0.8349148235708629, "beta": 3.263741110676382}, "datetime": {"datetime": "2020-10-17 18:10:21", "elapsed": 97.882152, "delta": 2.160009}}
{"target": -114881.2666462348, "params": {"alpha": 0.8237795473167707, "beta": 3.2592133347560517}, "datetime": {"datetime": "2020-10-17 18:10:22", "elapsed": 99.747685, "delta": 1.865533}}
{"target": -114564.76003220219, "params": {"alpha": 0.8250229208870951, "beta": 3.2455562638945534}, "datetime": {"datetime": "2020-10-17 18:10:25", "elapsed": 102.159076, "delta": 2.411391}}
{"target": -114172.39282379608, "params": {"alpha": 0.8239464406110546, "beta": 3.2286801391191036}, "datetime": {"datetime": "2020-10-17 18:10:27", "elapsed": 104.10034, "delta": 1.941264}}
{"target": -113726.79893939175, "params": {"alpha": 0.8229466816116324, "beta": 3.209433401990127}, "datetime": {"datetime": "2020-10-17 18:10:30", "elapsed": 107.424265, "delta": 3.323925}}
{"target": -113321.9792828068, "params": {"alpha": 0.8220149544528522, "beta": 3.1918818202362793}, "datetime": {"datetime": "2020-10-17 18:10:33", "elapsed": 110.502393, "delta": 3.078128}}
{"target": -112896.1648981687, "params": {"alpha": 0.8207141540510365, "beta": 3.1733670082028373}, "datetime": {"datetime": "2020-10-17 18:10:40", "elapsed": 116.926508, "delta": 6.424115}}
{"target": -112491.22651342019, "params": {"alpha": 0.8328971811800189, "beta": 3.1527842401277146}, "datetime": {"datetime": "2020-10-17 18:10:43", "elapsed": 120.056431, "delta": 3.129923}}
{"target": -112411.2140580254, "params": {"alpha": 0.8330069023400427, "beta": 3.1491512579803107}, "datetime": {"datetime": "2020-10-17 18:10:46", "elapsed": 123.769593, "delta": 3.713162}}
{"target": -265595.6094638624, "params": {"alpha": 0.3326045110846906, "beta": 6.741563069299485}, "datetime": {"datetime": "2020-10-17 18:10:47", "elapsed": 124.675842, "delta": 0.906249}}
{"target": -111867.80013131593, "params": {"alpha": 0.8253495520740155, "beta": 3.1271661619729936}, "datetime": {"datetime": "2020-10-17 18:10:50", "elapsed": 127.097843, "delta": 2.422001}}
{"target": -111546.21134330536, "params": {"alpha": 0.8182681346638774, "beta": 3.113976222402946}, "datetime": {"datetime": "2020-10-17 18:10:52", "elapsed": 129.006419, "delta": 1.908576}}
{"target": -111283.4292803346, "params": {"alpha": 0.8009652117489329, "beta": 3.1003709445566607}, "datetime": {"datetime": "2020-10-17 18:10:54", "elapsed": 130.990795, "delta": 1.984376}}
{"target": -110730.55310502948, "params": {"alpha": 0.8095761773178306, "beta": 3.0776845527370535}, "datetime": {"datetime": "2020-10-17 18:10:55", "elapsed": 132.452766, "delta": 1.461971}}
{"target": -110444.53581854173, "params": {"alpha": 0.8092820858036611, "beta": 3.0648693301963172}, "datetime": {"datetime": "2020-10-17 18:10:57", "elapsed": 134.362504, "delta": 1.909738}}
{"target": -109953.74264298724, "params": {"alpha": 0.8063546006722542, "beta": 3.0425267732104553}, "datetime": {"datetime": "2020-10-17 18:10:59", "elapsed": 136.130485, "delta": 1.767981}}
{"target": -109575.08981846657, "params": {"alpha": 0.8011153672825972, "beta": 3.024503922988377}, "datetime": {"datetime": "2020-10-17 18:11:02", "elapsed": 139.71812, "delta": 3.587635}}
{"target": -109305.19863996172, "params": {"alpha": 0.7923879323852635, "beta": 3.009241633097723}, "datetime": {"datetime": "2020-10-17 18:11:04", "elapsed": 141.165094, "delta": 1.446974}}
{"target": -109300.44061887328, "params": {"alpha": 0.7837888974309216, "beta": 3.0039141368391586}, "datetime": {"datetime": "2020-10-17 18:11:06", "elapsed": 143.724032, "delta": 2.558938}}
{"target": -109112.72570788507, "params": {"alpha": 0.7903274068524757, "beta": 2.9995425053742575}, "datetime": {"datetime": "2020-10-17 18:11:09", "elapsed": 145.8521, "delta": 2.128068}}
{"target": -108540.01473089945, "params": {"alpha": 0.7959017518725239, "beta": 2.975876215764507}, "datetime": {"datetime": "2020-10-17 18:11:10", "elapsed": 147.372735, "delta": 1.520635}}
{"target": -158238.33532158443, "params": {"alpha": 0.6029497185106835, "beta": 4.357497171976991}, "datetime": {"datetime": "2020-10-17 18:11:11", "elapsed": 148.740311, "delta": 1.367576}}
{"target": -108072.09469034775, "params": {"alpha": 0.8005075950436029, "beta": 2.9554003885190094}, "datetime": {"datetime": "2020-10-17 18:11:14", "elapsed": 151.651435, "delta": 2.911124}}
{"target": -107633.84860716508, "params": {"alpha": 0.8031948151090555, "beta": 2.9351240479311604}, "datetime": {"datetime": "2020-10-17 18:11:16", "elapsed": 153.311658, "delta": 1.660223}}
{"target": -107200.63843780391, "params": {"alpha": 0.8017107103509664, "beta": 2.914364788090935}, "datetime": {"datetime": "2020-10-17 18:11:18", "elapsed": 155.172185, "delta": 1.860527}}
{"target": -106885.69780929857, "params": {"alpha": 0.7926490707428191, "beta": 2.897248287836635}, "datetime": {"datetime": "2020-10-17 18:11:19", "elapsed": 156.692495, "delta": 1.52031}}
{"target": -106885.1762123691, "params": {"alpha": 0.7847834212801501, "beta": 2.8933591036051487}, "datetime": {"datetime": "2020-10-17 18:11:22", "elapsed": 159.200153, "delta": 2.507658}}
{"target": -106723.01564586902, "params": {"alpha": 0.7907707100653175, "beta": 2.8887192830830446}, "datetime": {"datetime": "2020-10-17 18:11:25", "elapsed": 161.991895, "delta": 2.791742}}
{"target": -106180.53869843441, "params": {"alpha": 0.7952452475432892, "beta": 2.863870123750166}, "datetime": {"datetime": "2020-10-17 18:11:26", "elapsed": 163.524294, "delta": 1.532399}}
{"target": -105755.18768670123, "params": {"alpha": 0.7987163179887855, "beta": 2.8433878808698645}, "datetime": {"datetime": "2020-10-17 18:11:29", "elapsed": 165.843787, "delta": 2.319493}}
{"target": -424145.9338120992, "params": {"alpha": 0.3385727648304308, "beta": 2.3785383588899194}, "datetime": {"datetime": "2020-10-17 18:11:30", "elapsed": 167.113301, "delta": 1.269514}}
{"target": -105546.38081782866, "params": {"alpha": 0.8034657920804847, "beta": 2.8329067497736293}, "datetime": {"datetime": "2020-10-17 18:11:32", "elapsed": 168.836963, "delta": 1.723662}}
{"target": -105465.55068763933, "params": {"alpha": 0.8145903622999161, "beta": 2.825639680578981}, "datetime": {"datetime": "2020-10-17 18:11:33", "elapsed": 170.386526, "delta": 1.549563}}
{"target": -105426.69654369196, "params": {"alpha": 0.8115449520165653, "beta": 2.8249288075861347}, "datetime": {"datetime": "2020-10-17 18:11:35", "elapsed": 172.721745, "delta": 2.335219}}
{"target": -105234.83742441535, "params": {"alpha": 0.8101927519655745, "beta": 2.81546163431388}, "datetime": {"datetime": "2020-10-17 18:11:38", "elapsed": 175.241998, "delta": 2.520253}}
{"target": -104978.89362850085, "params": {"alpha": 0.8111584769277705, "beta": 2.8016892627192695}, "datetime": {"datetime": "2020-10-17 18:11:40", "elapsed": 177.444235, "delta": 2.202237}}
{"target": -104903.49103514588, "params": {"alpha": 0.8211193787629638, "beta": 2.791679752638363}, "datetime": {"datetime": "2020-10-17 18:11:44", "elapsed": 180.950315, "delta": 3.50608}}
{"target": -104749.10870446691, "params": {"alpha": 0.8152886620075341, "beta": 2.7873861873876953}, "datetime": {"datetime": "2020-10-17 18:11:48", "elapsed": 185.707751, "delta": 4.757436}}
{"target": -104496.44586742039, "params": {"alpha": 0.8121433143047939, "beta": 2.775482410441303}, "datetime": {"datetime": "2020-10-17 18:11:51", "elapsed": 188.446851, "delta": 2.7391}}
{"target": -104210.53675734616, "params": {"alpha": 0.8116089549002375, "beta": 2.7601896321934025}, "datetime": {"datetime": "2020-10-17 18:11:53", "elapsed": 190.336041, "delta": 1.88919}}
{"target": -104024.51773832345, "params": {"alpha": 0.815239436460475, "beta": 2.7477048554118926}, "datetime": {"datetime": "2020-10-17 18:11:58", "elapsed": 195.044277, "delta": 4.708236}}
{"target": -103978.64688154992, "params": {"alpha": 0.8207125196729905, "beta": 2.740698635841975}, "datetime": {"datetime": "2020-10-17 18:12:00", "elapsed": 197.43129, "delta": 2.387013}}
{"target": -103974.95484345, "params": {"alpha": 0.8204619572315818, "beta": 2.7407193925375517}, "datetime": {"datetime": "2020-10-17 18:12:03", "elapsed": 200.562188, "delta": 3.130898}}
