{"target": -1370344.5974808424, "params": {"alpha": 0.7276219031074749, "beta": 6.104701139057963}, "datetime": {"datetime": "2020-10-17 18:10:28", "elapsed": 0.0, "delta": 0.0}}
{"target": -2075345.1197912025, "params": {"alpha": 0.3051994122489931, "beta": 8.025246329299044}, "datetime": {"datetime": "2020-10-17 18:10:28", "elapsed": 0.09375, "delta": 0.09375}}
{"target": -12427716.236152332, "params": {"alpha": 0.497916792317126, "beta": 2.070191679483405}, "datetime": {"datetime": "2020-10-17 18:10:28", "elapsed": 0.203129, "delta": 0.109379}}
{"target": -2684980.1827021013, "params": {"alpha": 0.39078833232721283, "beta": 4.551785114854081}, "datetime": {"datetime": "2020-10-17 18:10:29", "elapsed": 0.359378, "delta": 0.156249}}
{"target": -42854606.32078711, "params": {"alpha": 0.3407750666686109, "beta": 1.7429568007729768}, "datetime": {"datetime": "2020-10-17 18:10:29", "elapsed": 0.468751, "delta": 0.109373}}
{"target": -2747479.2423143745, "params": {"alpha": 0.36789380024771157, "beta": 4.680022589282124}, "datetime": {"datetime": "2020-10-17 18:10:29", "elapsed": 0.706248, "delta": 0.237497}}
{"target": -1369066.6845853808, "params": {"alpha": 0.924599368884012, "beta": 3.6279303900661364}, "datetime": {"datetime": "2020-10-17 18:10:29", "elapsed": 0.988588, "delta": 0.28234}}
{"target": -1453025.349982738, "params": {"alpha": 0.8318685506191031, "beta": 9.90296201688082}, "datetime": {"datetime": "2020-10-17 18:10:29", "elapsed": 1.129209, "delta": 0.140621}}
{"target": -1369072.9680846713, "params": {"alpha": 0.9245927913596342, "beta": 3.6279419428325275}, "datetime": {"datetime": "2020-10-17 18:10:30", "elapsed": 1.380535, "delta": 0.251326}}
{"target": -1369076.3056912208, "params": {"alpha": 0.924589271937218, "beta": 3.6279481914589575}, "datetime": {"datetime": "2020-10-17 18:10:30", "elapsed": 1.757908, "delta": 0.377373}}
{"target": -1369076.7439165628, "params": {"alpha": 0.9245888052817853, "beta": 3.627949031816154}, "datetime": {"datetime": "2020-10-17 18:10:30", "elapsed": 2.149681, "delta": 0.391773}}
{"target": -1369077.3265227478, "params": {"alpha": 0.924588191794729, "beta": 3.6279501188360492}, "datetime": {"datetime": "2020-10-17 18:10:31", "elapsed": 2.477811, "delta": 0.32813}}
{"target": -1370344.796578328, "params": {"alpha": 0.7276217099884009, "beta": 6.104700374927476}, "datetime": {"datetime": "2020-10-17 18:10:31", "elapsed": 2.774682, "delta": 0.296871}}
{"target": -1369079.2551205964, "params": {"alpha": 0.9245862058905678, "beta": 3.627953521002442}, "datetime": {"datetime": "2020-10-17 18:10:31", "elapsed": 3.18093, "delta": 0.406248}}
{"target": -1369075.803260387, "params": {"alpha": 0.9245897552276763, "beta": 3.6279474539712626}, "datetime": {"datetime": "2020-10-17 18:10:32", "elapsed": 3.634054, "delta": 0.453124}}
{"target": -1369075.491438874, "params": {"alpha": 0.9245895343181774, "beta": 3.627949271431731}, "datetime": {"datetime": "2020-10-17 18:10:32", "elapsed": 3.977807, "delta": 0.343753}}
{"target": -1369075.9775095058, "params": {"alpha": 0.9245893092600479, "beta": 3.627948925646485}, "datetime": {"datetime": "2020-10-17 18:10:33", "elapsed": 4.477807, "delta": 0.5}}
{"target": -1389706.8685575235, "params": {"alpha": 0.7097197485610105, "beta": 6.098218605921389}, "datetime": {"datetime": "2020-10-17 18:10:33", "elapsed": 4.930933, "delta": 0.453126}}
{"target": -1369075.5982475965, "params": {"alpha": 0.9245897829264005, "beta": 3.627947893465619}, "datetime": {"datetime": "2020-10-17 18:10:33", "elapsed": 5.321556, "delta": 0.390623}}
{"target": -1369074.3908930395, "params": {"alpha": 0.9245909775615817, "beta": 3.6279459759198587}, "datetime": {"datetime": "2020-10-17 18:10:34", "elapsed": 5.759061, "delta": 0.437505}}
{"target": -1369074.4702977103, "params": {"alpha": 0.924591237924648, "beta": 3.627944621531329}, "datetime": {"datetime": "2020-10-17 18:10:34", "elapsed": 6.180935, "delta": 0.421874}}
{"target": -1369312.463866551, "params": {"alpha": 0.7286059536464455, "beta": 6.105055522531423}, "datetime": {"datetime": "2020-10-17 18:10:35", "elapsed": 6.527258, "delta": 0.346323}}
{"target": -1362750.1298948633, "params": {"alpha": 0.7349347905584062, "beta": 6.107103749512805}, "datetime": {"datetime": "2020-10-17 18:10:35", "elapsed": 6.871009, "delta": 0.343751}}
{"target": -1360291.3849482117, "params": {"alpha": 0.7371792454907018, "beta": 6.0869176981697155}, "datetime": {"datetime": "2020-10-17 18:10:36", "elapsed": 7.433507, "delta": 0.562498}}
{"target": -1338098.3747148437, "params": {"alpha": 0.7597212228577833, "beta": 6.102322598387106}, "datetime": {"datetime": "2020-10-17 18:10:36", "elapsed": 7.761633, "delta": 0.328126}}
{"target": -1305047.824197009, "params": {"alpha": 0.7960649985881069, "beta": 6.100306214646923}, "datetime": {"datetime": "2020-10-17 18:10:36", "elapsed": 8.136634, "delta": 0.375001}}
{"target": -1293206.1273587388, "params": {"alpha": 0.8101784903500397, "beta": 6.103328621536932}, "datetime": {"datetime": "2020-10-17 18:10:37", "elapsed": 8.542883, "delta": 0.406249}}
{"target": -1283158.484665954, "params": {"alpha": 0.8228331846042799, "beta": 6.111491053137833}, "datetime": {"datetime": "2020-10-17 18:10:37", "elapsed": 8.964758, "delta": 0.421875}}
{"target": -1280936.4745856163, "params": {"alpha": 0.8260119354977078, "beta": 6.121615830513218}, "datetime": {"datetime": "2020-10-17 18:10:38", "elapsed": 9.464762, "delta": 0.500004}}
{"target": -1279355.2356124113, "params": {"alpha": 0.8279565589109734, "beta": 6.1197886748520505}, "datetime": {"datetime": "2020-10-17 18:10:38", "elapsed": 9.902258, "delta": 0.437496}}
{"target": -1267076.39323901, "params": {"alpha": 0.8440480458537998, "beta": 6.121150655344694}, "datetime": {"datetime": "2020-10-17 18:10:39", "elapsed": 10.357742, "delta": 0.455484}}
{"target": -1252774.3320448252, "params": {"alpha": 0.8638206366692587, "beta": 6.12389507366213}, "datetime": {"datetime": "2020-10-17 18:10:39", "elapsed": 10.882799, "delta": 0.525057}}
{"target": -1237775.7433425547, "params": {"alpha": 0.8854805819024548, "beta": 6.121303012668637}, "datetime": {"datetime": "2020-10-17 18:10:39", "elapsed": 11.307064, "delta": 0.424265}}
{"target": -1227795.4515667935, "params": {"alpha": 0.9004898914593771, "beta": 6.117627530723895}, "datetime": {"datetime": "2020-10-17 18:10:40", "elapsed": 11.709272, "delta": 0.402208}}
{"target": -1216929.0776053043, "params": {"alpha": 0.9174096229433295, "beta": 6.112076421643617}, "datetime": {"datetime": "2020-10-17 18:10:40", "elapsed": 12.08539, "delta": 0.376118}}
{"target": -1207499.4969352223, "params": {"alpha": 0.9324663603134336, "beta": 6.104271527989923}, "datetime": {"datetime": "2020-10-17 18:10:41", "elapsed": 12.46039, "delta": 0.375}}
{"target": -1202206.9979743618, "params": {"alpha": 0.9404282987929695, "beta": 6.090962117761303}, "datetime": {"datetime": "2020-10-17 18:10:45", "elapsed": 16.861581, "delta": 4.401191}}
{"target": -1195976.0173167891, "params": {"alpha": 0.950306338362359, "beta": 6.079255827236966}, "datetime": {"datetime": "2020-10-17 18:10:49", "elapsed": 20.673811, "delta": 3.81223}}
{"target": -1184642.4855354659, "params": {"alpha": 0.9707408277728602, "beta": 6.078162197098049}, "datetime": {"datetime": "2020-10-17 18:10:51", "elapsed": 23.01308, "delta": 2.339269}}
{"target": -1180454.865812562, "params": {"alpha": 0.9787830776297569, "beta": 6.079841489136571}, "datetime": {"datetime": "2020-10-17 18:10:54", "elapsed": 25.859207, "delta": 2.846127}}
{"target": -1174977.661953926, "params": {"alpha": 0.99, "beta": 6.08608010384995}, "datetime": {"datetime": "2020-10-17 18:10:56", "elapsed": 28.119162, "delta": 2.259955}}
{"target": -1175360.0834679615, "params": {"alpha": 0.99, "beta": 6.093182288851032}, "datetime": {"datetime": "2020-10-17 18:10:58", "elapsed": 30.339143, "delta": 2.219981}}
{"target": -1175072.5820178227, "params": {"alpha": 0.99, "beta": 6.087844481374693}, "datetime": {"datetime": "2020-10-17 18:11:01", "elapsed": 33.174446, "delta": 2.835303}}
{"target": -1175071.7566969723, "params": {"alpha": 0.99, "beta": 6.087829144736899}, "datetime": {"datetime": "2020-10-17 18:11:04", "elapsed": 36.033432, "delta": 2.858986}}
{"target": -1175069.754915105, "params": {"alpha": 0.99, "beta": 6.087791946026831}, "datetime": {"datetime": "2020-10-17 18:11:08", "elapsed": 39.386049, "delta": 3.352617}}
{"target": -1175067.4069209099, "params": {"alpha": 0.99, "beta": 6.087748313137497}, "datetime": {"datetime": "2020-10-17 18:11:11", "elapsed": 42.790796, "delta": 3.404747}}
{"target": -1179598.6751165835, "params": {"alpha": 0.9825046700321444, "beta": 6.100435815392293}, "datetime": {"datetime": "2020-10-17 18:11:13", "elapsed": 45.098183, "delta": 2.307387}}
{"target": -1175064.7250901735, "params": {"alpha": 0.99, "beta": 6.08769847577466}, "datetime": {"datetime": "2020-10-17 18:11:17", "elapsed": 48.80385, "delta": 3.705667}}
{"target": -1175042.139408766, "params": {"alpha": 0.9893080699824031, "beta": 6.080700280218125}, "datetime": {"datetime": "2020-10-17 18:11:21", "elapsed": 53.174402, "delta": 4.370552}}
{"target": -1174627.8519835959, "params": {"alpha": 0.99, "beta": 6.079568835584679}, "datetime": {"datetime": "2020-10-17 18:11:25", "elapsed": 57.046579, "delta": 3.872177}}
{"target": -1177897.746702957, "params": {"alpha": 0.9826253881241449, "beta": 6.069467887259444}, "datetime": {"datetime": "2020-10-17 18:11:30", "elapsed": 61.541828, "delta": 4.495249}}
{"target": -1174139.9271855098, "params": {"alpha": 0.99, "beta": 6.0704627699586915}, "datetime": {"datetime": "2020-10-17 18:11:34", "elapsed": 65.832924, "delta": 4.291096}}
{"target": -1178362.578512418, "params": {"alpha": 0.9817287608592913, "beta": 6.069399926478327}, "datetime": {"datetime": "2020-10-17 18:11:38", "elapsed": 70.154915, "delta": 4.321991}}
{"target": -1179262.4124879544, "params": {"alpha": 0.9815094326879883, "beta": 6.084318644869606}, "datetime": {"datetime": "2020-10-17 18:11:41", "elapsed": 72.733514, "delta": 2.578599}}
{"target": -1173924.9287848999, "params": {"alpha": 0.99, "beta": 6.0664412785184565}, "datetime": {"datetime": "2020-10-17 18:11:46", "elapsed": 77.394484, "delta": 4.66097}}
{"target": -1173724.5269863603, "params": {"alpha": 0.99, "beta": 6.062687778542572}, "datetime": {"datetime": "2020-10-17 18:11:51", "elapsed": 82.437887, "delta": 5.043403}}
{"target": -1173511.073700141, "params": {"alpha": 0.99, "beta": 6.05868442972041}, "datetime": {"datetime": "2020-10-17 18:11:56", "elapsed": 87.595769, "delta": 5.157882}}
{"target": -1173306.0920443241, "params": {"alpha": 0.99, "beta": 6.054834676080826}, "datetime": {"datetime": "2020-10-17 18:12:02", "elapsed": 93.816481, "delta": 6.220712}}
{"target": -1173113.783072281, "params": {"alpha": 0.99, "beta": 6.051218167665093}, "datetime": {"datetime": "2020-10-17 18:12:07", "elapsed": 98.683001, "delta": 4.86652}}
{"target": -1172923.2644995986, "params": {"alpha": 0.99, "beta": 6.047630741674709}, "datetime": {"datetime": "2020-10-17 18:12:11", "elapsed": 103.029707, "delta": 4.346706}}
{"target": -1172727.1631990208, "params": {"alpha": 0.99, "beta": 6.043933380650205}, "datetime": {"datetime": "2020-10-17 18:12:16", "elapsed": 108.232548, "delta": 5.202841}}
{"target": -1172524.16915095, "params": {"alpha": 0.99, "beta": 6.040100868555261}, "datetime": {"datetime": "2020-10-17 18:12:21", "elapsed": 113.257282, "delta": 5.024734}}
{"target": -1172316.185820053, "params": {"alpha": 0.99, "beta": 6.036168625823626}, "datetime": {"datetime": "2020-10-17 18:12:25", "elapsed": 116.527811, "delta": 3.270529}}
{"target": -1172104.7598775611, "params": {"alpha": 0.99, "beta": 6.032165496170703}, "datetime": {"datetime": "2020-10-17 18:12:28", "elapsed": 119.623948, "delta": 3.096137}}
{"target": -1171890.6014231807, "params": {"alpha": 0.99, "beta": 6.02810460641305}, "datetime": {"datetime": "2020-10-17 18:12:31", "elapsed": 123.04138, "delta": 3.417432}}
{"target": -1171673.8103825692, "params": {"alpha": 0.99, "beta": 6.023987557897788}, "datetime": {"datetime": "2020-10-17 18:12:34", "elapsed": 125.937932, "delta": 2.896552}}
{"target": -1171454.4769886578, "params": {"alpha": 0.99, "beta": 6.019815770374815}, "datetime": {"datetime": "2020-10-17 18:12:38", "elapsed": 129.63018, "delta": 3.692248}}
{"target": -1171232.3099004228, "params": {"alpha": 0.99, "beta": 6.015583390726343}, "datetime": {"datetime": "2020-10-17 18:12:42", "elapsed": 133.641442, "delta": 4.011262}}
{"target": -1171007.2597310124, "params": {"alpha": 0.99, "beta": 6.011289141234993}, "datetime": {"datetime": "2020-10-17 18:12:46", "elapsed": 138.279463, "delta": 4.638021}}
{"target": -1170779.3086179516, "params": {"alpha": 0.99, "beta": 6.006932330483526}, "datetime": {"datetime": "2020-10-17 18:12:49", "elapsed": 140.766212, "delta": 2.486749}}
{"target": -1170548.3879878148, "params": {"alpha": 0.99, "beta": 6.002511281990888}, "datetime": {"datetime": "2020-10-17 18:12:52", "elapsed": 143.458813, "delta": 2.692601}}
{"target": -1170314.729893156, "params": {"alpha": 0.99, "beta": 5.998030069180319}, "datetime": {"datetime": "2020-10-17 18:12:54", "elapsed": 145.570439, "delta": 2.111626}}
{"target": -1170078.3540264731, "params": {"alpha": 0.99, "beta": 5.993488701524}, "datetime": {"datetime": "2020-10-17 18:12:56", "elapsed": 147.809556, "delta": 2.239117}}
{"target": -1169839.324777486, "params": {"alpha": 0.99, "beta": 5.988888040805156}, "datetime": {"datetime": "2020-10-17 18:12:58", "elapsed": 150.3299, "delta": 2.520344}}
{"target": -1179019.194731865, "params": {"alpha": 0.9729972259739454, "beta": 5.991178212995588}, "datetime": {"datetime": "2020-10-17 18:13:02", "elapsed": 153.587376, "delta": 3.257476}}
{"target": -1169597.3316517007, "params": {"alpha": 0.99, "beta": 5.984221710586809}, "datetime": {"datetime": "2020-10-17 18:13:05", "elapsed": 156.668018, "delta": 3.080642}}
{"target": -1169349.8986209682, "params": {"alpha": 0.99, "beta": 5.979441399080602}, "datetime": {"datetime": "2020-10-17 18:13:07", "elapsed": 158.857943, "delta": 2.189925}}
{"target": -1169098.605832901, "params": {"alpha": 0.99, "beta": 5.974576996058665}, "datetime": {"datetime": "2020-10-17 18:13:10", "elapsed": 161.517407, "delta": 2.659464}}
{"target": -1168844.9043523185, "params": {"alpha": 0.99, "beta": 5.969656103829032}, "datetime": {"datetime": "2020-10-17 18:13:14", "elapsed": 165.554346, "delta": 4.036939}}
{"target": -1168589.0923350183, "params": {"alpha": 0.99, "beta": 5.964684106373286}, "datetime": {"datetime": "2020-10-17 18:13:17", "elapsed": 169.266333, "delta": 3.711987}}
{"target": -1168331.0279784668, "params": {"alpha": 0.99, "beta": 5.959657845666507}, "datetime": {"datetime": "2020-10-17 18:13:20", "elapsed": 172.213438, "delta": 2.947105}}
{"target": -1168070.6643487387, "params": {"alpha": 0.99, "beta": 5.954575981696472}, "datetime": {"datetime": "2020-10-17 18:13:23", "elapsed": 175.179857, "delta": 2.966419}}
{"target": -1167808.088149498, "params": {"alpha": 0.99, "beta": 5.9494397702313835}, "datetime": {"datetime": "2020-10-17 18:13:27", "elapsed": 178.455129, "delta": 3.275272}}
{"target": -1167543.3023313542, "params": {"alpha": 0.99, "beta": 5.944248824641182}, "datetime": {"datetime": "2020-10-17 18:13:29", "elapsed": 180.888718, "delta": 2.433589}}
{"target": -1167276.4875398714, "params": {"alpha": 0.99, "beta": 5.939006240415225}, "datetime": {"datetime": "2020-10-17 18:13:32", "elapsed": 184.268647, "delta": 3.379929}}
{"target": -1167007.616905912, "params": {"alpha": 0.99, "beta": 5.933711040201151}, "datetime": {"datetime": "2020-10-17 18:13:36", "elapsed": 187.411728, "delta": 3.143081}}
{"target": -1166736.7929147147, "params": {"alpha": 0.99, "beta": 5.928364784307709}, "datetime": {"datetime": "2020-10-17 18:13:39", "elapsed": 190.389493, "delta": 2.977765}}
{"target": -1166463.9370919317, "params": {"alpha": 0.99, "beta": 5.922965452907085}, "datetime": {"datetime": "2020-10-17 18:13:41", "elapsed": 192.410981, "delta": 2.021488}}
{"target": -1166189.22229942, "params": {"alpha": 0.99, "beta": 5.917515988117569}, "datetime": {"datetime": "2020-10-17 18:13:44", "elapsed": 195.681187, "delta": 3.270206}}
{"target": -1165912.5536639877, "params": {"alpha": 0.99, "beta": 5.91201402009953}, "datetime": {"datetime": "2020-10-17 18:13:47", "elapsed": 198.998792, "delta": 3.317605}}
{"target": -1165634.2204245124, "params": {"alpha": 0.99, "beta": 5.906464812457888}, "datetime": {"datetime": "2020-10-17 18:13:51", "elapsed": 202.820947, "delta": 3.822155}}
{"target": -1165354.1910764177, "params": {"alpha": 0.99, "beta": 5.900867253311288}, "datetime": {"datetime": "2020-10-17 18:13:56", "elapsed": 207.40046, "delta": 4.579513}}
{"target": -1171253.3395284286, "params": {"alpha": 0.982219982909808, "beta": 5.935609913945618}, "datetime": {"datetime": "2020-10-17 18:14:00", "elapsed": 212.027986, "delta": 4.627526}}
{"target": -1165068.5937803176, "params": {"alpha": 0.99, "beta": 5.895143135319006}, "datetime": {"datetime": "2020-10-17 18:14:03", "elapsed": 215.063495, "delta": 3.035509}}
{"target": -1164781.3276569904, "params": {"alpha": 0.99, "beta": 5.889369768458481}, "datetime": {"datetime": "2020-10-17 18:14:06", "elapsed": 217.646626, "delta": 2.583131}}
{"target": -1164492.9510156685, "params": {"alpha": 0.99, "beta": 5.883557876986366}, "datetime": {"datetime": "2020-10-17 18:14:09", "elapsed": 220.45625, "delta": 2.809624}}
{"target": -1164203.1521320662, "params": {"alpha": 0.99, "beta": 5.87770068743117}, "datetime": {"datetime": "2020-10-17 18:14:12", "elapsed": 223.889895, "delta": 3.433645}}
{"target": -1163911.957772423, "params": {"alpha": 0.99, "beta": 5.87179820955895}, "datetime": {"datetime": "2020-10-17 18:14:16", "elapsed": 227.60302, "delta": 3.713125}}
{"target": -1163619.5453624616, "params": {"alpha": 0.99, "beta": 5.865853510006114}, "datetime": {"datetime": "2020-10-17 18:14:20", "elapsed": 231.466959, "delta": 3.863939}}
{"target": -1163325.8390825859, "params": {"alpha": 0.99, "beta": 5.859864509956105}, "datetime": {"datetime": "2020-10-17 18:14:23", "elapsed": 234.554335, "delta": 3.087376}}
{"target": -1163031.0145630836, "params": {"alpha": 0.99, "beta": 5.8538342455764605}, "datetime": {"datetime": "2020-10-17 18:14:26", "elapsed": 238.082759, "delta": 3.528424}}
{"target": -1162735.0108030553, "params": {"alpha": 0.99, "beta": 5.847760917419102}, "datetime": {"datetime": "2020-10-17 18:14:29", "elapsed": 240.503407, "delta": 2.420648}}
{"target": -1162437.9905709703, "params": {"alpha": 0.99, "beta": 5.841647305662998}, "datetime": {"datetime": "2020-10-17 18:14:32", "elapsed": 243.860404, "delta": 3.356997}}
{"target": -1162139.9836403313, "params": {"alpha": 0.99, "beta": 5.835493464797755}, "datetime": {"datetime": "2020-10-17 18:14:34", "elapsed": 246.194267, "delta": 2.333863}}
{"target": -1165505.7312735291, "params": {"alpha": 0.9852987770689706, "beta": 5.85234204483467}, "datetime": {"datetime": "2020-10-17 18:14:38", "elapsed": 250.101257, "delta": 3.90699}}
{"target": -1166799.3446491724, "params": {"alpha": 0.9797219714956887, "beta": 5.8146063911579935}, "datetime": {"datetime": "2020-10-17 18:14:41", "elapsed": 252.973854, "delta": 2.872597}}
{"target": -1161530.1156938507, "params": {"alpha": 0.99, "beta": 5.822835917551584}, "datetime": {"datetime": "2020-10-17 18:14:45", "elapsed": 257.037856, "delta": 4.064002}}
{"target": -1161267.3421694704, "params": {"alpha": 0.99, "beta": 5.81735509428022}, "datetime": {"datetime": "2020-10-17 18:14:49", "elapsed": 260.632459, "delta": 3.594603}}
