{"target": -587245.3457135578, "params": {"alpha": 0.7276219031074749, "beta": 6.104701139057963}, "datetime": {"datetime": "2020-10-17 18:08:42", "elapsed": 0.0, "delta": 0.0}}
{"target": -1084952.1009076857, "params": {"alpha": 0.3051994122489931, "beta": 8.025246329299044}, "datetime": {"datetime": "2020-10-17 18:08:43", "elapsed": 0.144566, "delta": 0.144566}}
{"target": -958216.746449996, "params": {"alpha": 0.497916792317126, "beta": 2.070191679483405}, "datetime": {"datetime": "2020-10-17 18:08:43", "elapsed": 0.26957, "delta": 0.125004}}
{"target": -956025.0164100176, "params": {"alpha": 0.39078833232721283, "beta": 4.551785114854081}, "datetime": {"datetime": "2020-10-17 18:08:43", "elapsed": 0.410562, "delta": 0.140992}}
{"target": -2431609.0528600747, "params": {"alpha": 0.3407750666686109, "beta": 1.7429568007729768}, "datetime": {"datetime": "2020-10-17 18:08:43", "elapsed": 0.53405, "delta": 0.123488}}
{"target": -1007545.182506919, "params": {"alpha": 0.36789380024771157, "beta": 4.680022589282124}, "datetime": {"datetime": "2020-10-17 18:08:43", "elapsed": 0.659062, "delta": 0.125012}}
{"target": -342156.26385204226, "params": {"alpha": 0.924599368884012, "beta": 3.6279303900661364}, "datetime": {"datetime": "2020-10-17 18:08:43", "elapsed": 0.799687, "delta": 0.140625}}
{"target": -688508.1166922841, "params": {"alpha": 0.8318685506191031, "beta": 9.90296201688082}, "datetime": {"datetime": "2020-10-17 18:08:43", "elapsed": 0.940313, "delta": 0.140626}}
{"target": -402261.51802770514, "params": {"alpha": 0.7834347263620264, "beta": 3.097941426327284}, "datetime": {"datetime": "2020-10-17 18:08:44", "elapsed": 1.17469, "delta": 0.234377}}
{"target": -468257.9154084941, "params": {"alpha": 0.7314212688771988, "beta": 3.7722421535447763}, "datetime": {"datetime": "2020-10-17 18:08:44", "elapsed": 1.339466, "delta": 0.164776}}
{"target": -2091110.287122904, "params": {"alpha": 0.1165301112709405, "beta": 6.176489919882287}, "datetime": {"datetime": "2020-10-17 18:08:44", "elapsed": 1.519425, "delta": 0.179959}}
{"target": -358676.80910734826, "params": {"alpha": 0.8927729680594763, "beta": 3.6479180800758324}, "datetime": {"datetime": "2020-10-17 18:08:44", "elapsed": 1.800693, "delta": 0.281268}}
{"target": -339818.59243001725, "params": {"alpha": 0.9288334994106441, "beta": 3.620619107808896}, "datetime": {"datetime": "2020-10-17 18:08:44", "elapsed": 2.066839, "delta": 0.266146}}
{"target": -342281.3041056499, "params": {"alpha": 0.9222938630246466, "beta": 3.609314746194065}, "datetime": {"datetime": "2020-10-17 18:08:45", "elapsed": 2.364877, "delta": 0.298038}}
{"target": -462937.98025690747, "params": {"alpha": 0.738051151444141, "beta": 3.7707533713858736}, "datetime": {"datetime": "2020-10-17 18:08:45", "elapsed": 2.558968, "delta": 0.194091}}
{"target": -333773.44945705606, "params": {"alpha": 0.9414236816121048, "beta": 3.6139656668321143}, "datetime": {"datetime": "2020-10-17 18:08:45", "elapsed": 2.840231, "delta": 0.281263}}
{"target": -322548.7022283642, "params": {"alpha": 0.9659694507279869, "beta": 3.6013408911798828}, "datetime": {"datetime": "2020-10-17 18:08:46", "elapsed": 3.153905, "delta": 0.313674}}
{"target": -644646.8212429262, "params": {"alpha": 0.6295151420379856, "beta": 5.807458857675274}, "datetime": {"datetime": "2020-10-17 18:08:46", "elapsed": 3.341408, "delta": 0.187503}}
{"target": -773388.3472306303, "params": {"alpha": 0.5641566850540021, "beta": 8.008751085268823}, "datetime": {"datetime": "2020-10-17 18:08:46", "elapsed": 3.562167, "delta": 0.220759}}
{"target": -315586.8848986136, "params": {"alpha": 0.9820101296919933, "beta": 3.5931751792346236}, "datetime": {"datetime": "2020-10-17 18:08:46", "elapsed": 3.875788, "delta": 0.313621}}
{"target": -311819.0564269968, "params": {"alpha": 0.99, "beta": 3.5810486724200516}, "datetime": {"datetime": "2020-10-17 18:08:47", "elapsed": 4.143401, "delta": 0.267613}}
{"target": -311515.9293319605, "params": {"alpha": 0.99, "beta": 3.5749850404333845}, "datetime": {"datetime": "2020-10-17 18:08:47", "elapsed": 4.472616, "delta": 0.329215}}
{"target": -559267.4692083674, "params": {"alpha": 0.9393939234384778, "beta": 7.6437855391144645}, "datetime": {"datetime": "2020-10-17 18:08:47", "elapsed": 4.691364, "delta": 0.218748}}
{"target": -311457.40293880744, "params": {"alpha": 0.99, "beta": 3.573812143758305}, "datetime": {"datetime": "2020-10-17 18:08:47", "elapsed": 4.988242, "delta": 0.296878}}
{"target": -311401.744997059, "params": {"alpha": 0.99, "beta": 3.5726960784809805}, "datetime": {"datetime": "2020-10-17 18:08:48", "elapsed": 5.253864, "delta": 0.265622}}
{"target": -311307.74091900856, "params": {"alpha": 0.99, "beta": 3.570809634531743}, "datetime": {"datetime": "2020-10-17 18:08:48", "elapsed": 5.525659, "delta": 0.271795}}
{"target": -311069.9500117284, "params": {"alpha": 0.99, "beta": 3.566029504018182}, "datetime": {"datetime": "2020-10-17 18:08:48", "elapsed": 5.806928, "delta": 0.281269}}
{"target": -310538.3869012773, "params": {"alpha": 0.99, "beta": 3.5553005062495746}, "datetime": {"datetime": "2020-10-17 18:08:49", "elapsed": 6.135046, "delta": 0.328118}}
{"target": -309988.27636191185, "params": {"alpha": 0.99, "beta": 3.5441322083499793}, "datetime": {"datetime": "2020-10-17 18:08:49", "elapsed": 6.775672, "delta": 0.640626}}
{"target": -309468.92711540393, "params": {"alpha": 0.99, "beta": 3.5335256620575413}, "datetime": {"datetime": "2020-10-17 18:08:50", "elapsed": 7.511227, "delta": 0.735555}}
{"target": -308908.8919250075, "params": {"alpha": 0.99, "beta": 3.5220173890900135}, "datetime": {"datetime": "2020-10-17 18:08:50", "elapsed": 7.996699, "delta": 0.485472}}
{"target": -1688837.6168875867, "params": {"alpha": 0.1368641698862598, "beta": 7.531481283924518}, "datetime": {"datetime": "2020-10-17 18:08:51", "elapsed": 8.545058, "delta": 0.548359}}
{"target": -309848.54375853704, "params": {"alpha": 0.9895699599700668, "beta": 3.5378550679069196}, "datetime": {"datetime": "2020-10-17 18:08:52", "elapsed": 9.29616, "delta": 0.751102}}
{"target": -308234.71391116653, "params": {"alpha": 0.99, "beta": 3.5080621876310825}, "datetime": {"datetime": "2020-10-17 18:08:53", "elapsed": 10.457808, "delta": 1.161648}}
{"target": -307592.46228267695, "params": {"alpha": 0.99, "beta": 3.4946603052334986}, "datetime": {"datetime": "2020-10-17 18:08:54", "elapsed": 11.465919, "delta": 1.008111}}
{"target": -309659.78168849304, "params": {"alpha": 0.983589997469933, "beta": 3.4851645049543363}, "datetime": {"datetime": "2020-10-17 18:08:55", "elapsed": 12.405245, "delta": 0.939326}}
{"target": -311612.9082719063, "params": {"alpha": 0.981537119576612, "beta": 3.5088877616497562}, "datetime": {"datetime": "2020-10-17 18:09:02", "elapsed": 19.730667, "delta": 7.325422}}
{"target": -306854.6235438404, "params": {"alpha": 0.99, "beta": 3.479127897292619}, "datetime": {"datetime": "2020-10-17 18:09:10", "elapsed": 27.459974, "delta": 7.729307}}
{"target": -306057.2799990358, "params": {"alpha": 0.99, "beta": 3.462170698622647}, "datetime": {"datetime": "2020-10-17 18:09:16", "elapsed": 33.978244, "delta": 6.51827}}
{"target": -305330.7148495774, "params": {"alpha": 0.99, "beta": 3.4465541236753965}, "datetime": {"datetime": "2020-10-17 18:09:19", "elapsed": 36.492009, "delta": 2.513765}}
{"target": -304565.6807988484, "params": {"alpha": 0.99, "beta": 3.42993090850705}, "datetime": {"datetime": "2020-10-17 18:09:20", "elapsed": 37.927259, "delta": 1.43525}}
{"target": -303805.79865563754, "params": {"alpha": 0.99, "beta": 3.4132259983380764}, "datetime": {"datetime": "2020-10-17 18:09:22", "elapsed": 39.478277, "delta": 1.551018}}
{"target": -303051.4632964733, "params": {"alpha": 0.99, "beta": 3.396440062051626}, "datetime": {"datetime": "2020-10-17 18:09:22", "elapsed": 39.989382, "delta": 0.511105}}
{"target": -302305.7773709126, "params": {"alpha": 0.99, "beta": 3.379634938845053}, "datetime": {"datetime": "2020-10-17 18:09:24", "elapsed": 41.449465, "delta": 1.460083}}
{"target": -301574.2596666502, "params": {"alpha": 0.99, "beta": 3.362931068376853}, "datetime": {"datetime": "2020-10-17 18:09:25", "elapsed": 42.511968, "delta": 1.062503}}
{"target": -300860.0387082615, "params": {"alpha": 0.99, "beta": 3.346399733149641}, "datetime": {"datetime": "2020-10-17 18:09:26", "elapsed": 43.404897, "delta": 0.892929}}
{"target": -300273.3942613563, "params": {"alpha": 0.9885088635119114, "beta": 3.3189496644344456}, "datetime": {"datetime": "2020-10-17 18:09:27", "elapsed": 44.483024, "delta": 1.078127}}
{"target": -299594.1607558236, "params": {"alpha": 0.99, "beta": 3.316512005886409}, "datetime": {"datetime": "2020-10-17 18:09:28", "elapsed": 45.625658, "delta": 1.142634}}
{"target": -298933.54506102327, "params": {"alpha": 0.99, "beta": 3.3005894482404705}, "datetime": {"datetime": "2020-10-17 18:09:29", "elapsed": 46.158051, "delta": 0.532393}}
{"target": -298299.3848104757, "params": {"alpha": 0.99, "beta": 3.285075639743967}, "datetime": {"datetime": "2020-10-17 18:09:29", "elapsed": 46.939302, "delta": 0.781251}}
{"target": -297657.4042158264, "params": {"alpha": 0.99, "beta": 3.26912574274511}, "datetime": {"datetime": "2020-10-17 18:09:31", "elapsed": 48.329925, "delta": 1.390623}}
{"target": -298906.85838640144, "params": {"alpha": 0.9868505317515222, "beta": 3.2699025027312616}, "datetime": {"datetime": "2020-10-17 18:09:31", "elapsed": 48.81661, "delta": 0.486685}}
{"target": -1031193.3343390825, "params": {"alpha": 0.3456178407546785, "beta": 5.690841020849503}, "datetime": {"datetime": "2020-10-17 18:09:32", "elapsed": 49.207234, "delta": 0.390624}}
{"target": -302420.37453337526, "params": {"alpha": 0.9891014437911694, "beta": 3.3743148400652965}, "datetime": {"datetime": "2020-10-17 18:09:33", "elapsed": 50.820186, "delta": 1.612952}}
{"target": -296943.87617858156, "params": {"alpha": 0.99, "beta": 3.2510869872716004}, "datetime": {"datetime": "2020-10-17 18:09:34", "elapsed": 51.882689, "delta": 1.062503}}
{"target": -296278.93554857845, "params": {"alpha": 0.99, "beta": 3.2339573719733488}, "datetime": {"datetime": "2020-10-17 18:09:35", "elapsed": 52.88505, "delta": 1.002361}}
{"target": -295661.0576961903, "params": {"alpha": 0.99, "beta": 3.217740664689539}, "datetime": {"datetime": "2020-10-17 18:09:36", "elapsed": 53.559284, "delta": 0.674234}}
{"target": -295050.59254073544, "params": {"alpha": 0.99, "beta": 3.2014112128684773}, "datetime": {"datetime": "2020-10-17 18:09:37", "elapsed": 54.887417, "delta": 1.328133}}
{"target": -294464.9027885302, "params": {"alpha": 0.99, "beta": 3.185432928588908}, "datetime": {"datetime": "2020-10-17 18:09:38", "elapsed": 56.046739, "delta": 1.159322}}
{"target": -293894.60331523913, "params": {"alpha": 0.99, "beta": 3.1695557440745876}, "datetime": {"datetime": "2020-10-17 18:09:40", "elapsed": 57.21833, "delta": 1.171591}}
{"target": -293338.46819210687, "params": {"alpha": 0.99, "beta": 3.153742997786053}, "datetime": {"datetime": "2020-10-17 18:09:41", "elapsed": 58.54246, "delta": 1.32413}}
{"target": -292794.7059747453, "params": {"alpha": 0.99, "beta": 3.137938179983051}, "datetime": {"datetime": "2020-10-17 18:09:42", "elapsed": 59.526835, "delta": 0.984375}}
{"target": -299540.0160148399, "params": {"alpha": 0.9729720540809815, "beta": 3.140253923680003}, "datetime": {"datetime": "2020-10-17 18:09:43", "elapsed": 60.270829, "delta": 0.743994}}
{"target": -292244.6322484905, "params": {"alpha": 0.99, "beta": 3.1215707257432777}, "datetime": {"datetime": "2020-10-17 18:09:43", "elapsed": 60.897915, "delta": 0.627086}}
{"target": -291710.4705807704, "params": {"alpha": 0.99, "beta": 3.105274996759885}, "datetime": {"datetime": "2020-10-17 18:09:44", "elapsed": 61.790978, "delta": 0.893063}}
{"target": -291190.7701173776, "params": {"alpha": 0.99, "beta": 3.089000385130093}, "datetime": {"datetime": "2020-10-17 18:09:46", "elapsed": 63.48575, "delta": 1.694772}}
{"target": -293908.2731512908, "params": {"alpha": 0.9855394048741736, "beta": 3.1201671005051406}, "datetime": {"datetime": "2020-10-17 18:09:47", "elapsed": 64.268109, "delta": 0.782359}}
{"target": -290691.7865365725, "params": {"alpha": 0.99, "beta": 3.0729421111684845}, "datetime": {"datetime": "2020-10-17 18:09:48", "elapsed": 65.879846, "delta": 1.611737}}
{"target": -290191.6593436113, "params": {"alpha": 0.99, "beta": 3.0563732685404585}, "datetime": {"datetime": "2020-10-17 18:09:49", "elapsed": 66.960401, "delta": 1.080555}}
{"target": -289709.50820220495, "params": {"alpha": 0.99, "beta": 3.039896968699161}, "datetime": {"datetime": "2020-10-17 18:09:51", "elapsed": 68.623751, "delta": 1.66335}}
{"target": -289245.86146344617, "params": {"alpha": 0.99, "beta": 3.023528338528026}, "datetime": {"datetime": "2020-10-17 18:09:52", "elapsed": 69.81247, "delta": 1.188719}}
{"target": -288799.47509141284, "params": {"alpha": 0.99, "beta": 3.0072188539731464}, "datetime": {"datetime": "2020-10-17 18:09:54", "elapsed": 71.175359, "delta": 1.362889}}
{"target": -289208.2924495939, "params": {"alpha": 0.9887465520379171, "beta": 3.00482095883941}, "datetime": {"datetime": "2020-10-17 18:09:55", "elapsed": 72.711408, "delta": 1.536049}}
{"target": -288397.96451817546, "params": {"alpha": 0.99, "beta": 2.9920257050643357}, "datetime": {"datetime": "2020-10-17 18:09:57", "elapsed": 74.401301, "delta": 1.689893}}
{"target": -1042997.5748669511, "params": {"alpha": 0.3326045110846906, "beta": 6.741563069299485}, "datetime": {"datetime": "2020-10-17 18:09:57", "elapsed": 74.807547, "delta": 0.406246}}
{"target": -287877.3812078302, "params": {"alpha": 0.99, "beta": 2.9714739722559615}, "datetime": {"datetime": "2020-10-17 18:09:58", "elapsed": 76.01292, "delta": 1.205373}}
{"target": -287472.24497039604, "params": {"alpha": 0.99, "beta": 2.954702338929141}, "datetime": {"datetime": "2020-10-17 18:10:00", "elapsed": 77.233998, "delta": 1.221078}}
{"target": -287060.09182059334, "params": {"alpha": 0.99, "beta": 2.936810768524798}, "datetime": {"datetime": "2020-10-17 18:10:01", "elapsed": 78.536634, "delta": 1.302636}}
{"target": -286683.516944901, "params": {"alpha": 0.99, "beta": 2.9195946674780195}, "datetime": {"datetime": "2020-10-17 18:10:02", "elapsed": 79.505387, "delta": 0.968753}}
{"target": -286334.06525957264, "params": {"alpha": 0.99, "beta": 2.9027260956308902}, "datetime": {"datetime": "2020-10-17 18:10:03", "elapsed": 80.319128, "delta": 0.813741}}
{"target": -286012.53974587936, "params": {"alpha": 0.99, "beta": 2.886286163526148}, "datetime": {"datetime": "2020-10-17 18:10:04", "elapsed": 81.446674, "delta": 1.127546}}
{"target": -285718.6244433897, "params": {"alpha": 0.99, "beta": 2.8703155002129206}, "datetime": {"datetime": "2020-10-17 18:10:05", "elapsed": 82.885326, "delta": 1.438652}}
{"target": -285451.93632183113, "params": {"alpha": 0.99, "beta": 2.854863051120055}, "datetime": {"datetime": "2020-10-17 18:10:06", "elapsed": 83.479076, "delta": 0.59375}}
{"target": -286288.72012173204, "params": {"alpha": 0.9883279544204229, "beta": 2.867395865454905}, "datetime": {"datetime": "2020-10-17 18:10:08", "elapsed": 85.27827, "delta": 1.799194}}
{"target": -285173.23748105165, "params": {"alpha": 0.99, "beta": 2.8374815811907017}, "datetime": {"datetime": "2020-10-17 18:10:09", "elapsed": 86.211434, "delta": 0.933164}}
{"target": -284975.3974118253, "params": {"alpha": 0.99, "beta": 2.8241718671365073}, "datetime": {"datetime": "2020-10-17 18:10:10", "elapsed": 87.141, "delta": 0.929566}}
{"target": -612695.797015738, "params": {"alpha": 0.6029497185106835, "beta": 4.357497171976991}, "datetime": {"datetime": "2020-10-17 18:10:10", "elapsed": 87.786853, "delta": 0.645853}}
{"target": -284793.8609244332, "params": {"alpha": 0.99, "beta": 2.811050891931803}, "datetime": {"datetime": "2020-10-17 18:10:12", "elapsed": 89.601751, "delta": 1.814898}}
{"target": -284632.10236788896, "params": {"alpha": 0.99, "beta": 2.798428083316927}, "datetime": {"datetime": "2020-10-17 18:10:13", "elapsed": 90.489837, "delta": 0.888086}}
{"target": -284491.11738883524, "params": {"alpha": 0.99, "beta": 2.7865042913057407}, "datetime": {"datetime": "2020-10-17 18:10:14", "elapsed": 91.287917, "delta": 0.79808}}
{"target": -284369.6937431807, "params": {"alpha": 0.99, "beta": 2.7753397067781598}, "datetime": {"datetime": "2020-10-17 18:10:14", "elapsed": 91.79393, "delta": 0.506013}}
{"target": -284265.5762855188, "params": {"alpha": 0.99, "beta": 2.764901309874359}, "datetime": {"datetime": "2020-10-17 18:10:16", "elapsed": 93.200173, "delta": 1.406243}}
{"target": -284177.1143410457, "params": {"alpha": 0.99, "beta": 2.7552033842232486}, "datetime": {"datetime": "2020-10-17 18:10:17", "elapsed": 94.87711, "delta": 1.676937}}
{"target": -284102.66575542284, "params": {"alpha": 0.99, "beta": 2.7462564991408325}, "datetime": {"datetime": "2020-10-17 18:10:18", "elapsed": 95.702702, "delta": 0.825592}}
{"target": -284040.64802829403, "params": {"alpha": 0.99, "beta": 2.7380705077291716}, "datetime": {"datetime": "2020-10-17 18:10:19", "elapsed": 97.017669, "delta": 1.314967}}
{"target": -1646043.2835474077, "params": {"alpha": 0.3385727648304308, "beta": 2.3785383588899194}, "datetime": {"datetime": "2020-10-17 18:10:20", "elapsed": 97.550096, "delta": 0.532427}}
{"target": -284028.1515883542, "params": {"alpha": 0.99, "beta": 2.736320323014983}, "datetime": {"datetime": "2020-10-17 18:10:21", "elapsed": 98.818086, "delta": 1.26799}}
{"target": -284017.4498132291, "params": {"alpha": 0.99, "beta": 2.734790482031567}, "datetime": {"datetime": "2020-10-17 18:10:22", "elapsed": 99.743845, "delta": 0.925759}}
{"target": -284007.42590561695, "params": {"alpha": 0.99, "beta": 2.733329934142965}, "datetime": {"datetime": "2020-10-17 18:10:23", "elapsed": 101.026236, "delta": 1.282391}}
{"target": -285238.6542496156, "params": {"alpha": 0.9897914150372807, "beta": 2.8367219230166834}, "datetime": {"datetime": "2020-10-17 18:10:25", "elapsed": 102.500122, "delta": 1.473886}}
{"target": -283996.44623150694, "params": {"alpha": 0.99, "beta": 2.7316975215706836}, "datetime": {"datetime": "2020-10-17 18:10:26", "elapsed": 103.12624, "delta": 0.626118}}
{"target": -285490.07548515545, "params": {"alpha": 0.9864889980683806, "beta": 2.757723455105368}, "datetime": {"datetime": "2020-10-17 18:10:27", "elapsed": 105.082005, "delta": 1.955765}}
{"target": -283983.9557203409, "params": {"alpha": 0.99, "beta": 2.729796105331097}, "datetime": {"datetime": "2020-10-17 18:10:29", "elapsed": 106.729216, "delta": 1.647211}}
{"target": -284682.3645839676, "params": {"alpha": 0.9890810586635387, "beta": 2.7729791908406067}, "datetime": {"datetime": "2020-10-17 18:10:30", "elapsed": 108.062188, "delta": 1.332972}}
{"target": -285913.92307345726, "params": {"alpha": 0.9856009724437509, "beta": 2.7676245272714093}, "datetime": {"datetime": "2020-10-17 18:10:32", "elapsed": 109.421561, "delta": 1.359373}}
{"target": -283969.8991944639, "params": {"alpha": 0.99, "beta": 2.7275950664565265}, "datetime": {"datetime": "2020-10-17 18:10:34", "elapsed": 111.937193, "delta": 2.515632}}
{"target": -286008.00330178975, "params": {"alpha": 0.9840038804787159, "beta": 2.695353779426605}, "datetime": {"datetime": "2020-10-17 18:10:36", "elapsed": 113.314762, "delta": 1.377569}}
{"target": -285616.501817489, "params": {"alpha": 0.985137192160703, "beta": 2.702172144267342}, "datetime": {"datetime": "2020-10-17 18:10:38", "elapsed": 115.705395, "delta": 2.390633}}
