{"target": -1768377.0072097396, "params": {"alpha": 0.7276219031074749, "beta": 6.104701139057963}, "datetime": {"datetime": "2020-10-17 18:12:15", "elapsed": 0.0, "delta": 0.0}}
{"target": -1471080.3785886928, "params": {"alpha": 0.3051994122489931, "beta": 8.025246329299044}, "datetime": {"datetime": "2020-10-17 18:12:15", "elapsed": 0.438702, "delta": 0.438702}}
{"target": -1589318.2062708554, "params": {"alpha": 0.497916792317126, "beta": 2.070191679483405}, "datetime": {"datetime": "2020-10-17 18:12:16", "elapsed": 0.879801, "delta": 0.441099}}
{"target": -1361501.803336782, "params": {"alpha": 0.39078833232721283, "beta": 4.551785114854081}, "datetime": {"datetime": "2020-10-17 18:12:16", "elapsed": 1.362058, "delta": 0.482257}}
{"target": -2020150.5760917796, "params": {"alpha": 0.3407750666686109, "beta": 1.7429568007729768}, "datetime": {"datetime": "2020-10-17 18:12:17", "elapsed": 1.768306, "delta": 0.406248}}
{"target": -1340794.077925871, "params": {"alpha": 0.36789380024771157, "beta": 4.680022589282124}, "datetime": {"datetime": "2020-10-17 18:12:17", "elapsed": 2.190183, "delta": 0.421877}}
{"target": -2122826.2170371795, "params": {"alpha": 0.924599368884012, "beta": 3.6279303900661364}, "datetime": {"datetime": "2020-10-17 18:12:17", "elapsed": 2.630272, "delta": 0.440089}}
{"target": -1828407.2250947256, "params": {"alpha": 0.8318685506191031, "beta": 9.90296201688082}, "datetime": {"datetime": "2020-10-17 18:12:18", "elapsed": 3.083397, "delta": 0.453125}}
{"target": -1348376.9105098606, "params": {"alpha": 0.3764939463539029, "beta": 4.631835142705467}, "datetime": {"datetime": "2020-10-17 18:12:18", "elapsed": 3.64501, "delta": 0.561613}}
{"target": -1836103.2534193052, "params": {"alpha": 0.7314212688771988, "beta": 3.7722421535447763}, "datetime": {"datetime": "2020-10-17 18:12:19", "elapsed": 4.103184, "delta": 0.458174}}
{"target": -1300794.4594741473, "params": {"alpha": 0.1165301112709405, "beta": 6.176489919882287}, "datetime": {"datetime": "2020-10-17 18:12:19", "elapsed": 4.540687, "delta": 0.437503}}
{"target": -1302440.093760305, "params": {"alpha": 0.1155859001144257, "beta": 6.176600753305972}, "datetime": {"datetime": "2020-10-17 18:12:20", "elapsed": 5.15006, "delta": 0.609373}}
{"target": -1272158.8673744577, "params": {"alpha": 0.182900744502993, "beta": 6.161416432527773}, "datetime": {"datetime": "2020-10-17 18:12:21", "elapsed": 5.699294, "delta": 0.549234}}
{"target": -1271363.626397249, "params": {"alpha": 0.14686105132008068, "beta": 6.170931091430594}, "datetime": {"datetime": "2020-10-17 18:12:21", "elapsed": 6.293043, "delta": 0.593749}}
{"target": -1268786.171364375, "params": {"alpha": 0.16459623940834434, "beta": 6.173102488068172}, "datetime": {"datetime": "2020-10-17 18:12:22", "elapsed": 6.839919, "delta": 0.546876}}
{"target": -1268452.735886016, "params": {"alpha": 0.16322464958900834, "beta": 6.166961979958042}, "datetime": {"datetime": "2020-10-17 18:12:22", "elapsed": 7.309892, "delta": 0.469973}}
{"target": -1268477.581267732, "params": {"alpha": 0.16305006186248053, "beta": 6.167599450849141}, "datetime": {"datetime": "2020-10-17 18:12:23", "elapsed": 7.90619, "delta": 0.596298}}
{"target": -1681378.8123397431, "params": {"alpha": 0.6295151420379856, "beta": 5.807458857675274}, "datetime": {"datetime": "2020-10-17 18:12:23", "elapsed": 8.360443, "delta": 0.454253}}
{"target": -1268464.8875711928, "params": {"alpha": 0.16290654811725702, "beta": 6.167376898980902}, "datetime": {"datetime": "2020-10-17 18:12:24", "elapsed": 8.876068, "delta": 0.515625}}
{"target": -1268456.7833490467, "params": {"alpha": 0.1627942005293244, "beta": 6.167236261098145}, "datetime": {"datetime": "2020-10-17 18:12:24", "elapsed": 9.454197, "delta": 0.578129}}
{"target": -1268447.8693103853, "params": {"alpha": 0.16267781136424822, "beta": 6.167072276310602}, "datetime": {"datetime": "2020-10-17 18:12:25", "elapsed": 10.063573, "delta": 0.609376}}
{"target": -1268437.0846424396, "params": {"alpha": 0.16255445901223628, "beta": 6.1668610029251365}, "datetime": {"datetime": "2020-10-17 18:12:25", "elapsed": 10.644079, "delta": 0.580506}}
{"target": -1270444.2404917483, "params": {"alpha": 0.14867162571482212, "beta": 6.163274525097122}, "datetime": {"datetime": "2020-10-17 18:12:26", "elapsed": 11.222205, "delta": 0.578126}}
{"target": -1269169.2584869536, "params": {"alpha": 0.15597110122226304, "beta": 6.174537154274338}, "datetime": {"datetime": "2020-10-17 18:12:27", "elapsed": 11.815957, "delta": 0.593752}}
{"target": -1268199.468893152, "params": {"alpha": 0.1626607966614556, "beta": 6.161519260917999}, "datetime": {"datetime": "2020-10-17 18:12:27", "elapsed": 12.394081, "delta": 0.578124}}
{"target": -1270097.5141233427, "params": {"alpha": 0.1645430982239942, "beta": 6.201658614472517}, "datetime": {"datetime": "2020-10-17 18:12:28", "elapsed": 13.034704, "delta": 0.640623}}
{"target": -1267832.5223641102, "params": {"alpha": 0.16273297233014583, "beta": 6.153284808968637}, "datetime": {"datetime": "2020-10-17 18:12:29", "elapsed": 13.740468, "delta": 0.705764}}
{"target": -1270139.2269068349, "params": {"alpha": 0.14812234941045418, "beta": 6.149074733952554}, "datetime": {"datetime": "2020-10-17 18:12:29", "elapsed": 14.371567, "delta": 0.631099}}
{"target": -1267303.63097677, "params": {"alpha": 0.16256748517316327, "beta": 6.141390807127985}, "datetime": {"datetime": "2020-10-17 18:12:30", "elapsed": 14.934069, "delta": 0.562502}}
{"target": -1266967.8729512987, "params": {"alpha": 0.16340826948307735, "beta": 6.133813126322451}, "datetime": {"datetime": "2020-10-17 18:12:30", "elapsed": 15.514641, "delta": 0.580572}}
{"target": -1268907.1387966694, "params": {"alpha": 0.15732509258495728, "beta": 6.172117964629429}, "datetime": {"datetime": "2020-10-17 18:12:31", "elapsed": 16.139637, "delta": 0.624996}}
{"target": -1266555.7600858004, "params": {"alpha": 0.1642614610445219, "beta": 6.124347908452268}, "datetime": {"datetime": "2020-10-17 18:12:32", "elapsed": 16.717766, "delta": 0.578129}}
{"target": -1267349.8909003404, "params": {"alpha": 0.17024740878343328, "beta": 6.130693590488086}, "datetime": {"datetime": "2020-10-17 18:12:32", "elapsed": 17.342771, "delta": 0.625005}}
{"target": -1267757.3663069955, "params": {"alpha": 0.16786479173985683, "beta": 6.145383572259325}, "datetime": {"datetime": "2020-10-17 18:12:33", "elapsed": 17.939887, "delta": 0.597116}}
{"target": -1267406.9732851249, "params": {"alpha": 0.156959295934703, "beta": 6.13461991102824}, "datetime": {"datetime": "2020-10-17 18:12:33", "elapsed": 18.550657, "delta": 0.61077}}
{"target": -1266052.0342363003, "params": {"alpha": 0.16378098710659486, "beta": 6.113259661444807}, "datetime": {"datetime": "2020-10-17 18:12:34", "elapsed": 19.145569, "delta": 0.594912}}
{"target": -1265572.9250865737, "params": {"alpha": 0.16418918503832425, "beta": 6.102483979569044}, "datetime": {"datetime": "2020-10-17 18:12:37", "elapsed": 22.384688, "delta": 3.239119}}
{"target": -1268615.7428216415, "params": {"alpha": 0.14833586159655718, "beta": 6.107025026512298}, "datetime": {"datetime": "2020-10-17 18:12:40", "elapsed": 25.26859, "delta": 2.883902}}
{"target": -1264026.5236709365, "params": {"alpha": 0.16741448928139532, "beta": 6.0662490587867275}, "datetime": {"datetime": "2020-10-17 18:12:44", "elapsed": 29.168604, "delta": 3.900014}}
{"target": -1263955.6481326276, "params": {"alpha": 0.16735730827362152, "beta": 6.064775135278474}, "datetime": {"datetime": "2020-10-17 18:12:47", "elapsed": 32.424594, "delta": 3.25599}}
{"target": -1263436.925013823, "params": {"alpha": 0.16672532555260616, "beta": 6.054023613430553}, "datetime": {"datetime": "2020-10-17 18:12:49", "elapsed": 34.601541, "delta": 2.176947}}
{"target": -1264587.1408099309, "params": {"alpha": 0.17063773065795576, "beta": 6.07219980807092}, "datetime": {"datetime": "2020-10-17 18:12:52", "elapsed": 37.02582, "delta": 2.424279}}
{"target": -1266273.0499996017, "params": {"alpha": 0.1598644972396334, "beta": 6.114956138684078}, "datetime": {"datetime": "2020-10-17 18:12:54", "elapsed": 38.9812, "delta": 1.95538}}
{"target": -1262936.0064691172, "params": {"alpha": 0.16412613079487437, "beta": 6.042922683843798}, "datetime": {"datetime": "2020-10-17 18:12:56", "elapsed": 40.781654, "delta": 1.800454}}
{"target": -1261961.2729622682, "params": {"alpha": 0.16534529565663567, "beta": 6.021406283367923}, "datetime": {"datetime": "2020-10-17 18:12:58", "elapsed": 42.863309, "delta": 2.081655}}
{"target": -1261133.9961418312, "params": {"alpha": 0.16847111579849874, "beta": 6.002198913907824}, "datetime": {"datetime": "2020-10-17 18:13:00", "elapsed": 45.571401, "delta": 2.708092}}
{"target": -1260967.9900402473, "params": {"alpha": 0.171256064637387, "beta": 5.9947294439341885}, "datetime": {"datetime": "2020-10-17 18:13:02", "elapsed": 47.623127, "delta": 2.051726}}
{"target": -1260393.8267770703, "params": {"alpha": 0.1676023228889948, "beta": 5.986384568093773}, "datetime": {"datetime": "2020-10-17 18:13:05", "elapsed": 50.047537, "delta": 2.42441}}
{"target": -1259532.1802777834, "params": {"alpha": 0.1607827352793257, "beta": 5.954228889863565}, "datetime": {"datetime": "2020-10-17 18:13:08", "elapsed": 53.003076, "delta": 2.955539}}
{"target": -1259377.5900702847, "params": {"alpha": 0.16898984013957385, "beta": 5.963335717475745}, "datetime": {"datetime": "2020-10-17 18:13:10", "elapsed": 55.555552, "delta": 2.552476}}
{"target": -1260837.8636550314, "params": {"alpha": 0.18467027886827805, "beta": 5.939355250021728}, "datetime": {"datetime": "2020-10-17 18:13:13", "elapsed": 58.402606, "delta": 2.847054}}
{"target": -1258933.9196663874, "params": {"alpha": 0.16848844904823407, "beta": 5.9537488114573005}, "datetime": {"datetime": "2020-10-17 18:13:17", "elapsed": 61.874371, "delta": 3.471765}}
{"target": -1258056.1532359393, "params": {"alpha": 0.16412383584769363, "beta": 5.929102240394333}, "datetime": {"datetime": "2020-10-17 18:13:20", "elapsed": 64.856255, "delta": 2.981884}}
{"target": -1256878.4131634384, "params": {"alpha": 0.17069686712804155, "beta": 5.907415890066979}, "datetime": {"datetime": "2020-10-17 18:13:23", "elapsed": 67.777015, "delta": 2.92076}}
{"target": -1256424.7840136837, "params": {"alpha": 0.16324879849117818, "beta": 5.886771029619505}, "datetime": {"datetime": "2020-10-17 18:13:25", "elapsed": 70.347927, "delta": 2.570912}}
{"target": -1255441.5088590826, "params": {"alpha": 0.17045422228797222, "beta": 5.875790707021856}, "datetime": {"datetime": "2020-10-17 18:13:28", "elapsed": 73.000207, "delta": 2.65228}}
{"target": -1255021.3675882071, "params": {"alpha": 0.17381599630972305, "beta": 5.86390162207451}, "datetime": {"datetime": "2020-10-17 18:13:30", "elapsed": 75.598937, "delta": 2.59873}}
{"target": -1254744.0255949453, "params": {"alpha": 0.1738701355135392, "beta": 5.857889211758444}, "datetime": {"datetime": "2020-10-17 18:13:34", "elapsed": 79.446325, "delta": 3.847388}}
{"target": -1253704.6964324592, "params": {"alpha": 0.16924245763215054, "beta": 5.835982239970735}, "datetime": {"datetime": "2020-10-17 18:13:37", "elapsed": 82.10922, "delta": 2.662895}}
{"target": -1254071.513728598, "params": {"alpha": 0.1823588514161202, "beta": 5.8203224163031075}, "datetime": {"datetime": "2020-10-17 18:13:40", "elapsed": 84.868607, "delta": 2.759387}}
{"target": -1252959.3620068505, "params": {"alpha": 0.17076182079512817, "beta": 5.820155503301544}, "datetime": {"datetime": "2020-10-17 18:13:42", "elapsed": 86.993608, "delta": 2.125001}}
{"target": -1254849.8326827367, "params": {"alpha": 0.15667368394847866, "beta": 5.795432535459526}, "datetime": {"datetime": "2020-10-17 18:13:45", "elapsed": 89.814421, "delta": 2.820813}}
{"target": -1253083.85500245, "params": {"alpha": 0.16512463096567445, "beta": 5.811129488118373}, "datetime": {"datetime": "2020-10-17 18:13:48", "elapsed": 93.067425, "delta": 3.253004}}
{"target": -1253193.6806606434, "params": {"alpha": 0.17050296062565246, "beta": 5.825327134779342}, "datetime": {"datetime": "2020-10-17 18:13:52", "elapsed": 96.759251, "delta": 3.691826}}
{"target": -1252689.936482503, "params": {"alpha": 0.17023506227840005, "beta": 5.813660510121263}, "datetime": {"datetime": "2020-10-17 18:13:56", "elapsed": 101.581615, "delta": 4.822364}}
{"target": -1252164.1979972776, "params": {"alpha": 0.17300563486603132, "beta": 5.802552996893288}, "datetime": {"datetime": "2020-10-17 18:14:00", "elapsed": 105.155619, "delta": 3.574004}}
{"target": -1251669.5153135941, "params": {"alpha": 0.17614265028449663, "beta": 5.788872538193496}, "datetime": {"datetime": "2020-10-17 18:14:03", "elapsed": 107.957527, "delta": 2.801908}}
{"target": -1251455.7916127627, "params": {"alpha": 0.17800693563831066, "beta": 5.780925813368285}, "datetime": {"datetime": "2020-10-17 18:14:05", "elapsed": 109.976643, "delta": 2.019116}}
{"target": -1251211.2261472493, "params": {"alpha": 0.1794639805501652, "beta": 5.772377309218715}, "datetime": {"datetime": "2020-10-17 18:14:07", "elapsed": 112.651133, "delta": 2.67449}}
{"target": -1250049.3583817482, "params": {"alpha": 0.17672422732247894, "beta": 5.753403654475756}, "datetime": {"datetime": "2020-10-17 18:14:10", "elapsed": 115.342875, "delta": 2.691742}}
{"target": -1248586.8109509686, "params": {"alpha": 0.17783398401718756, "beta": 5.7205660915276}, "datetime": {"datetime": "2020-10-17 18:14:14", "elapsed": 118.797325, "delta": 3.45445}}
{"target": -1250586.3590061532, "params": {"alpha": 0.17939104149603577, "beta": 5.759651908190259}, "datetime": {"datetime": "2020-10-17 18:14:18", "elapsed": 122.890586, "delta": 4.093261}}
{"target": -1248447.1595058073, "params": {"alpha": 0.1728087110004407, "beta": 5.718771554776466}, "datetime": {"datetime": "2020-10-17 18:14:21", "elapsed": 126.500591, "delta": 3.610005}}
{"target": -1248446.6938017714, "params": {"alpha": 0.17302236946559957, "beta": 5.7189604430363525}, "datetime": {"datetime": "2020-10-17 18:14:24", "elapsed": 129.582402, "delta": 3.081811}}
{"target": -1248443.7882159844, "params": {"alpha": 0.17301945368142124, "beta": 5.718891315830411}, "datetime": {"datetime": "2020-10-17 18:14:27", "elapsed": 132.384146, "delta": 2.801744}}
{"target": -1248440.221737589, "params": {"alpha": 0.17300271868637207, "beta": 5.718794792645319}, "datetime": {"datetime": "2020-10-17 18:14:32", "elapsed": 136.754037, "delta": 4.369891}}
{"target": -1248428.6276677148, "params": {"alpha": 0.172981625961563, "beta": 5.718510095544799}, "datetime": {"datetime": "2020-10-17 18:14:35", "elapsed": 140.339402, "delta": 3.585365}}
{"target": -1248334.6847258748, "params": {"alpha": 0.17297190931628287, "beta": 5.716345884981919}, "datetime": {"datetime": "2020-10-17 18:14:40", "elapsed": 144.932666, "delta": 4.593264}}
{"target": -1248713.764506421, "params": {"alpha": 0.1683276598400273, "beta": 5.714855086384721}, "datetime": {"datetime": "2020-10-17 18:14:45", "elapsed": 150.637489, "delta": 5.704823}}
{"target": -1247742.4761642176, "params": {"alpha": 0.17629687918908313, "beta": 5.703709291884985}, "datetime": {"datetime": "2020-10-17 18:14:50", "elapsed": 155.122903, "delta": 4.485414}}
{"target": -1247041.1379757847, "params": {"alpha": 0.1792588308326642, "beta": 5.685475067489133}, "datetime": {"datetime": "2020-10-17 18:14:55", "elapsed": 159.709151, "delta": 4.586248}}
{"target": -1246614.0699997991, "params": {"alpha": 0.18054210124664816, "beta": 5.674211238707072}, "datetime": {"datetime": "2020-10-17 18:14:59", "elapsed": 163.709155, "delta": 4.000004}}
{"target": -1245894.3055032443, "params": {"alpha": 0.18201112225029378, "beta": 5.656065890413549}, "datetime": {"datetime": "2020-10-17 18:15:03", "elapsed": 168.250983, "delta": 4.541828}}
{"target": -1245214.5784754488, "params": {"alpha": 0.18300539326210122, "beta": 5.639607390189972}, "datetime": {"datetime": "2020-10-17 18:15:08", "elapsed": 172.836538, "delta": 4.585555}}
{"target": -1243100.8066700676, "params": {"alpha": 0.17973408896581794, "beta": 5.599769544563586}, "datetime": {"datetime": "2020-10-17 18:15:12", "elapsed": 177.527918, "delta": 4.69138}}
{"target": -1242430.8759976751, "params": {"alpha": 0.17900558904012623, "beta": 5.585195310397194}, "datetime": {"datetime": "2020-10-17 18:15:16", "elapsed": 181.653427, "delta": 4.125509}}
{"target": -1245702.8834958693, "params": {"alpha": 0.19640593580525229, "beta": 5.590702687450418}, "datetime": {"datetime": "2020-10-17 18:15:22", "elapsed": 187.177304, "delta": 5.523877}}
{"target": -1248372.9972935733, "params": {"alpha": 0.15632282160981337, "beta": 5.5683173496620695}, "datetime": {"datetime": "2020-10-17 18:15:24", "elapsed": 189.334308, "delta": 2.157004}}
{"target": -1245861.525532002, "params": {"alpha": 0.17093607096450833, "beta": 5.653552830671587}, "datetime": {"datetime": "2020-10-17 18:15:28", "elapsed": 192.911408, "delta": 3.5771}}
{"target": -1244713.380716246, "params": {"alpha": 0.17390274707057393, "beta": 5.633365901102124}, "datetime": {"datetime": "2020-10-17 18:15:31", "elapsed": 196.527511, "delta": 3.616103}}
{"target": -1242314.6818606523, "params": {"alpha": 0.17017156684455867, "beta": 5.559680445523335}, "datetime": {"datetime": "2020-10-17 18:15:35", "elapsed": 199.80927, "delta": 3.281759}}
{"target": -1240339.0321870728, "params": {"alpha": 0.1887734885879246, "beta": 5.523486135283157}, "datetime": {"datetime": "2020-10-17 18:15:37", "elapsed": 202.586272, "delta": 2.777002}}
{"target": -1240666.2545427675, "params": {"alpha": 0.18510904312977397, "beta": 5.540057239746244}, "datetime": {"datetime": "2020-10-17 18:15:41", "elapsed": 206.247591, "delta": 3.661319}}
{"target": -1238814.4809681245, "params": {"alpha": 0.1844129447956333, "beta": 5.501908574598773}, "datetime": {"datetime": "2020-10-17 18:15:46", "elapsed": 211.1421, "delta": 4.894509}}
{"target": -1237877.6551182782, "params": {"alpha": 0.18244580614885506, "beta": 5.4829094221449}, "datetime": {"datetime": "2020-10-17 18:15:49", "elapsed": 214.576109, "delta": 3.434009}}
{"target": -1237308.5746988382, "params": {"alpha": 0.18392252271742898, "beta": 5.469605104984047}, "datetime": {"datetime": "2020-10-17 18:15:54", "elapsed": 218.860209, "delta": 4.2841}}
{"target": -1236869.2089114615, "params": {"alpha": 0.18722839622587495, "beta": 5.455758325666148}, "datetime": {"datetime": "2020-10-17 18:15:57", "elapsed": 222.060501, "delta": 3.200292}}
{"target": -1236779.7596995286, "params": {"alpha": 0.17949357586396744, "beta": 5.455335241864967}, "datetime": {"datetime": "2020-10-17 18:16:01", "elapsed": 225.812508, "delta": 3.752007}}
{"target": -1236465.4572144432, "params": {"alpha": 0.1907546189806498, "beta": 5.4386405223079715}, "datetime": {"datetime": "2020-10-17 18:16:03", "elapsed": 228.356077, "delta": 2.543569}}
{"target": -1235418.5328177162, "params": {"alpha": 0.18344789448038637, "beta": 5.4274469803723004}, "datetime": {"datetime": "2020-10-17 18:16:06", "elapsed": 231.109634, "delta": 2.753557}}
{"target": -1233988.138363566, "params": {"alpha": 0.18589856399401264, "beta": 5.394824985609369}, "datetime": {"datetime": "2020-10-17 18:16:09", "elapsed": 234.651803, "delta": 3.542169}}
{"target": -1234606.3408032022, "params": {"alpha": 0.1757978721935597, "beta": 5.386591238339363}, "datetime": {"datetime": "2020-10-17 18:16:11", "elapsed": 236.561784, "delta": 1.909981}}
{"target": -1233989.4335701314, "params": {"alpha": 0.18574695341133557, "beta": 5.394925453678136}, "datetime": {"datetime": "2020-10-17 18:16:14", "elapsed": 239.527785, "delta": 2.966001}}
{"target": -1233988.1591237267, "params": {"alpha": 0.18578619565051996, "beta": 5.394879475131006}, "datetime": {"datetime": "2020-10-17 18:16:17", "elapsed": 241.893711, "delta": 2.365926}}
{"target": -1234498.7197621074, "params": {"alpha": 0.19111924548022882, "beta": 5.397166538221198}, "datetime": {"datetime": "2020-10-17 18:16:20", "elapsed": 244.81359, "delta": 2.919879}}
{"target": -1236148.1057793668, "params": {"alpha": 0.171579094818525, "beta": 5.397827549638162}, "datetime": {"datetime": "2020-10-17 18:16:22", "elapsed": 246.817932, "delta": 2.004342}}
{"target": -1232705.02133729, "params": {"alpha": 0.18801464578785906, "beta": 5.364805664967897}, "datetime": {"datetime": "2020-10-17 18:16:24", "elapsed": 249.014104, "delta": 2.196172}}
{"target": -1234926.2261146223, "params": {"alpha": 0.20090794993065508, "beta": 5.365356492189365}, "datetime": {"datetime": "2020-10-17 18:16:26", "elapsed": 251.442106, "delta": 2.428002}}
