{"target": -1947055.7414891566, "params": {"alpha": 0.7276219031074749, "beta": 6.104701139057963}, "datetime": {"datetime": "2020-10-17 18:12:34", "elapsed": 0.0, "delta": 0.0}}
{"target": -2941201.4554217015, "params": {"alpha": 0.3051994122489931, "beta": 8.025246329299044}, "datetime": {"datetime": "2020-10-17 18:12:34", "elapsed": 0.173016, "delta": 0.173016}}
{"target": -5175620.811371944, "params": {"alpha": 0.497916792317126, "beta": 2.070191679483405}, "datetime": {"datetime": "2020-10-17 18:12:34", "elapsed": 0.423023, "delta": 0.250007}}
{"target": -3083228.8576960447, "params": {"alpha": 0.39078833232721283, "beta": 4.551785114854081}, "datetime": {"datetime": "2020-10-17 18:12:34", "elapsed": 0.626147, "delta": 0.203124}}
{"target": -13108902.794956112, "params": {"alpha": 0.3407750666686109, "beta": 1.7429568007729768}, "datetime": {"datetime": "2020-10-17 18:12:34", "elapsed": 0.829273, "delta": 0.203126}}
{"target": -3178568.8839774365, "params": {"alpha": 0.36789380024771157, "beta": 4.680022589282124}, "datetime": {"datetime": "2020-10-17 18:12:35", "elapsed": 1.033642, "delta": 0.204369}}
{"target": -1535154.891934263, "params": {"alpha": 0.924599368884012, "beta": 3.6279303900661364}, "datetime": {"datetime": "2020-10-17 18:12:35", "elapsed": 1.253518, "delta": 0.219876}}
{"target": -1996735.636640286, "params": {"alpha": 0.8318685506191031, "beta": 9.90296201688082}, "datetime": {"datetime": "2020-10-17 18:12:35", "elapsed": 1.456645, "delta": 0.203127}}
{"target": -1535159.9126368884, "params": {"alpha": 0.9245964713746758, "beta": 3.627935451185966}, "datetime": {"datetime": "2020-10-17 18:12:35", "elapsed": 1.78714, "delta": 0.330495}}
{"target": -1523165.2100926845, "params": {"alpha": 0.93158453604735, "beta": 3.6289107713104527}, "datetime": {"datetime": "2020-10-17 18:12:36", "elapsed": 2.099641, "delta": 0.312501}}
{"target": -1499689.2032995156, "params": {"alpha": 0.9455621448516535, "beta": 3.630877805848698}, "datetime": {"datetime": "2020-10-17 18:12:36", "elapsed": 2.552767, "delta": 0.453126}}
{"target": -1451797.8763680072, "params": {"alpha": 0.9753814584853834, "beta": 3.6352887348924243}, "datetime": {"datetime": "2020-10-17 18:12:37", "elapsed": 2.990266, "delta": 0.437499}}
{"target": -1429416.2095762051, "params": {"alpha": 0.99, "beta": 3.6396938294916112}, "datetime": {"datetime": "2020-10-17 18:12:37", "elapsed": 3.490265, "delta": 0.499999}}
{"target": -1430029.5610508306, "params": {"alpha": 0.99, "beta": 3.6592784816943102}, "datetime": {"datetime": "2020-10-17 18:12:37", "elapsed": 3.896517, "delta": 0.406252}}
{"target": -1429700.196740874, "params": {"alpha": 0.99, "beta": 3.648923063106581}, "datetime": {"datetime": "2020-10-17 18:12:38", "elapsed": 4.459014, "delta": 0.562497}}
{"target": -1429484.4703948367, "params": {"alpha": 0.99, "beta": 3.641939432583619}, "datetime": {"datetime": "2020-10-17 18:12:38", "elapsed": 4.898037, "delta": 0.439023}}
{"target": -1429478.7306200247, "params": {"alpha": 0.99, "beta": 3.6417512915388395}, "datetime": {"datetime": "2020-10-17 18:12:39", "elapsed": 5.351373, "delta": 0.453336}}
{"target": -1429472.8876822602, "params": {"alpha": 0.99, "beta": 3.6415596412154043}, "datetime": {"datetime": "2020-10-17 18:12:39", "elapsed": 5.82617, "delta": 0.474797}}
{"target": -1429466.5596888694, "params": {"alpha": 0.99, "beta": 3.6413519351693475}, "datetime": {"datetime": "2020-10-17 18:12:40", "elapsed": 6.233544, "delta": 0.407374}}
{"target": -1429459.6862872115, "params": {"alpha": 0.99, "beta": 3.6411261548520035}, "datetime": {"datetime": "2020-10-17 18:12:40", "elapsed": 6.671049, "delta": 0.437505}}
{"target": -1429451.9285070833, "params": {"alpha": 0.99, "beta": 3.6408711081763974}, "datetime": {"datetime": "2020-10-17 18:12:41", "elapsed": 7.126516, "delta": 0.455467}}
{"target": -1429442.869286541, "params": {"alpha": 0.99, "beta": 3.6405729842779073}, "datetime": {"datetime": "2020-10-17 18:12:41", "elapsed": 7.610902, "delta": 0.484386}}
{"target": -1451512.1316889988, "params": {"alpha": 0.9751814167921505, "beta": 3.608884257496864}, "datetime": {"datetime": "2020-10-17 18:12:42", "elapsed": 8.064029, "delta": 0.453127}}
{"target": -1429207.1072467992, "params": {"alpha": 0.99, "beta": 3.632700395285831}, "datetime": {"datetime": "2020-10-17 18:12:42", "elapsed": 8.517153, "delta": 0.453124}}
{"target": -1429044.5409029394, "params": {"alpha": 0.99, "beta": 3.6271364275782294}, "datetime": {"datetime": "2020-10-17 18:12:43", "elapsed": 8.970281, "delta": 0.453128}}
{"target": -1428957.5457368616, "params": {"alpha": 0.99, "beta": 3.6241101959944784}, "datetime": {"datetime": "2020-10-17 18:12:43", "elapsed": 9.398347, "delta": 0.428066}}
{"target": -1428897.0946240104, "params": {"alpha": 0.99, "beta": 3.6219863590437322}, "datetime": {"datetime": "2020-10-17 18:12:43", "elapsed": 9.882714, "delta": 0.484367}}
{"target": -1428844.6082359883, "params": {"alpha": 0.99, "beta": 3.620127960530162}, "datetime": {"datetime": "2020-10-17 18:12:44", "elapsed": 10.321048, "delta": 0.438334}}
{"target": -1428793.4108265657, "params": {"alpha": 0.99, "beta": 3.6183019774811442}, "datetime": {"datetime": "2020-10-17 18:12:44", "elapsed": 10.775307, "delta": 0.454259}}
{"target": -1428740.6988940772, "params": {"alpha": 0.99, "beta": 3.6164079850077866}, "datetime": {"datetime": "2020-10-17 18:12:45", "elapsed": 11.181557, "delta": 0.40625}}
{"target": -1428685.4423397365, "params": {"alpha": 0.99, "beta": 3.6144069166895854}, "datetime": {"datetime": "2020-10-17 18:12:45", "elapsed": 11.744056, "delta": 0.562499}}
{"target": -1431314.4327768988, "params": {"alpha": 0.9883049845392212, "beta": 3.615788714810736}, "datetime": {"datetime": "2020-10-17 18:12:46", "elapsed": 12.246483, "delta": 0.502427}}
{"target": -1450586.7225184909, "params": {"alpha": 0.9770729928896817, "beta": 3.68679941179614}, "datetime": {"datetime": "2020-10-17 18:12:46", "elapsed": 12.655177, "delta": 0.408694}}
{"target": -1428605.8430655382, "params": {"alpha": 0.99, "beta": 3.6114952495930743}, "datetime": {"datetime": "2020-10-17 18:12:47", "elapsed": 13.061429, "delta": 0.406252}}
{"target": -1433462.9955650673, "params": {"alpha": 0.988935775401329, "beta": 3.7119831857201997}, "datetime": {"datetime": "2020-10-17 18:12:47", "elapsed": 13.686426, "delta": 0.624997}}
{"target": -1428531.8059875928, "params": {"alpha": 0.99, "beta": 3.6087551408818834}, "datetime": {"datetime": "2020-10-17 18:12:48", "elapsed": 14.1083, "delta": 0.421874}}
{"target": -1428445.4130942866, "params": {"alpha": 0.99, "beta": 3.6055172004205516}, "datetime": {"datetime": "2020-10-17 18:12:50", "elapsed": 16.597751, "delta": 2.489451}}
{"target": -1433905.2572087732, "params": {"alpha": 0.9864328982370629, "beta": 3.6048685141288965}, "datetime": {"datetime": "2020-10-17 18:12:53", "elapsed": 19.084525, "delta": 2.486774}}
{"target": -1428373.135724016, "params": {"alpha": 0.99, "beta": 3.60277331468344}, "datetime": {"datetime": "2020-10-17 18:12:55", "elapsed": 21.011001, "delta": 1.926476}}
{"target": -1428290.1295611684, "params": {"alpha": 0.99, "beta": 3.5995810064069547}, "datetime": {"datetime": "2020-10-17 18:12:57", "elapsed": 23.27902, "delta": 2.268019}}
{"target": -1428188.7272684565, "params": {"alpha": 0.99, "beta": 3.595618538137063}, "datetime": {"datetime": "2020-10-17 18:12:59", "elapsed": 25.408743, "delta": 2.129723}}
{"target": -1428085.3056185467, "params": {"alpha": 0.99, "beta": 3.591501992323818}, "datetime": {"datetime": "2020-10-17 18:13:01", "elapsed": 27.507537, "delta": 2.098794}}
{"target": -1427992.9993757906, "params": {"alpha": 0.99, "beta": 3.5877597244189268}, "datetime": {"datetime": "2020-10-17 18:13:03", "elapsed": 29.603711, "delta": 2.096174}}
{"target": -1427909.3588226978, "params": {"alpha": 0.99, "beta": 3.584309843570718}, "datetime": {"datetime": "2020-10-17 18:13:05", "elapsed": 31.699982, "delta": 2.096271}}
{"target": -1427829.204671076, "params": {"alpha": 0.99, "beta": 3.5809481010601263}, "datetime": {"datetime": "2020-10-17 18:13:07", "elapsed": 33.202403, "delta": 1.502421}}
{"target": -1427749.0069356, "params": {"alpha": 0.99, "beta": 3.57752684191791}, "datetime": {"datetime": "2020-10-17 18:13:09", "elapsed": 35.907604, "delta": 2.705201}}
{"target": -1439074.4415445982, "params": {"alpha": 0.9830074240026575, "beta": 3.5995055926538275}, "datetime": {"datetime": "2020-10-17 18:13:12", "elapsed": 38.426755, "delta": 2.519151}}
{"target": -1427664.6915585953, "params": {"alpha": 0.99, "beta": 3.5738639278688566}, "datetime": {"datetime": "2020-10-17 18:13:16", "elapsed": 42.064372, "delta": 3.637617}}
{"target": -1427581.2519577034, "params": {"alpha": 0.99, "beta": 3.570168200657328}, "datetime": {"datetime": "2020-10-17 18:13:19", "elapsed": 45.443588, "delta": 3.379216}}
{"target": -1427498.6102895932, "params": {"alpha": 0.99, "beta": 3.566433644065783}, "datetime": {"datetime": "2020-10-17 18:13:23", "elapsed": 48.974399, "delta": 3.530811}}
{"target": -1427416.7839480874, "params": {"alpha": 0.99, "beta": 3.56265812110188}, "datetime": {"datetime": "2020-10-17 18:13:27", "elapsed": 52.955842, "delta": 3.981443}}
{"target": -1436408.865807132, "params": {"alpha": 0.9857572211458534, "beta": 3.6575646396162096}, "datetime": {"datetime": "2020-10-17 18:13:30", "elapsed": 55.985768, "delta": 3.029926}}
{"target": -1428934.0349249674, "params": {"alpha": 0.9882730128375391, "beta": 3.491161041446875}, "datetime": {"datetime": "2020-10-17 18:13:34", "elapsed": 60.097487, "delta": 4.111719}}
{"target": -1432144.4692925615, "params": {"alpha": 0.9898072242472417, "beta": 3.711510231724849}, "datetime": {"datetime": "2020-10-17 18:13:36", "elapsed": 62.383505, "delta": 2.286018}}
{"target": -1429996.3036221506, "params": {"alpha": 0.9878376151100594, "beta": 3.51949340415149}, "datetime": {"datetime": "2020-10-17 18:13:39", "elapsed": 65.110852, "delta": 2.727347}}
{"target": -1429892.4843615368, "params": {"alpha": 0.9881262835478077, "beta": 3.5405576876574396}, "datetime": {"datetime": "2020-10-17 18:13:41", "elapsed": 67.927313, "delta": 2.816461}}
{"target": -1426286.8109375292, "params": {"alpha": 0.99, "beta": 3.497349983594852}, "datetime": {"datetime": "2020-10-17 18:13:44", "elapsed": 70.807878, "delta": 2.880565}}
{"target": -1437181.102664051, "params": {"alpha": 0.9867978907592386, "beta": 3.725934412940499}, "datetime": {"datetime": "2020-10-17 18:13:48", "elapsed": 74.090879, "delta": 3.283001}}
{"target": -1426312.9323740632, "params": {"alpha": 0.99, "beta": 3.499337415823048}, "datetime": {"datetime": "2020-10-17 18:13:52", "elapsed": 78.513006, "delta": 4.422127}}
{"target": -1426310.2413092826, "params": {"alpha": 0.99, "beta": 3.499134541903976}, "datetime": {"datetime": "2020-10-17 18:13:57", "elapsed": 83.389069, "delta": 4.876063}}
{"target": -1426309.4718640933, "params": {"alpha": 0.99, "beta": 3.4990764573260176}, "datetime": {"datetime": "2020-10-17 18:14:01", "elapsed": 86.991074, "delta": 3.602005}}
{"target": -1426309.1594996038, "params": {"alpha": 0.99, "beta": 3.4990528673846772}, "datetime": {"datetime": "2020-10-17 18:14:04", "elapsed": 90.032961, "delta": 3.041887}}
{"target": -1427986.2298956541, "params": {"alpha": 0.9899917700968024, "beta": 3.5869638555173085}, "datetime": {"datetime": "2020-10-17 18:14:06", "elapsed": 92.506712, "delta": 2.473751}}
{"target": -1426308.6451539733, "params": {"alpha": 0.99, "beta": 3.4990140112572212}, "datetime": {"datetime": "2020-10-17 18:14:09", "elapsed": 95.073337, "delta": 2.566625}}
{"target": -1426308.2758823337, "params": {"alpha": 0.99, "beta": 3.498986105143939}, "datetime": {"datetime": "2020-10-17 18:14:12", "elapsed": 98.09373, "delta": 3.020393}}
{"target": -1426308.249785775, "params": {"alpha": 0.99, "beta": 3.4989841327061426}, "datetime": {"datetime": "2020-10-17 18:14:15", "elapsed": 101.145674, "delta": 3.051944}}
{"target": -1430347.890501244, "params": {"alpha": 0.987508240571076, "beta": 3.507803640955867}, "datetime": {"datetime": "2020-10-17 18:14:19", "elapsed": 105.205042, "delta": 4.059368}}
{"target": -1429910.6898652501, "params": {"alpha": 0.9877918308575199, "beta": 3.5085135244553527}, "datetime": {"datetime": "2020-10-17 18:14:22", "elapsed": 108.430035, "delta": 3.224993}}
{"target": -1426245.2425209412, "params": {"alpha": 0.99, "beta": 3.494098874324525}, "datetime": {"datetime": "2020-10-17 18:14:25", "elapsed": 111.172353, "delta": 2.742318}}
{"target": -1426231.0736020124, "params": {"alpha": 0.99, "beta": 3.4929640558624557}, "datetime": {"datetime": "2020-10-17 18:14:27", "elapsed": 113.208474, "delta": 2.036121}}
{"target": -1426215.014710017, "params": {"alpha": 0.99, "beta": 3.4916603772038988}, "datetime": {"datetime": "2020-10-17 18:14:29", "elapsed": 115.756488, "delta": 2.548014}}
{"target": -1440491.3402194432, "params": {"alpha": 0.9810108094593911, "beta": 3.4908517412750513}, "datetime": {"datetime": "2020-10-17 18:14:32", "elapsed": 118.475497, "delta": 2.719009}}
{"target": -1427730.732425374, "params": {"alpha": 0.9887968066568134, "beta": 3.4471964904047057}, "datetime": {"datetime": "2020-10-17 18:14:35", "elapsed": 121.023103, "delta": 2.547606}}
{"target": -1425899.6183287164, "params": {"alpha": 0.99, "beta": 3.460196819524106}, "datetime": {"datetime": "2020-10-17 18:14:38", "elapsed": 124.082569, "delta": 3.059466}}
{"target": -1429171.8980771839, "params": {"alpha": 0.9881616198390467, "beta": 3.4964143650869843}, "datetime": {"datetime": "2020-10-17 18:14:42", "elapsed": 128.626939, "delta": 4.54437}}
{"target": -1425888.92859972, "params": {"alpha": 0.99, "beta": 3.4588048533279876}, "datetime": {"datetime": "2020-10-17 18:14:46", "elapsed": 132.462944, "delta": 3.836005}}
{"target": -1425888.4576353098, "params": {"alpha": 0.99, "beta": 3.4587426707447273}, "datetime": {"datetime": "2020-10-17 18:14:49", "elapsed": 135.055045, "delta": 2.592101}}
{"target": -1425888.9031876624, "params": {"alpha": 0.99, "beta": 3.4588015000064956}, "datetime": {"datetime": "2020-10-17 18:14:52", "elapsed": 138.185582, "delta": 3.130537}}
{"target": -1425888.8700918169, "params": {"alpha": 0.99, "beta": 3.458797132424896}, "datetime": {"datetime": "2020-10-17 18:14:56", "elapsed": 142.580607, "delta": 4.395025}}
{"target": -1425888.6972270347, "params": {"alpha": 0.99, "beta": 3.4587743139076106}, "datetime": {"datetime": "2020-10-17 18:14:59", "elapsed": 145.843611, "delta": 3.263004}}
{"target": -1425889.000826673, "params": {"alpha": 0.99, "beta": 3.45881438306582}, "datetime": {"datetime": "2020-10-17 18:15:02", "elapsed": 148.354151, "delta": 2.51054}}
{"target": -1425889.4421343976, "params": {"alpha": 0.99, "beta": 3.458872572085446}, "datetime": {"datetime": "2020-10-17 18:15:04", "elapsed": 150.827976, "delta": 2.473825}}
{"target": -1425888.973573621, "params": {"alpha": 0.99, "beta": 3.458810787460055}, "datetime": {"datetime": "2020-10-17 18:15:09", "elapsed": 155.336992, "delta": 4.509016}}
{"target": -1434370.440966923, "params": {"alpha": 0.9863438302232307, "beta": 3.617603965059248}, "datetime": {"datetime": "2020-10-17 18:15:12", "elapsed": 158.774123, "delta": 3.437131}}
{"target": -1425888.6746206223, "params": {"alpha": 0.99, "beta": 3.4587713290737154}, "datetime": {"datetime": "2020-10-17 18:15:15", "elapsed": 160.984136, "delta": 2.210013}}
{"target": -1425889.3727865769, "params": {"alpha": 0.99, "beta": 3.4588634324665675}, "datetime": {"datetime": "2020-10-17 18:15:17", "elapsed": 163.49638, "delta": 2.512244}}
{"target": -1425889.024240002, "params": {"alpha": 0.99, "beta": 3.458817471883222}, "datetime": {"datetime": "2020-10-17 18:15:20", "elapsed": 166.536762, "delta": 3.040382}}
{"target": -1425889.1860476567, "params": {"alpha": 0.99, "beta": 3.458838813451697}, "datetime": {"datetime": "2020-10-17 18:15:22", "elapsed": 168.464759, "delta": 1.927997}}
{"target": -1425888.611249999, "params": {"alpha": 0.99, "beta": 3.4587629610317427}, "datetime": {"datetime": "2020-10-17 18:15:25", "elapsed": 171.017764, "delta": 2.553005}}
{"target": -1425889.515455845, "params": {"alpha": 0.99, "beta": 3.4588822336628806}, "datetime": {"datetime": "2020-10-17 18:15:27", "elapsed": 173.075024, "delta": 2.05726}}
{"target": -1425889.4233006837, "params": {"alpha": 0.99, "beta": 3.4588700900754796}, "datetime": {"datetime": "2020-10-17 18:15:29", "elapsed": 175.208405, "delta": 2.133381}}
{"target": -1425889.3624578363, "params": {"alpha": 0.99, "beta": 3.4588620710646656}, "datetime": {"datetime": "2020-10-17 18:15:31", "elapsed": 177.287722, "delta": 2.079317}}
{"target": -1434859.1730486166, "params": {"alpha": 0.9863049216492313, "beta": 3.6332983499526734}, "datetime": {"datetime": "2020-10-17 18:15:33", "elapsed": 179.511721, "delta": 2.223999}}
{"target": -1427428.5546913038, "params": {"alpha": 0.9890797503361921, "beta": 3.4684605457251743}, "datetime": {"datetime": "2020-10-17 18:15:35", "elapsed": 181.759724, "delta": 2.248003}}
{"target": -1433633.3031593347, "params": {"alpha": 0.9850872692230871, "beta": 3.4267624552723004}, "datetime": {"datetime": "2020-10-17 18:15:38", "elapsed": 184.188727, "delta": 2.429003}}
{"target": -1425867.4507091884, "params": {"alpha": 0.99, "beta": 3.455889030467159}, "datetime": {"datetime": "2020-10-17 18:15:40", "elapsed": 186.802648, "delta": 2.613921}}
{"target": -1426491.6777194084, "params": {"alpha": 0.9895083200032455, "beta": 3.415931735914665}, "datetime": {"datetime": "2020-10-17 18:15:43", "elapsed": 189.390969, "delta": 2.588321}}
{"target": -1425697.4410527511, "params": {"alpha": 0.99, "beta": 3.4110388515338004}, "datetime": {"datetime": "2020-10-17 18:15:46", "elapsed": 192.664555, "delta": 3.273586}}
{"target": -1425697.2347732226, "params": {"alpha": 0.99, "beta": 3.4074319417738805}, "datetime": {"datetime": "2020-10-17 18:15:48", "elapsed": 194.653559, "delta": 1.989004}}
{"target": -1425697.1090735462, "params": {"alpha": 0.99, "beta": 3.408173241378847}, "datetime": {"datetime": "2020-10-17 18:15:51", "elapsed": 197.132571, "delta": 2.479012}}
{"target": -1425697.1101565522, "params": {"alpha": 0.99, "beta": 3.408163535419265}, "datetime": {"datetime": "2020-10-17 18:15:53", "elapsed": 199.418909, "delta": 2.286338}}
{"target": -1428948.6799355173, "params": {"alpha": 0.9881274367013996, "beta": 3.46928693273111}, "datetime": {"datetime": "2020-10-17 18:15:55", "elapsed": 201.577532, "delta": 2.158623}}
{"target": -1425697.109506545, "params": {"alpha": 0.99, "beta": 3.40816934474788}, "datetime": {"datetime": "2020-10-17 18:15:58", "elapsed": 203.950957, "delta": 2.373425}}
{"target": -1427382.500838728, "params": {"alpha": 0.9889694168321725, "beta": 3.3941422411577866}, "datetime": {"datetime": "2020-10-17 18:16:00", "elapsed": 206.168959, "delta": 2.218002}}
{"target": -1439121.7686712842, "params": {"alpha": 0.9840884484343944, "beta": 3.6631080537820337}, "datetime": {"datetime": "2020-10-17 18:16:02", "elapsed": 208.546964, "delta": 2.378005}}
{"target": -1425789.193237595, "params": {"alpha": 0.99, "beta": 3.443324055780196}, "datetime": {"datetime": "2020-10-17 18:16:04", "elapsed": 210.417156, "delta": 1.870192}}
{"target": -1425697.1572475242, "params": {"alpha": 0.99, "beta": 3.4078251518959894}, "datetime": {"datetime": "2020-10-17 18:16:06", "elapsed": 212.638253, "delta": 2.221097}}
{"target": -1434823.526936842, "params": {"alpha": 0.9843840987692807, "beta": 3.450659508062479}, "datetime": {"datetime": "2020-10-17 18:16:08", "elapsed": 214.50988, "delta": 1.871627}}
