{"target": -1319237.2640092422, "params": {"alpha": 0.7276219031074749, "beta": 6.104701139057963}, "datetime": {"datetime": "2020-10-17 18:08:42", "elapsed": 0.0, "delta": 0.0}}
{"target": -2195441.352487466, "params": {"alpha": 0.3051994122489931, "beta": 8.025246329299044}, "datetime": {"datetime": "2020-10-17 18:08:42", "elapsed": 0.078123, "delta": 0.078123}}
{"target": -2133637.1966559216, "params": {"alpha": 0.497916792317126, "beta": 2.070191679483405}, "datetime": {"datetime": "2020-10-17 18:08:42", "elapsed": 0.14062, "delta": 0.062497}}
{"target": -2074949.5571209195, "params": {"alpha": 0.39078833232721283, "beta": 4.551785114854081}, "datetime": {"datetime": "2020-10-17 18:08:43", "elapsed": 0.207066, "delta": 0.066446}}
{"target": -5009041.073763572, "params": {"alpha": 0.3407750666686109, "beta": 1.7429568007729768}, "datetime": {"datetime": "2020-10-17 18:08:43", "elapsed": 0.269566, "delta": 0.0625}}
{"target": -2165953.877355648, "params": {"alpha": 0.36789380024771157, "beta": 4.680022589282124}, "datetime": {"datetime": "2020-10-17 18:08:43", "elapsed": 0.332065, "delta": 0.062499}}
{"target": -836505.6797458187, "params": {"alpha": 0.924599368884012, "beta": 3.6279303900661364}, "datetime": {"datetime": "2020-10-17 18:08:43", "elapsed": 0.403544, "delta": 0.071479}}
{"target": -1444079.4070061126, "params": {"alpha": 0.8318685506191031, "beta": 9.90296201688082}, "datetime": {"datetime": "2020-10-17 18:08:43", "elapsed": 0.478685, "delta": 0.075141}}
{"target": -971597.292572839, "params": {"alpha": 0.7834347263620264, "beta": 3.097941426327284}, "datetime": {"datetime": "2020-10-17 18:08:43", "elapsed": 0.612173, "delta": 0.133488}}
{"target": -1123779.395085154, "params": {"alpha": 0.7314212688771988, "beta": 3.7722421535447763}, "datetime": {"datetime": "2020-10-17 18:08:43", "elapsed": 0.705934, "delta": 0.093761}}
{"target": -3999059.5109979715, "params": {"alpha": 0.1165301112709405, "beta": 6.176489919882287}, "datetime": {"datetime": "2020-10-17 18:08:43", "elapsed": 0.830934, "delta": 0.125}}
{"target": -873093.5551493223, "params": {"alpha": 0.8950227491003993, "beta": 3.6455017589629564}, "datetime": {"datetime": "2020-10-17 18:08:43", "elapsed": 1.018436, "delta": 0.187502}}
{"target": -830805.1273187891, "params": {"alpha": 0.9288334994106441, "beta": 3.620619107808896}, "datetime": {"datetime": "2020-10-17 18:08:44", "elapsed": 1.221563, "delta": 0.203127}}
{"target": -830269.03705933, "params": {"alpha": 0.9278575428164116, "beta": 3.608271387499946}, "datetime": {"datetime": "2020-10-17 18:08:44", "elapsed": 1.471479, "delta": 0.249916}}
{"target": -1112175.3626657175, "params": {"alpha": 0.738051151444141, "beta": 3.7707533713858736}, "datetime": {"datetime": "2020-10-17 18:08:44", "elapsed": 1.613186, "delta": 0.141707}}
{"target": -817113.3535149717, "params": {"alpha": 0.9402008422661967, "beta": 3.6117942084591954}, "datetime": {"datetime": "2020-10-17 18:08:44", "elapsed": 1.816313, "delta": 0.203127}}
{"target": -785918.0690676532, "params": {"alpha": 0.9679324911575306, "beta": 3.597944061704172}, "datetime": {"datetime": "2020-10-17 18:08:44", "elapsed": 2.035589, "delta": 0.219276}}
{"target": -1439013.8985544443, "params": {"alpha": 0.6295151420379856, "beta": 5.807458857675274}, "datetime": {"datetime": "2020-10-17 18:08:44", "elapsed": 2.144962, "delta": 0.109373}}
{"target": -1632746.0320529924, "params": {"alpha": 0.5641566850540021, "beta": 8.008751085268823}, "datetime": {"datetime": "2020-10-17 18:08:45", "elapsed": 2.239875, "delta": 0.094913}}
{"target": -762326.255290417, "params": {"alpha": 0.99, "beta": 3.5875367857825995}, "datetime": {"datetime": "2020-10-17 18:08:45", "elapsed": 2.458628, "delta": 0.218753}}
{"target": -760539.7412465798, "params": {"alpha": 0.99, "beta": 3.574719669434588}, "datetime": {"datetime": "2020-10-17 18:08:45", "elapsed": 2.71523, "delta": 0.256602}}
{"target": -760649.113670558, "params": {"alpha": 0.99, "beta": 3.5755041091706836}, "datetime": {"datetime": "2020-10-17 18:08:45", "elapsed": 2.933981, "delta": 0.218751}}
{"target": -766338.3549363281, "params": {"alpha": 0.9817972001027492, "beta": 3.5579011018272473}, "datetime": {"datetime": "2020-10-17 18:08:45", "elapsed": 3.13828, "delta": 0.204299}}
{"target": -759058.6595380611, "params": {"alpha": 0.99, "beta": 3.5641000492962474}, "datetime": {"datetime": "2020-10-17 18:08:46", "elapsed": 3.38828, "delta": 0.25}}
{"target": -757248.662898541, "params": {"alpha": 0.99, "beta": 3.5511293499234617}, "datetime": {"datetime": "2020-10-17 18:08:46", "elapsed": 3.60904, "delta": 0.22076}}
{"target": -755440.0831401554, "params": {"alpha": 0.99, "beta": 3.53817643683193}, "datetime": {"datetime": "2020-10-17 18:08:46", "elapsed": 3.844538, "delta": 0.235498}}
{"target": -753548.7487745014, "params": {"alpha": 0.99, "beta": 3.524638548743892}, "datetime": {"datetime": "2020-10-17 18:08:46", "elapsed": 4.034008, "delta": 0.18947}}
{"target": -751530.3859823976, "params": {"alpha": 0.99, "beta": 3.5101995609025387}, "datetime": {"datetime": "2020-10-17 18:08:47", "elapsed": 4.190272, "delta": 0.156264}}
{"target": -749428.4079182026, "params": {"alpha": 0.99, "beta": 3.495170715498884}, "datetime": {"datetime": "2020-10-17 18:08:47", "elapsed": 4.425723, "delta": 0.235451}}
{"target": -747230.3608682974, "params": {"alpha": 0.99, "beta": 3.479463316458875}, "datetime": {"datetime": "2020-10-17 18:08:47", "elapsed": 4.64449, "delta": 0.218767}}
{"target": -744945.3894376475, "params": {"alpha": 0.99, "beta": 3.4631429159893656}, "datetime": {"datetime": "2020-10-17 18:08:47", "elapsed": 4.816363, "delta": 0.171873}}
{"target": -3256149.404252985, "params": {"alpha": 0.1368641698862598, "beta": 7.531481283924518}, "datetime": {"datetime": "2020-10-17 18:08:47", "elapsed": 5.019487, "delta": 0.203124}}
{"target": -750047.3627307592, "params": {"alpha": 0.9878282622539426, "beta": 3.4841633262860188}, "datetime": {"datetime": "2020-10-17 18:08:48", "elapsed": 5.191368, "delta": 0.171881}}
{"target": -742311.2623632123, "params": {"alpha": 0.99, "beta": 3.4443378029785032}, "datetime": {"datetime": "2020-10-17 18:08:48", "elapsed": 5.446433, "delta": 0.255065}}
{"target": -739674.4473990164, "params": {"alpha": 0.99, "beta": 3.425521893814534}, "datetime": {"datetime": "2020-10-17 18:08:48", "elapsed": 5.650674, "delta": 0.204241}}
{"target": -736956.3663837084, "params": {"alpha": 0.99, "beta": 3.4061332780307176}, "datetime": {"datetime": "2020-10-17 18:08:48", "elapsed": 5.853797, "delta": 0.203123}}
{"target": -752908.6769450734, "params": {"alpha": 0.9792479741681845, "beta": 3.4426295925634216}, "datetime": {"datetime": "2020-10-17 18:08:56", "elapsed": 13.893595, "delta": 8.039798}}
{"target": -734114.605807965, "params": {"alpha": 0.99, "beta": 3.3858684139526196}, "datetime": {"datetime": "2020-10-17 18:09:06", "elapsed": 23.721782, "delta": 9.828187}}
{"target": -731285.6793486058, "params": {"alpha": 0.99, "beta": 3.365699186393607}, "datetime": {"datetime": "2020-10-17 18:09:14", "elapsed": 31.304748, "delta": 7.582966}}
{"target": -728467.5926930449, "params": {"alpha": 0.99, "beta": 3.345609293632552}, "datetime": {"datetime": "2020-10-17 18:09:16", "elapsed": 33.806359, "delta": 2.501611}}
{"target": -725670.0554342583, "params": {"alpha": 0.99, "beta": 3.3256658573192617}, "datetime": {"datetime": "2020-10-17 18:09:19", "elapsed": 37.054507, "delta": 3.248148}}
{"target": -722906.6003124143, "params": {"alpha": 0.99, "beta": 3.3059632801735255}, "datetime": {"datetime": "2020-10-17 18:09:20", "elapsed": 38.036633, "delta": 0.982126}}
{"target": -720179.2083901117, "params": {"alpha": 0.99, "beta": 3.286513697645018}, "datetime": {"datetime": "2020-10-17 18:09:22", "elapsed": 39.729518, "delta": 1.692885}}
{"target": -717486.3874653914, "params": {"alpha": 0.99, "beta": 3.267304564859087}, "datetime": {"datetime": "2020-10-17 18:09:23", "elapsed": 40.649097, "delta": 0.919579}}
{"target": -714821.4788713114, "params": {"alpha": 0.99, "beta": 3.248286525929568}, "datetime": {"datetime": "2020-10-17 18:09:24", "elapsed": 42.105713, "delta": 1.456616}}
{"target": -712174.3875380834, "params": {"alpha": 0.99, "beta": 3.2293856522257935}, "datetime": {"datetime": "2020-10-17 18:09:25", "elapsed": 42.49634, "delta": 0.390627}}
{"target": -707623.2439477937, "params": {"alpha": 0.9898952577406867, "beta": 3.196094048774677}, "datetime": {"datetime": "2020-10-17 18:09:26", "elapsed": 43.904899, "delta": 1.408559}}
{"target": -705708.7719191419, "params": {"alpha": 0.99, "beta": 3.1831641683295735}, "datetime": {"datetime": "2020-10-17 18:09:27", "elapsed": 44.326772, "delta": 0.421873}}
{"target": -702679.7665340841, "params": {"alpha": 0.99, "beta": 3.1614761066761243}, "datetime": {"datetime": "2020-10-17 18:09:27", "elapsed": 44.967397, "delta": 0.640625}}
{"target": -700174.8233105963, "params": {"alpha": 0.99, "beta": 3.143520246926667}, "datetime": {"datetime": "2020-10-17 18:09:28", "elapsed": 46.017424, "delta": 1.050027}}
{"target": -697304.9025614801, "params": {"alpha": 0.99, "beta": 3.1229227425090618}, "datetime": {"datetime": "2020-10-17 18:09:29", "elapsed": 46.564299, "delta": 0.546875}}
{"target": -709441.4004171796, "params": {"alpha": 0.976746596377058, "beta": 3.1103857089756137}, "datetime": {"datetime": "2020-10-17 18:09:30", "elapsed": 47.314298, "delta": 0.749999}}
{"target": -2169022.790747485, "params": {"alpha": 0.3456178407546785, "beta": 5.690841020849503}, "datetime": {"datetime": "2020-10-17 18:09:30", "elapsed": 48.017425, "delta": 0.703127}}
{"target": -693929.1105410437, "params": {"alpha": 0.9892389352146332, "beta": 3.0929906540729046}, "datetime": {"datetime": "2020-10-17 18:09:32", "elapsed": 49.394733, "delta": 1.377308}}
{"target": -690295.3397317707, "params": {"alpha": 0.99, "beta": 3.0724795980679844}, "datetime": {"datetime": "2020-10-17 18:09:33", "elapsed": 50.25411, "delta": 0.859377}}
{"target": -686824.4691022909, "params": {"alpha": 0.99, "beta": 3.0474181480733797}, "datetime": {"datetime": "2020-10-17 18:09:33", "elapsed": 50.725293, "delta": 0.471183}}
{"target": -683702.0934354659, "params": {"alpha": 0.99, "beta": 3.0248175550652396}, "datetime": {"datetime": "2020-10-17 18:09:34", "elapsed": 51.788934, "delta": 1.063641}}
{"target": -691697.3060372341, "params": {"alpha": 0.988719080575866, "beta": 3.073011019623987}, "datetime": {"datetime": "2020-10-17 18:09:35", "elapsed": 52.822551, "delta": 1.033617}}
{"target": -680257.2435231197, "params": {"alpha": 0.99, "beta": 2.9998148777100764}, "datetime": {"datetime": "2020-10-17 18:09:36", "elapsed": 53.528037, "delta": 0.705486}}
{"target": -676825.122248565, "params": {"alpha": 0.99, "beta": 2.9748259595454765}, "datetime": {"datetime": "2020-10-17 18:09:37", "elapsed": 54.731158, "delta": 1.203121}}
{"target": -673382.8357577337, "params": {"alpha": 0.99, "beta": 2.9496756160681854}, "datetime": {"datetime": "2020-10-17 18:09:38", "elapsed": 55.528036, "delta": 0.796878}}
{"target": -669905.7902079697, "params": {"alpha": 0.99, "beta": 2.9241730314400947}, "datetime": {"datetime": "2020-10-17 18:09:39", "elapsed": 56.408077, "delta": 0.880041}}
{"target": -670037.4827226236, "params": {"alpha": 0.9881758199178169, "beta": 2.9109756450613284}, "datetime": {"datetime": "2020-10-17 18:09:40", "elapsed": 57.468332, "delta": 1.060255}}
{"target": -666637.7095720234, "params": {"alpha": 0.99, "beta": 2.900103930634739}, "datetime": {"datetime": "2020-10-17 18:09:40", "elapsed": 58.089331, "delta": 0.620999}}
{"target": -662347.5204923286, "params": {"alpha": 0.99, "beta": 2.8683454152879864}, "datetime": {"datetime": "2020-10-17 18:09:41", "elapsed": 59.13621, "delta": 1.046879}}
{"target": -659271.1361025333, "params": {"alpha": 0.99, "beta": 2.8454476529951966}, "datetime": {"datetime": "2020-10-17 18:09:43", "elapsed": 60.300966, "delta": 1.164756}}
{"target": -670272.3650574031, "params": {"alpha": 0.9888987431580114, "beta": 2.9183357739803353}, "datetime": {"datetime": "2020-10-17 18:09:44", "elapsed": 61.195924, "delta": 0.894958}}
{"target": -655479.2735212714, "params": {"alpha": 0.99, "beta": 2.8170662001605025}, "datetime": {"datetime": "2020-10-17 18:09:45", "elapsed": 62.354633, "delta": 1.158709}}
{"target": -651984.8487106164, "params": {"alpha": 0.99, "beta": 2.790741076062639}, "datetime": {"datetime": "2020-10-17 18:09:46", "elapsed": 63.595125, "delta": 1.240492}}
{"target": -648419.9439742536, "params": {"alpha": 0.99, "beta": 2.7636998252221407}, "datetime": {"datetime": "2020-10-17 18:09:48", "elapsed": 65.207968, "delta": 1.612843}}
{"target": -644912.0373969239, "params": {"alpha": 0.99, "beta": 2.7368901353152055}, "datetime": {"datetime": "2020-10-17 18:09:48", "elapsed": 66.129843, "delta": 0.921875}}
{"target": -641431.4098689378, "params": {"alpha": 0.99, "beta": 2.710072303420913}, "datetime": {"datetime": "2020-10-17 18:09:50", "elapsed": 67.540924, "delta": 1.411081}}
{"target": -657031.881563603, "params": {"alpha": 0.9700968455610643, "beta": 2.6594525226130097}, "datetime": {"datetime": "2020-10-17 18:09:51", "elapsed": 68.936253, "delta": 1.395329}}
{"target": -639039.4317613224, "params": {"alpha": 0.99, "beta": 2.6915061029254654}, "datetime": {"datetime": "2020-10-17 18:09:53", "elapsed": 70.454235, "delta": 1.517982}}
{"target": -2155290.724724488, "params": {"alpha": 0.3326045110846906, "beta": 6.741563069299485}, "datetime": {"datetime": "2020-10-17 18:09:53", "elapsed": 70.846079, "delta": 0.391844}}
{"target": -635931.892495261, "params": {"alpha": 0.99, "beta": 2.667205633560151}, "datetime": {"datetime": "2020-10-17 18:09:54", "elapsed": 71.943466, "delta": 1.097387}}
{"target": -632119.3468145045, "params": {"alpha": 0.99, "beta": 2.637088384658105}, "datetime": {"datetime": "2020-10-17 18:09:55", "elapsed": 72.945778, "delta": 1.002312}}
{"target": -628366.9650641351, "params": {"alpha": 0.99, "beta": 2.6070842668511363}, "datetime": {"datetime": "2020-10-17 18:09:57", "elapsed": 74.448172, "delta": 1.502394}}
{"target": -624892.3925294452, "params": {"alpha": 0.99, "beta": 2.5789444038080473}, "datetime": {"datetime": "2020-10-17 18:09:58", "elapsed": 75.199333, "delta": 0.751161}}
{"target": -621478.6903195742, "params": {"alpha": 0.99, "beta": 2.550924978419498}, "datetime": {"datetime": "2020-10-17 18:09:58", "elapsed": 75.966037, "delta": 0.766704}}
{"target": -618233.8758751294, "params": {"alpha": 0.99, "beta": 2.5239110631698223}, "datetime": {"datetime": "2020-10-17 18:10:00", "elapsed": 77.202749, "delta": 1.236712}}
{"target": -615131.3387128768, "params": {"alpha": 0.99, "beta": 2.497695745918992}, "datetime": {"datetime": "2020-10-17 18:10:01", "elapsed": 78.348038, "delta": 1.145289}}
{"target": -612184.4361210975, "params": {"alpha": 0.99, "beta": 2.472407392321663}, "datetime": {"datetime": "2020-10-17 18:10:02", "elapsed": 79.349133, "delta": 1.001095}}
{"target": -618058.95903986, "params": {"alpha": 0.9821176775272038, "beta": 2.4467873821664607}, "datetime": {"datetime": "2020-10-17 18:10:03", "elapsed": 80.679606, "delta": 1.330473}}
{"target": -623658.4268953077, "params": {"alpha": 0.9802726138688705, "beta": 2.477668708790708}, "datetime": {"datetime": "2020-10-17 18:10:04", "elapsed": 81.462298, "delta": 0.782692}}
{"target": -607496.2271856572, "params": {"alpha": 0.99, "beta": 2.431290289889803}, "datetime": {"datetime": "2020-10-17 18:10:05", "elapsed": 82.197819, "delta": 0.735521}}
{"target": -1414694.362944756, "params": {"alpha": 0.6029497185106835, "beta": 4.357497171976991}, "datetime": {"datetime": "2020-10-17 18:10:05", "elapsed": 82.588447, "delta": 0.390628}}
{"target": -604936.375346042, "params": {"alpha": 0.99, "beta": 2.408317770411977}, "datetime": {"datetime": "2020-10-17 18:10:06", "elapsed": 83.854071, "delta": 1.265624}}
{"target": -601219.3643531258, "params": {"alpha": 0.9898241852670194, "beta": 2.372375416445861}, "datetime": {"datetime": "2020-10-17 18:10:07", "elapsed": 84.807198, "delta": 0.953127}}
{"target": -599417.0490902384, "params": {"alpha": 0.99, "beta": 2.357296532873849}, "datetime": {"datetime": "2020-10-17 18:10:08", "elapsed": 85.543894, "delta": 0.736696}}
{"target": -597180.0955344046, "params": {"alpha": 0.99, "beta": 2.335944725552758}, "datetime": {"datetime": "2020-10-17 18:10:09", "elapsed": 86.250515, "delta": 0.706621}}
{"target": -595315.2931285586, "params": {"alpha": 0.99, "beta": 2.317801234881615}, "datetime": {"datetime": "2020-10-17 18:10:10", "elapsed": 87.338227, "delta": 1.087712}}
{"target": -598965.2730787615, "params": {"alpha": 0.9878665755949931, "beta": 2.330038875179015}, "datetime": {"datetime": "2020-10-17 18:10:11", "elapsed": 88.726744, "delta": 1.388517}}
{"target": -605240.5757615904, "params": {"alpha": 0.978969193793865, "beta": 2.29112798363519}, "datetime": {"datetime": "2020-10-17 18:10:12", "elapsed": 89.476745, "delta": 0.750001}}
{"target": -592202.7437472844, "params": {"alpha": 0.99, "beta": 2.286731195663544}, "datetime": {"datetime": "2020-10-17 18:10:13", "elapsed": 90.864835, "delta": 1.38809}}
{"target": -3492822.8065710887, "params": {"alpha": 0.3385727648304308, "beta": 2.3785383588899194}, "datetime": {"datetime": "2020-10-17 18:10:14", "elapsed": 91.382774, "delta": 0.517939}}
{"target": -590721.3460798096, "params": {"alpha": 0.99, "beta": 2.2715558587303817}, "datetime": {"datetime": "2020-10-17 18:10:15", "elapsed": 92.38767, "delta": 1.004896}}
{"target": -588899.3016158475, "params": {"alpha": 0.99, "beta": 2.2525037774588834}, "datetime": {"datetime": "2020-10-17 18:10:15", "elapsed": 93.05955, "delta": 0.67188}}
{"target": -587262.1602189626, "params": {"alpha": 0.99, "beta": 2.2349823261111474}, "datetime": {"datetime": "2020-10-17 18:10:17", "elapsed": 94.563499, "delta": 1.503949}}
{"target": -592343.0344905267, "params": {"alpha": 0.9869727567778728, "beta": 2.252615962470598}, "datetime": {"datetime": "2020-10-17 18:10:18", "elapsed": 95.548981, "delta": 0.985482}}
{"target": -588766.255468797, "params": {"alpha": 0.9876754165998638, "beta": 2.2225528838657618}, "datetime": {"datetime": "2020-10-17 18:10:19", "elapsed": 96.531936, "delta": 0.982955}}
{"target": -587213.9618047572, "params": {"alpha": 0.9898292507387282, "beta": 2.2323633117668087}, "datetime": {"datetime": "2020-10-17 18:10:20", "elapsed": 97.956342, "delta": 1.424406}}
{"target": -601440.502429255, "params": {"alpha": 0.9817679710715501, "beta": 2.285352689446182}, "datetime": {"datetime": "2020-10-17 18:10:22", "elapsed": 99.257146, "delta": 1.300804}}
{"target": -586918.3611745702, "params": {"alpha": 0.9859983800460163, "beta": 2.1794796526396}, "datetime": {"datetime": "2020-10-17 18:10:23", "elapsed": 100.24498, "delta": 0.987834}}
{"target": -584149.7083013321, "params": {"alpha": 0.988260462013333, "beta": 2.1774530592508614}, "datetime": {"datetime": "2020-10-17 18:10:23", "elapsed": 100.869981, "delta": 0.625001}}
{"target": -581635.9406715374, "params": {"alpha": 0.99, "beta": 2.1711850253586977}, "datetime": {"datetime": "2020-10-17 18:10:25", "elapsed": 102.277661, "delta": 1.40768}}
{"target": -597259.811739572, "params": {"alpha": 0.9774588510615668, "beta": 2.1839552372669564}, "datetime": {"datetime": "2020-10-17 18:10:25", "elapsed": 103.079357, "delta": 0.801696}}
{"target": -587271.3362186332, "params": {"alpha": 0.9869255192983175, "beta": 2.1960331153590174}, "datetime": {"datetime": "2020-10-17 18:10:26", "elapsed": 104.112169, "delta": 1.032812}}
