{"target": -1373344.8382643764, "params": {"alpha": 0.7276219031074749, "beta": 6.104701139057963}, "datetime": {"datetime": "2020-10-17 18:08:43", "elapsed": 0.0, "delta": 0.0}}
{"target": -1257315.7150314967, "params": {"alpha": 0.3051994122489931, "beta": 8.025246329299044}, "datetime": {"datetime": "2020-10-17 18:08:43", "elapsed": 0.42739, "delta": 0.42739}}
{"target": -1209684.5669070133, "params": {"alpha": 0.497916792317126, "beta": 2.070191679483405}, "datetime": {"datetime": "2020-10-17 18:08:44", "elapsed": 0.904672, "delta": 0.477282}}
{"target": -990611.0406851193, "params": {"alpha": 0.39078833232721283, "beta": 4.551785114854081}, "datetime": {"datetime": "2020-10-17 18:08:44", "elapsed": 1.365894, "delta": 0.461222}}
{"target": -3696267.4956499077, "params": {"alpha": 0.3407750666686109, "beta": 1.7429568007729768}, "datetime": {"datetime": "2020-10-17 18:08:45", "elapsed": 1.820691, "delta": 0.454797}}
{"target": -993208.7373047775, "params": {"alpha": 0.36789380024771157, "beta": 4.680022589282124}, "datetime": {"datetime": "2020-10-17 18:08:45", "elapsed": 2.280437, "delta": 0.459746}}
{"target": -1416779.1431405577, "params": {"alpha": 0.924599368884012, "beta": 3.6279303900661364}, "datetime": {"datetime": "2020-10-17 18:08:45", "elapsed": 2.75036, "delta": 0.469923}}
{"target": -1578856.722887079, "params": {"alpha": 0.8318685506191031, "beta": 9.90296201688082}, "datetime": {"datetime": "2020-10-17 18:08:46", "elapsed": 3.189876, "delta": 0.439516}}
{"target": -991697.7261638386, "params": {"alpha": 0.37957978609709003, "beta": 4.614566700822405}, "datetime": {"datetime": "2020-10-17 18:08:47", "elapsed": 3.849234, "delta": 0.659358}}
{"target": -1212069.6421455226, "params": {"alpha": 0.7314212688771988, "beta": 3.7722421535447763}, "datetime": {"datetime": "2020-10-17 18:08:47", "elapsed": 4.365943, "delta": 0.516709}}
{"target": -1266585.1075334456, "params": {"alpha": 0.1165301112709405, "beta": 6.176489919882287}, "datetime": {"datetime": "2020-10-17 18:08:48", "elapsed": 4.88157, "delta": 0.515627}}
{"target": -990915.6501295553, "params": {"alpha": 0.3872603059760952, "beta": 4.5715466602046515}, "datetime": {"datetime": "2020-10-17 18:08:48", "elapsed": 5.528378, "delta": 0.646808}}
{"target": -992568.1124287507, "params": {"alpha": 0.37248438754436397, "beta": 4.6543094678811805}, "datetime": {"datetime": "2020-10-17 18:08:49", "elapsed": 6.387752, "delta": 0.859374}}
{"target": -990721.3461756022, "params": {"alpha": 0.3894628915803284, "beta": 4.5592080526641805}, "datetime": {"datetime": "2020-10-17 18:08:51", "elapsed": 8.157137, "delta": 1.769385}}
{"target": -990641.6969720009, "params": {"alpha": 0.39043697795355536, "beta": 4.553770268969648}, "datetime": {"datetime": "2020-10-17 18:08:52", "elapsed": 9.346945, "delta": 1.189808}}
{"target": -990519.9182536397, "params": {"alpha": 0.3904088400430395, "beta": 4.552778206206914}, "datetime": {"datetime": "2020-10-17 18:08:54", "elapsed": 11.579336, "delta": 2.232391}}
{"target": -985651.6806243431, "params": {"alpha": 0.38055543099399725, "beta": 4.55323243167159}, "datetime": {"datetime": "2020-10-17 18:08:56", "elapsed": 13.600438, "delta": 2.021102}}
{"target": -1286649.4962514353, "params": {"alpha": 0.6295151420379856, "beta": 5.807458857675274}, "datetime": {"datetime": "2020-10-17 18:08:58", "elapsed": 15.316429, "delta": 1.715991}}
{"target": -1391133.6622656505, "params": {"alpha": 0.5641566850540021, "beta": 8.008751085268823}, "datetime": {"datetime": "2020-10-17 18:09:00", "elapsed": 16.916035, "delta": 1.599606}}
{"target": -981928.7808694951, "params": {"alpha": 0.3717987131196405, "beta": 4.555553829881859}, "datetime": {"datetime": "2020-10-17 18:09:01", "elapsed": 18.560401, "delta": 1.644366}}
{"target": -1451555.9982237166, "params": {"alpha": 0.8548437768474264, "beta": 6.072343340538891}, "datetime": {"datetime": "2020-10-17 18:09:03", "elapsed": 19.976197, "delta": 1.415796}}
{"target": -977775.6435183595, "params": {"alpha": 0.3575456567161744, "beta": 4.569436074689527}, "datetime": {"datetime": "2020-10-17 18:09:04", "elapsed": 21.688482, "delta": 1.712285}}
{"target": -977382.4597204056, "params": {"alpha": 0.35548203968318576, "beta": 4.572601856608396}, "datetime": {"datetime": "2020-10-17 18:09:06", "elapsed": 23.271362, "delta": 1.58288}}
{"target": -977007.7922167096, "params": {"alpha": 0.3516263012896834, "beta": 4.581527991221107}, "datetime": {"datetime": "2020-10-17 18:09:07", "elapsed": 24.669427, "delta": 1.398065}}
{"target": -976615.1588100733, "params": {"alpha": 0.35087978836356476, "beta": 4.579907678486208}, "datetime": {"datetime": "2020-10-17 18:09:09", "elapsed": 26.175502, "delta": 1.506075}}
{"target": -972663.813903752, "params": {"alpha": 0.33872136493431937, "beta": 4.572325318685554}, "datetime": {"datetime": "2020-10-17 18:09:10", "elapsed": 27.525175, "delta": 1.349673}}
{"target": -970675.5510254238, "params": {"alpha": 0.33113833651165653, "beta": 4.56609091729107}, "datetime": {"datetime": "2020-10-17 18:09:11", "elapsed": 28.326935, "delta": 0.80176}}
{"target": -969176.2299013498, "params": {"alpha": 0.33398191781194864, "beta": 4.544416295348418}, "datetime": {"datetime": "2020-10-17 18:09:12", "elapsed": 29.322681, "delta": 0.995746}}
{"target": -968706.6557173746, "params": {"alpha": 0.3286985393848438, "beta": 4.547809849606613}, "datetime": {"datetime": "2020-10-17 18:09:13", "elapsed": 30.211417, "delta": 0.888736}}
{"target": -968379.3796911056, "params": {"alpha": 0.32628865371230065, "beta": 4.547186715272206}, "datetime": {"datetime": "2020-10-17 18:09:14", "elapsed": 31.246034, "delta": 1.034617}}
{"target": -967298.0855695435, "params": {"alpha": 0.3205641572653459, "beta": 4.539437440340855}, "datetime": {"datetime": "2020-10-17 18:09:15", "elapsed": 32.107705, "delta": 0.861671}}
{"target": -1220002.744232631, "params": {"alpha": 0.1368641698862598, "beta": 7.531481283924518}, "datetime": {"datetime": "2020-10-17 18:09:16", "elapsed": 32.842087, "delta": 0.734382}}
{"target": -966648.4754483491, "params": {"alpha": 0.3184826332482219, "beta": 4.532400466707692}, "datetime": {"datetime": "2020-10-17 18:09:16", "elapsed": 33.621574, "delta": 0.779487}}
{"target": -965987.202501086, "params": {"alpha": 0.31835349473960795, "beta": 4.524365483442462}, "datetime": {"datetime": "2020-10-17 18:09:17", "elapsed": 34.724901, "delta": 1.103327}}
{"target": -965371.4829569963, "params": {"alpha": 0.32053885607868415, "beta": 4.516297834091485}, "datetime": {"datetime": "2020-10-17 18:09:18", "elapsed": 35.432211, "delta": 0.70731}}
{"target": -964982.555491284, "params": {"alpha": 0.32325079997957784, "beta": 4.510251937769947}, "datetime": {"datetime": "2020-10-17 18:09:19", "elapsed": 36.197839, "delta": 0.765628}}
{"target": -964671.220212271, "params": {"alpha": 0.3252907591356798, "beta": 4.505054484244776}, "datetime": {"datetime": "2020-10-17 18:09:22", "elapsed": 38.855981, "delta": 2.658142}}
{"target": -964007.0982537612, "params": {"alpha": 0.3249001040407265, "beta": 4.497513896691026}, "datetime": {"datetime": "2020-10-17 18:09:23", "elapsed": 40.621692, "delta": 1.765711}}
{"target": -962768.5445635928, "params": {"alpha": 0.3321851731680873, "beta": 4.475318355779049}, "datetime": {"datetime": "2020-10-17 18:09:25", "elapsed": 42.735725, "delta": 2.114033}}
{"target": -962208.4978047868, "params": {"alpha": 0.3269991271395634, "beta": 4.474547550687519}, "datetime": {"datetime": "2020-10-17 18:09:28", "elapsed": 44.876357, "delta": 2.140632}}
{"target": -961597.0091187345, "params": {"alpha": 0.3217423624922284, "beta": 4.469944560085815}, "datetime": {"datetime": "2020-10-17 18:09:30", "elapsed": 47.129504, "delta": 2.253147}}
{"target": -960998.1654339695, "params": {"alpha": 0.31839748437517523, "beta": 4.462328773980716}, "datetime": {"datetime": "2020-10-17 18:09:32", "elapsed": 49.381815, "delta": 2.252311}}
{"target": -960304.1468631035, "params": {"alpha": 0.318173268692149, "beta": 4.453426354107821}, "datetime": {"datetime": "2020-10-17 18:09:34", "elapsed": 51.29164, "delta": 1.909825}}
{"target": -959439.181169912, "params": {"alpha": 0.32147038032901465, "beta": 4.443196872554133}, "datetime": {"datetime": "2020-10-17 18:09:37", "elapsed": 54.218241, "delta": 2.926601}}
{"target": -958871.0183951814, "params": {"alpha": 0.3254331138260368, "beta": 4.4354144486896745}, "datetime": {"datetime": "2020-10-17 18:09:40", "elapsed": 56.939785, "delta": 2.721544}}
{"target": -958443.0953062437, "params": {"alpha": 0.32822816824979345, "beta": 4.428693916273682}, "datetime": {"datetime": "2020-10-17 18:09:41", "elapsed": 58.623294, "delta": 1.683509}}
{"target": -957562.9867020004, "params": {"alpha": 0.32742257778077966, "beta": 4.418536227285225}, "datetime": {"datetime": "2020-10-17 18:09:43", "elapsed": 60.588126, "delta": 1.964832}}
{"target": -956828.0671617729, "params": {"alpha": 0.3204770804253499, "beta": 4.409786937093431}, "datetime": {"datetime": "2020-10-17 18:09:44", "elapsed": 61.779217, "delta": 1.191091}}
{"target": -1326692.8058364892, "params": {"alpha": 0.7837565572822538, "beta": 4.704049815690776}, "datetime": {"datetime": "2020-10-17 18:09:46", "elapsed": 63.017212, "delta": 1.237995}}
{"target": -956847.5929936398, "params": {"alpha": 0.3184045779448549, "beta": 4.408807393573794}, "datetime": {"datetime": "2020-10-17 18:09:47", "elapsed": 64.538798, "delta": 1.521586}}
{"target": -956582.6450975304, "params": {"alpha": 0.3205647411556355, "beta": 4.406656833820439}, "datetime": {"datetime": "2020-10-17 18:09:49", "elapsed": 66.228724, "delta": 1.689926}}
{"target": -955524.1781425723, "params": {"alpha": 0.3239417021592454, "beta": 4.394015182931823}, "datetime": {"datetime": "2020-10-17 18:09:50", "elapsed": 67.561593, "delta": 1.332869}}
{"target": -1086024.911988578, "params": {"alpha": 0.3456178407546785, "beta": 5.690841020849503}, "datetime": {"datetime": "2020-10-17 18:09:51", "elapsed": 68.470209, "delta": 0.908616}}
{"target": -954715.6057563787, "params": {"alpha": 0.3262776198882812, "beta": 4.383757845463878}, "datetime": {"datetime": "2020-10-17 18:09:54", "elapsed": 71.274296, "delta": 2.804087}}
{"target": -953835.3947294955, "params": {"alpha": 0.3281350516752973, "beta": 4.3723579889636515}, "datetime": {"datetime": "2020-10-17 18:09:55", "elapsed": 72.714111, "delta": 1.439815}}
{"target": -1284279.5249567472, "params": {"alpha": 0.758253000863743, "beta": 4.405208269347275}, "datetime": {"datetime": "2020-10-17 18:09:56", "elapsed": 73.652845, "delta": 0.938734}}
{"target": -952961.4227491071, "params": {"alpha": 0.33569152856867396, "beta": 4.356542557623516}, "datetime": {"datetime": "2020-10-17 18:09:58", "elapsed": 74.999992, "delta": 1.347147}}
{"target": -952677.8304089537, "params": {"alpha": 0.3345423110269584, "beta": 4.3542773366401555}, "datetime": {"datetime": "2020-10-17 18:09:59", "elapsed": 76.674203, "delta": 1.674211}}
{"target": -951447.1354855918, "params": {"alpha": 0.327016276424758, "beta": 4.342272193852415}, "datetime": {"datetime": "2020-10-17 18:10:01", "elapsed": 78.648712, "delta": 1.974509}}
{"target": -951016.3868757484, "params": {"alpha": 0.3238272553037726, "beta": 4.335545489526909}, "datetime": {"datetime": "2020-10-17 18:10:04", "elapsed": 80.947929, "delta": 2.299217}}
{"target": -950325.7688769641, "params": {"alpha": 0.31632630925517713, "beta": 4.316005139846016}, "datetime": {"datetime": "2020-10-17 18:10:06", "elapsed": 82.888028, "delta": 1.940099}}
{"target": -948230.3349502614, "params": {"alpha": 0.322680849117265, "beta": 4.296753030785643}, "datetime": {"datetime": "2020-10-17 18:10:08", "elapsed": 85.171603, "delta": 2.283575}}
{"target": -947580.0950565124, "params": {"alpha": 0.332764131419149, "beta": 4.292340841287965}, "datetime": {"datetime": "2020-10-17 18:10:09", "elapsed": 86.720724, "delta": 1.549121}}
{"target": -1537318.0459604014, "params": {"alpha": 0.9153015083947735, "beta": 7.4731499570720334}, "datetime": {"datetime": "2020-10-17 18:10:11", "elapsed": 87.914557, "delta": 1.193833}}
{"target": -948400.7646483023, "params": {"alpha": 0.3462445127337177, "beta": 4.288203623882048}, "datetime": {"datetime": "2020-10-17 18:10:13", "elapsed": 90.063835, "delta": 2.149278}}
{"target": -947459.3381579756, "params": {"alpha": 0.3333468264057913, "beta": 4.290632724481427}, "datetime": {"datetime": "2020-10-17 18:10:15", "elapsed": 92.093504, "delta": 2.029669}}
{"target": -946437.9926258106, "params": {"alpha": 0.33181193712702994, "beta": 4.277811444633041}, "datetime": {"datetime": "2020-10-17 18:10:17", "elapsed": 93.830331, "delta": 1.736827}}
{"target": -945612.3691690592, "params": {"alpha": 0.33074590066469395, "beta": 4.266901362535299}, "datetime": {"datetime": "2020-10-17 18:10:19", "elapsed": 96.128392, "delta": 2.298061}}
{"target": -944690.3761263755, "params": {"alpha": 0.3296112792428739, "beta": 4.254178455448481}, "datetime": {"datetime": "2020-10-17 18:10:21", "elapsed": 97.850902, "delta": 1.72251}}
{"target": -946659.2126123208, "params": {"alpha": 0.33669427734223933, "beta": 4.278917534784372}, "datetime": {"datetime": "2020-10-17 18:10:24", "elapsed": 100.794563, "delta": 2.943661}}
{"target": -943713.7468066429, "params": {"alpha": 0.3308086490064797, "beta": 4.241567289016614}, "datetime": {"datetime": "2020-10-17 18:10:26", "elapsed": 103.175817, "delta": 2.381254}}
{"target": -942651.1757783693, "params": {"alpha": 0.3337338935208909, "beta": 4.228183297263486}, "datetime": {"datetime": "2020-10-17 18:10:29", "elapsed": 106.497546, "delta": 3.321729}}
{"target": -943988.6443791059, "params": {"alpha": 0.33027125642782057, "beta": 4.245028252441202}, "datetime": {"datetime": "2020-10-17 18:10:31", "elapsed": 108.611766, "delta": 2.11422}}
{"target": -942197.129781607, "params": {"alpha": 0.3417058774699982, "beta": 4.219420639913896}, "datetime": {"datetime": "2020-10-17 18:10:37", "elapsed": 114.067469, "delta": 5.455703}}
{"target": -1174521.9513738365, "params": {"alpha": 0.3326045110846906, "beta": 6.741563069299485}, "datetime": {"datetime": "2020-10-17 18:10:39", "elapsed": 115.993582, "delta": 1.926113}}
{"target": -941719.3143898146, "params": {"alpha": 0.3392856470661882, "beta": 4.214970857296979}, "datetime": {"datetime": "2020-10-17 18:10:42", "elapsed": 119.159172, "delta": 3.16559}}
{"target": -940552.3918923072, "params": {"alpha": 0.33537409289048664, "beta": 4.200348142454234}, "datetime": {"datetime": "2020-10-17 18:10:44", "elapsed": 121.274282, "delta": 2.11511}}
{"target": -939765.9694357924, "params": {"alpha": 0.33348355842002386, "beta": 4.1889357611458395}, "datetime": {"datetime": "2020-10-17 18:10:47", "elapsed": 123.816471, "delta": 2.542189}}
{"target": -939449.3348750914, "params": {"alpha": 0.32344575794548325, "beta": 4.168406875556985}, "datetime": {"datetime": "2020-10-17 18:10:48", "elapsed": 125.412624, "delta": 1.596153}}
{"target": -939588.6820800684, "params": {"alpha": 0.35095404574598094, "beta": 4.176144783980285}, "datetime": {"datetime": "2020-10-17 18:10:50", "elapsed": 126.862378, "delta": 1.449754}}
{"target": -937932.1260955121, "params": {"alpha": 0.3377878170146247, "beta": 4.165249612946376}, "datetime": {"datetime": "2020-10-17 18:10:51", "elapsed": 128.772043, "delta": 1.909665}}
{"target": -936241.5204341826, "params": {"alpha": 0.33337069823792176, "beta": 4.1386318408584035}, "datetime": {"datetime": "2020-10-17 18:10:54", "elapsed": 131.085794, "delta": 2.313751}}
{"target": -935431.4450145644, "params": {"alpha": 0.33993779730798196, "beta": 4.131266560484064}, "datetime": {"datetime": "2020-10-17 18:10:55", "elapsed": 132.703897, "delta": 1.618103}}
{"target": -935038.9999198825, "params": {"alpha": 0.3447355190482142, "beta": 4.125119224279037}, "datetime": {"datetime": "2020-10-17 18:10:58", "elapsed": 135.065632, "delta": 2.361735}}
{"target": -934506.8938816364, "params": {"alpha": 0.34659350553804447, "beta": 4.117023630655983}, "datetime": {"datetime": "2020-10-17 18:11:00", "elapsed": 137.025924, "delta": 1.960292}}
{"target": -933242.3814633493, "params": {"alpha": 0.342074454855407, "beta": 4.101138392622618}, "datetime": {"datetime": "2020-10-17 18:11:01", "elapsed": 138.307176, "delta": 1.281252}}
{"target": -1135632.9188798687, "params": {"alpha": 0.6029497185106835, "beta": 4.357497171976991}, "datetime": {"datetime": "2020-10-17 18:11:02", "elapsed": 139.450176, "delta": 1.143}}
{"target": -932718.3006059133, "params": {"alpha": 0.33845671006786515, "beta": 4.091957216810963}, "datetime": {"datetime": "2020-10-17 18:11:05", "elapsed": 142.107424, "delta": 2.657248}}
{"target": -933115.7434357143, "params": {"alpha": 0.3310336904699094, "beta": 4.086440390854133}, "datetime": {"datetime": "2020-10-17 18:11:06", "elapsed": 143.630281, "delta": 1.522857}}
{"target": -935292.2308445264, "params": {"alpha": 0.3485267408526912, "beta": 4.125679125438481}, "datetime": {"datetime": "2020-10-17 18:11:08", "elapsed": 144.94188, "delta": 1.311599}}
{"target": -931790.6198805496, "params": {"alpha": 0.34819381435549407, "beta": 4.079839742211544}, "datetime": {"datetime": "2020-10-17 18:11:09", "elapsed": 146.18813, "delta": 1.24625}}
{"target": -930768.0211032539, "params": {"alpha": 0.34993841134435555, "beta": 4.064983361388829}, "datetime": {"datetime": "2020-10-17 18:11:11", "elapsed": 148.20601, "delta": 2.01788}}
{"target": -929746.3862509795, "params": {"alpha": 0.3490782899532248, "beta": 4.051510410791697}, "datetime": {"datetime": "2020-10-17 18:11:13", "elapsed": 150.106013, "delta": 1.900003}}
{"target": -928359.4566271718, "params": {"alpha": 0.35236472413982006, "beta": 4.030604043475337}, "datetime": {"datetime": "2020-10-17 18:11:14", "elapsed": 151.354556, "delta": 1.248543}}
{"target": -927813.8798749327, "params": {"alpha": 0.353020058243814, "beta": 4.022659759589159}, "datetime": {"datetime": "2020-10-17 18:11:16", "elapsed": 153.327281, "delta": 1.972725}}
{"target": -1417619.3082144996, "params": {"alpha": 0.3385727648304308, "beta": 2.3785383588899194}, "datetime": {"datetime": "2020-10-17 18:11:17", "elapsed": 154.219061, "delta": 0.89178}}
{"target": -926619.8415242415, "params": {"alpha": 0.34883917920791613, "beta": 4.007175062752593}, "datetime": {"datetime": "2020-10-17 18:11:19", "elapsed": 156.473746, "delta": 2.254685}}
{"target": -926439.3018327911, "params": {"alpha": 0.34248693840565664, "beta": 4.000333362402779}, "datetime": {"datetime": "2020-10-17 18:11:21", "elapsed": 158.369623, "delta": 1.895877}}
{"target": -926288.2423230688, "params": {"alpha": 0.3447665322465674, "beta": 4.000400445880718}, "datetime": {"datetime": "2020-10-17 18:11:23", "elapsed": 160.176747, "delta": 1.807124}}
{"target": -925219.5848030807, "params": {"alpha": 0.3503600892140739, "beta": 3.986664571395785}, "datetime": {"datetime": "2020-10-17 18:11:26", "elapsed": 162.914915, "delta": 2.738168}}
{"target": -924656.0006807281, "params": {"alpha": 0.3527443735058916, "beta": 3.9781470402983237}, "datetime": {"datetime": "2020-10-17 18:11:27", "elapsed": 164.575811, "delta": 1.660896}}
{"target": -923771.3593018126, "params": {"alpha": 0.3546365461028062, "beta": 3.964665252633556}, "datetime": {"datetime": "2020-10-17 18:11:30", "elapsed": 167.082045, "delta": 2.506234}}
{"target": -922812.2473355007, "params": {"alpha": 0.3533505984224518, "beta": 3.950763926675976}, "datetime": {"datetime": "2020-10-17 18:11:32", "elapsed": 169.35259, "delta": 2.270545}}
{"target": -922150.873575278, "params": {"alpha": 0.3487748932301126, "beta": 3.9384628492020153}, "datetime": {"datetime": "2020-10-17 18:11:34", "elapsed": 171.576257, "delta": 2.223667}}
{"target": -922136.5093243719, "params": {"alpha": 0.3456624546301987, "beta": 3.934144585359884}, "datetime": {"datetime": "2020-10-17 18:11:36", "elapsed": 173.128005, "delta": 1.551748}}
{"target": -921895.030129857, "params": {"alpha": 0.348385964695598, "beta": 3.933881284929465}, "datetime": {"datetime": "2020-10-17 18:11:38", "elapsed": 175.726379, "delta": 2.598374}}
{"target": -920874.8966400055, "params": {"alpha": 0.3562315979760997, "beta": 3.9211376636015425}, "datetime": {"datetime": "2020-10-17 18:11:40", "elapsed": 177.364987, "delta": 1.638608}}
{"target": -920504.9869130639, "params": {"alpha": 0.3590334083305017, "beta": 3.9145541717183585}, "datetime": {"datetime": "2020-10-17 18:11:42", "elapsed": 179.075408, "delta": 1.710421}}
