{"target": -1238506.7829341402, "params": {"alpha": 0.7276219031074749, "beta": 6.104701139057963}, "datetime": {"datetime": "2020-10-17 18:08:42", "elapsed": 0.0, "delta": 0.0}}
{"target": -1511831.3878389562, "params": {"alpha": 0.3051994122489931, "beta": 8.025246329299044}, "datetime": {"datetime": "2020-10-17 18:08:42", "elapsed": 0.078123, "delta": 0.078123}}
{"target": -1293677.6007816137, "params": {"alpha": 0.497916792317126, "beta": 2.070191679483405}, "datetime": {"datetime": "2020-10-17 18:08:43", "elapsed": 0.175818, "delta": 0.097695}}
{"target": -1246343.720360654, "params": {"alpha": 0.39078833232721283, "beta": 4.551785114854081}, "datetime": {"datetime": "2020-10-17 18:08:43", "elapsed": 0.253942, "delta": 0.078124}}
{"target": -2869238.282861712, "params": {"alpha": 0.3407750666686109, "beta": 1.7429568007729768}, "datetime": {"datetime": "2020-10-17 18:08:43", "elapsed": 0.341047, "delta": 0.087105}}
{"target": -1284335.0042556222, "params": {"alpha": 0.36789380024771157, "beta": 4.680022589282124}, "datetime": {"datetime": "2020-10-17 18:08:43", "elapsed": 0.439224, "delta": 0.098177}}
{"target": -1269495.248845761, "params": {"alpha": 0.924599368884012, "beta": 3.6279303900661364}, "datetime": {"datetime": "2020-10-17 18:08:43", "elapsed": 0.532976, "delta": 0.093752}}
{"target": -1407716.4698842932, "params": {"alpha": 0.8318685506191031, "beta": 9.90296201688082}, "datetime": {"datetime": "2020-10-17 18:08:43", "elapsed": 0.612186, "delta": 0.07921}}
{"target": -1254265.0294926816, "params": {"alpha": 0.3857681481307259, "beta": 4.5799042751341785}, "datetime": {"datetime": "2020-10-17 18:08:43", "elapsed": 0.846562, "delta": 0.234376}}
{"target": -1146465.7022742408, "params": {"alpha": 0.7314212688771988, "beta": 3.7722421535447763}, "datetime": {"datetime": "2020-10-17 18:08:43", "elapsed": 0.971567, "delta": 0.125005}}
{"target": -2409720.0008415007, "params": {"alpha": 0.1165301112709405, "beta": 6.176489919882287}, "datetime": {"datetime": "2020-10-17 18:08:44", "elapsed": 1.127815, "delta": 0.156248}}
{"target": -1149938.063906982, "params": {"alpha": 0.7387359459482737, "beta": 3.7667783252151152}, "datetime": {"datetime": "2020-10-17 18:08:44", "elapsed": 1.339468, "delta": 0.211653}}
{"target": -1145011.5179425946, "params": {"alpha": 0.7282823917879114, "beta": 3.774586748032644}, "datetime": {"datetime": "2020-10-17 18:08:44", "elapsed": 1.550689, "delta": 0.211221}}
{"target": -1139885.6464510937, "params": {"alpha": 0.7168108203745007, "beta": 3.783153982606}, "datetime": {"datetime": "2020-10-17 18:08:44", "elapsed": 1.831942, "delta": 0.281253}}
{"target": -1136377.5408318199, "params": {"alpha": 0.7085352305557238, "beta": 3.789325956663675}, "datetime": {"datetime": "2020-10-17 18:08:44", "elapsed": 2.004345, "delta": 0.172403}}
{"target": -1132746.5473269424, "params": {"alpha": 0.6995281793405286, "beta": 3.7959865076131707}, "datetime": {"datetime": "2020-10-17 18:08:45", "elapsed": 2.224257, "delta": 0.219912}}
{"target": -1129300.4575241974, "params": {"alpha": 0.6904901771162739, "beta": 3.802292752468037}, "datetime": {"datetime": "2020-10-17 18:08:45", "elapsed": 2.458627, "delta": 0.23437}}
{"target": -1220365.0002125308, "params": {"alpha": 0.6295151420379856, "beta": 5.807458857675274}, "datetime": {"datetime": "2020-10-17 18:08:45", "elapsed": 2.621484, "delta": 0.162857}}
{"target": -1355126.8130223826, "params": {"alpha": 0.5641566850540021, "beta": 8.008751085268823}, "datetime": {"datetime": "2020-10-17 18:08:45", "elapsed": 2.77774, "delta": 0.156256}}
{"target": -1125372.7527241434, "params": {"alpha": 0.6795930205894014, "beta": 3.8073737338136016}, "datetime": {"datetime": "2020-10-17 18:08:45", "elapsed": 3.028894, "delta": 0.251154}}
{"target": -1251061.5184478762, "params": {"alpha": 0.8548437768474264, "beta": 6.072343340538891}, "datetime": {"datetime": "2020-10-17 18:08:46", "elapsed": 3.200781, "delta": 0.171887}}
{"target": -1120536.7304788982, "params": {"alpha": 0.6657264461489121, "beta": 3.8024964897480156}, "datetime": {"datetime": "2020-10-17 18:08:46", "elapsed": 3.450782, "delta": 0.250001}}
{"target": -1321952.4172172192, "params": {"alpha": 0.9393939234384778, "beta": 7.6437855391144645}, "datetime": {"datetime": "2020-10-17 18:08:46", "elapsed": 3.609044, "delta": 0.158262}}
{"target": -1119666.892990257, "params": {"alpha": 0.6634580022887856, "beta": 3.7968587662794433}, "datetime": {"datetime": "2020-10-17 18:08:46", "elapsed": 3.953914, "delta": 0.34487}}
{"target": -1119787.1150867355, "params": {"alpha": 0.6640938759770891, "beta": 3.7934267958345123}, "datetime": {"datetime": "2020-10-17 18:08:47", "elapsed": 4.174654, "delta": 0.22074}}
{"target": -1118198.594546377, "params": {"alpha": 0.6588807833793136, "beta": 3.795719150380367}, "datetime": {"datetime": "2020-10-17 18:08:47", "elapsed": 4.410112, "delta": 0.235458}}
{"target": -1113159.7573135914, "params": {"alpha": 0.641579588587689, "beta": 3.7921876600187763}, "datetime": {"datetime": "2020-10-17 18:08:47", "elapsed": 4.644493, "delta": 0.234381}}
{"target": -1110377.8064632313, "params": {"alpha": 0.6304827087484232, "beta": 3.7901873834014626}, "datetime": {"datetime": "2020-10-17 18:08:47", "elapsed": 4.878871, "delta": 0.234378}}
{"target": -1107737.1046839436, "params": {"alpha": 0.6182097183344468, "beta": 3.7878120222616594}, "datetime": {"datetime": "2020-10-17 18:08:48", "elapsed": 5.144492, "delta": 0.265621}}
{"target": -1105839.7919696574, "params": {"alpha": 0.6076365178583477, "beta": 3.785129886224277}, "datetime": {"datetime": "2020-10-17 18:08:48", "elapsed": 5.399564, "delta": 0.255072}}
{"target": -1104446.3129160497, "params": {"alpha": 0.5986245058040167, "beta": 3.7805057101033412}, "datetime": {"datetime": "2020-10-17 18:08:48", "elapsed": 5.650677, "delta": 0.251113}}
{"target": -2021470.350173887, "params": {"alpha": 0.1368641698862598, "beta": 7.531481283924518}, "datetime": {"datetime": "2020-10-17 18:08:48", "elapsed": 5.838176, "delta": 0.187499}}
{"target": -1103874.0781784358, "params": {"alpha": 0.5964370403181216, "beta": 3.7721217822692856}, "datetime": {"datetime": "2020-10-17 18:08:49", "elapsed": 6.244423, "delta": 0.406247}}
{"target": -1103821.4295822056, "params": {"alpha": 0.5957990070999103, "beta": 3.772583871173761}, "datetime": {"datetime": "2020-10-17 18:08:49", "elapsed": 6.69755, "delta": 0.453127}}
{"target": -1103439.0809098906, "params": {"alpha": 0.5921941046322441, "beta": 3.772182399634571}, "datetime": {"datetime": "2020-10-17 18:08:50", "elapsed": 7.51123, "delta": 0.81368}}
{"target": -1102721.4838822903, "params": {"alpha": 0.5842713124830592, "beta": 3.7697303850336232}, "datetime": {"datetime": "2020-10-17 18:08:51", "elapsed": 8.168575, "delta": 0.657345}}
{"target": -1102312.047415285, "params": {"alpha": 0.577643259915838, "beta": 3.7674149130418892}, "datetime": {"datetime": "2020-10-17 18:08:59", "elapsed": 16.721585, "delta": 8.55301}}
{"target": -1101959.7476969934, "params": {"alpha": 0.5697884604022124, "beta": 3.7618550086617955}, "datetime": {"datetime": "2020-10-17 18:09:09", "elapsed": 26.285354, "delta": 9.563769}}
{"target": -1101843.4848476285, "params": {"alpha": 0.5704231526495853, "beta": 3.759067015452683}, "datetime": {"datetime": "2020-10-17 18:09:14", "elapsed": 31.712079, "delta": 5.426725}}
{"target": -1101767.3885012954, "params": {"alpha": 0.5712362798194663, "beta": 3.7571663518117315}, "datetime": {"datetime": "2020-10-17 18:09:17", "elapsed": 34.493874, "delta": 2.781795}}
{"target": -1101700.923120227, "params": {"alpha": 0.5717202854025186, "beta": 3.755478071298905}, "datetime": {"datetime": "2020-10-17 18:09:19", "elapsed": 36.804514, "delta": 2.31064}}
{"target": -1101564.3269752378, "params": {"alpha": 0.5718638295161649, "beta": 3.7521206406544563}, "datetime": {"datetime": "2020-10-17 18:09:21", "elapsed": 38.649081, "delta": 1.844567}}
{"target": -1101254.8508488834, "params": {"alpha": 0.5705907921910487, "beta": 3.7447361381173687}, "datetime": {"datetime": "2020-10-17 18:09:22", "elapsed": 39.840045, "delta": 1.190964}}
{"target": -1101021.6150512788, "params": {"alpha": 0.5680089977353561, "beta": 3.7388760524710083}, "datetime": {"datetime": "2020-10-17 18:09:24", "elapsed": 41.38697, "delta": 1.546925}}
{"target": -1100912.955976465, "params": {"alpha": 0.5651831185371793, "beta": 3.7351992166945185}, "datetime": {"datetime": "2020-10-17 18:09:25", "elapsed": 42.402593, "delta": 1.015623}}
{"target": -1100919.6067892057, "params": {"alpha": 0.5633556922715326, "beta": 3.7342073909123457}, "datetime": {"datetime": "2020-10-17 18:09:26", "elapsed": 43.483024, "delta": 1.080431}}
{"target": -1100846.2346700586, "params": {"alpha": 0.5645852498713394, "beta": 3.7332348550475585}, "datetime": {"datetime": "2020-10-17 18:09:27", "elapsed": 44.3424, "delta": 0.859376}}
{"target": -1100517.8745328097, "params": {"alpha": 0.5668594220158469, "beta": 3.7261589144461276}, "datetime": {"datetime": "2020-10-17 18:09:28", "elapsed": 45.483026, "delta": 1.140626}}
{"target": -1184777.7161967028, "params": {"alpha": 0.7837565572822538, "beta": 4.704049815690776}, "datetime": {"datetime": "2020-10-17 18:09:28", "elapsed": 45.875659, "delta": 0.392633}}
{"target": -1100235.1532337782, "params": {"alpha": 0.568803382684518, "beta": 3.719427486916805}, "datetime": {"datetime": "2020-10-17 18:09:29", "elapsed": 46.751804, "delta": 0.876145}}
{"target": -1099941.2877472173, "params": {"alpha": 0.5703009652823376, "beta": 3.7118860673057212}, "datetime": {"datetime": "2020-10-17 18:09:30", "elapsed": 47.673678, "delta": 0.921874}}
{"target": -1099752.578827814, "params": {"alpha": 0.559430104296985, "beta": 3.70160970051608}, "datetime": {"datetime": "2020-10-17 18:09:31", "elapsed": 48.549884, "delta": 0.876206}}
{"target": -1361649.846834092, "params": {"alpha": 0.3456178407546785, "beta": 5.690841020849503}, "datetime": {"datetime": "2020-10-17 18:09:31", "elapsed": 48.847859, "delta": 0.297975}}
{"target": -1099514.3434878462, "params": {"alpha": 0.5653395097852996, "beta": 3.7003299640250518}, "datetime": {"datetime": "2020-10-17 18:09:33", "elapsed": 50.472864, "delta": 1.625005}}
{"target": -1099321.5263633588, "params": {"alpha": 0.5667884147026371, "beta": 3.695852238025931}, "datetime": {"datetime": "2020-10-17 18:09:34", "elapsed": 51.335813, "delta": 0.862949}}
{"target": -1098965.6234917624, "params": {"alpha": 0.5679955689715014, "beta": 3.686754172999091}, "datetime": {"datetime": "2020-10-17 18:09:35", "elapsed": 52.180816, "delta": 0.845003}}
{"target": -1098644.71383076, "params": {"alpha": 0.5681387684227931, "beta": 3.678279728426523}, "datetime": {"datetime": "2020-10-17 18:09:35", "elapsed": 52.916304, "delta": 0.735488}}
{"target": -1098320.6763280628, "params": {"alpha": 0.567169720991857, "beta": 3.6695712225231265}, "datetime": {"datetime": "2020-10-17 18:09:36", "elapsed": 53.778035, "delta": 0.861731}}
{"target": -1098046.820499753, "params": {"alpha": 0.5644672818971632, "beta": 3.6614590702906327}, "datetime": {"datetime": "2020-10-17 18:09:37", "elapsed": 55.074916, "delta": 1.296881}}
{"target": -1097973.5607484228, "params": {"alpha": 0.5607176131368216, "beta": 3.6568497945651814}, "datetime": {"datetime": "2020-10-17 18:09:38", "elapsed": 55.71752, "delta": 0.642604}}
{"target": -1097953.5809500671, "params": {"alpha": 0.5610514980994628, "beta": 3.656625753135074}, "datetime": {"datetime": "2020-10-17 18:09:39", "elapsed": 56.68393, "delta": 0.96641}}
{"target": -1097825.261011311, "params": {"alpha": 0.5620534645741333, "beta": 3.6540085577865034}, "datetime": {"datetime": "2020-10-17 18:09:41", "elapsed": 58.151837, "delta": 1.467907}}
{"target": -1097963.4773660686, "params": {"alpha": 0.5712241270299864, "beta": 3.6590881235195454}, "datetime": {"datetime": "2020-10-17 18:09:41", "elapsed": 58.979962, "delta": 0.828125}}
{"target": -1097392.1103653677, "params": {"alpha": 0.5660006977767732, "beta": 3.644035224291324}, "datetime": {"datetime": "2020-10-17 18:09:42", "elapsed": 59.839341, "delta": 0.859379}}
{"target": -1097087.9528046001, "params": {"alpha": 0.5673581374129577, "beta": 3.6356089488100225}, "datetime": {"datetime": "2020-10-17 18:09:43", "elapsed": 60.881099, "delta": 1.041758}}
{"target": -1096742.1160403604, "params": {"alpha": 0.5673776485727572, "beta": 3.625732000313687}, "datetime": {"datetime": "2020-10-17 18:09:44", "elapsed": 61.5553, "delta": 0.674201}}
{"target": -1095894.35211161, "params": {"alpha": 0.5601073596595938, "beta": 3.597831758276545}, "datetime": {"datetime": "2020-10-17 18:09:45", "elapsed": 62.480853, "delta": 0.925553}}
{"target": -1096002.423080915, "params": {"alpha": 0.5581547778118712, "beta": 3.5988080696958606}, "datetime": {"datetime": "2020-10-17 18:09:46", "elapsed": 63.768111, "delta": 1.287258}}
{"target": -1095658.9429066358, "params": {"alpha": 0.5658370951168848, "beta": 3.5937542209048616}, "datetime": {"datetime": "2020-10-17 18:09:47", "elapsed": 64.784941, "delta": 1.01683}}
{"target": -1095542.2242054422, "params": {"alpha": 0.5676927141747075, "beta": 3.5900051709916743}, "datetime": {"datetime": "2020-10-17 18:09:49", "elapsed": 66.490557, "delta": 1.705616}}
{"target": -1095229.016557112, "params": {"alpha": 0.5670446200072551, "beta": 3.58044024533573}, "datetime": {"datetime": "2020-10-17 18:09:49", "elapsed": 67.11665, "delta": 0.626093}}
{"target": -1094951.0649246657, "params": {"alpha": 0.5643753915859253, "beta": 3.5716825135331978}, "datetime": {"datetime": "2020-10-17 18:09:51", "elapsed": 68.873756, "delta": 1.757106}}
{"target": -1094740.2458968407, "params": {"alpha": 0.561675092079352, "beta": 3.5638331587169465}, "datetime": {"datetime": "2020-10-17 18:09:52", "elapsed": 70.110486, "delta": 1.23673}}
{"target": -1094551.516712801, "params": {"alpha": 0.559963843137244, "beta": 3.5564471018449484}, "datetime": {"datetime": "2020-10-17 18:09:54", "elapsed": 71.301742, "delta": 1.191256}}
{"target": -1426397.944188992, "params": {"alpha": 0.3326045110846906, "beta": 6.741563069299485}, "datetime": {"datetime": "2020-10-17 18:09:54", "elapsed": 71.802843, "delta": 0.501101}}
{"target": -1094218.4837780625, "params": {"alpha": 0.5610106501790441, "beta": 3.5465374316273293}, "datetime": {"datetime": "2020-10-17 18:09:56", "elapsed": 73.852031, "delta": 2.049188}}
{"target": -1093923.5477924582, "params": {"alpha": 0.5666334580750462, "beta": 3.5379344360735847}, "datetime": {"datetime": "2020-10-17 18:09:57", "elapsed": 74.698174, "delta": 0.846143}}
{"target": -1094207.3760145481, "params": {"alpha": 0.5820025612189158, "beta": 3.520268003338482}, "datetime": {"datetime": "2020-10-17 18:09:58", "elapsed": 75.934801, "delta": 1.236627}}
{"target": -1093937.8832019235, "params": {"alpha": 0.5695544629485924, "beta": 3.5367283693540847}, "datetime": {"datetime": "2020-10-17 18:09:59", "elapsed": 76.640247, "delta": 0.705446}}
{"target": -1093384.6939337624, "params": {"alpha": 0.5667496012482999, "beta": 3.519051156258921}, "datetime": {"datetime": "2020-10-17 18:10:00", "elapsed": 77.861322, "delta": 1.221075}}
{"target": -1093195.7545579732, "params": {"alpha": 0.5645393151574934, "beta": 3.5127639629892045}, "datetime": {"datetime": "2020-10-17 18:10:02", "elapsed": 79.442886, "delta": 1.581564}}
{"target": -1092917.8255348587, "params": {"alpha": 0.5622201252446272, "beta": 3.502216163475637}, "datetime": {"datetime": "2020-10-17 18:10:03", "elapsed": 80.570225, "delta": 1.127339}}
{"target": -1092658.8384971283, "params": {"alpha": 0.5616435850102977, "beta": 3.4923391173842293}, "datetime": {"datetime": "2020-10-17 18:10:03", "elapsed": 81.101478, "delta": 0.531253}}
{"target": -1092360.790956657, "params": {"alpha": 0.5625969260233681, "beta": 3.4813134642941836}, "datetime": {"datetime": "2020-10-17 18:10:05", "elapsed": 82.588451, "delta": 1.486973}}
{"target": -1092096.7978652075, "params": {"alpha": 0.5642585861150357, "beta": 3.470947042680057}, "datetime": {"datetime": "2020-10-17 18:10:06", "elapsed": 83.385325, "delta": 0.796874}}
{"target": -1091859.939150568, "params": {"alpha": 0.5649030074502547, "beta": 3.461048262580507}, "datetime": {"datetime": "2020-10-17 18:10:07", "elapsed": 84.166579, "delta": 0.781254}}
{"target": -1132699.9831053156, "params": {"alpha": 0.6029497185106835, "beta": 4.357497171976991}, "datetime": {"datetime": "2020-10-17 18:10:07", "elapsed": 84.807207, "delta": 0.640628}}
{"target": -1091621.1909015295, "params": {"alpha": 0.5608365777791526, "beta": 3.4505598026281183}, "datetime": {"datetime": "2020-10-17 18:10:09", "elapsed": 86.477741, "delta": 1.670534}}
{"target": -1091647.546995529, "params": {"alpha": 0.5576191717843612, "beta": 3.4485322890455743}, "datetime": {"datetime": "2020-10-17 18:10:10", "elapsed": 87.345283, "delta": 0.867542}}
{"target": -1091484.092006752, "params": {"alpha": 0.5615960078243821, "beta": 3.445039215438084}, "datetime": {"datetime": "2020-10-17 18:10:11", "elapsed": 88.35055, "delta": 1.005267}}
{"target": -1091234.8159270878, "params": {"alpha": 0.563859125164636, "beta": 3.4341062246499394}, "datetime": {"datetime": "2020-10-17 18:10:11", "elapsed": 88.976749, "delta": 0.626199}}
{"target": -1091060.9518034428, "params": {"alpha": 0.5648822944597047, "beta": 3.4255987193376036}, "datetime": {"datetime": "2020-10-17 18:10:13", "elapsed": 90.382999, "delta": 1.40625}}
{"target": -1090856.7703425756, "params": {"alpha": 0.5650003723009248, "beta": 3.4156651853478177}, "datetime": {"datetime": "2020-10-17 18:10:14", "elapsed": 91.668927, "delta": 1.285928}}
{"target": -1090631.3020547873, "params": {"alpha": 0.5634844593367262, "beta": 3.4051635744099205}, "datetime": {"datetime": "2020-10-17 18:10:15", "elapsed": 92.637673, "delta": 0.968746}}
{"target": -1090455.4834418208, "params": {"alpha": 0.5603254441589309, "beta": 3.395729783560415}, "datetime": {"datetime": "2020-10-17 18:10:16", "elapsed": 94.030748, "delta": 1.393075}}
{"target": -1757405.633626436, "params": {"alpha": 0.3385727648304308, "beta": 2.3785383588899194}, "datetime": {"datetime": "2020-10-17 18:10:17", "elapsed": 94.642736, "delta": 0.611988}}
{"target": -1090507.1543418656, "params": {"alpha": 0.5563507082956466, "beta": 3.3936265605064766}, "datetime": {"datetime": "2020-10-17 18:10:18", "elapsed": 95.330233, "delta": 0.687497}}
{"target": -1090333.4490452318, "params": {"alpha": 0.5615673515793753, "beta": 3.389714935954078}, "datetime": {"datetime": "2020-10-17 18:10:19", "elapsed": 96.469439, "delta": 1.139206}}
{"target": -1090219.2544936931, "params": {"alpha": 0.5630422820426748, "beta": 3.3832839729540938}, "datetime": {"datetime": "2020-10-17 18:10:20", "elapsed": 97.440719, "delta": 0.97128}}
{"target": -1090114.6827120658, "params": {"alpha": 0.563709118835246, "beta": 3.3769657061029137}, "datetime": {"datetime": "2020-10-17 18:10:21", "elapsed": 98.818084, "delta": 1.377365}}
{"target": -1090896.32237271, "params": {"alpha": 0.5624237673720618, "beta": 3.4184249838632454}, "datetime": {"datetime": "2020-10-17 18:10:22", "elapsed": 99.85436, "delta": 1.036276}}
{"target": -1089992.902579286, "params": {"alpha": 0.5637606193590864, "beta": 3.3696998336638875}, "datetime": {"datetime": "2020-10-17 18:10:24", "elapsed": 101.276234, "delta": 1.421874}}
{"target": -1089858.2243174159, "params": {"alpha": 0.5630092860995431, "beta": 3.36187537306384}, "datetime": {"datetime": "2020-10-17 18:10:25", "elapsed": 103.01686, "delta": 1.740626}}
{"target": -1089732.5221456804, "params": {"alpha": 0.5616349280156199, "beta": 3.3542583829922257}, "datetime": {"datetime": "2020-10-17 18:10:26", "elapsed": 104.113258, "delta": 1.096398}}
{"target": -1090057.4128069328, "params": {"alpha": 0.5713859750239957, "beta": 3.3563931453568507}, "datetime": {"datetime": "2020-10-17 18:10:27", "elapsed": 104.941384, "delta": 0.828126}}
{"target": -1089641.0390431406, "params": {"alpha": 0.5597636980081825, "beta": 3.347679437532584}, "datetime": {"datetime": "2020-10-17 18:10:29", "elapsed": 106.822969, "delta": 1.881585}}
{"target": -1089989.9224183625, "params": {"alpha": 0.5753330096566355, "beta": 3.329237631797053}, "datetime": {"datetime": "2020-10-17 18:10:30", "elapsed": 107.780936, "delta": 0.957967}}
{"target": -1089448.8117110282, "params": {"alpha": 0.5617620947687701, "beta": 3.3346141999808387}, "datetime": {"datetime": "2020-10-17 18:10:31", "elapsed": 108.843439, "delta": 1.062503}}
