{"target": -1346987.187870771, "params": {"alpha": 0.7276219031074749, "beta": 6.104701139057963}, "datetime": {"datetime": "2020-10-17 18:14:10", "elapsed": 0.0, "delta": 0.0}}
{"target": -1725225.5830949051, "params": {"alpha": 0.3051994122489931, "beta": 8.025246329299044}, "datetime": {"datetime": "2020-10-17 18:14:10", "elapsed": 0.173071, "delta": 0.173071}}
{"target": -1714036.5950962794, "params": {"alpha": 0.497916792317126, "beta": 2.070191679483405}, "datetime": {"datetime": "2020-10-17 18:14:11", "elapsed": 0.299183, "delta": 0.126112}}
{"target": -1504180.379136923, "params": {"alpha": 0.39078833232721283, "beta": 4.551785114854081}, "datetime": {"datetime": "2020-10-17 18:14:11", "elapsed": 0.392933, "delta": 0.09375}}
{"target": -4426555.377722325, "params": {"alpha": 0.3407750666686109, "beta": 1.7429568007729768}, "datetime": {"datetime": "2020-10-17 18:14:11", "elapsed": 0.502307, "delta": 0.109374}}
{"target": -1554524.3155758022, "params": {"alpha": 0.36789380024771157, "beta": 4.680022589282124}, "datetime": {"datetime": "2020-10-17 18:14:11", "elapsed": 0.580431, "delta": 0.078124}}
{"target": -1275518.475299856, "params": {"alpha": 0.924599368884012, "beta": 3.6279303900661364}, "datetime": {"datetime": "2020-10-17 18:14:11", "elapsed": 0.658553, "delta": 0.078122}}
{"target": -1514762.093056931, "params": {"alpha": 0.8318685506191031, "beta": 9.90296201688082}, "datetime": {"datetime": "2020-10-17 18:14:11", "elapsed": 0.767933, "delta": 0.10938}}
{"target": -1275518.4731534282, "params": {"alpha": 0.9245993633645635, "beta": 3.6279303843905515}, "datetime": {"datetime": "2020-10-17 18:14:11", "elapsed": 1.017937, "delta": 0.250004}}
{"target": -1278451.2376162692, "params": {"alpha": 0.93158453604735, "beta": 3.6289107713104527}, "datetime": {"datetime": "2020-10-17 18:14:12", "elapsed": 1.269161, "delta": 0.251224}}
{"target": -1273813.8154222236, "params": {"alpha": 0.919404440777892, "beta": 3.6125502846484907}, "datetime": {"datetime": "2020-10-17 18:14:12", "elapsed": 1.692151, "delta": 0.42299}}
{"target": -1275781.568140519, "params": {"alpha": 0.9252482339623651, "beta": 3.628258426054252}, "datetime": {"datetime": "2020-10-17 18:14:12", "elapsed": 2.020277, "delta": 0.328126}}
{"target": -1277550.7436633871, "params": {"alpha": 0.9288334994106441, "beta": 3.620619107808896}, "datetime": {"datetime": "2020-10-17 18:14:13", "elapsed": 2.317151, "delta": 0.296874}}
{"target": -1269153.6632797716, "params": {"alpha": 0.9082824656195039, "beta": 3.6144041635339925}, "datetime": {"datetime": "2020-10-17 18:14:13", "elapsed": 2.641951, "delta": 0.3248}}
{"target": -1265317.4896715716, "params": {"alpha": 0.89869185813714, "beta": 3.613485926869672}, "datetime": {"datetime": "2020-10-17 18:14:13", "elapsed": 2.985702, "delta": 0.343751}}
{"target": -1258100.7888260968, "params": {"alpha": 0.8797727169299508, "beta": 3.609301675950251}, "datetime": {"datetime": "2020-10-17 18:14:14", "elapsed": 3.329451, "delta": 0.343749}}
{"target": -1253327.8936957421, "params": {"alpha": 0.8665285085909098, "beta": 3.604284529109051}, "datetime": {"datetime": "2020-10-17 18:14:14", "elapsed": 3.647288, "delta": 0.317837}}
{"target": -1350613.0875499726, "params": {"alpha": 0.6295151420379856, "beta": 5.807458857675274}, "datetime": {"datetime": "2020-10-17 18:14:14", "elapsed": 3.900345, "delta": 0.253057}}
{"target": -1247906.7053914603, "params": {"alpha": 0.8506315257874031, "beta": 3.595647237375859}, "datetime": {"datetime": "2020-10-17 18:14:14", "elapsed": 4.197225, "delta": 0.29688}}
{"target": -1242762.8157748296, "params": {"alpha": 0.834224668346789, "beta": 3.574151615586246}, "datetime": {"datetime": "2020-10-17 18:14:15", "elapsed": 4.525348, "delta": 0.328123}}
{"target": -1243182.1329357869, "params": {"alpha": 0.8354354678336812, "beta": 3.571243508405701}, "datetime": {"datetime": "2020-10-17 18:14:15", "elapsed": 4.808066, "delta": 0.282718}}
{"target": -1239703.5843001585, "params": {"alpha": 0.8244244985021997, "beta": 3.5759996082990044}, "datetime": {"datetime": "2020-10-17 18:14:15", "elapsed": 5.076055, "delta": 0.267989}}
{"target": -1231500.787473691, "params": {"alpha": 0.7945748439844229, "beta": 3.580350915326244}, "datetime": {"datetime": "2020-10-17 18:14:16", "elapsed": 5.420901, "delta": 0.344846}}
{"target": -1228400.7252047171, "params": {"alpha": 0.7812243763357843, "beta": 3.5770132707757454}, "datetime": {"datetime": "2020-10-17 18:14:16", "elapsed": 5.729587, "delta": 0.308686}}
{"target": -1225864.3850596535, "params": {"alpha": 0.76908764210633, "beta": 3.567024316712505}, "datetime": {"datetime": "2020-10-17 18:14:16", "elapsed": 6.196587, "delta": 0.467}}
{"target": -1225173.3957465407, "params": {"alpha": 0.7656401144042171, "beta": 3.559504344154741}, "datetime": {"datetime": "2020-10-17 18:14:17", "elapsed": 6.642586, "delta": 0.445999}}
{"target": -1225160.9638351684, "params": {"alpha": 0.7656820385272826, "beta": 3.5551107432712468}, "datetime": {"datetime": "2020-10-17 18:14:17", "elapsed": 6.953587, "delta": 0.311001}}
{"target": -1224465.8759029598, "params": {"alpha": 0.7618520624415503, "beta": 3.55645427163348}, "datetime": {"datetime": "2020-10-17 18:14:18", "elapsed": 7.266589, "delta": 0.313002}}
{"target": -1221352.941457528, "params": {"alpha": 0.7418119383688793, "beta": 3.55233400560931}, "datetime": {"datetime": "2020-10-17 18:14:18", "elapsed": 7.608587, "delta": 0.341998}}
{"target": -1219959.9311820085, "params": {"alpha": 0.7296150989546721, "beta": 3.549401192486444}, "datetime": {"datetime": "2020-10-17 18:14:18", "elapsed": 7.935594, "delta": 0.327007}}
{"target": -1219085.1073920403, "params": {"alpha": 0.7192465293417829, "beta": 3.5455963565032076}, "datetime": {"datetime": "2020-10-17 18:14:18", "elapsed": 8.233588, "delta": 0.297994}}
{"target": -2368526.0285390536, "params": {"alpha": 0.1368641698862598, "beta": 7.531481283924518}, "datetime": {"datetime": "2020-10-17 18:14:19", "elapsed": 8.498588, "delta": 0.265}}
{"target": -1218796.5884747, "params": {"alpha": 0.7068209985511223, "beta": 3.56408781421048}, "datetime": {"datetime": "2020-10-17 18:14:19", "elapsed": 8.780589, "delta": 0.282001}}
{"target": -1218608.4013871236, "params": {"alpha": 0.7061274579593652, "beta": 3.5528566615375623}, "datetime": {"datetime": "2020-10-17 18:14:19", "elapsed": 9.228589, "delta": 0.448}}
{"target": -1218705.6436691454, "params": {"alpha": 0.7088583958830695, "beta": 3.5544763482643047}, "datetime": {"datetime": "2020-10-17 18:14:20", "elapsed": 9.587593, "delta": 0.359004}}
{"target": -1218547.2392090596, "params": {"alpha": 0.7029028140352916, "beta": 3.5524899575382776}, "datetime": {"datetime": "2020-10-17 18:14:20", "elapsed": 9.917591, "delta": 0.329998}}
{"target": -1218534.704640047, "params": {"alpha": 0.7011128468277847, "beta": 3.5527155946033124}, "datetime": {"datetime": "2020-10-17 18:14:24", "elapsed": 14.067648, "delta": 4.150057}}
{"target": -1219215.8642228073, "params": {"alpha": 0.7202554888511681, "beta": 3.5507092708191417}, "datetime": {"datetime": "2020-10-17 18:14:26", "elapsed": 15.713143, "delta": 1.645495}}
{"target": -1218530.1200647138, "params": {"alpha": 0.700639814810359, "beta": 3.552579086538182}, "datetime": {"datetime": "2020-10-17 18:14:28", "elapsed": 17.416271, "delta": 1.703128}}
{"target": -1218526.5192778674, "params": {"alpha": 0.7004415226073244, "beta": 3.5524010527952976}, "datetime": {"datetime": "2020-10-17 18:14:29", "elapsed": 19.004034, "delta": 1.587763}}
{"target": -1218519.634314207, "params": {"alpha": 0.7003439227894636, "beta": 3.551984780530751}, "datetime": {"datetime": "2020-10-17 18:14:31", "elapsed": 20.545037, "delta": 1.541003}}
{"target": -1218497.379862961, "params": {"alpha": 0.7004402710248768, "beta": 3.5505372284563057}, "datetime": {"datetime": "2020-10-17 18:14:33", "elapsed": 22.721039, "delta": 2.176002}}
{"target": -1218411.3458967116, "params": {"alpha": 0.7009471208810687, "beta": 3.5447418212524093}, "datetime": {"datetime": "2020-10-17 18:14:35", "elapsed": 24.543401, "delta": 1.822362}}
{"target": -1218334.148952573, "params": {"alpha": 0.7007504613687386, "beta": 3.5396314029338516}, "datetime": {"datetime": "2020-10-17 18:14:37", "elapsed": 26.421049, "delta": 1.877648}}
{"target": -1218267.8202264856, "params": {"alpha": 0.7004649689055028, "beta": 3.5351851825586196}, "datetime": {"datetime": "2020-10-17 18:14:39", "elapsed": 28.611219, "delta": 2.19017}}
{"target": -1218205.1948713146, "params": {"alpha": 0.7003070924148992, "beta": 3.5308419450500557}, "datetime": {"datetime": "2020-10-17 18:14:41", "elapsed": 30.981485, "delta": 2.370266}}
{"target": -1218266.44696429, "params": {"alpha": 0.7030693085737578, "beta": 3.5331239491173285}, "datetime": {"datetime": "2020-10-17 18:14:44", "elapsed": 33.640488, "delta": 2.659003}}
{"target": -1218141.941872144, "params": {"alpha": 0.699344923611139, "beta": 3.526631766014848}, "datetime": {"datetime": "2020-10-17 18:14:47", "elapsed": 36.552493, "delta": 2.912005}}
{"target": -1264503.669040767, "params": {"alpha": 0.7837565572822538, "beta": 4.704049815690776}, "datetime": {"datetime": "2020-10-17 18:14:49", "elapsed": 38.637854, "delta": 2.085361}}
{"target": -1218082.581283915, "params": {"alpha": 0.6987036939465201, "beta": 3.5224201649669435}, "datetime": {"datetime": "2020-10-17 18:14:52", "elapsed": 41.409002, "delta": 2.771148}}
{"target": -1218024.1425138202, "params": {"alpha": 0.6988299778833345, "beta": 3.518033514767427}, "datetime": {"datetime": "2020-10-17 18:14:54", "elapsed": 44.091152, "delta": 2.68215}}
{"target": -1217898.5221891042, "params": {"alpha": 0.7023741651792851, "beta": 3.505170037071112}, "datetime": {"datetime": "2020-10-17 18:14:57", "elapsed": 46.556155, "delta": 2.465003}}
{"target": -1217920.0035888297, "params": {"alpha": 0.7028367828402671, "beta": 3.5063213451776796}, "datetime": {"datetime": "2020-10-17 18:14:59", "elapsed": 48.777157, "delta": 2.221002}}
{"target": -1217863.9496793628, "params": {"alpha": 0.7003788873287559, "beta": 3.5044840387945118}, "datetime": {"datetime": "2020-10-17 18:15:01", "elapsed": 50.621673, "delta": 1.844516}}
{"target": -1217821.8885909577, "params": {"alpha": 0.6979427775713682, "beta": 3.5021574632747994}, "datetime": {"datetime": "2020-10-17 18:15:03", "elapsed": 52.986234, "delta": 2.364561}}
{"target": -1217801.1621009663, "params": {"alpha": 0.696848075485021, "beta": 3.5004299055135033}, "datetime": {"datetime": "2020-10-17 18:15:05", "elapsed": 55.067026, "delta": 2.080792}}
{"target": -1217780.4477975832, "params": {"alpha": 0.6964069727759457, "beta": 3.4986070835813017}, "datetime": {"datetime": "2020-10-17 18:15:08", "elapsed": 58.209538, "delta": 3.142512}}
{"target": -1217743.3887926177, "params": {"alpha": 0.6964444611281523, "beta": 3.4954722849479025}, "datetime": {"datetime": "2020-10-17 18:15:11", "elapsed": 60.999542, "delta": 2.790004}}
{"target": -1217692.0038484244, "params": {"alpha": 0.6972052310016874, "beta": 3.491038873072335}, "datetime": {"datetime": "2020-10-17 18:15:13", "elapsed": 63.003461, "delta": 2.003919}}
{"target": -1217655.399727293, "params": {"alpha": 0.6981261838508243, "beta": 3.487495461950778}, "datetime": {"datetime": "2020-10-17 18:15:15", "elapsed": 64.975506, "delta": 1.972045}}
{"target": -1217630.6751423883, "params": {"alpha": 0.698844012817216, "beta": 3.484772970831167}, "datetime": {"datetime": "2020-10-17 18:15:17", "elapsed": 66.861593, "delta": 1.886087}}
{"target": -1217609.535244421, "params": {"alpha": 0.6992820294608452, "beta": 3.4823767014938807}, "datetime": {"datetime": "2020-10-17 18:15:19", "elapsed": 68.580346, "delta": 1.718753}}
{"target": -1218033.1562962523, "params": {"alpha": 0.7132533319097029, "beta": 3.4779164466147594}, "datetime": {"datetime": "2020-10-17 18:15:20", "elapsed": 70.104304, "delta": 1.523958}}
{"target": -1217578.2472063135, "params": {"alpha": 0.6989225078242307, "beta": 3.4795801024154787}, "datetime": {"datetime": "2020-10-17 18:15:23", "elapsed": 72.292307, "delta": 2.188003}}
{"target": -1217530.1300641007, "params": {"alpha": 0.6976960446128336, "beta": 3.4754936680260466}, "datetime": {"datetime": "2020-10-17 18:15:24", "elapsed": 73.880308, "delta": 1.588001}}
{"target": -1217488.9278596686, "params": {"alpha": 0.696374452045522, "beta": 3.4715629687110647}, "datetime": {"datetime": "2020-10-17 18:15:25", "elapsed": 75.16817, "delta": 1.287862}}
{"target": -1217620.5889186691, "params": {"alpha": 0.701729008979017, "beta": 3.4801695196972133}, "datetime": {"datetime": "2020-10-17 18:15:27", "elapsed": 76.645485, "delta": 1.477315}}
{"target": -1217456.9216212311, "params": {"alpha": 0.6956007642890812, "beta": 3.4681246094652525}, "datetime": {"datetime": "2020-10-17 18:15:28", "elapsed": 78.071233, "delta": 1.425748}}
{"target": -1217424.4556788586, "params": {"alpha": 0.6953948085367346, "beta": 3.4645773853300335}, "datetime": {"datetime": "2020-10-17 18:15:30", "elapsed": 79.495519, "delta": 1.424286}}
{"target": -1217389.0546295564, "params": {"alpha": 0.6958598927387806, "beta": 3.460688481805202}, "datetime": {"datetime": "2020-10-17 18:15:32", "elapsed": 81.310737, "delta": 1.815218}}
{"target": -1217361.2505235004, "params": {"alpha": 0.6968580210427063, "beta": 3.457220477982441}, "datetime": {"datetime": "2020-10-17 18:15:33", "elapsed": 82.802268, "delta": 1.491531}}
{"target": -1217668.5597664802, "params": {"alpha": 0.6956287171319121, "beta": 3.488660394560487}, "datetime": {"datetime": "2020-10-17 18:15:34", "elapsed": 83.97927, "delta": 1.177002}}
{"target": -1217346.633027822, "params": {"alpha": 0.6976570456938527, "beta": 3.4549017238844697}, "datetime": {"datetime": "2020-10-17 18:15:36", "elapsed": 85.524272, "delta": 1.545002}}
{"target": -1217338.893662656, "params": {"alpha": 0.6980670335092606, "beta": 3.4535203597266606}, "datetime": {"datetime": "2020-10-17 18:15:37", "elapsed": 87.121273, "delta": 1.597001}}
{"target": -1217280.7574869005, "params": {"alpha": 0.6970611456513494, "beta": 3.4468153764231833}, "datetime": {"datetime": "2020-10-17 18:15:40", "elapsed": 89.549027, "delta": 2.427754}}
{"target": -1217255.8559369799, "params": {"alpha": 0.6945558292725821, "beta": 3.4439573367490386}, "datetime": {"datetime": "2020-10-17 18:15:42", "elapsed": 91.468334, "delta": 1.919307}}
{"target": -1217255.058326223, "params": {"alpha": 0.6938302702435791, "beta": 3.4434447814885383}, "datetime": {"datetime": "2020-10-17 18:15:43", "elapsed": 93.208137, "delta": 1.739803}}
{"target": -1217254.8275166792, "params": {"alpha": 0.6938090717855262, "beta": 3.443398239168201}, "datetime": {"datetime": "2020-10-17 18:15:46", "elapsed": 95.263101, "delta": 2.054964}}
{"target": -1217253.9897173713, "params": {"alpha": 0.6938071382861449, "beta": 3.443284402004656}, "datetime": {"datetime": "2020-10-17 18:15:49", "elapsed": 98.638105, "delta": 3.375004}}
{"target": -1217253.620783135, "params": {"alpha": 0.693803512856121, "beta": 3.443232167476121}, "datetime": {"datetime": "2020-10-17 18:15:52", "elapsed": 101.702112, "delta": 3.064007}}
{"target": -1217253.0539481093, "params": {"alpha": 0.6937793063074249, "beta": 3.4431378967266086}, "datetime": {"datetime": "2020-10-17 18:15:54", "elapsed": 103.98845, "delta": 2.286338}}
{"target": -1217252.6340707813, "params": {"alpha": 0.6937362826808945, "beta": 3.443048609794788}, "datetime": {"datetime": "2020-10-17 18:15:56", "elapsed": 105.805682, "delta": 1.817232}}
{"target": -1217251.1713705997, "params": {"alpha": 0.6937750635009595, "beta": 3.4428812334142234}, "datetime": {"datetime": "2020-10-17 18:15:59", "elapsed": 108.809506, "delta": 3.003824}}
{"target": -1217213.3957878046, "params": {"alpha": 0.6998926536716468, "beta": 3.4311095531677434}, "datetime": {"datetime": "2020-10-17 18:16:01", "elapsed": 110.763508, "delta": 1.954002}}
{"target": -1217177.2385914149, "params": {"alpha": 0.6962399632025662, "beta": 3.432101136612845}, "datetime": {"datetime": "2020-10-17 18:16:03", "elapsed": 112.919452, "delta": 2.155944}}
{"target": -1217166.8993410915, "params": {"alpha": 0.6955196781566207, "beta": 3.4308296009096693}, "datetime": {"datetime": "2020-10-17 18:16:06", "elapsed": 115.484325, "delta": 2.564873}}
{"target": -1217156.6355426812, "params": {"alpha": 0.694996583237296, "beta": 3.4292627079174967}, "datetime": {"datetime": "2020-10-17 18:16:08", "elapsed": 118.137402, "delta": 2.653077}}
{"target": -1217143.6170810512, "params": {"alpha": 0.6945336272494372, "beta": 3.427065842531026}, "datetime": {"datetime": "2020-10-17 18:16:10", "elapsed": 119.700781, "delta": 1.563379}}
{"target": -1217128.3743399193, "params": {"alpha": 0.694213446588263, "beta": 3.4243549271535243}, "datetime": {"datetime": "2020-10-17 18:16:12", "elapsed": 121.902783, "delta": 2.202002}}
{"target": -1217113.174131719, "params": {"alpha": 0.6940776261826411, "beta": 3.421569182002867}, "datetime": {"datetime": "2020-10-17 18:16:14", "elapsed": 123.726785, "delta": 1.824002}}
{"target": -1217098.8605963816, "params": {"alpha": 0.694088440029272, "beta": 3.418867584473422}, "datetime": {"datetime": "2020-10-17 18:16:16", "elapsed": 125.511787, "delta": 1.785002}}
{"target": -1217085.6366876515, "params": {"alpha": 0.6941697368379536, "beta": 3.416259912511607}, "datetime": {"datetime": "2020-10-17 18:16:18", "elapsed": 127.604204, "delta": 2.092417}}
{"target": -1217073.6478868604, "params": {"alpha": 0.6942497263200561, "beta": 3.413763098439541}, "datetime": {"datetime": "2020-10-17 18:16:20", "elapsed": 129.754008, "delta": 2.149804}}
{"target": -1217062.648373786, "params": {"alpha": 0.6942509264131896, "beta": 3.411345094846253}, "datetime": {"datetime": "2020-10-17 18:16:23", "elapsed": 132.258103, "delta": 2.504095}}
{"target": -1217052.6225695398, "params": {"alpha": 0.6940911598692004, "beta": 3.4090318067290717}, "datetime": {"datetime": "2020-10-17 18:16:24", "elapsed": 134.072105, "delta": 1.814002}}
{"target": -1217043.9316500255, "params": {"alpha": 0.6936488683518532, "beta": 3.4068517934527494}, "datetime": {"datetime": "2020-10-17 18:16:27", "elapsed": 136.403107, "delta": 2.331002}}
{"target": -1217039.1392510424, "params": {"alpha": 0.6928682841528214, "beta": 3.405110310681497}, "datetime": {"datetime": "2020-10-17 18:16:28", "elapsed": 138.060239, "delta": 1.657132}}
{"target": -1217039.7342570892, "params": {"alpha": 0.6922681414102858, "beta": 3.404461131842484}, "datetime": {"datetime": "2020-10-17 18:16:30", "elapsed": 139.971183, "delta": 1.910944}}
{"target": -1217039.5037877078, "params": {"alpha": 0.6922848635409451, "beta": 3.4044304389262185}, "datetime": {"datetime": "2020-10-17 18:16:32", "elapsed": 141.786384, "delta": 1.815201}}
{"target": -1217039.3550149137, "params": {"alpha": 0.6922801471528662, "beta": 3.4043859440589808}, "datetime": {"datetime": "2020-10-17 18:16:33", "elapsed": 143.241924, "delta": 1.45554}}
{"target": -1217039.1268325911, "params": {"alpha": 0.692286147051599, "beta": 3.4043386122065957}, "datetime": {"datetime": "2020-10-17 18:16:36", "elapsed": 145.319358, "delta": 2.077434}}
{"target": -1217029.5237987577, "params": {"alpha": 0.6909572997656652, "beta": 3.3988719217972116}, "datetime": {"datetime": "2020-10-17 18:16:37", "elapsed": 146.77536, "delta": 1.456002}}
{"target": -1217017.2858958873, "params": {"alpha": 0.6926205171291385, "beta": 3.398970460192725}, "datetime": {"datetime": "2020-10-17 18:16:39", "elapsed": 148.317363, "delta": 1.542003}}
{"target": -1217007.6431887152, "params": {"alpha": 0.6938111121634837, "beta": 3.3967659137231188}, "datetime": {"datetime": "2020-10-17 18:16:40", "elapsed": 149.983364, "delta": 1.666001}}
{"target": -1217005.3665168674, "params": {"alpha": 0.694285409410121, "beta": 3.395807519021097}, "datetime": {"datetime": "2020-10-17 18:16:42", "elapsed": 151.761992, "delta": 1.778628}}
{"target": -1217004.5740773557, "params": {"alpha": 0.6944045674791919, "beta": 3.395433581150797}, "datetime": {"datetime": "2020-10-17 18:16:44", "elapsed": 153.259155, "delta": 1.497163}}
{"target": -1217003.9857258324, "params": {"alpha": 0.69443326819351, "beta": 3.3952008282996995}, "datetime": {"datetime": "2020-10-17 18:16:45", "elapsed": 154.983158, "delta": 1.724003}}
{"target": -1217003.5989794687, "params": {"alpha": 0.6944929846271731, "beta": 3.3950020907353418}, "datetime": {"datetime": "2020-10-17 18:16:47", "elapsed": 156.621317, "delta": 1.638159}}
