{"target": -1558450.2932936503, "params": {"alpha": 0.7276219031074749, "beta": 6.104701139057963}, "datetime": {"datetime": "2020-10-17 18:12:04", "elapsed": 0.0, "delta": 0.0}}
{"target": -1294756.966597129, "params": {"alpha": 0.3051994122489931, "beta": 8.025246329299044}, "datetime": {"datetime": "2020-10-17 18:12:04", "elapsed": 0.109378, "delta": 0.109378}}
{"target": -1597594.2137346761, "params": {"alpha": 0.497916792317126, "beta": 2.070191679483405}, "datetime": {"datetime": "2020-10-17 18:12:04", "elapsed": 0.234372, "delta": 0.124994}}
{"target": -1132770.0331988153, "params": {"alpha": 0.39078833232721283, "beta": 4.551785114854081}, "datetime": {"datetime": "2020-10-17 18:12:04", "elapsed": 0.343752, "delta": 0.10938}}
{"target": -3564106.793963203, "params": {"alpha": 0.3407750666686109, "beta": 1.7429568007729768}, "datetime": {"datetime": "2020-10-17 18:12:04", "elapsed": 0.453127, "delta": 0.109375}}
{"target": -1117304.5845993913, "params": {"alpha": 0.36789380024771157, "beta": 4.680022589282124}, "datetime": {"datetime": "2020-10-17 18:12:04", "elapsed": 0.562503, "delta": 0.109376}}
{"target": -1809079.6923508537, "params": {"alpha": 0.924599368884012, "beta": 3.6279303900661364}, "datetime": {"datetime": "2020-10-17 18:12:04", "elapsed": 0.671875, "delta": 0.109372}}
{"target": -1685701.0049462756, "params": {"alpha": 0.8318685506191031, "beta": 9.90296201688082}, "datetime": {"datetime": "2020-10-17 18:12:04", "elapsed": 0.765625, "delta": 0.09375}}
{"target": -1124082.6560361409, "params": {"alpha": 0.3782060484601408, "beta": 4.6222612648254096}, "datetime": {"datetime": "2020-10-17 18:12:05", "elapsed": 1.031251, "delta": 0.265626}}
{"target": -1543085.7625841964, "params": {"alpha": 0.7314212688771988, "beta": 3.7722421535447763}, "datetime": {"datetime": "2020-10-17 18:12:05", "elapsed": 1.187502, "delta": 0.156251}}
{"target": -1139331.700634999, "params": {"alpha": 0.1165301112709405, "beta": 6.176489919882287}, "datetime": {"datetime": "2020-10-17 18:12:05", "elapsed": 1.359377, "delta": 0.171875}}
{"target": -1118960.3652328758, "params": {"alpha": 0.3704566890355005, "beta": 4.665667473104022}, "datetime": {"datetime": "2020-10-17 18:12:05", "elapsed": 1.703124, "delta": 0.343747}}
{"target": -1117328.1164805721, "params": {"alpha": 0.36793054089342103, "beta": 4.6798158413412105}, "datetime": {"datetime": "2020-10-17 18:12:06", "elapsed": 1.985643, "delta": 0.282519}}
{"target": -1117207.1067504385, "params": {"alpha": 0.3677392560907057, "beta": 4.6809122357685276}, "datetime": {"datetime": "2020-10-17 18:12:06", "elapsed": 2.284889, "delta": 0.299246}}
{"target": -1117054.0354593114, "params": {"alpha": 0.367255748874579, "beta": 4.68576424708984}, "datetime": {"datetime": "2020-10-17 18:12:06", "elapsed": 2.676642, "delta": 0.391753}}
{"target": -1116724.0419109387, "params": {"alpha": 0.3668975129182223, "beta": 4.686394707948108}, "datetime": {"datetime": "2020-10-17 18:12:07", "elapsed": 3.036023, "delta": 0.359381}}
{"target": -1084909.5274415, "params": {"alpha": 0.33520258106804984, "beta": 4.68341291974489}, "datetime": {"datetime": "2020-10-17 18:12:07", "elapsed": 3.411021, "delta": 0.374998}}
{"target": -1061356.0344418595, "params": {"alpha": 0.3084661795855216, "beta": 4.67801159568437}, "datetime": {"datetime": "2020-10-17 18:12:07", "elapsed": 3.772895, "delta": 0.361874}}
{"target": -1041274.8257807678, "params": {"alpha": 0.2796648078568178, "beta": 4.669524212473902}, "datetime": {"datetime": "2020-10-17 18:12:08", "elapsed": 4.118122, "delta": 0.345227}}
{"target": -1031547.7678053101, "params": {"alpha": 0.25839584991540426, "beta": 4.65882387585599}, "datetime": {"datetime": "2020-10-17 18:12:08", "elapsed": 4.494217, "delta": 0.376095}}
{"target": -1028879.5509694561, "params": {"alpha": 0.24814899435446627, "beta": 4.647940797099143}, "datetime": {"datetime": "2020-10-17 18:12:08", "elapsed": 4.714214, "delta": 0.219997}}
{"target": -1028567.8041427591, "params": {"alpha": 0.24712700908308366, "beta": 4.641844870058772}, "datetime": {"datetime": "2020-10-17 18:12:09", "elapsed": 4.996643, "delta": 0.282429}}
{"target": -1028533.7385785755, "params": {"alpha": 0.2470467757820778, "beta": 4.640980696038323}, "datetime": {"datetime": "2020-10-17 18:12:09", "elapsed": 5.372965, "delta": 0.376322}}
{"target": -1028436.9470162406, "params": {"alpha": 0.24630640725329356, "beta": 4.640497095358468}, "datetime": {"datetime": "2020-10-17 18:12:09", "elapsed": 5.618727, "delta": 0.245762}}
{"target": -1028066.2057368992, "params": {"alpha": 0.2400788030229634, "beta": 4.638764509663335}, "datetime": {"datetime": "2020-10-17 18:12:10", "elapsed": 5.96976, "delta": 0.351033}}
{"target": -1028082.839348785, "params": {"alpha": 0.23856045480937818, "beta": 4.6383503478838515}, "datetime": {"datetime": "2020-10-17 18:12:10", "elapsed": 6.237309, "delta": 0.267549}}
{"target": -1028073.7684847766, "params": {"alpha": 0.23893783476870417, "beta": 4.638410439253801}, "datetime": {"datetime": "2020-10-17 18:12:10", "elapsed": 6.550953, "delta": 0.313644}}
{"target": -1028073.792408438, "params": {"alpha": 0.23890644165811645, "beta": 4.638374684580379}, "datetime": {"datetime": "2020-10-17 18:12:10", "elapsed": 6.786548, "delta": 0.235595}}
{"target": -1028073.9514664637, "params": {"alpha": 0.23887136650467972, "beta": 4.638340034521944}, "datetime": {"datetime": "2020-10-17 18:12:11", "elapsed": 7.084581, "delta": 0.298033}}
{"target": -1028074.2119906567, "params": {"alpha": 0.23883625037948134, "beta": 4.638309078971959}, "datetime": {"datetime": "2020-10-17 18:12:11", "elapsed": 7.459582, "delta": 0.375001}}
{"target": -1028074.4973285687, "params": {"alpha": 0.23880530025812952, "beta": 4.638283518813324}, "datetime": {"datetime": "2020-10-17 18:12:11", "elapsed": 7.804611, "delta": 0.345029}}
{"target": -1028074.9463341893, "params": {"alpha": 0.23877520399214777, "beta": 4.6382662013561315}, "datetime": {"datetime": "2020-10-17 18:12:12", "elapsed": 8.244409, "delta": 0.439798}}
{"target": -1028074.9363718595, "params": {"alpha": 0.238756724695502, "beta": 4.6382410537312975}, "datetime": {"datetime": "2020-10-17 18:12:12", "elapsed": 8.653131, "delta": 0.408722}}
{"target": -1028075.5894774946, "params": {"alpha": 0.23872393953331958, "beta": 4.6382286776015915}, "datetime": {"datetime": "2020-10-17 18:12:12", "elapsed": 8.951104, "delta": 0.297973}}
{"target": -1028075.8229553041, "params": {"alpha": 0.23870511233276712, "beta": 4.638214111968174}, "datetime": {"datetime": "2020-10-17 18:12:13", "elapsed": 9.390698, "delta": 0.439594}}
{"target": -1028076.2721362578, "params": {"alpha": 0.23868395521922536, "beta": 4.638206567734364}, "datetime": {"datetime": "2020-10-17 18:12:13", "elapsed": 9.828201, "delta": 0.437503}}
{"target": -1028444.2536161687, "params": {"alpha": 0.23508595852887693, "beta": 4.646649433439021}, "datetime": {"datetime": "2020-10-17 18:12:22", "elapsed": 18.329055, "delta": 8.500854}}
{"target": -1028055.8731892653, "params": {"alpha": 0.23877841483739606, "beta": 4.637329297742332}, "datetime": {"datetime": "2020-10-17 18:12:27", "elapsed": 23.758215, "delta": 5.42916}}
{"target": -1028887.6385766311, "params": {"alpha": 0.2306832996606241, "beta": 4.635341659913998}, "datetime": {"datetime": "2020-10-17 18:12:32", "elapsed": 28.378777, "delta": 4.620562}}
{"target": -1028054.7758211788, "params": {"alpha": 0.23993486319653795, "beta": 4.638205638921087}, "datetime": {"datetime": "2020-10-17 18:12:36", "elapsed": 32.326947, "delta": 3.94817}}
{"target": -1030980.6350818836, "params": {"alpha": 0.26154840192479456, "beta": 4.618633115528701}, "datetime": {"datetime": "2020-10-17 18:12:41", "elapsed": 37.385086, "delta": 5.058139}}
{"target": -1028617.0915143794, "params": {"alpha": 0.25390963515510157, "beta": 4.607149347451685}, "datetime": {"datetime": "2020-10-17 18:12:47", "elapsed": 43.679356, "delta": 6.29427}}
{"target": -1027387.6406216054, "params": {"alpha": 0.24269888129519682, "beta": 4.606393048247338}, "datetime": {"datetime": "2020-10-17 18:12:50", "elapsed": 46.856307, "delta": 3.176951}}
{"target": -1027352.3438720363, "params": {"alpha": 0.2419803958797164, "beta": 4.604893718241348}, "datetime": {"datetime": "2020-10-17 18:12:54", "elapsed": 50.047361, "delta": 3.191054}}
{"target": -1027282.8655168427, "params": {"alpha": 0.24179287123443632, "beta": 4.6013816151402525}, "datetime": {"datetime": "2020-10-17 18:12:56", "elapsed": 52.850076, "delta": 2.802715}}
{"target": -1027181.8220773023, "params": {"alpha": 0.2415993353184369, "beta": 4.5960536331416995}, "datetime": {"datetime": "2020-10-17 18:13:00", "elapsed": 56.810533, "delta": 3.960457}}
{"target": -1027098.6949680382, "params": {"alpha": 0.2414441637367742, "beta": 4.591452535783221}, "datetime": {"datetime": "2020-10-17 18:13:04", "elapsed": 60.377895, "delta": 3.567362}}
{"target": -1027015.8840306211, "params": {"alpha": 0.24119149402093126, "beta": 4.586466157686264}, "datetime": {"datetime": "2020-10-17 18:13:08", "elapsed": 64.41409, "delta": 4.036195}}
{"target": -1027337.8299743764, "params": {"alpha": 0.24347498769175308, "beta": 4.6033900904280145}, "datetime": {"datetime": "2020-10-17 18:13:13", "elapsed": 69.144466, "delta": 4.730376}}
{"target": -1026938.3276954333, "params": {"alpha": 0.24088666999845995, "beta": 4.581286886492957}, "datetime": {"datetime": "2020-10-17 18:13:18", "elapsed": 74.120458, "delta": 4.975992}}
{"target": -1026885.6572178102, "params": {"alpha": 0.24044797895334014, "beta": 4.576707033751528}, "datetime": {"datetime": "2020-10-17 18:13:24", "elapsed": 80.048507, "delta": 5.928049}}
{"target": -1026865.5032496974, "params": {"alpha": 0.24002521696212709, "beta": 4.573693672743885}, "datetime": {"datetime": "2020-10-17 18:13:29", "elapsed": 85.085488, "delta": 5.036981}}
{"target": -1026865.1073121189, "params": {"alpha": 0.2397779716159022, "beta": 4.57248174652687}, "datetime": {"datetime": "2020-10-17 18:13:35", "elapsed": 91.264744, "delta": 6.179256}}
{"target": -1027216.906643628, "params": {"alpha": 0.23700558854510412, "beta": 4.578158347742968}, "datetime": {"datetime": "2020-10-17 18:13:38", "elapsed": 94.72689, "delta": 3.462146}}
{"target": -1026599.7584020273, "params": {"alpha": 0.2445037823042746, "beta": 4.566308906405346}, "datetime": {"datetime": "2020-10-17 18:13:42", "elapsed": 98.451492, "delta": 3.724602}}
{"target": -1026551.1335294832, "params": {"alpha": 0.2449956090680171, "beta": 4.56353045109594}, "datetime": {"datetime": "2020-10-17 18:13:47", "elapsed": 102.970438, "delta": 4.518946}}
{"target": -1026475.8528552414, "params": {"alpha": 0.2449256404783118, "beta": 4.559604724298501}, "datetime": {"datetime": "2020-10-17 18:13:53", "elapsed": 109.195775, "delta": 6.225337}}
{"target": -1026344.2812108085, "params": {"alpha": 0.24433746927522587, "beta": 4.552283020413741}, "datetime": {"datetime": "2020-10-17 18:14:00", "elapsed": 116.341631, "delta": 7.145856}}
{"target": -1026247.0397044222, "params": {"alpha": 0.2437369569106282, "beta": 4.545804155387504}, "datetime": {"datetime": "2020-10-17 18:14:04", "elapsed": 120.198985, "delta": 3.857354}}
{"target": -1026181.0841916691, "params": {"alpha": 0.24339000433124428, "beta": 4.5408659539893925}, "datetime": {"datetime": "2020-10-17 18:14:08", "elapsed": 124.23402, "delta": 4.035035}}
{"target": -1026684.3669404067, "params": {"alpha": 0.238735373409806, "beta": 4.551102752333884}, "datetime": {"datetime": "2020-10-17 18:14:12", "elapsed": 128.305408, "delta": 4.071388}}
{"target": -1026986.4353774365, "params": {"alpha": 0.25535215808485046, "beta": 4.54187611918522}, "datetime": {"datetime": "2020-10-17 18:14:18", "elapsed": 134.2236, "delta": 5.918192}}
{"target": -1026051.9946548013, "params": {"alpha": 0.24507877698436287, "beta": 4.535611708827735}, "datetime": {"datetime": "2020-10-17 18:14:23", "elapsed": 139.141732, "delta": 4.918132}}
{"target": -1025595.7668354926, "params": {"alpha": 0.24499037273284152, "beta": 4.504660903538988}, "datetime": {"datetime": "2020-10-17 18:14:27", "elapsed": 143.388905, "delta": 4.247173}}
{"target": -1025726.0240926213, "params": {"alpha": 0.24320201331086636, "beta": 4.505964875752539}, "datetime": {"datetime": "2020-10-17 18:14:31", "elapsed": 147.640047, "delta": 4.251142}}
{"target": -1025469.7317850281, "params": {"alpha": 0.24815021603379536, "beta": 4.500505140285596}, "datetime": {"datetime": "2020-10-17 18:14:36", "elapsed": 152.721807, "delta": 5.08176}}
{"target": -1025386.1264242496, "params": {"alpha": 0.24877508488393713, "beta": 4.494931013288099}, "datetime": {"datetime": "2020-10-17 18:14:43", "elapsed": 159.192499, "delta": 6.470692}}
{"target": -1025281.4795112428, "params": {"alpha": 0.24847544952925485, "beta": 4.488273212203314}, "datetime": {"datetime": "2020-10-17 18:14:47", "elapsed": 163.899834, "delta": 4.707335}}
{"target": -1025182.3470949286, "params": {"alpha": 0.2467248066579456, "beta": 4.4780967563285605}, "datetime": {"datetime": "2020-10-17 18:14:54", "elapsed": 170.196521, "delta": 6.296687}}
{"target": -1026682.2181792167, "params": {"alpha": 0.24668574454984685, "beta": 4.5675743074000845}, "datetime": {"datetime": "2020-10-17 18:14:59", "elapsed": 175.072169, "delta": 4.875648}}
{"target": -1025112.0338868167, "params": {"alpha": 0.24780670431607782, "beta": 4.4754704581430795}, "datetime": {"datetime": "2020-10-17 18:15:04", "elapsed": 180.772892, "delta": 5.700723}}
{"target": -1025247.7675611699, "params": {"alpha": 0.24582282972422714, "beta": 4.479768566520088}, "datetime": {"datetime": "2020-10-17 18:15:10", "elapsed": 186.126551, "delta": 5.353659}}
{"target": -1024985.590185452, "params": {"alpha": 0.2502541799436207, "beta": 4.467667524986919}, "datetime": {"datetime": "2020-10-17 18:15:14", "elapsed": 190.586447, "delta": 4.459896}}
{"target": -1025142.1589165356, "params": {"alpha": 0.2517903727118954, "beta": 4.4749494206066025}, "datetime": {"datetime": "2020-10-17 18:15:18", "elapsed": 194.459229, "delta": 3.872782}}
{"target": -1024971.7809089371, "params": {"alpha": 0.25054891976000754, "beta": 4.466479589715931}, "datetime": {"datetime": "2020-10-17 18:15:23", "elapsed": 199.619319, "delta": 5.16009}}
{"target": -1024832.3888645248, "params": {"alpha": 0.24935997102104987, "beta": 4.456028213775597}, "datetime": {"datetime": "2020-10-17 18:15:28", "elapsed": 204.464638, "delta": 4.845319}}
{"target": -1025887.7680396172, "params": {"alpha": 0.24071837761577763, "beta": 4.493694356669716}, "datetime": {"datetime": "2020-10-17 18:15:31", "elapsed": 207.640028, "delta": 3.17539}}
{"target": -1024797.0505665556, "params": {"alpha": 0.2485935913433868, "beta": 4.451191847089833}, "datetime": {"datetime": "2020-10-17 18:15:35", "elapsed": 211.513283, "delta": 3.873255}}
{"target": -1024891.3625785146, "params": {"alpha": 0.24729099655174133, "beta": 4.45426424006728}, "datetime": {"datetime": "2020-10-17 18:15:39", "elapsed": 215.593112, "delta": 4.079829}}
{"target": -1024563.7613050516, "params": {"alpha": 0.25156646611327443, "beta": 4.435825612221502}, "datetime": {"datetime": "2020-10-17 18:15:45", "elapsed": 221.615111, "delta": 6.021999}}
{"target": -1025147.7656138276, "params": {"alpha": 0.24565399781497035, "beta": 4.469272574859591}, "datetime": {"datetime": "2020-10-17 18:15:49", "elapsed": 225.299116, "delta": 3.684005}}
{"target": -1025869.351228857, "params": {"alpha": 0.2609701647686842, "beta": 4.459511809510287}, "datetime": {"datetime": "2020-10-17 18:15:52", "elapsed": 228.299747, "delta": 3.000631}}
{"target": -1024472.2473158573, "params": {"alpha": 0.2502121296089258, "beta": 4.425516026469729}, "datetime": {"datetime": "2020-10-17 18:15:56", "elapsed": 232.82637, "delta": 4.526623}}
{"target": -1024468.6344325497, "params": {"alpha": 0.2501814738022351, "beta": 4.425033528164251}, "datetime": {"datetime": "2020-10-17 18:16:00", "elapsed": 236.754519, "delta": 3.928149}}
{"target": -1024466.2040747823, "params": {"alpha": 0.2501849653431901, "beta": 4.424795046546195}, "datetime": {"datetime": "2020-10-17 18:16:03", "elapsed": 239.768341, "delta": 3.013822}}
{"target": -1024463.7894590202, "params": {"alpha": 0.25018807802007176, "beta": 4.424556251586591}, "datetime": {"datetime": "2020-10-17 18:16:07", "elapsed": 243.7165, "delta": 3.948159}}
{"target": -1024065.1375202853, "params": {"alpha": 0.2531871173654759, "beta": 4.390049232080823}, "datetime": {"datetime": "2020-10-17 18:16:11", "elapsed": 247.483794, "delta": 3.767294}}
{"target": -1024065.3623030459, "params": {"alpha": 0.25265246331739294, "beta": 4.38856686442934}, "datetime": {"datetime": "2020-10-17 18:16:13", "elapsed": 249.526795, "delta": 2.043001}}
{"target": -1024976.1814126555, "params": {"alpha": 0.24427106032619977, "beta": 4.404369746391405}, "datetime": {"datetime": "2020-10-17 18:16:16", "elapsed": 252.632843, "delta": 3.106048}}
{"target": -1024085.9367063968, "params": {"alpha": 0.25963296253454643, "beta": 4.374102920268734}, "datetime": {"datetime": "2020-10-17 18:16:20", "elapsed": 256.240229, "delta": 3.607386}}
{"target": -1024097.0510129503, "params": {"alpha": 0.2576062848305817, "beta": 4.385237227566759}, "datetime": {"datetime": "2020-10-17 18:16:23", "elapsed": 259.042113, "delta": 2.801884}}
{"target": -1023889.011885467, "params": {"alpha": 0.253422862596414, "beta": 4.367542297380954}, "datetime": {"datetime": "2020-10-17 18:16:26", "elapsed": 262.206118, "delta": 3.164005}}
{"target": -1023889.0040493822, "params": {"alpha": 0.25375677417961573, "beta": 4.369269938968657}, "datetime": {"datetime": "2020-10-17 18:16:29", "elapsed": 265.298501, "delta": 3.092383}}
{"target": -1023885.7507005357, "params": {"alpha": 0.2537835942883481, "beta": 4.3689124873248}, "datetime": {"datetime": "2020-10-17 18:16:31", "elapsed": 267.75902, "delta": 2.460519}}
{"target": -1023885.9869858682, "params": {"alpha": 0.25378247476929433, "beta": 4.368942104772732}, "datetime": {"datetime": "2020-10-17 18:16:34", "elapsed": 270.167689, "delta": 2.408669}}
{"target": -1023886.2137141877, "params": {"alpha": 0.2537804936130252, "beta": 4.368966559373958}, "datetime": {"datetime": "2020-10-17 18:16:37", "elapsed": 272.964374, "delta": 2.796685}}
{"target": -1023886.4315117855, "params": {"alpha": 0.2537665390166659, "beta": 4.368937108747833}, "datetime": {"datetime": "2020-10-17 18:16:39", "elapsed": 275.572374, "delta": 2.608}}
{"target": -1023886.3217781355, "params": {"alpha": 0.2537685953107209, "beta": 4.3689301284727025}, "datetime": {"datetime": "2020-10-17 18:16:42", "elapsed": 278.172129, "delta": 2.599755}}
{"target": -1025040.0650009125, "params": {"alpha": 0.24666185863565732, "beta": 4.465205902354323}, "datetime": {"datetime": "2020-10-17 18:16:44", "elapsed": 280.201167, "delta": 2.029038}}
{"target": -1023886.2188920036, "params": {"alpha": 0.2537819047149441, "beta": 4.368973470021187}, "datetime": {"datetime": "2020-10-17 18:16:46", "elapsed": 282.59717, "delta": 2.396003}}
{"target": -1023885.1211017348, "params": {"alpha": 0.2537852402846794, "beta": 4.368827672771176}, "datetime": {"datetime": "2020-10-17 18:16:49", "elapsed": 285.357955, "delta": 2.760785}}
{"target": -1023885.5134523419, "params": {"alpha": 0.25377494684684754, "beta": 4.3688398214828545}, "datetime": {"datetime": "2020-10-17 18:16:50", "elapsed": 286.866956, "delta": 1.509001}}
{"target": -1023886.0878478133, "params": {"alpha": 0.253759393763442, "beta": 4.368854999785051}, "datetime": {"datetime": "2020-10-17 18:16:53", "elapsed": 289.513965, "delta": 2.647009}}
{"target": -1023885.2972826617, "params": {"alpha": 0.2537613938569207, "beta": 4.3687478178313315}, "datetime": {"datetime": "2020-10-17 18:16:55", "elapsed": 291.285534, "delta": 1.771569}}
{"target": -1023885.5705923309, "params": {"alpha": 0.2537570043714026, "beta": 4.368768306763495}, "datetime": {"datetime": "2020-10-17 18:16:57", "elapsed": 293.130428, "delta": 1.844894}}
{"target": -1024292.5425650765, "params": {"alpha": 0.24883424857464473, "beta": 4.382104662735239}, "datetime": {"datetime": "2020-10-17 18:16:58", "elapsed": 294.743455, "delta": 1.613027}}
{"target": -1023742.9771636322, "params": {"alpha": 0.2548331862595253, "beta": 4.35130774270457}, "datetime": {"datetime": "2020-10-17 18:17:00", "elapsed": 296.215681, "delta": 1.472226}}
{"target": -1023752.0534696821, "params": {"alpha": 0.25481022086805255, "beta": 4.35273583607667}, "datetime": {"datetime": "2020-10-17 18:17:01", "elapsed": 297.587642, "delta": 1.371961}}
