{"target": -1413821.8930482191, "params": {"alpha": 0.7276219031074749, "beta": 6.104701139057963}, "datetime": {"datetime": "2020-10-17 18:08:43", "elapsed": 0.0, "delta": 0.0}}
{"target": -1245330.8042924397, "params": {"alpha": 0.3051994122489931, "beta": 8.025246329299044}, "datetime": {"datetime": "2020-10-17 18:08:43", "elapsed": 0.501091, "delta": 0.501091}}
{"target": -1235032.3163646793, "params": {"alpha": 0.497916792317126, "beta": 2.070191679483405}, "datetime": {"datetime": "2020-10-17 18:08:44", "elapsed": 1.032254, "delta": 0.531163}}
{"target": -1019165.5556038689, "params": {"alpha": 0.39078833232721283, "beta": 4.551785114854081}, "datetime": {"datetime": "2020-10-17 18:08:44", "elapsed": 1.565121, "delta": 0.532867}}
{"target": -3334662.102366371, "params": {"alpha": 0.3407750666686109, "beta": 1.7429568007729768}, "datetime": {"datetime": "2020-10-17 18:08:45", "elapsed": 2.081904, "delta": 0.516783}}
{"target": -1016003.5980843949, "params": {"alpha": 0.36789380024771157, "beta": 4.680022589282124}, "datetime": {"datetime": "2020-10-17 18:08:45", "elapsed": 2.636559, "delta": 0.554655}}
{"target": -1523956.5983218846, "params": {"alpha": 0.924599368884012, "beta": 3.6279303900661364}, "datetime": {"datetime": "2020-10-17 18:08:46", "elapsed": 3.20107, "delta": 0.564511}}
{"target": -1589146.888340736, "params": {"alpha": 0.8318685506191031, "beta": 9.90296201688082}, "datetime": {"datetime": "2020-10-17 18:08:47", "elapsed": 3.766676, "delta": 0.565606}}
{"target": -1017362.2387612147, "params": {"alpha": 0.3790424258022184, "beta": 4.617576601274428}, "datetime": {"datetime": "2020-10-17 18:08:47", "elapsed": 4.502146, "delta": 0.73547}}
{"target": -1299586.379159363, "params": {"alpha": 0.7314212688771988, "beta": 3.7722421535447763}, "datetime": {"datetime": "2020-10-17 18:08:48", "elapsed": 5.133325, "delta": 0.631179}}
{"target": -1207970.764129292, "params": {"alpha": 0.1165301112709405, "beta": 6.176489919882287}, "datetime": {"datetime": "2020-10-17 18:08:49", "elapsed": 5.852074, "delta": 0.718749}}
{"target": -1016390.5465122635, "params": {"alpha": 0.3713781224390413, "beta": 4.660505302179252}, "datetime": {"datetime": "2020-10-17 18:08:50", "elapsed": 7.103255, "delta": 1.251181}}
{"target": -1018405.1010473536, "params": {"alpha": 0.3861276259651183, "beta": 4.577891420556313}, "datetime": {"datetime": "2020-10-17 18:08:51", "elapsed": 8.043336, "delta": 0.940081}}
{"target": -1016139.4133008039, "params": {"alpha": 0.3691509337084001, "beta": 4.672982825777494}, "datetime": {"datetime": "2020-10-17 18:08:53", "elapsed": 10.390557, "delta": 2.347221}}
{"target": -1016743.1627461927, "params": {"alpha": 0.3743340628982134, "beta": 4.643920199104689}, "datetime": {"datetime": "2020-10-17 18:08:56", "elapsed": 12.90188, "delta": 2.511323}}
{"target": -1016025.6519563418, "params": {"alpha": 0.3680877956082849, "beta": 4.6789511668470976}, "datetime": {"datetime": "2020-10-17 18:08:58", "elapsed": 15.014039, "delta": 2.112159}}
{"target": -1015939.8366662186, "params": {"alpha": 0.3678897241379553, "beta": 4.6793652960474255}, "datetime": {"datetime": "2020-10-17 18:09:00", "elapsed": 16.99096, "delta": 1.976921}}
{"target": -1324756.7917566968, "params": {"alpha": 0.6295151420379856, "beta": 5.807458857675274}, "datetime": {"datetime": "2020-10-17 18:09:01", "elapsed": 18.540348, "delta": 1.549388}}
{"target": -1009507.1444352656, "params": {"alpha": 0.3578209738733863, "beta": 4.675506822533476}, "datetime": {"datetime": "2020-10-17 18:09:03", "elapsed": 20.19163, "delta": 1.651282}}
{"target": -1002489.5956699825, "params": {"alpha": 0.34596790126618776, "beta": 4.669453609655481}, "datetime": {"datetime": "2020-10-17 18:09:05", "elapsed": 22.315686, "delta": 2.124056}}
{"target": -994580.0997776887, "params": {"alpha": 0.3316422813217831, "beta": 4.654996298078909}, "datetime": {"datetime": "2020-10-17 18:09:07", "elapsed": 23.927321, "delta": 1.611635}}
{"target": -991459.7302831124, "params": {"alpha": 0.3266495167164434, "beta": 4.641060368449419}, "datetime": {"datetime": "2020-10-17 18:09:08", "elapsed": 25.621645, "delta": 1.694324}}
{"target": -990265.6535673438, "params": {"alpha": 0.32547219070722627, "beta": 4.631650535766731}, "datetime": {"datetime": "2020-10-17 18:09:10", "elapsed": 27.098876, "delta": 1.477231}}
{"target": -989248.8451984196, "params": {"alpha": 0.32470657648244367, "beta": 4.622379406003244}, "datetime": {"datetime": "2020-10-17 18:09:11", "elapsed": 28.150637, "delta": 1.051761}}
{"target": -987474.8565480594, "params": {"alpha": 0.32226904466872897, "beta": 4.610439553056069}, "datetime": {"datetime": "2020-10-17 18:09:12", "elapsed": 29.224504, "delta": 1.073867}}
{"target": -984494.0139282059, "params": {"alpha": 0.31581755200998124, "beta": 4.596600513909916}, "datetime": {"datetime": "2020-10-17 18:09:13", "elapsed": 30.270579, "delta": 1.046075}}
{"target": -981866.5957188912, "params": {"alpha": 0.30776697244702783, "beta": 4.585531973575569}, "datetime": {"datetime": "2020-10-17 18:09:14", "elapsed": 31.350982, "delta": 1.080403}}
{"target": -980170.2324058678, "params": {"alpha": 0.2996851819659296, "beta": 4.57734718584913}, "datetime": {"datetime": "2020-10-17 18:09:15", "elapsed": 32.353289, "delta": 1.002307}}
{"target": -979618.3577228483, "params": {"alpha": 0.29168241665073186, "beta": 4.5748219727808}, "datetime": {"datetime": "2020-10-17 18:09:16", "elapsed": 33.304638, "delta": 0.951349}}
{"target": -979653.7324503778, "params": {"alpha": 0.29094054800236524, "beta": 4.575371363080991}, "datetime": {"datetime": "2020-10-17 18:09:17", "elapsed": 34.406764, "delta": 1.102126}}
{"target": -979332.1374481247, "params": {"alpha": 0.2916707673289994, "beta": 4.570059141669697}, "datetime": {"datetime": "2020-10-17 18:09:18", "elapsed": 35.176696, "delta": 0.769932}}
{"target": -1174124.950066469, "params": {"alpha": 0.1368641698862598, "beta": 7.531481283924518}, "datetime": {"datetime": "2020-10-17 18:09:19", "elapsed": 35.959035, "delta": 0.782339}}
{"target": -978971.0406940025, "params": {"alpha": 0.2916195649451724, "beta": 4.564013672254218}, "datetime": {"datetime": "2020-10-17 18:09:20", "elapsed": 36.724665, "delta": 0.76563}}
{"target": -978386.8097987626, "params": {"alpha": 0.2927625049099132, "beta": 4.55429483181035}, "datetime": {"datetime": "2020-10-17 18:09:20", "elapsed": 37.503661, "delta": 0.778996}}
{"target": -977867.4540326042, "params": {"alpha": 0.2945725571938394, "beta": 4.545423808962906}, "datetime": {"datetime": "2020-10-17 18:09:21", "elapsed": 38.445304, "delta": 0.941643}}
{"target": -977409.3991601354, "params": {"alpha": 0.2962500582639482, "beta": 4.537262376920771}, "datetime": {"datetime": "2020-10-17 18:09:22", "elapsed": 39.164057, "delta": 0.718753}}
{"target": -976892.9659788215, "params": {"alpha": 0.29659882959575906, "beta": 4.52864273492809}, "datetime": {"datetime": "2020-10-17 18:09:23", "elapsed": 40.634097, "delta": 1.47004}}
{"target": -976354.5472089844, "params": {"alpha": 0.2925769496441697, "beta": 4.519657591338305}, "datetime": {"datetime": "2020-10-17 18:09:25", "elapsed": 42.558318, "delta": 1.924221}}
{"target": -977159.3228575602, "params": {"alpha": 0.2912327354257141, "beta": 4.532930139622944}, "datetime": {"datetime": "2020-10-17 18:09:28", "elapsed": 45.311436, "delta": 2.753118}}
{"target": -975827.3733511076, "params": {"alpha": 0.29359932997187177, "beta": 4.5109424770222155}, "datetime": {"datetime": "2020-10-17 18:09:30", "elapsed": 47.125083, "delta": 1.813647}}
{"target": -975228.4839959529, "params": {"alpha": 0.29579087209135446, "beta": 4.501053071688147}, "datetime": {"datetime": "2020-10-17 18:09:33", "elapsed": 49.768017, "delta": 2.642934}}
{"target": -974673.0794253466, "params": {"alpha": 0.29736794529716, "beta": 4.491485507036055}, "datetime": {"datetime": "2020-10-17 18:09:35", "elapsed": 52.133328, "delta": 2.365311}}
{"target": -974056.8561768365, "params": {"alpha": 0.29692788104749523, "beta": 4.4810621314865795}, "datetime": {"datetime": "2020-10-17 18:09:37", "elapsed": 53.729439, "delta": 1.596111}}
{"target": -973637.5980361758, "params": {"alpha": 0.2930769823635991, "beta": 4.4717805743754555}, "datetime": {"datetime": "2020-10-17 18:09:39", "elapsed": 55.750105, "delta": 2.020666}}
{"target": -973681.8629748914, "params": {"alpha": 0.2910719303114718, "beta": 4.4700229951351735}, "datetime": {"datetime": "2020-10-17 18:09:42", "elapsed": 58.978235, "delta": 3.22813}}
{"target": -973248.2959613875, "params": {"alpha": 0.2953163945255424, "beta": 4.466525317582902}, "datetime": {"datetime": "2020-10-17 18:09:43", "elapsed": 60.190731, "delta": 1.212496}}
{"target": -972610.9749634945, "params": {"alpha": 0.29951784329991715, "beta": 4.4560646070362155}, "datetime": {"datetime": "2020-10-17 18:09:46", "elapsed": 62.825285, "delta": 2.634554}}
{"target": -972163.769333199, "params": {"alpha": 0.30176023063330665, "beta": 4.44759831240194}, "datetime": {"datetime": "2020-10-17 18:09:47", "elapsed": 64.205093, "delta": 1.379808}}
{"target": -1395217.8706883425, "params": {"alpha": 0.7837565572822538, "beta": 4.704049815690776}, "datetime": {"datetime": "2020-10-17 18:09:48", "elapsed": 65.393746, "delta": 1.188653}}
{"target": -971562.8505037336, "params": {"alpha": 0.3026567466184681, "beta": 4.436988727182222}, "datetime": {"datetime": "2020-10-17 18:09:50", "elapsed": 67.683416, "delta": 2.28967}}
{"target": -970814.4641983778, "params": {"alpha": 0.30117219761842634, "beta": 4.424875049305882}, "datetime": {"datetime": "2020-10-17 18:09:52", "elapsed": 69.357621, "delta": 1.674205}}
{"target": -970254.7361345291, "params": {"alpha": 0.29816658990017536, "beta": 4.414358758484634}, "datetime": {"datetime": "2020-10-17 18:09:54", "elapsed": 70.909393, "delta": 1.551772}}
{"target": -1094758.108805028, "params": {"alpha": 0.3456178407546785, "beta": 5.690841020849503}, "datetime": {"datetime": "2020-10-17 18:09:55", "elapsed": 71.989812, "delta": 1.080419}}
{"target": -971630.5397002792, "params": {"alpha": 0.2879563939702045, "beta": 4.421546179065365}, "datetime": {"datetime": "2020-10-17 18:09:58", "elapsed": 74.933065, "delta": 2.943253}}
{"target": -969264.9472965179, "params": {"alpha": 0.301588789844822, "beta": 4.3977060842979165}, "datetime": {"datetime": "2020-10-17 18:09:59", "elapsed": 76.669774, "delta": 1.736709}}
{"target": -969016.4361694327, "params": {"alpha": 0.3056391700134159, "beta": 4.39203780769604}, "datetime": {"datetime": "2020-10-17 18:10:01", "elapsed": 78.222412, "delta": 1.552638}}
{"target": -968306.294877708, "params": {"alpha": 0.31630331779144394, "beta": 4.364400424294804}, "datetime": {"datetime": "2020-10-17 18:10:03", "elapsed": 80.099752, "delta": 1.87734}}
{"target": -967457.5559222561, "params": {"alpha": 0.30892396555964136, "beta": 4.362829434250748}, "datetime": {"datetime": "2020-10-17 18:10:05", "elapsed": 81.9461, "delta": 1.846348}}
{"target": -968470.9443046775, "params": {"alpha": 0.2906867544940674, "beta": 4.363120445022651}, "datetime": {"datetime": "2020-10-17 18:10:07", "elapsed": 84.352352, "delta": 2.406252}}
{"target": -967009.5908808071, "params": {"alpha": 0.3046145959703392, "beta": 4.357448706565646}, "datetime": {"datetime": "2020-10-17 18:10:09", "elapsed": 86.556609, "delta": 2.204257}}
{"target": -969042.8968945902, "params": {"alpha": 0.2970489783883422, "beta": 4.3907256351819015}, "datetime": {"datetime": "2020-10-17 18:10:12", "elapsed": 88.850027, "delta": 2.293418}}
{"target": -966336.2914498448, "params": {"alpha": 0.29664466961545866, "beta": 4.335968084420151}, "datetime": {"datetime": "2020-10-17 18:10:14", "elapsed": 90.92794, "delta": 2.077913}}
{"target": -966124.5225098643, "params": {"alpha": 0.31241737180869933, "beta": 4.336315216743627}, "datetime": {"datetime": "2020-10-17 18:10:15", "elapsed": 92.5422, "delta": 1.61426}}
{"target": -1570053.0638944532, "params": {"alpha": 0.9153015083947735, "beta": 7.4731499570720334}, "datetime": {"datetime": "2020-10-17 18:10:17", "elapsed": 93.700903, "delta": 1.158703}}
{"target": -964000.13782752, "params": {"alpha": 0.31067800004580876, "beta": 4.3015067779511496}, "datetime": {"datetime": "2020-10-17 18:10:19", "elapsed": 95.795844, "delta": 2.094941}}
{"target": -963737.397360825, "params": {"alpha": 0.30832948668637084, "beta": 4.297623778586471}, "datetime": {"datetime": "2020-10-17 18:10:21", "elapsed": 97.972612, "delta": 2.176768}}
{"target": -963387.6548357193, "params": {"alpha": 0.30472191680285254, "beta": 4.289505933863533}, "datetime": {"datetime": "2020-10-17 18:10:23", "elapsed": 99.915137, "delta": 1.942525}}
{"target": -962642.2103709464, "params": {"alpha": 0.3034900544883037, "beta": 4.272894979524767}, "datetime": {"datetime": "2020-10-17 18:10:25", "elapsed": 101.838439, "delta": 1.923302}}
{"target": -961941.4594956418, "params": {"alpha": 0.3098387682474128, "beta": 4.263975722306863}, "datetime": {"datetime": "2020-10-17 18:10:26", "elapsed": 103.642774, "delta": 1.804335}}
{"target": -963213.5516586193, "params": {"alpha": 0.31195774003247384, "beta": 4.286615568698696}, "datetime": {"datetime": "2020-10-17 18:10:30", "elapsed": 106.854956, "delta": 3.212182}}
{"target": -961349.7059532009, "params": {"alpha": 0.3130053114701022, "beta": 4.252159206271573}, "datetime": {"datetime": "2020-10-17 18:10:33", "elapsed": 109.747967, "delta": 2.893011}}
{"target": -960867.2763579516, "params": {"alpha": 0.3135835981827645, "beta": 4.242939551005082}, "datetime": {"datetime": "2020-10-17 18:10:38", "elapsed": 114.781795, "delta": 5.033828}}
{"target": -959541.3718994532, "params": {"alpha": 0.3089855925392812, "beta": 4.215852686974436}, "datetime": {"datetime": "2020-10-17 18:10:42", "elapsed": 118.842246, "delta": 4.060451}}
{"target": -961261.9433488538, "params": {"alpha": 0.2957700847123818, "beta": 4.210830219453424}, "datetime": {"datetime": "2020-10-17 18:10:45", "elapsed": 122.053615, "delta": 3.211369}}
{"target": -1173265.2334140488, "params": {"alpha": 0.3326045110846906, "beta": 6.741563069299485}, "datetime": {"datetime": "2020-10-17 18:10:46", "elapsed": 123.009055, "delta": 0.95544}}
{"target": -959139.9812360306, "params": {"alpha": 0.31775713609249534, "beta": 4.207973283715301}, "datetime": {"datetime": "2020-10-17 18:10:48", "elapsed": 125.642567, "delta": 2.633512}}
{"target": -961460.5532002662, "params": {"alpha": 0.2995840358783138, "beta": 4.23620447535388}, "datetime": {"datetime": "2020-10-17 18:10:50", "elapsed": 127.376989, "delta": 1.734422}}
{"target": -959155.4718137768, "params": {"alpha": 0.3172530043601989, "beta": 4.208709647870072}, "datetime": {"datetime": "2020-10-17 18:10:52", "elapsed": 129.564491, "delta": 2.187502}}
{"target": -958500.8448258715, "params": {"alpha": 0.31844294994581834, "beta": 4.195499974403843}, "datetime": {"datetime": "2020-10-17 18:10:54", "elapsed": 130.845741, "delta": 1.28125}}
{"target": -959518.2847740523, "params": {"alpha": 0.2987322590125396, "beta": 4.181310545030619}, "datetime": {"datetime": "2020-10-17 18:10:56", "elapsed": 132.793227, "delta": 1.947486}}
{"target": -957421.372502027, "params": {"alpha": 0.3156636647284583, "beta": 4.176041837675373}, "datetime": {"datetime": "2020-10-17 18:10:57", "elapsed": 134.420575, "delta": 1.627348}}
{"target": -956453.7599688485, "params": {"alpha": 0.32790808104106545, "beta": 4.143704238172093}, "datetime": {"datetime": "2020-10-17 18:11:00", "elapsed": 136.739138, "delta": 2.318563}}
{"target": -956137.2389608629, "params": {"alpha": 0.32210208212020175, "beta": 4.1473609285179025}, "datetime": {"datetime": "2020-10-17 18:11:01", "elapsed": 138.068377, "delta": 1.329239}}
{"target": -955936.3705423817, "params": {"alpha": 0.3193212614489922, "beta": 4.145559916469049}, "datetime": {"datetime": "2020-10-17 18:11:04", "elapsed": 140.816921, "delta": 2.748544}}
{"target": -955285.521963328, "params": {"alpha": 0.31607930868509476, "beta": 4.131743639228043}, "datetime": {"datetime": "2020-10-17 18:11:06", "elapsed": 142.812162, "delta": 1.995241}}
{"target": -954944.9752999456, "params": {"alpha": 0.3144498194924473, "beta": 4.122532694074364}, "datetime": {"datetime": "2020-10-17 18:11:07", "elapsed": 144.537096, "delta": 1.724934}}
{"target": -1196407.8404777134, "params": {"alpha": 0.6029497185106835, "beta": 4.357497171976991}, "datetime": {"datetime": "2020-10-17 18:11:08", "elapsed": 145.678433, "delta": 1.141337}}
{"target": -954578.6910958693, "params": {"alpha": 0.31404611426803625, "beta": 4.11343527052545}, "datetime": {"datetime": "2020-10-17 18:11:11", "elapsed": 148.387717, "delta": 2.709284}}
{"target": -954328.0248398521, "params": {"alpha": 0.3175376662819602, "beta": 4.11181056495999}, "datetime": {"datetime": "2020-10-17 18:11:13", "elapsed": 150.007836, "delta": 1.620119}}
{"target": -959894.1838468111, "params": {"alpha": 0.3485267408526912, "beta": 4.125679125438481}, "datetime": {"datetime": "2020-10-17 18:11:15", "elapsed": 151.789101, "delta": 1.781265}}
{"target": -953702.93151237, "params": {"alpha": 0.3207878409715371, "beta": 4.099256131077599}, "datetime": {"datetime": "2020-10-17 18:11:16", "elapsed": 153.370883, "delta": 1.581782}}
{"target": -953568.2967453265, "params": {"alpha": 0.3228953379963575, "beta": 4.095841218267546}, "datetime": {"datetime": "2020-10-17 18:11:18", "elapsed": 155.214634, "delta": 1.843751}}
{"target": -953046.9921920563, "params": {"alpha": 0.32269040704165725, "beta": 4.085025164461474}, "datetime": {"datetime": "2020-10-17 18:11:21", "elapsed": 157.753027, "delta": 2.538393}}
{"target": -952290.9889806617, "params": {"alpha": 0.33044969557430787, "beta": 4.061577875786861}, "datetime": {"datetime": "2020-10-17 18:11:22", "elapsed": 159.351983, "delta": 1.598956}}
{"target": -951743.5370555026, "params": {"alpha": 0.324506227252094, "beta": 4.056528168595009}, "datetime": {"datetime": "2020-10-17 18:11:24", "elapsed": 161.485953, "delta": 2.13397}}
{"target": -1391624.842554184, "params": {"alpha": 0.3385727648304308, "beta": 2.3785383588899194}, "datetime": {"datetime": "2020-10-17 18:11:25", "elapsed": 162.660488, "delta": 1.174535}}
{"target": -951516.4762216702, "params": {"alpha": 0.3204079622737887, "beta": 4.049802937144825}, "datetime": {"datetime": "2020-10-17 18:11:27", "elapsed": 164.665125, "delta": 2.004637}}
{"target": -951401.9450666526, "params": {"alpha": 0.31997608607578176, "beta": 4.04650233144882}, "datetime": {"datetime": "2020-10-17 18:11:29", "elapsed": 166.123279, "delta": 1.458154}}
{"target": -950857.0602380214, "params": {"alpha": 0.3225413810805795, "beta": 4.035996119141427}, "datetime": {"datetime": "2020-10-17 18:11:31", "elapsed": 168.332537, "delta": 2.209258}}
{"target": -950262.355540731, "params": {"alpha": 0.3264571365170413, "beta": 4.023179960177877}, "datetime": {"datetime": "2020-10-17 18:11:33", "elapsed": 170.648852, "delta": 2.316315}}
{"target": -949876.4656525303, "params": {"alpha": 0.3274518733727971, "beta": 4.014179242874212}, "datetime": {"datetime": "2020-10-17 18:11:35", "elapsed": 172.670453, "delta": 2.021601}}
{"target": -949366.3819879481, "params": {"alpha": 0.32471992558760326, "beta": 4.001457346414107}, "datetime": {"datetime": "2020-10-17 18:11:38", "elapsed": 175.456322, "delta": 2.785869}}
{"target": -949329.8411757513, "params": {"alpha": 0.32161126794304196, "beta": 3.9959891051127587}, "datetime": {"datetime": "2020-10-17 18:11:42", "elapsed": 178.694778, "delta": 3.238456}}
{"target": -949251.9442777542, "params": {"alpha": 0.32318295574251465, "beta": 3.9967781210869453}, "datetime": {"datetime": "2020-10-17 18:11:45", "elapsed": 181.852138, "delta": 3.15736}}
{"target": -948703.8833312101, "params": {"alpha": 0.328878623986426, "beta": 3.9866740899932402}, "datetime": {"datetime": "2020-10-17 18:11:47", "elapsed": 183.87033, "delta": 2.018192}}
{"target": -948499.1811704737, "params": {"alpha": 0.33123248415688944, "beta": 3.98083588950749}, "datetime": {"datetime": "2020-10-17 18:11:50", "elapsed": 187.395545, "delta": 3.525215}}
{"target": -948196.1686163812, "params": {"alpha": 0.3325643873263612, "beta": 3.9728091984233016}, "datetime": {"datetime": "2020-10-17 18:11:52", "elapsed": 189.507393, "delta": 2.111848}}
{"target": -947570.3676008324, "params": {"alpha": 0.33109975983781037, "beta": 3.9590117150707287}, "datetime": {"datetime": "2020-10-17 18:11:56", "elapsed": 192.790496, "delta": 3.283103}}
