{"target": -830479.109134236, "params": {"alpha": 0.7276219031074749, "beta": 6.104701139057963}, "datetime": {"datetime": "2020-10-17 18:08:42", "elapsed": 0.0, "delta": 0.0}}
{"target": -696897.4295395894, "params": {"alpha": 0.3051994122489931, "beta": 8.025246329299044}, "datetime": {"datetime": "2020-10-17 18:08:43", "elapsed": 0.144569, "delta": 0.144569}}
{"target": -807953.0371180493, "params": {"alpha": 0.497916792317126, "beta": 2.070191679483405}, "datetime": {"datetime": "2020-10-17 18:08:43", "elapsed": 0.270706, "delta": 0.126137}}
{"target": -719273.5419842001, "params": {"alpha": 0.39078833232721283, "beta": 4.551785114854081}, "datetime": {"datetime": "2020-10-17 18:08:43", "elapsed": 0.407975, "delta": 0.137269}}
{"target": -607268.3937314717, "params": {"alpha": 0.3407750666686109, "beta": 1.7429568007729768}, "datetime": {"datetime": "2020-10-17 18:08:43", "elapsed": 0.565316, "delta": 0.157341}}
{"target": -706380.8153687138, "params": {"alpha": 0.36789380024771157, "beta": 4.680022589282124}, "datetime": {"datetime": "2020-10-17 18:08:43", "elapsed": 0.690316, "delta": 0.125}}
{"target": -955570.7428877576, "params": {"alpha": 0.924599368884012, "beta": 3.6279303900661364}, "datetime": {"datetime": "2020-10-17 18:08:43", "elapsed": 0.830937, "delta": 0.140621}}
{"target": -810224.5405596152, "params": {"alpha": 0.8318685506191031, "beta": 9.90296201688082}, "datetime": {"datetime": "2020-10-17 18:08:43", "elapsed": 0.971567, "delta": 0.14063}}
{"target": -606811.6592161759, "params": {"alpha": 0.3405050403004359, "beta": 1.7423944932621052}, "datetime": {"datetime": "2020-10-17 18:08:44", "elapsed": 1.362102, "delta": 0.390535}}
{"target": -614819.233439096, "params": {"alpha": 0.34541800352970725, "beta": 1.7483041004940536}, "datetime": {"datetime": "2020-10-17 18:08:44", "elapsed": 1.581944, "delta": 0.219842}}
{"target": -521120.9073741083, "params": {"alpha": 0.1165301112709405, "beta": 6.176489919882287}, "datetime": {"datetime": "2020-10-17 18:08:44", "elapsed": 1.769443, "delta": 0.187499}}
{"target": -521120.9003987637, "params": {"alpha": 0.11653010648713995, "beta": 6.176489914902282}, "datetime": {"datetime": "2020-10-17 18:08:44", "elapsed": 1.973096, "delta": 0.203653}}
{"target": -526574.1211249639, "params": {"alpha": 0.12027402234519907, "beta": 6.182588883424912}, "datetime": {"datetime": "2020-10-17 18:08:45", "elapsed": 2.224255, "delta": 0.251159}}
{"target": -493815.46864291397, "params": {"alpha": 0.0983935936561117, "beta": 6.190676610604243}, "datetime": {"datetime": "2020-10-17 18:08:45", "elapsed": 2.458628, "delta": 0.234373}}
{"target": -495219.11373245786, "params": {"alpha": 0.09932197469463998, "beta": 6.187325690464339}, "datetime": {"datetime": "2020-10-17 18:08:45", "elapsed": 2.730859, "delta": 0.272231}}
{"target": -477898.62404518516, "params": {"alpha": 0.08945745829599833, "beta": 6.180824914173932}, "datetime": {"datetime": "2020-10-17 18:08:45", "elapsed": 2.965234, "delta": 0.234375}}
{"target": -469284.42010198964, "params": {"alpha": 0.0847530355464862, "beta": 6.1841255942077895}, "datetime": {"datetime": "2020-10-17 18:08:46", "elapsed": 3.200789, "delta": 0.235555}}
{"target": -809387.6758493073, "params": {"alpha": 0.6295151420379856, "beta": 5.807458857675274}, "datetime": {"datetime": "2020-10-17 18:08:46", "elapsed": 3.451767, "delta": 0.250978}}
{"target": -498611.6344018702, "params": {"alpha": 0.10167538930571558, "beta": 6.175926858445143}, "datetime": {"datetime": "2020-10-17 18:08:46", "elapsed": 3.735167, "delta": 0.2834}}
{"target": -456339.51201323443, "params": {"alpha": 0.07839253674462053, "beta": 6.175683430198894}, "datetime": {"datetime": "2020-10-17 18:08:46", "elapsed": 3.955899, "delta": 0.220732}}
{"target": -422374.5933814423, "params": {"alpha": 0.06358402663372807, "beta": 6.161768539859881}, "datetime": {"datetime": "2020-10-17 18:08:47", "elapsed": 4.237153, "delta": 0.281254}}
{"target": -413533.5067865645, "params": {"alpha": 0.06009912073222131, "beta": 6.161721356773007}, "datetime": {"datetime": "2020-10-17 18:08:47", "elapsed": 4.472618, "delta": 0.235465}}
{"target": -415078.78161485045, "params": {"alpha": 0.06031695523872916, "beta": 6.181108796135439}, "datetime": {"datetime": "2020-10-17 18:08:47", "elapsed": 4.769494, "delta": 0.296876}}
{"target": -260467.48621098686, "params": {"alpha": 0.020201257989409804, "beta": 6.176666372562738}, "datetime": {"datetime": "2020-10-17 18:08:47", "elapsed": 5.035119, "delta": 0.265625}}
{"target": -288137.1140472862, "params": {"alpha": 0.02513566241570927, "beta": 6.17737414899621}, "datetime": {"datetime": "2020-10-17 18:08:48", "elapsed": 5.300744, "delta": 0.265625}}
{"target": -297147.85045253864, "params": {"alpha": 0.026723931865376388, "beta": 6.1924177089966514}, "datetime": {"datetime": "2020-10-17 18:08:48", "elapsed": 5.588174, "delta": 0.28743}}
{"target": -221114.6424906357, "params": {"alpha": 0.01424962547747068, "beta": 6.180277753412917}, "datetime": {"datetime": "2020-10-17 18:08:48", "elapsed": 5.838176, "delta": 0.250002}}
{"target": -387246.6884526765, "params": {"alpha": 0.05028156532940254, "beta": 6.184807112245753}, "datetime": {"datetime": "2020-10-17 18:08:49", "elapsed": 6.275678, "delta": 0.437502}}
{"target": -200492.4368512493, "params": {"alpha": 0.011538628941947338, "beta": 6.18273295918045}, "datetime": {"datetime": "2020-10-17 18:08:49", "elapsed": 6.916299, "delta": 0.640621}}
{"target": -353018.55454021896, "params": {"alpha": 0.040248465844148214, "beta": 6.167083311646261}, "datetime": {"datetime": "2020-10-17 18:08:50", "elapsed": 7.590453, "delta": 0.674154}}
{"target": -210314.07458520852, "params": {"alpha": 0.012774326432526573, "beta": 6.185042852405872}, "datetime": {"datetime": "2020-10-17 18:08:51", "elapsed": 8.560687, "delta": 0.970234}}
{"target": -582940.8402901343, "params": {"alpha": 0.1368641698862598, "beta": 7.531481283924518}, "datetime": {"datetime": "2020-10-17 18:08:52", "elapsed": 9.484867, "delta": 0.92418}}
{"target": -277669.80904019147, "params": {"alpha": 0.02335595921586415, "beta": 6.16181507150859}, "datetime": {"datetime": "2020-10-17 18:08:53", "elapsed": 10.42656, "delta": 0.941693}}
{"target": -211781.45106799746, "params": {"alpha": 0.012819597134797278, "beta": 6.20429984435394}, "datetime": {"datetime": "2020-10-17 18:08:54", "elapsed": 11.450296, "delta": 1.023736}}
{"target": -199506.04128817475, "params": {"alpha": 0.011319701040339095, "beta": 6.196466387360486}, "datetime": {"datetime": "2020-10-17 18:08:55", "elapsed": 12.467748, "delta": 1.017452}}
{"target": -194240.45797486574, "params": {"alpha": 0.01058901036815722, "beta": 6.208977365823488}, "datetime": {"datetime": "2020-10-17 18:08:56", "elapsed": 13.564312, "delta": 1.096564}}
{"target": -299228.1820866334, "params": {"alpha": 0.027252470225701438, "beta": 6.1836890477096755}, "datetime": {"datetime": "2020-10-17 18:09:12", "elapsed": 29.679353, "delta": 16.115041}}
{"target": -259228.97213702358, "params": {"alpha": 0.020014135446450566, "beta": 6.174932901797533}, "datetime": {"datetime": "2020-10-17 18:09:18", "elapsed": 35.851385, "delta": 6.172032}}
{"target": -312713.68924596434, "params": {"alpha": 0.030436063390612417, "beta": 6.158531032300379}, "datetime": {"datetime": "2020-10-17 18:09:22", "elapsed": 39.447028, "delta": 3.595643}}
{"target": -346345.1175373977, "params": {"alpha": 0.03851470102439271, "beta": 6.162822637324467}, "datetime": {"datetime": "2020-10-17 18:09:24", "elapsed": 41.574468, "delta": 2.12744}}
{"target": -264291.6417287167, "params": {"alpha": 0.02073068696084927, "beta": 6.187312217652283}, "datetime": {"datetime": "2020-10-17 18:09:25", "elapsed": 42.652593, "delta": 1.078125}}
{"target": -341209.62267104024, "params": {"alpha": 0.036881340718928006, "beta": 6.182259542159949}, "datetime": {"datetime": "2020-10-17 18:09:28", "elapsed": 45.610035, "delta": 2.957442}}
{"target": -268694.6053895464, "params": {"alpha": 0.021301608190637526, "beta": 6.2042617658806964}, "datetime": {"datetime": "2020-10-17 18:09:30", "elapsed": 47.564301, "delta": 1.954266}}
{"target": -253184.91926488257, "params": {"alpha": 0.01867286224249699, "beta": 6.211636042413807}, "datetime": {"datetime": "2020-10-17 18:09:32", "elapsed": 49.144735, "delta": 1.580434}}
{"target": -317043.91529012646, "params": {"alpha": 0.031129735946131873, "beta": 6.178626114425713}, "datetime": {"datetime": "2020-10-17 18:09:34", "elapsed": 51.695188, "delta": 2.550453}}
{"target": -231937.43588066736, "params": {"alpha": 0.015590610914382602, "beta": 6.200298888440189}, "datetime": {"datetime": "2020-10-17 18:09:36", "elapsed": 53.168661, "delta": 1.473473}}
{"target": -340673.7844239452, "params": {"alpha": 0.03695149041008362, "beta": 6.168405068670011}, "datetime": {"datetime": "2020-10-17 18:09:38", "elapsed": 55.528047, "delta": 2.359386}}
{"target": -198841.11537896583, "params": {"alpha": 0.011242319634721887, "beta": 6.195736298568865}, "datetime": {"datetime": "2020-10-17 18:09:40", "elapsed": 57.343331, "delta": 1.815284}}
{"target": -872834.8826881396, "params": {"alpha": 0.7837565572822538, "beta": 4.704049815690776}, "datetime": {"datetime": "2020-10-17 18:09:42", "elapsed": 59.464337, "delta": 2.121006}}
{"target": -226372.39224837514, "params": {"alpha": 0.015321881418516663, "beta": 6.139603423712577}, "datetime": {"datetime": "2020-10-17 18:09:43", "elapsed": 61.054176, "delta": 1.589839}}
{"target": -242216.5908404134, "params": {"alpha": 0.017487674638823225, "beta": 6.157699120022644}, "datetime": {"datetime": "2020-10-17 18:09:46", "elapsed": 63.610754, "delta": 2.556578}}
{"target": -220310.003002801, "params": {"alpha": 0.013986015247388706, "beta": 6.199405423271113}, "datetime": {"datetime": "2020-10-17 18:09:48", "elapsed": 65.692346, "delta": 2.081592}}
{"target": -223274.79095888996, "params": {"alpha": 0.014722542832821709, "beta": 6.158986898938325}, "datetime": {"datetime": "2020-10-17 18:09:50", "elapsed": 67.715133, "delta": 2.022787}}
{"target": -245206.99402526524, "params": {"alpha": 0.01773004340866006, "beta": 6.180494775501187}, "datetime": {"datetime": "2020-10-17 18:09:52", "elapsed": 69.576881, "delta": 1.861748}}
{"target": -214710.44082374923, "params": {"alpha": 0.013393705746964633, "beta": 6.179557215352033}, "datetime": {"datetime": "2020-10-17 18:09:54", "elapsed": 71.584094, "delta": 2.007213}}
{"target": -245994.25018012055, "params": {"alpha": 0.018370875874723303, "beta": 6.126343443576554}, "datetime": {"datetime": "2020-10-17 18:09:56", "elapsed": 73.742657, "delta": 2.158563}}
{"target": -280638.8115788542, "params": {"alpha": 0.023306422910679313, "beta": 6.214267002937087}, "datetime": {"datetime": "2020-10-17 18:09:58", "elapsed": 75.653551, "delta": 1.910894}}
{"target": -229044.64088405785, "params": {"alpha": 0.015717180779011908, "beta": 6.138057574439846}, "datetime": {"datetime": "2020-10-17 18:10:00", "elapsed": 77.53319, "delta": 1.879639}}
{"target": -212060.3039752255, "params": {"alpha": 0.012747192878040858, "beta": 6.218731903262787}, "datetime": {"datetime": "2020-10-17 18:10:01", "elapsed": 78.974135, "delta": 1.440945}}
{"target": -301511.6631866518, "params": {"alpha": 0.028385295969438944, "beta": 6.131433138939247}, "datetime": {"datetime": "2020-10-17 18:10:04", "elapsed": 81.273359, "delta": 2.299224}}
{"target": -192908.2554538547, "params": {"alpha": 0.010536459971007417, "beta": 6.192430745419278}, "datetime": {"datetime": "2020-10-17 18:10:06", "elapsed": 83.447826, "delta": 2.174467}}
{"target": -200540.57381480333, "params": {"alpha": 0.01159655499853384, "beta": 6.175380358457118}, "datetime": {"datetime": "2020-10-17 18:10:08", "elapsed": 85.38765, "delta": 1.939824}}
{"target": -193478.78101551012, "params": {"alpha": 0.010412046786393587, "beta": 6.221914597948829}, "datetime": {"datetime": "2020-10-17 18:10:10", "elapsed": 87.488829, "delta": 2.101179}}
{"target": -262984.1833048585, "params": {"alpha": 0.02031436862159029, "beta": 6.20635358940528}, "datetime": {"datetime": "2020-10-17 18:10:12", "elapsed": 89.804875, "delta": 2.316046}}
{"target": -243643.3768957506, "params": {"alpha": 0.017635748978674877, "beta": 6.165102458487521}, "datetime": {"datetime": "2020-10-17 18:10:14", "elapsed": 91.778307, "delta": 1.973432}}
{"target": -253455.4166864592, "params": {"alpha": 0.019105155073551865, "beta": 6.171975191243152}, "datetime": {"datetime": "2020-10-17 18:10:16", "elapsed": 93.827628, "delta": 2.049321}}
{"target": -205331.3999971534, "params": {"alpha": 0.012396429636343345, "beta": 6.149284874676267}, "datetime": {"datetime": "2020-10-17 18:10:18", "elapsed": 96.078816, "delta": 2.251188}}
{"target": -188371.7229408195, "params": {"alpha": 0.01, "beta": 6.19051190248636}, "datetime": {"datetime": "2020-10-17 18:10:21", "elapsed": 98.270077, "delta": 2.191261}}
{"target": -200515.1157887395, "params": {"alpha": 0.011613710418943863, "beta": 6.172504620483573}, "datetime": {"datetime": "2020-10-17 18:10:23", "elapsed": 100.19811, "delta": 1.928033}}
{"target": -277792.6170202826, "params": {"alpha": 0.023785677759303292, "beta": 6.1261755415117936}, "datetime": {"datetime": "2020-10-17 18:10:24", "elapsed": 101.291863, "delta": 1.093753}}
{"target": -191992.47830691218, "params": {"alpha": 0.01048024328718142, "beta": 6.184050029530634}, "datetime": {"datetime": "2020-10-17 18:10:25", "elapsed": 103.063736, "delta": 1.771873}}
{"target": -218215.40053683837, "params": {"alpha": 0.013989248072359378, "beta": 6.163733737256795}, "datetime": {"datetime": "2020-10-17 18:10:27", "elapsed": 104.378881, "delta": 1.315145}}
{"target": -248622.34688886823, "params": {"alpha": 0.01777168299621507, "beta": 6.2317365763286485}, "datetime": {"datetime": "2020-10-17 18:10:29", "elapsed": 106.318759, "delta": 1.939878}}
{"target": -238802.42669553336, "params": {"alpha": 0.01722486234868001, "beta": 6.130420661383904}, "datetime": {"datetime": "2020-10-17 18:10:31", "elapsed": 108.390314, "delta": 2.071555}}
{"target": -265982.5480255805, "params": {"alpha": 0.020875443721522897, "beta": 6.200807546422215}, "datetime": {"datetime": "2020-10-17 18:10:36", "elapsed": 113.096015, "delta": 4.705701}}
{"target": -193533.29660024555, "params": {"alpha": 0.010585199964561816, "beta": 6.196563520788245}, "datetime": {"datetime": "2020-10-17 18:10:39", "elapsed": 116.68703, "delta": 3.591015}}
{"target": -212985.20058885677, "params": {"alpha": 0.013110082041694261, "beta": 6.18677703493633}, "datetime": {"datetime": "2020-10-17 18:10:42", "elapsed": 119.437717, "delta": 2.750687}}
{"target": -215182.15657560655, "params": {"alpha": 0.012970281319793156, "beta": 6.24276566395311}, "datetime": {"datetime": "2020-10-17 18:10:44", "elapsed": 121.490328, "delta": 2.052611}}
{"target": -222541.7558576665, "params": {"alpha": 0.01406852202761947, "beta": 6.2267033208125}, "datetime": {"datetime": "2020-10-17 18:10:45", "elapsed": 123.088904, "delta": 1.598576}}
{"target": -211170.52307622408, "params": {"alpha": 0.012428921869836709, "beta": 6.24627527630911}, "datetime": {"datetime": "2020-10-17 18:10:48", "elapsed": 125.722422, "delta": 2.633518}}
{"target": -226221.70723652278, "params": {"alpha": 0.014630737425539761, "beta": 6.219219852950588}, "datetime": {"datetime": "2020-10-17 18:10:50", "elapsed": 127.690043, "delta": 1.967621}}
{"target": -245232.1723666213, "params": {"alpha": 0.01777743950118373, "beta": 6.175882609376115}, "datetime": {"datetime": "2020-10-17 18:10:52", "elapsed": 129.253717, "delta": 1.563674}}
{"target": -193501.6730328347, "params": {"alpha": 0.010927379155536862, "beta": 6.145082772939146}, "datetime": {"datetime": "2020-10-17 18:10:53", "elapsed": 130.738091, "delta": 1.484374}}
{"target": -273151.3350266283, "params": {"alpha": 0.02247633517962616, "beta": 6.167673647016374}, "datetime": {"datetime": "2020-10-17 18:10:55", "elapsed": 132.589033, "delta": 1.850942}}
{"target": -194010.1650509977, "params": {"alpha": 0.010848724135549902, "beta": 6.165930323239549}, "datetime": {"datetime": "2020-10-17 18:10:57", "elapsed": 134.859803, "delta": 2.27077}}
{"target": -264334.8232979029, "params": {"alpha": 0.021555896090010494, "beta": 6.110450162023665}, "datetime": {"datetime": "2020-10-17 18:10:59", "elapsed": 136.643402, "delta": 1.783599}}
{"target": -209407.91411727818, "params": {"alpha": 0.012194335955821636, "beta": 6.247815472756659}, "datetime": {"datetime": "2020-10-17 18:11:01", "elapsed": 138.648225, "delta": 2.004823}}
{"target": -201944.03171235407, "params": {"alpha": 0.012183333103819643, "beta": 6.118946891703767}, "datetime": {"datetime": "2020-10-17 18:11:03", "elapsed": 140.678016, "delta": 2.029791}}
{"target": -247938.9687139369, "params": {"alpha": 0.01737010783706386, "beta": 6.26384174454326}, "datetime": {"datetime": "2020-10-17 18:11:05", "elapsed": 142.760964, "delta": 2.082948}}
{"target": -190020.67170249423, "params": {"alpha": 0.010534521262470823, "beta": 6.139348963313532}, "datetime": {"datetime": "2020-10-17 18:11:07", "elapsed": 144.585698, "delta": 1.824734}}
{"target": -1107997.3959362318, "params": {"alpha": 0.7885828156798473, "beta": 1.4821591717190343}, "datetime": {"datetime": "2020-10-17 18:11:09", "elapsed": 146.513553, "delta": 1.927855}}
{"target": -217580.42849331984, "params": {"alpha": 0.013837488752869855, "beta": 6.171953612220847}, "datetime": {"datetime": "2020-10-17 18:11:12", "elapsed": 149.159487, "delta": 2.645934}}
{"target": -192462.0781228885, "params": {"alpha": 0.010951849013235013, "beta": 6.122541636615628}, "datetime": {"datetime": "2020-10-17 18:11:13", "elapsed": 150.948185, "delta": 1.788698}}
{"target": -373249.38718076405, "params": {"alpha": 0.1413664785898073, "beta": 3.032430275930671}, "datetime": {"datetime": "2020-10-17 18:11:16", "elapsed": 153.558954, "delta": 2.610769}}
{"target": -188171.8134560743, "params": {"alpha": 0.01, "beta": 6.1867363526676105}, "datetime": {"datetime": "2020-10-17 18:11:18", "elapsed": 155.372605, "delta": 1.813651}}
{"target": -187161.67807168714, "params": {"alpha": 0.01, "beta": 6.167626066089038}, "datetime": {"datetime": "2020-10-17 18:11:20", "elapsed": 157.895376, "delta": 2.522771}}
{"target": -204293.25453071165, "params": {"alpha": 0.012012413106361473, "beta": 6.183501548190304}, "datetime": {"datetime": "2020-10-17 18:11:22", "elapsed": 159.634951, "delta": 1.739575}}
{"target": -221366.72174046197, "params": {"alpha": 0.014235091222306043, "beta": 6.18629406049601}, "datetime": {"datetime": "2020-10-17 18:11:24", "elapsed": 161.61268, "delta": 1.977729}}
{"target": -221438.10652001278, "params": {"alpha": 0.013859848182711194, "beta": 6.234288032573283}, "datetime": {"datetime": "2020-10-17 18:11:26", "elapsed": 163.099719, "delta": 1.487039}}
{"target": -192216.3811617832, "params": {"alpha": 0.010827466294396335, "beta": 6.136269850258472}, "datetime": {"datetime": "2020-10-17 18:11:27", "elapsed": 164.916853, "delta": 1.817134}}
{"target": -223981.56310969513, "params": {"alpha": 0.01404049003137979, "beta": 6.254492521081852}, "datetime": {"datetime": "2020-10-17 18:11:29", "elapsed": 166.860588, "delta": 1.943735}}
{"target": -234706.8432351799, "params": {"alpha": 0.015283099525656669, "beta": 6.2824248035218515}, "datetime": {"datetime": "2020-10-17 18:11:31", "elapsed": 168.490509, "delta": 1.629921}}
{"target": -203205.57872077005, "params": {"alpha": 0.011480709163374622, "beta": 6.239248592464584}, "datetime": {"datetime": "2020-10-17 18:11:33", "elapsed": 170.367038, "delta": 1.876529}}
{"target": -218489.54042927368, "params": {"alpha": 0.013970461683610519, "beta": 6.170682413427015}, "datetime": {"datetime": "2020-10-17 18:11:35", "elapsed": 172.276685, "delta": 1.909647}}
{"target": -214084.42401577305, "params": {"alpha": 0.013765380702148168, "beta": 6.1219678957892025}, "datetime": {"datetime": "2020-10-17 18:11:36", "elapsed": 173.719053, "delta": 1.442368}}
{"target": -195148.7884423323, "params": {"alpha": 0.010997982596468659, "beta": 6.1646992586100025}, "datetime": {"datetime": "2020-10-17 18:11:38", "elapsed": 175.47367, "delta": 1.754617}}
{"target": -206522.20563601598, "params": {"alpha": 0.011559640088930954, "beta": 6.286707014626396}, "datetime": {"datetime": "2020-10-17 18:11:40", "elapsed": 177.596656, "delta": 2.122986}}
{"target": -196391.36160254927, "params": {"alpha": 0.01055973304501457, "beta": 6.252852642635942}, "datetime": {"datetime": "2020-10-17 18:11:41", "elapsed": 178.977745, "delta": 1.381089}}
