{"target": -1389709.519591924, "params": {"alpha": 0.7276219031074749, "beta": 6.104701139057963}, "datetime": {"datetime": "2020-10-17 18:08:42", "elapsed": 0.0, "delta": 0.0}}
{"target": -1642161.2360819452, "params": {"alpha": 0.3051994122489931, "beta": 8.025246329299044}, "datetime": {"datetime": "2020-10-17 18:08:42", "elapsed": 0.078124, "delta": 0.078124}}
{"target": -1865860.409810044, "params": {"alpha": 0.497916792317126, "beta": 2.070191679483405}, "datetime": {"datetime": "2020-10-17 18:08:42", "elapsed": 0.144557, "delta": 0.066433}}
{"target": -1476121.9360544276, "params": {"alpha": 0.39078833232721283, "beta": 4.551785114854081}, "datetime": {"datetime": "2020-10-17 18:08:43", "elapsed": 0.222693, "delta": 0.078136}}
{"target": -4193338.358046303, "params": {"alpha": 0.3407750666686109, "beta": 1.7429568007729768}, "datetime": {"datetime": "2020-10-17 18:08:43", "elapsed": 0.316443, "delta": 0.09375}}
{"target": -1511179.4252754801, "params": {"alpha": 0.36789380024771157, "beta": 4.680022589282124}, "datetime": {"datetime": "2020-10-17 18:08:43", "elapsed": 0.40356, "delta": 0.087117}}
{"target": -1477005.3363520955, "params": {"alpha": 0.924599368884012, "beta": 3.6279303900661364}, "datetime": {"datetime": "2020-10-17 18:08:43", "elapsed": 0.48506, "delta": 0.0815}}
{"target": -1510091.8589094752, "params": {"alpha": 0.8318685506191031, "beta": 9.90296201688082}, "datetime": {"datetime": "2020-10-17 18:08:43", "elapsed": 0.564225, "delta": 0.079165}}
{"target": -1388649.1844250693, "params": {"alpha": 0.6913410530841756, "beta": 6.083120713051445}, "datetime": {"datetime": "2020-10-17 18:08:43", "elapsed": 0.799689, "delta": 0.235464}}
{"target": -1367427.8806227928, "params": {"alpha": 0.7314212688771988, "beta": 3.7722421535447763}, "datetime": {"datetime": "2020-10-17 18:08:43", "elapsed": 0.924689, "delta": 0.125}}
{"target": -2621467.2810370903, "params": {"alpha": 0.1165301112709405, "beta": 6.176489919882287}, "datetime": {"datetime": "2020-10-17 18:08:43", "elapsed": 1.049691, "delta": 0.125002}}
{"target": -1375103.5852911398, "params": {"alpha": 0.7503161446411931, "beta": 3.7581351241940664}, "datetime": {"datetime": "2020-10-17 18:08:44", "elapsed": 1.292594, "delta": 0.242903}}
{"target": -1367257.2746097355, "params": {"alpha": 0.7309772398349044, "beta": 3.7725766149192532}, "datetime": {"datetime": "2020-10-17 18:08:44", "elapsed": 1.471486, "delta": 0.178892}}
{"target": -1365018.4338938924, "params": {"alpha": 0.7250630632490422, "beta": 3.7773067237089997}, "datetime": {"datetime": "2020-10-17 18:08:44", "elapsed": 1.769441, "delta": 0.297955}}
{"target": -1361208.0228285568, "params": {"alpha": 0.7148314532281783, "beta": 3.789194611067331}, "datetime": {"datetime": "2020-10-17 18:08:44", "elapsed": 1.988193, "delta": 0.218752}}
{"target": -1361489.6370425215, "params": {"alpha": 0.716917068872223, "beta": 3.7991740957827087}, "datetime": {"datetime": "2020-10-17 18:08:45", "elapsed": 2.208613, "delta": 0.22042}}
{"target": -1358723.6537063802, "params": {"alpha": 0.7074667367867856, "beta": 3.795531001765505}, "datetime": {"datetime": "2020-10-17 18:08:45", "elapsed": 2.427378, "delta": 0.218765}}
{"target": -1381541.2762977043, "params": {"alpha": 0.6295151420379856, "beta": 5.807458857675274}, "datetime": {"datetime": "2020-10-17 18:08:45", "elapsed": 2.55238, "delta": 0.125002}}
{"target": -1353379.0257601796, "params": {"alpha": 0.6892067282364752, "beta": 3.805325035830837}, "datetime": {"datetime": "2020-10-17 18:08:45", "elapsed": 2.762106, "delta": 0.209726}}
{"target": -1349794.2265818976, "params": {"alpha": 0.6745846576128226, "beta": 3.8114605527185836}, "datetime": {"datetime": "2020-10-17 18:08:45", "elapsed": 3.01211, "delta": 0.250004}}
{"target": -1348888.4294637735, "params": {"alpha": 0.6723448267775528, "beta": 3.827608798358587}, "datetime": {"datetime": "2020-10-17 18:08:46", "elapsed": 3.232032, "delta": 0.219922}}
{"target": -1346677.1216647082, "params": {"alpha": 0.6600947293638985, "beta": 3.8242674851753247}, "datetime": {"datetime": "2020-10-17 18:08:46", "elapsed": 3.466407, "delta": 0.234375}}
{"target": -1344504.2384027184, "params": {"alpha": 0.6461192616901443, "beta": 3.828137026780671}, "datetime": {"datetime": "2020-10-17 18:08:46", "elapsed": 3.702795, "delta": 0.236388}}
{"target": -1342976.5234078954, "params": {"alpha": 0.6324759670169623, "beta": 3.832871527893075}, "datetime": {"datetime": "2020-10-17 18:08:46", "elapsed": 3.985163, "delta": 0.282368}}
{"target": -1342438.973567095, "params": {"alpha": 0.6256446388015976, "beta": 3.836099220910582}, "datetime": {"datetime": "2020-10-17 18:08:47", "elapsed": 4.205902, "delta": 0.220739}}
{"target": -1342072.1228963581, "params": {"alpha": 0.6201966835108831, "beta": 3.842067281281173}, "datetime": {"datetime": "2020-10-17 18:08:47", "elapsed": 4.472613, "delta": 0.266711}}
{"target": -1342019.9269567584, "params": {"alpha": 0.6203651684890973, "beta": 3.845336886731968}, "datetime": {"datetime": "2020-10-17 18:08:47", "elapsed": 4.769491, "delta": 0.296878}}
{"target": -1342008.9727883884, "params": {"alpha": 0.620144662089261, "beta": 3.8454980790267217}, "datetime": {"datetime": "2020-10-17 18:08:47", "elapsed": 5.019494, "delta": 0.250003}}
{"target": -1341994.3257286034, "params": {"alpha": 0.6198865261737668, "beta": 3.845803481584351}, "datetime": {"datetime": "2020-10-17 18:08:48", "elapsed": 5.331988, "delta": 0.312494}}
{"target": -1341961.802216588, "params": {"alpha": 0.6191924820192345, "beta": 3.8463097671220083}, "datetime": {"datetime": "2020-10-17 18:08:48", "elapsed": 5.555809, "delta": 0.223821}}
{"target": -1341856.476004407, "params": {"alpha": 0.6162694522163169, "beta": 3.8477988215920718}, "datetime": {"datetime": "2020-10-17 18:08:48", "elapsed": 5.838175, "delta": 0.282366}}
{"target": -2175883.8671977036, "params": {"alpha": 0.1368641698862598, "beta": 7.531481283924518}, "datetime": {"datetime": "2020-10-17 18:08:48", "elapsed": 6.1038, "delta": 0.265625}}
{"target": -1342218.6190140622, "params": {"alpha": 0.6276432811394657, "beta": 3.854560410143269}, "datetime": {"datetime": "2020-10-17 18:08:49", "elapsed": 6.556924, "delta": 0.453124}}
{"target": -1341693.0009098265, "params": {"alpha": 0.6137843059352319, "beta": 3.85508006865213}, "datetime": {"datetime": "2020-10-17 18:08:50", "elapsed": 7.385047, "delta": 0.828123}}
{"target": -1341620.216719623, "params": {"alpha": 0.6128904820592518, "beta": 3.859036852020975}, "datetime": {"datetime": "2020-10-17 18:08:50", "elapsed": 8.152952, "delta": 0.767905}}
{"target": -1341516.238189356, "params": {"alpha": 0.6051017552951589, "beta": 3.869785008947821}, "datetime": {"datetime": "2020-10-17 18:08:51", "elapsed": 9.04616, "delta": 0.893208}}
{"target": -1341490.498257219, "params": {"alpha": 0.6079058529578749, "beta": 3.8681311449522413}, "datetime": {"datetime": "2020-10-17 18:09:00", "elapsed": 17.272707, "delta": 8.226547}}
{"target": -1341602.421772455, "params": {"alpha": 0.6105014899305297, "beta": 3.8596782485524943}, "datetime": {"datetime": "2020-10-17 18:09:09", "elapsed": 26.923896, "delta": 9.651189}}
{"target": -1341348.0706868912, "params": {"alpha": 0.6070628650843889, "beta": 3.878785529497747}, "datetime": {"datetime": "2020-10-17 18:09:15", "elapsed": 32.542511, "delta": 5.618615}}
{"target": -1341289.3688890364, "params": {"alpha": 0.6104158588109219, "beta": 3.8805808617986606}, "datetime": {"datetime": "2020-10-17 18:09:17", "elapsed": 35.065937, "delta": 2.523426}}
{"target": -1341274.5608742868, "params": {"alpha": 0.6114891306441146, "beta": 3.8815102191305426}, "datetime": {"datetime": "2020-10-17 18:09:20", "elapsed": 37.470539, "delta": 2.404602}}
{"target": -1341264.8272785866, "params": {"alpha": 0.6118702004846757, "beta": 3.8822276778993965}, "datetime": {"datetime": "2020-10-17 18:09:22", "elapsed": 39.322032, "delta": 1.851493}}
{"target": -1341250.984957847, "params": {"alpha": 0.6121067320760888, "beta": 3.883242561725408}, "datetime": {"datetime": "2020-10-17 18:09:23", "elapsed": 40.176882, "delta": 0.85485}}
{"target": -1341221.293811695, "params": {"alpha": 0.6122132307537376, "beta": 3.885372353101911}, "datetime": {"datetime": "2020-10-17 18:09:24", "elapsed": 41.902596, "delta": 1.725714}}
{"target": -1341161.696057307, "params": {"alpha": 0.6119220445072497, "beta": 3.8896304571965157}, "datetime": {"datetime": "2020-10-17 18:09:26", "elapsed": 43.233025, "delta": 1.330429}}
{"target": -1341103.712179613, "params": {"alpha": 0.61130425748946, "beta": 3.893920211309762}, "datetime": {"datetime": "2020-10-17 18:09:26", "elapsed": 43.99865, "delta": 0.765625}}
{"target": -1341056.1710410703, "params": {"alpha": 0.6107497050369582, "beta": 3.897635088438282}, "datetime": {"datetime": "2020-10-17 18:09:28", "elapsed": 45.576777, "delta": 1.578127}}
{"target": -1341009.8447338864, "params": {"alpha": 0.610423911928523, "beta": 3.9013501968715607}, "datetime": {"datetime": "2020-10-17 18:09:28", "elapsed": 46.173674, "delta": 0.596897}}
{"target": -1367141.613419809, "params": {"alpha": 0.7837565572822538, "beta": 4.704049815690776}, "datetime": {"datetime": "2020-10-17 18:09:29", "elapsed": 46.517425, "delta": 0.343751}}
{"target": -1340955.997058261, "params": {"alpha": 0.6106648832408387, "beta": 3.9055402488568807}, "datetime": {"datetime": "2020-10-17 18:09:30", "elapsed": 47.517426, "delta": 1.000001}}
{"target": -1340897.983185477, "params": {"alpha": 0.6121299882994725, "beta": 3.910004795404506}, "datetime": {"datetime": "2020-10-17 18:09:31", "elapsed": 48.376802, "delta": 0.859376}}
{"target": -1340874.278632146, "params": {"alpha": 0.6143472538077502, "beta": 3.9127744221162333}, "datetime": {"datetime": "2020-10-17 18:09:31", "elapsed": 48.910365, "delta": 0.533563}}
{"target": -1546311.967633297, "params": {"alpha": 0.3456178407546785, "beta": 5.690841020849503}, "datetime": {"datetime": "2020-10-17 18:09:32", "elapsed": 49.31661, "delta": 0.406245}}
{"target": -1340875.660656737, "params": {"alpha": 0.6148622929657234, "beta": 3.913062699595835}, "datetime": {"datetime": "2020-10-17 18:09:33", "elapsed": 51.007686, "delta": 1.691076}}
{"target": -1340872.7115788443, "params": {"alpha": 0.6147633388503587, "beta": 3.913220342252988}, "datetime": {"datetime": "2020-10-17 18:09:34", "elapsed": 52.07019, "delta": 1.062504}}
{"target": -1340870.8046971846, "params": {"alpha": 0.6147897205871696, "beta": 3.913398060882345}, "datetime": {"datetime": "2020-10-17 18:09:37", "elapsed": 54.778043, "delta": 2.707853}}
{"target": -1340867.3731589539, "params": {"alpha": 0.6147681601827611, "beta": 3.913661015291925}, "datetime": {"datetime": "2020-10-17 18:09:40", "elapsed": 57.633855, "delta": 2.855812}}
{"target": -1340859.0900121368, "params": {"alpha": 0.614647481231112, "beta": 3.9142435391546364}, "datetime": {"datetime": "2020-10-17 18:09:42", "elapsed": 60.129095, "delta": 2.49524}}
{"target": -1340828.823441171, "params": {"alpha": 0.6140310390405327, "beta": 3.9163270365807286}, "datetime": {"datetime": "2020-10-17 18:09:46", "elapsed": 63.185107, "delta": 3.056012}}
{"target": -1340761.0672587324, "params": {"alpha": 0.6124592624394586, "beta": 3.9215830166830528}, "datetime": {"datetime": "2020-10-17 18:09:49", "elapsed": 66.584308, "delta": 3.399201}}
{"target": -1340717.9012965974, "params": {"alpha": 0.6115165296450451, "beta": 3.9255034679614758}, "datetime": {"datetime": "2020-10-17 18:09:51", "elapsed": 69.155011, "delta": 2.570703}}
{"target": -1340677.1039115053, "params": {"alpha": 0.6112075935256722, "beta": 3.929333287271648}, "datetime": {"datetime": "2020-10-17 18:09:55", "elapsed": 72.318467, "delta": 3.163456}}
{"target": -1341370.8778759895, "params": {"alpha": 0.5950773096462922, "beta": 3.9177832185727715}, "datetime": {"datetime": "2020-10-17 18:09:58", "elapsed": 75.684793, "delta": 3.366326}}
{"target": -1340623.0804417357, "params": {"alpha": 0.6118396610121706, "beta": 3.9341855944003963}, "datetime": {"datetime": "2020-10-17 18:10:01", "elapsed": 78.254299, "delta": 2.569506}}
{"target": -1340572.7146964015, "params": {"alpha": 0.6130047050480489, "beta": 3.9389522453765}, "datetime": {"datetime": "2020-10-17 18:10:04", "elapsed": 81.604077, "delta": 3.349778}}
{"target": -1340538.4724359657, "params": {"alpha": 0.6142800479085435, "beta": 3.942738903580687}, "datetime": {"datetime": "2020-10-17 18:10:07", "elapsed": 84.869709, "delta": 3.265632}}
{"target": -1340519.0156007889, "params": {"alpha": 0.6153158488197368, "beta": 3.945428104846744}, "datetime": {"datetime": "2020-10-17 18:10:11", "elapsed": 88.898622, "delta": 4.028913}}
{"target": -1340508.0513623022, "params": {"alpha": 0.6160003035085181, "beta": 3.9472290996794435}, "datetime": {"datetime": "2020-10-17 18:10:15", "elapsed": 92.309548, "delta": 3.410926}}
{"target": -1340498.3699360264, "params": {"alpha": 0.6163425746193169, "beta": 3.948614592741432}, "datetime": {"datetime": "2020-10-17 18:10:18", "elapsed": 95.392734, "delta": 3.083186}}
{"target": -1340476.740903408, "params": {"alpha": 0.6161460614957965, "beta": 3.950561740738491}, "datetime": {"datetime": "2020-10-17 18:10:21", "elapsed": 98.677459, "delta": 3.284725}}
{"target": -1340413.494070595, "params": {"alpha": 0.6137881489574991, "beta": 3.955390973232956}, "datetime": {"datetime": "2020-10-17 18:10:24", "elapsed": 101.75946, "delta": 3.082001}}
{"target": -1340390.3999886068, "params": {"alpha": 0.6119989805090945, "beta": 3.9580431942047296}, "datetime": {"datetime": "2020-10-17 18:10:27", "elapsed": 105.113256, "delta": 3.353796}}
{"target": -1340844.1982386732, "params": {"alpha": 0.6238907178157663, "beta": 3.9352171115650463}, "datetime": {"datetime": "2020-10-17 18:10:32", "elapsed": 109.390312, "delta": 4.277056}}
{"target": -1340369.7860397855, "params": {"alpha": 0.6117510537165921, "beta": 3.96050087494938}, "datetime": {"datetime": "2020-10-17 18:10:37", "elapsed": 114.455391, "delta": 5.065079}}
{"target": -1340330.2498646798, "params": {"alpha": 0.6088418191574286, "beta": 3.969007837006649}, "datetime": {"datetime": "2020-10-17 18:10:43", "elapsed": 120.61739, "delta": 6.161999}}
{"target": -1340283.5194550084, "params": {"alpha": 0.6115615361181549, "beta": 3.970899232983554}, "datetime": {"datetime": "2020-10-17 18:10:46", "elapsed": 123.71653, "delta": 3.09914}}
{"target": -1340251.752867532, "params": {"alpha": 0.6135471849669852, "beta": 3.9740685823439708}, "datetime": {"datetime": "2020-10-17 18:10:49", "elapsed": 126.920816, "delta": 3.204286}}
{"target": -1340235.2681760848, "params": {"alpha": 0.6142705142211001, "beta": 3.976272818228616}, "datetime": {"datetime": "2020-10-17 18:10:52", "elapsed": 129.941217, "delta": 3.020401}}
{"target": -1340550.3765133114, "params": {"alpha": 0.6274489032670404, "beta": 3.979069274236041}, "datetime": {"datetime": "2020-10-17 18:10:55", "elapsed": 132.966818, "delta": 3.025601}}
{"target": -1340215.2083692446, "params": {"alpha": 0.6145421178754703, "beta": 3.978931289065165}, "datetime": {"datetime": "2020-10-17 18:10:58", "elapsed": 135.562923, "delta": 2.596105}}
{"target": -1340182.853273631, "params": {"alpha": 0.6142292294628875, "beta": 3.9830539121521653}, "datetime": {"datetime": "2020-10-17 18:11:00", "elapsed": 137.991976, "delta": 2.429053}}
{"target": -1340149.0675428787, "params": {"alpha": 0.6138851630227021, "beta": 3.987606247689126}, "datetime": {"datetime": "2020-10-17 18:11:03", "elapsed": 140.426858, "delta": 2.434882}}
{"target": -1340119.84230047, "params": {"alpha": 0.6136965013592575, "beta": 3.991767111025571}, "datetime": {"datetime": "2020-10-17 18:11:07", "elapsed": 144.236957, "delta": 3.810099}}
{"target": -1340092.5926644595, "params": {"alpha": 0.6136692123803894, "beta": 3.995800943047947}, "datetime": {"datetime": "2020-10-17 18:11:09", "elapsed": 147.069492, "delta": 2.832535}}
{"target": -1340066.488834509, "params": {"alpha": 0.6138394600511401, "beta": 3.9997820961601285}, "datetime": {"datetime": "2020-10-17 18:11:13", "elapsed": 150.760686, "delta": 3.691194}}
{"target": -1340042.040291233, "params": {"alpha": 0.6142076419982826, "beta": 4.003646520839466}, "datetime": {"datetime": "2020-10-17 18:11:17", "elapsed": 154.185105, "delta": 3.424419}}
{"target": -1340020.4775368802, "params": {"alpha": 0.6147754150995646, "beta": 4.007272770211777}, "datetime": {"datetime": "2020-10-17 18:11:19", "elapsed": 157.158547, "delta": 2.973442}}
{"target": -1340003.7969262598, "params": {"alpha": 0.6154864519688682, "beta": 4.010430617166179}, "datetime": {"datetime": "2020-10-17 18:11:22", "elapsed": 159.681826, "delta": 2.523279}}
{"target": -1339993.6990042652, "params": {"alpha": 0.6162305446409965, "beta": 4.012830538444781}, "datetime": {"datetime": "2020-10-17 18:11:26", "elapsed": 163.349712, "delta": 3.667886}}
{"target": -1340222.1089338907, "params": {"alpha": 0.6148670083254969, "beta": 3.978219081889132}, "datetime": {"datetime": "2020-10-17 18:11:29", "elapsed": 166.294211, "delta": 2.944499}}
{"target": -1339989.9095168056, "params": {"alpha": 0.6168487460664654, "beta": 4.014285040847942}, "datetime": {"datetime": "2020-10-17 18:11:32", "elapsed": 169.318632, "delta": 3.024421}}
{"target": -1339990.4544229838, "params": {"alpha": 0.6172280586753452, "beta": 4.014790381011969}, "datetime": {"datetime": "2020-10-17 18:11:36", "elapsed": 173.203434, "delta": 3.884802}}
{"target": -1340088.4588270243, "params": {"alpha": 0.6183225570673763, "beta": 4.00122436491048}, "datetime": {"datetime": "2020-10-17 18:11:39", "elapsed": 176.625587, "delta": 3.422153}}
{"target": -1339962.7497746735, "params": {"alpha": 0.6152618796314014, "beta": 4.017572407149126}, "datetime": {"datetime": "2020-10-17 18:11:42", "elapsed": 179.978709, "delta": 3.353122}}
{"target": -1339943.731289971, "params": {"alpha": 0.6141905671186682, "beta": 4.021073291631562}, "datetime": {"datetime": "2020-10-17 18:11:46", "elapsed": 183.667792, "delta": 3.689083}}
{"target": -1339932.9086062936, "params": {"alpha": 0.6137686475790234, "beta": 4.023427788263509}, "datetime": {"datetime": "2020-10-17 18:11:51", "elapsed": 188.600393, "delta": 4.932601}}
{"target": -1339923.227308587, "params": {"alpha": 0.6137324112798312, "beta": 4.025444994610279}, "datetime": {"datetime": "2020-10-17 18:11:56", "elapsed": 193.307844, "delta": 4.707451}}
{"target": -1339910.3391180339, "params": {"alpha": 0.6140506355968032, "beta": 4.027965179697595}, "datetime": {"datetime": "2020-10-17 18:12:02", "elapsed": 199.41533, "delta": 6.107486}}
{"target": -1339894.3246582362, "params": {"alpha": 0.614816597544371, "beta": 4.031217264227581}, "datetime": {"datetime": "2020-10-17 18:12:06", "elapsed": 204.033006, "delta": 4.617676}}
{"target": -1339882.9422678153, "params": {"alpha": 0.6156380861067158, "beta": 4.033963535236195}, "datetime": {"datetime": "2020-10-17 18:12:10", "elapsed": 207.296795, "delta": 3.263789}}
{"target": -1339876.8000645463, "params": {"alpha": 0.6161449974037418, "beta": 4.035731245484278}, "datetime": {"datetime": "2020-10-17 18:12:14", "elapsed": 211.701418, "delta": 4.404623}}
{"target": -1339872.4108311983, "params": {"alpha": 0.6163957878110043, "beta": 4.036995151612442}, "datetime": {"datetime": "2020-10-17 18:12:18", "elapsed": 215.928008, "delta": 4.22659}}
{"target": -1339867.573339867, "params": {"alpha": 0.6164732252164994, "beta": 4.0382092320990095}, "datetime": {"datetime": "2020-10-17 18:12:23", "elapsed": 220.281525, "delta": 4.353517}}
{"target": -1339859.7070552898, "params": {"alpha": 0.6162852935307594, "beta": 4.039873705465344}, "datetime": {"datetime": "2020-10-17 18:12:25", "elapsed": 222.92708, "delta": 2.645555}}
{"target": -1339847.1427752129, "params": {"alpha": 0.6154675901121472, "beta": 4.042447636152952}, "datetime": {"datetime": "2020-10-17 18:12:28", "elapsed": 225.52083, "delta": 2.59375}}
{"target": -1339839.5032153546, "params": {"alpha": 0.6143965907843146, "beta": 4.044688770756353}, "datetime": {"datetime": "2020-10-17 18:12:31", "elapsed": 228.688261, "delta": 3.167431}}
{"target": -1339838.3280431172, "params": {"alpha": 0.6139882882415728, "beta": 4.045406596938765}, "datetime": {"datetime": "2020-10-17 18:12:35", "elapsed": 232.477814, "delta": 3.789553}}
{"target": -1339838.208927838, "params": {"alpha": 0.6138583293827727, "beta": 4.045602963198435}, "datetime": {"datetime": "2020-10-17 18:12:38", "elapsed": 235.386435, "delta": 2.908621}}
