{"target": -1212466.5853819198, "params": {"alpha": 0.7276219031074749, "beta": 6.104701139057963}, "datetime": {"datetime": "2020-10-17 18:11:42", "elapsed": 0.0, "delta": 0.0}}
{"target": -1366764.4289880947, "params": {"alpha": 0.3051994122489931, "beta": 8.025246329299044}, "datetime": {"datetime": "2020-10-17 18:11:42", "elapsed": 0.106838, "delta": 0.106838}}
{"target": -1228755.4908735545, "params": {"alpha": 0.497916792317126, "beta": 2.070191679483405}, "datetime": {"datetime": "2020-10-17 18:11:42", "elapsed": 0.200589, "delta": 0.093751}}
{"target": -1127066.0905495055, "params": {"alpha": 0.39078833232721283, "beta": 4.551785114854081}, "datetime": {"datetime": "2020-10-17 18:11:42", "elapsed": 0.32674, "delta": 0.126151}}
{"target": -2025208.5150932889, "params": {"alpha": 0.3407750666686109, "beta": 1.7429568007729768}, "datetime": {"datetime": "2020-10-17 18:11:42", "elapsed": 0.420489, "delta": 0.093749}}
{"target": -1150076.1659989858, "params": {"alpha": 0.36789380024771157, "beta": 4.680022589282124}, "datetime": {"datetime": "2020-10-17 18:11:42", "elapsed": 0.514244, "delta": 0.093755}}
{"target": -1394987.1168447405, "params": {"alpha": 0.924599368884012, "beta": 3.6279303900661364}, "datetime": {"datetime": "2020-10-17 18:11:43", "elapsed": 0.623619, "delta": 0.109375}}
{"target": -1345323.2150153944, "params": {"alpha": 0.8318685506191031, "beta": 9.90296201688082}, "datetime": {"datetime": "2020-10-17 18:11:43", "elapsed": 0.717369, "delta": 0.09375}}
{"target": -1133678.5410598717, "params": {"alpha": 0.38371060321176204, "beta": 4.591429043667529}, "datetime": {"datetime": "2020-10-17 18:11:43", "elapsed": 0.983143, "delta": 0.265774}}
{"target": -1208063.831650882, "params": {"alpha": 0.7314212688771988, "beta": 3.7722421535447763}, "datetime": {"datetime": "2020-10-17 18:11:43", "elapsed": 1.139398, "delta": 0.156255}}
{"target": -2047481.5190159702, "params": {"alpha": 0.1165301112709405, "beta": 6.176489919882287}, "datetime": {"datetime": "2020-10-17 18:11:43", "elapsed": 1.326894, "delta": 0.187496}}
{"target": -1128248.5414134203, "params": {"alpha": 0.3894874933801906, "beta": 4.559071841023719}, "datetime": {"datetime": "2020-10-17 18:11:44", "elapsed": 1.764394, "delta": 0.4375}}
{"target": -1126115.5040005462, "params": {"alpha": 0.3918458915145866, "beta": 4.545858949304651}, "datetime": {"datetime": "2020-10-17 18:11:44", "elapsed": 2.123772, "delta": 0.359378}}
{"target": -1124669.0765813144, "params": {"alpha": 0.39347405332896407, "beta": 4.53669811523503}, "datetime": {"datetime": "2020-10-17 18:11:44", "elapsed": 2.405021, "delta": 0.281249}}
{"target": -1136052.2928944754, "params": {"alpha": 0.3775830720343523, "beta": 4.55021054494713}, "datetime": {"datetime": "2020-10-17 18:11:45", "elapsed": 2.670646, "delta": 0.265625}}
{"target": -1116719.0256638718, "params": {"alpha": 0.40835311786662926, "beta": 4.535136399299408}, "datetime": {"datetime": "2020-10-17 18:11:45", "elapsed": 2.889398, "delta": 0.218752}}
{"target": -1111697.443075633, "params": {"alpha": 0.4202935596131935, "beta": 4.5340801172844385}, "datetime": {"datetime": "2020-10-17 18:11:45", "elapsed": 3.123774, "delta": 0.234376}}
{"target": -1180474.4691130212, "params": {"alpha": 0.6295151420379856, "beta": 5.807458857675274}, "datetime": {"datetime": "2020-10-17 18:11:45", "elapsed": 3.295646, "delta": 0.171872}}
{"target": -1275247.6683261169, "params": {"alpha": 0.5641566850540021, "beta": 8.008751085268823}, "datetime": {"datetime": "2020-10-17 18:11:45", "elapsed": 3.483147, "delta": 0.187501}}
{"target": -1107144.0184140988, "params": {"alpha": 0.4349672162083282, "beta": 4.535619701115047}, "datetime": {"datetime": "2020-10-17 18:11:46", "elapsed": 3.733148, "delta": 0.250001}}
{"target": -1105116.7442349803, "params": {"alpha": 0.44719602136006226, "beta": 4.5493355644214795}, "datetime": {"datetime": "2020-10-17 18:11:46", "elapsed": 4.000198, "delta": 0.26705}}
{"target": -1105283.806311848, "params": {"alpha": 0.44582409314719407, "beta": 4.54753473655232}, "datetime": {"datetime": "2020-10-17 18:11:46", "elapsed": 4.391961, "delta": 0.391763}}
{"target": -1294286.1939672397, "params": {"alpha": 0.9393939234384778, "beta": 7.6437855391144645}, "datetime": {"datetime": "2020-10-17 18:11:47", "elapsed": 4.610712, "delta": 0.218751}}
{"target": -1104374.4579153492, "params": {"alpha": 0.4526853733028369, "beta": 4.553022279229939}, "datetime": {"datetime": "2020-10-17 18:11:47", "elapsed": 4.907589, "delta": 0.296877}}
{"target": -1102981.632193982, "params": {"alpha": 0.461614217712582, "beta": 4.548432735822782}, "datetime": {"datetime": "2020-10-17 18:11:47", "elapsed": 5.221424, "delta": 0.313835}}
{"target": -1102477.9065490982, "params": {"alpha": 0.46453313584199624, "beta": 4.544134770972042}, "datetime": {"datetime": "2020-10-17 18:11:47", "elapsed": 5.488222, "delta": 0.266798}}
{"target": -1101855.213278426, "params": {"alpha": 0.4668491156468718, "beta": 4.535732171407657}, "datetime": {"datetime": "2020-10-17 18:11:48", "elapsed": 5.722599, "delta": 0.234377}}
{"target": -1101118.0108042413, "params": {"alpha": 0.459943814488991, "beta": 4.5089356146294985}, "datetime": {"datetime": "2020-10-17 18:11:48", "elapsed": 6.036357, "delta": 0.313758}}
{"target": -1101030.9545534197, "params": {"alpha": 0.4636572999414448, "beta": 4.514517221902281}, "datetime": {"datetime": "2020-10-17 18:11:48", "elapsed": 6.287458, "delta": 0.251101}}
{"target": -1101058.5499173878, "params": {"alpha": 0.46278581724386425, "beta": 4.513474232485111}, "datetime": {"datetime": "2020-10-17 18:11:49", "elapsed": 6.631211, "delta": 0.343753}}
{"target": -1100659.8726285107, "params": {"alpha": 0.46572244004454666, "beta": 4.510702905446238}, "datetime": {"datetime": "2020-10-17 18:11:49", "elapsed": 6.865585, "delta": 0.234374}}
{"target": -1758865.8273136718, "params": {"alpha": 0.1368641698862598, "beta": 7.531481283924518}, "datetime": {"datetime": "2020-10-17 18:11:49", "elapsed": 7.040986, "delta": 0.175401}}
{"target": -1099956.3527891983, "params": {"alpha": 0.4715878847260069, "beta": 4.504222172109568}, "datetime": {"datetime": "2020-10-17 18:11:49", "elapsed": 7.385925, "delta": 0.344939}}
{"target": -1099504.0668693534, "params": {"alpha": 0.4754025297657974, "beta": 4.498145268406505}, "datetime": {"datetime": "2020-10-17 18:11:50", "elapsed": 7.745302, "delta": 0.359377}}
{"target": -1099119.3637877025, "params": {"alpha": 0.47709536038064293, "beta": 4.491256025294521}, "datetime": {"datetime": "2020-10-17 18:11:50", "elapsed": 8.010926, "delta": 0.265624}}
{"target": -1098824.1393882914, "params": {"alpha": 0.47599156230199, "beta": 4.484837847475257}, "datetime": {"datetime": "2020-10-17 18:11:50", "elapsed": 8.292176, "delta": 0.28125}}
{"target": -1098688.5500871986, "params": {"alpha": 0.4740663914882173, "beta": 4.4809971220916145}, "datetime": {"datetime": "2020-10-17 18:11:52", "elapsed": 9.841523, "delta": 1.549347}}
{"target": -1098617.7813149423, "params": {"alpha": 0.472618687629029, "beta": 4.478502480342643}, "datetime": {"datetime": "2020-10-17 18:11:56", "elapsed": 13.670404, "delta": 3.828881}}
{"target": -1098484.9823353454, "params": {"alpha": 0.47213600436536696, "beta": 4.475442597239333}, "datetime": {"datetime": "2020-10-17 18:11:58", "elapsed": 16.233356, "delta": 2.562952}}
{"target": -1097905.2645977882, "params": {"alpha": 0.47623051008414663, "beta": 4.4664304392562535}, "datetime": {"datetime": "2020-10-17 18:12:00", "elapsed": 18.526619, "delta": 2.293263}}
{"target": -1097604.6772836882, "params": {"alpha": 0.47997048573926393, "beta": 4.461225988288529}, "datetime": {"datetime": "2020-10-17 18:12:03", "elapsed": 21.095018, "delta": 2.568399}}
{"target": -1097334.4271229205, "params": {"alpha": 0.483247270906789, "beta": 4.455294657916707}, "datetime": {"datetime": "2020-10-17 18:12:05", "elapsed": 23.110648, "delta": 2.01563}}
{"target": -1096944.8813449952, "params": {"alpha": 0.4835722515567649, "beta": 4.447149145255596}, "datetime": {"datetime": "2020-10-17 18:12:07", "elapsed": 25.273054, "delta": 2.162406}}
{"target": -1096854.5109944576, "params": {"alpha": 0.47221174635023483, "beta": 4.44271506505344}, "datetime": {"datetime": "2020-10-17 18:12:10", "elapsed": 27.738577, "delta": 2.465523}}
{"target": -1096514.777593817, "params": {"alpha": 0.4783954103261435, "beta": 4.438760728840692}, "datetime": {"datetime": "2020-10-17 18:12:13", "elapsed": 31.26697, "delta": 3.528393}}
{"target": -1096120.2645288557, "params": {"alpha": 0.4789942128535625, "beta": 4.430725017809491}, "datetime": {"datetime": "2020-10-17 18:12:14", "elapsed": 32.363047, "delta": 1.096077}}
{"target": -1095573.8494414075, "params": {"alpha": 0.47956276697715067, "beta": 4.419463594178583}, "datetime": {"datetime": "2020-10-17 18:12:16", "elapsed": 34.148246, "delta": 1.785199}}
{"target": -1095074.5556948413, "params": {"alpha": 0.4800318937268423, "beta": 4.409080764794519}, "datetime": {"datetime": "2020-10-17 18:12:18", "elapsed": 35.839426, "delta": 1.69118}}
{"target": -1213187.9106229367, "params": {"alpha": 0.7837565572822538, "beta": 4.704049815690776}, "datetime": {"datetime": "2020-10-17 18:12:19", "elapsed": 36.717428, "delta": 0.878002}}
{"target": -1094560.8287500343, "params": {"alpha": 0.48032695044216633, "beta": 4.398332978768501}, "datetime": {"datetime": "2020-10-17 18:12:20", "elapsed": 38.187341, "delta": 1.469913}}
{"target": -1094033.165302565, "params": {"alpha": 0.48020905961712684, "beta": 4.387290424551527}, "datetime": {"datetime": "2020-10-17 18:12:22", "elapsed": 39.783451, "delta": 1.59611}}
{"target": -1093490.8361262456, "params": {"alpha": 0.479026074837638, "beta": 4.376001186090379}, "datetime": {"datetime": "2020-10-17 18:12:23", "elapsed": 41.28835, "delta": 1.504899}}
{"target": -1221296.7821079048, "params": {"alpha": 0.3456178407546785, "beta": 5.690841020849503}, "datetime": {"datetime": "2020-10-17 18:12:24", "elapsed": 41.788356, "delta": 0.500006}}
{"target": -1093013.069102603, "params": {"alpha": 0.47481747023464627, "beta": 4.365259854525165}, "datetime": {"datetime": "2020-10-17 18:12:26", "elapsed": 44.165736, "delta": 2.37738}}
{"target": -1093050.8350484157, "params": {"alpha": 0.4689597390983591, "beta": 4.36191794900512}, "datetime": {"datetime": "2020-10-17 18:12:27", "elapsed": 45.275115, "delta": 1.109379}}
{"target": -1203586.967157084, "params": {"alpha": 0.758253000863743, "beta": 4.405208269347275}, "datetime": {"datetime": "2020-10-17 18:12:28", "elapsed": 45.993865, "delta": 0.71875}}
{"target": -1093537.2388406808, "params": {"alpha": 0.4674613280765118, "beta": 4.370295972664556}, "datetime": {"datetime": "2020-10-17 18:12:29", "elapsed": 47.048374, "delta": 1.054509}}
{"target": -1092366.944954117, "params": {"alpha": 0.4747981352745171, "beta": 4.35168586135455}, "datetime": {"datetime": "2020-10-17 18:12:30", "elapsed": 48.380046, "delta": 1.331672}}
{"target": -1091762.8792347154, "params": {"alpha": 0.4773691144255794, "beta": 4.339428589973704}, "datetime": {"datetime": "2020-10-17 18:12:32", "elapsed": 50.083173, "delta": 1.703127}}
{"target": -1091177.6519771435, "params": {"alpha": 0.47774685783285736, "beta": 4.3269356816093545}, "datetime": {"datetime": "2020-10-17 18:12:33", "elapsed": 51.258414, "delta": 1.175241}}
{"target": -1089862.2655776758, "params": {"alpha": 0.4738923082594876, "beta": 4.298047859981402}, "datetime": {"datetime": "2020-10-17 18:12:35", "elapsed": 53.186502, "delta": 1.928088}}
{"target": -1089259.1560566968, "params": {"alpha": 0.47733663770927454, "beta": 4.285468974683042}, "datetime": {"datetime": "2020-10-17 18:12:36", "elapsed": 54.296967, "delta": 1.110465}}
{"target": -1089002.456287195, "params": {"alpha": 0.48214378651581624, "beta": 4.278101607427094}, "datetime": {"datetime": "2020-10-17 18:12:37", "elapsed": 55.562594, "delta": 1.265627}}
{"target": -1089025.6461094962, "params": {"alpha": 0.48503594439325237, "beta": 4.27625940726828}, "datetime": {"datetime": "2020-10-17 18:12:39", "elapsed": 56.814114, "delta": 1.25152}}
{"target": -1088984.8831037134, "params": {"alpha": 0.4639256608039372, "beta": 4.27002536139081}, "datetime": {"datetime": "2020-10-17 18:12:41", "elapsed": 58.760229, "delta": 1.946115}}
{"target": -1088133.8856796785, "params": {"alpha": 0.4759152889485033, "beta": 4.2608206784137534}, "datetime": {"datetime": "2020-10-17 18:12:44", "elapsed": 61.673793, "delta": 2.913564}}
{"target": -1087779.003981053, "params": {"alpha": 0.48769537361178195, "beta": 4.244853046845497}, "datetime": {"datetime": "2020-10-17 18:12:45", "elapsed": 63.003884, "delta": 1.330091}}
{"target": -1087213.239707771, "params": {"alpha": 0.48047739619997276, "beta": 4.239117687806518}, "datetime": {"datetime": "2020-10-17 18:12:47", "elapsed": 65.290003, "delta": 2.286119}}
{"target": -1086627.926075649, "params": {"alpha": 0.47477252541982834, "beta": 4.227324557997933}, "datetime": {"datetime": "2020-10-17 18:12:48", "elapsed": 66.464261, "delta": 1.174258}}
{"target": -1086253.9094588885, "params": {"alpha": 0.4638984610185724, "beta": 4.2106646414298385}, "datetime": {"datetime": "2020-10-17 18:12:50", "elapsed": 68.326326, "delta": 1.862065}}
{"target": -1085894.102752512, "params": {"alpha": 0.46872903259200127, "beta": 4.208180307109139}, "datetime": {"datetime": "2020-10-17 18:12:51", "elapsed": 69.328727, "delta": 1.002401}}
{"target": -1085157.5453520888, "params": {"alpha": 0.4758461648728876, "beta": 4.194082635493803}, "datetime": {"datetime": "2020-10-17 18:12:53", "elapsed": 71.188102, "delta": 1.859375}}
{"target": -1084698.3584657775, "params": {"alpha": 0.47823698703072676, "beta": 4.182840757143033}, "datetime": {"datetime": "2020-10-17 18:12:54", "elapsed": 72.316601, "delta": 1.128499}}
{"target": -1083352.04306445, "params": {"alpha": 0.4795537172025204, "beta": 4.15052755310801}, "datetime": {"datetime": "2020-10-17 18:12:56", "elapsed": 73.991969, "delta": 1.675368}}
{"target": -1285758.2493556193, "params": {"alpha": 0.3326045110846906, "beta": 6.741563069299485}, "datetime": {"datetime": "2020-10-17 18:12:57", "elapsed": 74.632598, "delta": 0.640629}}
{"target": -1084375.126977523, "params": {"alpha": 0.46719225164300693, "beta": 4.1726363136093365}, "datetime": {"datetime": "2020-10-17 18:12:58", "elapsed": 75.681841, "delta": 1.049243}}
{"target": -1082817.3772714431, "params": {"alpha": 0.4760769209709645, "beta": 4.139644066418835}, "datetime": {"datetime": "2020-10-17 18:12:59", "elapsed": 77.121695, "delta": 1.439854}}
{"target": -1082100.7049021095, "params": {"alpha": 0.4710206657509035, "beta": 4.122555895238841}, "datetime": {"datetime": "2020-10-17 18:13:01", "elapsed": 78.641167, "delta": 1.519472}}
{"target": -1082562.7792689248, "params": {"alpha": 0.49251054729951055, "beta": 4.10952866662741}, "datetime": {"datetime": "2020-10-17 18:13:01", "elapsed": 79.50174, "delta": 0.860573}}
{"target": -1081099.229313432, "params": {"alpha": 0.4678813027922214, "beta": 4.097022580527219}, "datetime": {"datetime": "2020-10-17 18:13:02", "elapsed": 80.519784, "delta": 1.018044}}
{"target": -1080547.388144112, "params": {"alpha": 0.4677570653659338, "beta": 4.083685727503381}, "datetime": {"datetime": "2020-10-17 18:13:03", "elapsed": 81.551042, "delta": 1.031258}}
{"target": -1079569.4032070541, "params": {"alpha": 0.472486528717005, "beta": 4.06158475120235}, "datetime": {"datetime": "2020-10-17 18:13:05", "elapsed": 83.162937, "delta": 1.611895}}
{"target": -1078914.831836363, "params": {"alpha": 0.472662250483179, "beta": 4.045235609679797}, "datetime": {"datetime": "2020-10-17 18:13:06", "elapsed": 84.087234, "delta": 0.924297}}
{"target": -1078366.8397309917, "params": {"alpha": 0.4633166592887839, "beta": 4.025523213887247}, "datetime": {"datetime": "2020-10-17 18:13:08", "elapsed": 86.212237, "delta": 2.125003}}
{"target": -1078507.2787826455, "params": {"alpha": 0.4612884242765803, "beta": 4.025918153526959}, "datetime": {"datetime": "2020-10-17 18:13:09", "elapsed": 87.072495, "delta": 0.860258}}
{"target": -1077565.987713629, "params": {"alpha": 0.4868615123429962, "beta": 3.991964760724754}, "datetime": {"datetime": "2020-10-17 18:13:10", "elapsed": 88.436584, "delta": 1.364089}}
{"target": -1122429.5216793632, "params": {"alpha": 0.6029497185106835, "beta": 4.357497171976991}, "datetime": {"datetime": "2020-10-17 18:13:11", "elapsed": 89.045957, "delta": 0.609373}}
{"target": -1077276.0835471023, "params": {"alpha": 0.4781124778479115, "beta": 3.999869042095359}, "datetime": {"datetime": "2020-10-17 18:13:13", "elapsed": 91.393015, "delta": 2.347058}}
{"target": -1256263.0725978843, "params": {"alpha": 0.5815848007055857, "beta": 7.594383209564022}, "datetime": {"datetime": "2020-10-17 18:13:14", "elapsed": 92.131749, "delta": 0.738734}}
{"target": -1077201.6867405677, "params": {"alpha": 0.47692886978169374, "beta": 3.9990602220085987}, "datetime": {"datetime": "2020-10-17 18:13:15", "elapsed": 93.198093, "delta": 1.066344}}
{"target": -1076459.2200866393, "params": {"alpha": 0.47019352613795856, "beta": 3.98191829699666}, "datetime": {"datetime": "2020-10-17 18:13:16", "elapsed": 94.098023, "delta": 0.89993}}
{"target": -1076018.1155127513, "params": {"alpha": 0.46546044980538526, "beta": 3.9676669053692533}, "datetime": {"datetime": "2020-10-17 18:13:18", "elapsed": 96.309229, "delta": 2.211206}}
{"target": -1076269.9866279296, "params": {"alpha": 0.45418708978514044, "beta": 3.9523582096859737}, "datetime": {"datetime": "2020-10-17 18:13:20", "elapsed": 98.083345, "delta": 1.774116}}
{"target": -1075751.7559143095, "params": {"alpha": 0.4648336057945504, "beta": 3.9599783326576916}, "datetime": {"datetime": "2020-10-17 18:13:21", "elapsed": 98.802099, "delta": 0.718754}}
{"target": -1074983.826079812, "params": {"alpha": 0.4714914646694006, "beta": 3.9421373969841245}, "datetime": {"datetime": "2020-10-17 18:13:22", "elapsed": 100.498753, "delta": 1.696654}}
{"target": -1380595.2542051733, "params": {"alpha": 0.3385727648304308, "beta": 2.3785383588899194}, "datetime": {"datetime": "2020-10-17 18:13:23", "elapsed": 101.096648, "delta": 0.597895}}
{"target": -1074670.7163737875, "params": {"alpha": 0.47382937670646164, "beta": 3.9325103524151284}, "datetime": {"datetime": "2020-10-17 18:13:24", "elapsed": 102.554713, "delta": 1.458065}}
{"target": -1074243.1903866103, "params": {"alpha": 0.47507203072350146, "beta": 3.919469766850896}, "datetime": {"datetime": "2020-10-17 18:13:25", "elapsed": 103.525836, "delta": 0.971123}}
{"target": -1073651.5533843478, "params": {"alpha": 0.47324488814960514, "beta": 3.9038697216373808}, "datetime": {"datetime": "2020-10-17 18:13:27", "elapsed": 104.887544, "delta": 1.361708}}
{"target": -1073074.386993567, "params": {"alpha": 0.4685894726051211, "beta": 3.888129587470364}, "datetime": {"datetime": "2020-10-17 18:13:29", "elapsed": 106.633633, "delta": 1.746089}}
{"target": -1074278.7201655004, "params": {"alpha": 0.47254958966851274, "beta": 3.9221512732724184}, "datetime": {"datetime": "2020-10-17 18:13:30", "elapsed": 107.870597, "delta": 1.236964}}
{"target": -1072860.1946728458, "params": {"alpha": 0.46294470496244505, "beta": 3.8776158285487594}, "datetime": {"datetime": "2020-10-17 18:13:32", "elapsed": 109.745596, "delta": 1.874999}}
{"target": -1072857.1285347748, "params": {"alpha": 0.4618180899813762, "beta": 3.875913094545424}, "datetime": {"datetime": "2020-10-17 18:13:34", "elapsed": 111.669815, "delta": 1.924219}}
{"target": -1072852.1497100594, "params": {"alpha": 0.4619425257887762, "beta": 3.875959735166356}, "datetime": {"datetime": "2020-10-17 18:13:35", "elapsed": 112.969141, "delta": 1.299326}}
{"target": -1072689.79795219, "params": {"alpha": 0.4670925598461602, "beta": 3.876387337935606}, "datetime": {"datetime": "2020-10-17 18:13:38", "elapsed": 116.306284, "delta": 3.337143}}
{"target": -1071690.116322775, "params": {"alpha": 0.4592326612479902, "beta": 3.83666165785868}, "datetime": {"datetime": "2020-10-17 18:13:41", "elapsed": 119.296515, "delta": 2.990231}}
{"target": -1071884.8102826858, "params": {"alpha": 0.48411617351496905, "beta": 3.8289771553303265}, "datetime": {"datetime": "2020-10-17 18:13:46", "elapsed": 123.77533, "delta": 4.478815}}
{"target": -1071180.6697576363, "params": {"alpha": 0.4700043241816234, "beta": 3.8310353037732745}, "datetime": {"datetime": "2020-10-17 18:13:50", "elapsed": 128.208099, "delta": 4.432769}}
