{"target": -1452100.6689070617, "params": {"alpha": 0.7276219031074749, "beta": 6.104701139057963}, "datetime": {"datetime": "2020-10-17 18:10:38", "elapsed": 0.0, "delta": 0.0}}
{"target": -1219388.2446689433, "params": {"alpha": 0.3051994122489931, "beta": 8.025246329299044}, "datetime": {"datetime": "2020-10-17 18:10:39", "elapsed": 0.206124, "delta": 0.206124}}
{"target": -1368148.000842969, "params": {"alpha": 0.497916792317126, "beta": 2.070191679483405}, "datetime": {"datetime": "2020-10-17 18:10:39", "elapsed": 0.409252, "delta": 0.203128}}
{"target": -1002817.9410454967, "params": {"alpha": 0.39078833232721283, "beta": 4.551785114854081}, "datetime": {"datetime": "2020-10-17 18:10:39", "elapsed": 0.651176, "delta": 0.241924}}
{"target": -3432546.5154758026, "params": {"alpha": 0.3407750666686109, "beta": 1.7429568007729768}, "datetime": {"datetime": "2020-10-17 18:10:39", "elapsed": 0.856691, "delta": 0.205515}}
{"target": -991457.712504446, "params": {"alpha": 0.36789380024771157, "beta": 4.680022589282124}, "datetime": {"datetime": "2020-10-17 18:10:39", "elapsed": 1.106689, "delta": 0.249998}}
{"target": -1641024.165350139, "params": {"alpha": 0.924599368884012, "beta": 3.6279303900661364}, "datetime": {"datetime": "2020-10-17 18:10:40", "elapsed": 1.373423, "delta": 0.266734}}
{"target": -1615458.5163586072, "params": {"alpha": 0.8318685506191031, "beta": 9.90296201688082}, "datetime": {"datetime": "2020-10-17 18:10:40", "elapsed": 1.571403, "delta": 0.19798}}
{"target": -996532.1351159363, "params": {"alpha": 0.37847576100967883, "beta": 4.620750588187904}, "datetime": {"datetime": "2020-10-17 18:10:40", "elapsed": 1.853767, "delta": 0.282364}}
{"target": -1381773.58714348, "params": {"alpha": 0.7314212688771988, "beta": 3.7722421535447763}, "datetime": {"datetime": "2020-10-17 18:10:40", "elapsed": 2.10377, "delta": 0.250003}}
{"target": -1059981.6334753693, "params": {"alpha": 0.1165301112709405, "beta": 6.176489919882287}, "datetime": {"datetime": "2020-10-17 18:10:41", "elapsed": 2.32252, "delta": 0.21875}}
{"target": -992854.149335196, "params": {"alpha": 0.3708699908191419, "beta": 4.663352313834652}, "datetime": {"datetime": "2020-10-17 18:10:41", "elapsed": 2.650641, "delta": 0.328121}}
{"target": -991771.1057055047, "params": {"alpha": 0.3685662447361036, "beta": 4.676256003905881}, "datetime": {"datetime": "2020-10-17 18:10:41", "elapsed": 3.011217, "delta": 0.360576}}
{"target": -991103.1772984765, "params": {"alpha": 0.3671292273766906, "beta": 4.684308253805968}, "datetime": {"datetime": "2020-10-17 18:10:42", "elapsed": 3.371709, "delta": 0.360492}}
{"target": -990729.5319475126, "params": {"alpha": 0.36629952090587603, "beta": 4.689054766126536}, "datetime": {"datetime": "2020-10-17 18:10:42", "elapsed": 3.684212, "delta": 0.312503}}
{"target": -990804.4841724401, "params": {"alpha": 0.3658805745097738, "beta": 4.694162350923591}, "datetime": {"datetime": "2020-10-17 18:10:42", "elapsed": 4.012338, "delta": 0.328126}}
{"target": -981945.8408677371, "params": {"alpha": 0.3572769357328563, "beta": 4.6905572401676405}, "datetime": {"datetime": "2020-10-17 18:10:43", "elapsed": 4.324841, "delta": 0.312503}}
{"target": -1354106.6936576185, "params": {"alpha": 0.6295151420379856, "beta": 5.807458857675274}, "datetime": {"datetime": "2020-10-17 18:10:43", "elapsed": 4.598253, "delta": 0.273412}}
{"target": -1414136.7479080504, "params": {"alpha": 0.5641566850540021, "beta": 8.008751085268823}, "datetime": {"datetime": "2020-10-17 18:10:43", "elapsed": 4.832626, "delta": 0.234373}}
{"target": -957703.8883604998, "params": {"alpha": 0.3315641979883719, "beta": 4.685489023251087}, "datetime": {"datetime": "2020-10-17 18:10:44", "elapsed": 5.147443, "delta": 0.314817}}
{"target": -937235.8306977835, "params": {"alpha": 0.30674640855553137, "beta": 4.677777523299939}, "datetime": {"datetime": "2020-10-17 18:10:44", "elapsed": 5.424319, "delta": 0.276876}}
{"target": -923344.3815261872, "params": {"alpha": 0.28644004406912, "beta": 4.666210233925254}, "datetime": {"datetime": "2020-10-17 18:10:44", "elapsed": 5.783701, "delta": 0.359382}}
{"target": -1627399.6924591744, "params": {"alpha": 0.9393939234384778, "beta": 7.6437855391144645}, "datetime": {"datetime": "2020-10-17 18:10:45", "elapsed": 6.113252, "delta": 0.329551}}
{"target": -916781.679970741, "params": {"alpha": 0.27541635047949176, "beta": 4.650594081976392}, "datetime": {"datetime": "2020-10-17 18:10:45", "elapsed": 6.473708, "delta": 0.360456}}
{"target": -915450.9273805032, "params": {"alpha": 0.2739556228791791, "beta": 4.640375398266569}, "datetime": {"datetime": "2020-10-17 18:10:45", "elapsed": 6.786209, "delta": 0.312501}}
{"target": -915212.4595889928, "params": {"alpha": 0.27389096852961925, "beta": 4.637338983191728}, "datetime": {"datetime": "2020-10-17 18:10:45", "elapsed": 7.085395, "delta": 0.299186}}
{"target": -913886.0711497152, "params": {"alpha": 0.27131901862166174, "beta": 4.632492068246097}, "datetime": {"datetime": "2020-10-17 18:10:46", "elapsed": 7.478641, "delta": 0.393246}}
{"target": -908744.371619661, "params": {"alpha": 0.25034215217160427, "beta": 4.626594163575446}, "datetime": {"datetime": "2020-10-17 18:10:46", "elapsed": 7.902839, "delta": 0.424198}}
{"target": -908571.6869352588, "params": {"alpha": 0.24687517831580955, "beta": 4.626127367787715}, "datetime": {"datetime": "2020-10-17 18:10:47", "elapsed": 8.185261, "delta": 0.282422}}
{"target": -908551.906195892, "params": {"alpha": 0.2456821596412439, "beta": 4.62579852592198}, "datetime": {"datetime": "2020-10-17 18:10:47", "elapsed": 8.52901, "delta": 0.343749}}
{"target": -908529.1001771264, "params": {"alpha": 0.2455816404912813, "beta": 4.625302274214409}, "datetime": {"datetime": "2020-10-17 18:10:47", "elapsed": 8.841511, "delta": 0.312501}}
{"target": -1080945.6349575927, "params": {"alpha": 0.1368641698862598, "beta": 7.531481283924518}, "datetime": {"datetime": "2020-10-17 18:10:47", "elapsed": 9.09151, "delta": 0.249999}}
{"target": -908388.93762354, "params": {"alpha": 0.2457261474043275, "beta": 4.622381669611537}, "datetime": {"datetime": "2020-10-17 18:10:48", "elapsed": 9.45212, "delta": 0.36061}}
{"target": -908158.2830206637, "params": {"alpha": 0.2459699408518499, "beta": 4.61756426656435}, "datetime": {"datetime": "2020-10-17 18:10:48", "elapsed": 9.875162, "delta": 0.423042}}
{"target": -907890.7757420635, "params": {"alpha": 0.24622749488390352, "beta": 4.611951938987127}, "datetime": {"datetime": "2020-10-17 18:10:49", "elapsed": 10.222348, "delta": 0.347186}}
{"target": -907458.7299239855, "params": {"alpha": 0.24659732028481027, "beta": 4.60282811733927}, "datetime": {"datetime": "2020-10-17 18:10:49", "elapsed": 10.572463, "delta": 0.350115}}
{"target": -907058.0670112356, "params": {"alpha": 0.2467013526322784, "beta": 4.5942213077851015}, "datetime": {"datetime": "2020-10-17 18:10:50", "elapsed": 11.357257, "delta": 0.784794}}
{"target": -906689.0389864907, "params": {"alpha": 0.24632639799353678, "beta": 4.585893652737659}, "datetime": {"datetime": "2020-10-17 18:10:51", "elapsed": 12.578333, "delta": 1.221076}}
{"target": -906264.7519791144, "params": {"alpha": 0.24266317112801575, "beta": 4.569376822835842}, "datetime": {"datetime": "2020-10-17 18:10:53", "elapsed": 14.140835, "delta": 1.562502}}
{"target": -906392.5338116508, "params": {"alpha": 0.24227564653352004, "beta": 4.5714192551638115}, "datetime": {"datetime": "2020-10-17 18:10:53", "elapsed": 14.90646, "delta": 0.765625}}
{"target": -905392.7307952393, "params": {"alpha": 0.2519267620696811, "beta": 4.55778661285881}, "datetime": {"datetime": "2020-10-17 18:10:55", "elapsed": 16.412531, "delta": 1.506071}}
{"target": -908046.5939464069, "params": {"alpha": 0.25390963515510157, "beta": 4.607149347451685}, "datetime": {"datetime": "2020-10-17 18:10:56", "elapsed": 17.653167, "delta": 1.240636}}
{"target": -905328.8220962799, "params": {"alpha": 0.2522274247397368, "beta": 4.5562146373253345}, "datetime": {"datetime": "2020-10-17 18:10:57", "elapsed": 18.528166, "delta": 0.874999}}
{"target": -905031.5906380219, "params": {"alpha": 0.2517884132736682, "beta": 4.55027245594223}, "datetime": {"datetime": "2020-10-17 18:10:58", "elapsed": 19.403169, "delta": 0.875003}}
{"target": -904569.1939953108, "params": {"alpha": 0.2503606049052706, "beta": 4.540535944078387}, "datetime": {"datetime": "2020-10-17 18:11:00", "elapsed": 21.143607, "delta": 1.740438}}
{"target": -904201.5351030723, "params": {"alpha": 0.2493348784953038, "beta": 4.5317115994765516}, "datetime": {"datetime": "2020-10-17 18:11:00", "elapsed": 21.722842, "delta": 0.579235}}
{"target": -903853.688956631, "params": {"alpha": 0.24914004053767652, "beta": 4.523368070938341}, "datetime": {"datetime": "2020-10-17 18:11:01", "elapsed": 22.42597, "delta": 0.703128}}
{"target": -903421.7046065158, "params": {"alpha": 0.24995265066020778, "beta": 4.513927812556408}, "datetime": {"datetime": "2020-10-17 18:11:02", "elapsed": 23.240839, "delta": 0.814869}}
{"target": -1460018.280484714, "params": {"alpha": 0.7837565572822538, "beta": 4.704049815690776}, "datetime": {"datetime": "2020-10-17 18:11:02", "elapsed": 23.709588, "delta": 0.468749}}
{"target": -902958.5254499675, "params": {"alpha": 0.2524732312823673, "beta": 4.504442707584023}, "datetime": {"datetime": "2020-10-17 18:11:03", "elapsed": 24.721385, "delta": 1.011797}}
{"target": -902704.3926862172, "params": {"alpha": 0.25568623586512873, "beta": 4.49741226938426}, "datetime": {"datetime": "2020-10-17 18:11:04", "elapsed": 25.48701, "delta": 0.765625}}
{"target": -902664.7364584033, "params": {"alpha": 0.2572551000828954, "beta": 4.494726376070267}, "datetime": {"datetime": "2020-10-17 18:11:05", "elapsed": 26.50746, "delta": 1.02045}}
{"target": -1067324.5860883016, "params": {"alpha": 0.3456178407546785, "beta": 5.690841020849503}, "datetime": {"datetime": "2020-10-17 18:11:05", "elapsed": 26.913705, "delta": 0.406245}}
{"target": -902382.9371579945, "params": {"alpha": 0.24768361878805328, "beta": 4.483164647271463}, "datetime": {"datetime": "2020-10-17 18:11:07", "elapsed": 28.534178, "delta": 1.620473}}
{"target": -901605.7969837058, "params": {"alpha": 0.24682577922949447, "beta": 4.457559824172105}, "datetime": {"datetime": "2020-10-17 18:11:08", "elapsed": 29.375487, "delta": 0.841309}}
{"target": -901047.5062087531, "params": {"alpha": 0.2516468138159446, "beta": 4.457098675097885}, "datetime": {"datetime": "2020-10-17 18:11:08", "elapsed": 30.020397, "delta": 0.64491}}
{"target": -900752.5322575001, "params": {"alpha": 0.25893033519295067, "beta": 4.451093634900072}, "datetime": {"datetime": "2020-10-17 18:11:09", "elapsed": 30.935588, "delta": 0.915191}}
{"target": -900802.6700228179, "params": {"alpha": 0.25839401467926587, "beta": 4.452808655615116}, "datetime": {"datetime": "2020-10-17 18:11:10", "elapsed": 32.103281, "delta": 1.167693}}
{"target": -900615.2812707656, "params": {"alpha": 0.2576992120530764, "beta": 4.449159170765653}, "datetime": {"datetime": "2020-10-17 18:11:12", "elapsed": 33.687231, "delta": 1.58395}}
{"target": -900131.3446958987, "params": {"alpha": 0.2567552844162838, "beta": 4.438171053872652}, "datetime": {"datetime": "2020-10-17 18:11:13", "elapsed": 34.741557, "delta": 1.054326}}
{"target": -899631.3237990635, "params": {"alpha": 0.25678992412436985, "beta": 4.425964936654774}, "datetime": {"datetime": "2020-10-17 18:11:14", "elapsed": 35.957724, "delta": 1.216167}}
{"target": -899333.4686640215, "params": {"alpha": 0.2566454007784046, "beta": 4.41845623223935}, "datetime": {"datetime": "2020-10-17 18:11:15", "elapsed": 36.835269, "delta": 0.877545}}
{"target": -900229.5825283432, "params": {"alpha": 0.2465040583900523, "beta": 4.410084999416625}, "datetime": {"datetime": "2020-10-17 18:11:16", "elapsed": 37.759723, "delta": 0.924454}}
{"target": -899353.6983256876, "params": {"alpha": 0.26413926444515207, "beta": 4.411506884339726}, "datetime": {"datetime": "2020-10-17 18:11:17", "elapsed": 38.400348, "delta": 0.640625}}
{"target": -898681.8494689832, "params": {"alpha": 0.2549460522748909, "beta": 4.399173568302004}, "datetime": {"datetime": "2020-10-17 18:11:18", "elapsed": 39.134725, "delta": 0.734377}}
{"target": -897972.7033942585, "params": {"alpha": 0.2593444911541118, "beta": 4.384430528364509}, "datetime": {"datetime": "2020-10-17 18:11:19", "elapsed": 40.436285, "delta": 1.30156}}
{"target": -897680.0569799395, "params": {"alpha": 0.2602025226351132, "beta": 4.376911334934067}, "datetime": {"datetime": "2020-10-17 18:11:20", "elapsed": 41.485617, "delta": 1.049332}}
{"target": -897202.1884136902, "params": {"alpha": 0.25988042683426793, "beta": 4.36424765148249}, "datetime": {"datetime": "2020-10-17 18:11:21", "elapsed": 42.565396, "delta": 1.079779}}
{"target": -896873.3799337257, "params": {"alpha": 0.2588928463558714, "beta": 4.3542758048179335}, "datetime": {"datetime": "2020-10-17 18:11:22", "elapsed": 43.334572, "delta": 0.769176}}
{"target": -898461.9580053755, "params": {"alpha": 0.2504956555852083, "beta": 4.375018298810991}, "datetime": {"datetime": "2020-10-17 18:11:23", "elapsed": 44.890421, "delta": 1.555849}}
{"target": -896375.0075076616, "params": {"alpha": 0.2635982325197767, "beta": 4.341959715876366}, "datetime": {"datetime": "2020-10-17 18:11:25", "elapsed": 46.235686, "delta": 1.345265}}
{"target": -897323.9020630788, "params": {"alpha": 0.2720119992636417, "beta": 4.345483389925961}, "datetime": {"datetime": "2020-10-17 18:11:26", "elapsed": 48.002457, "delta": 1.766771}}
{"target": -895853.3714743447, "params": {"alpha": 0.2604623006939838, "beta": 4.326555987887245}, "datetime": {"datetime": "2020-10-17 18:11:28", "elapsed": 49.352049, "delta": 1.349592}}
{"target": -895669.1671843092, "params": {"alpha": 0.2614502554048394, "beta": 4.3222647838776425}, "datetime": {"datetime": "2020-10-17 18:11:30", "elapsed": 51.325831, "delta": 1.973782}}
{"target": -1147500.1306366622, "params": {"alpha": 0.3326045110846906, "beta": 6.741563069299485}, "datetime": {"datetime": "2020-10-17 18:11:30", "elapsed": 51.829634, "delta": 0.503803}}
{"target": -895523.8766008336, "params": {"alpha": 0.2652038399814917, "beta": 4.318461517702733}, "datetime": {"datetime": "2020-10-17 18:11:31", "elapsed": 52.690126, "delta": 0.860492}}
{"target": -896614.4911062823, "params": {"alpha": 0.26765731172363805, "beta": 4.342021197955084}, "datetime": {"datetime": "2020-10-17 18:11:32", "elapsed": 53.783879, "delta": 1.093753}}
{"target": -895061.7105600324, "params": {"alpha": 0.2649261998279832, "beta": 4.306015669386918}, "datetime": {"datetime": "2020-10-17 18:11:33", "elapsed": 55.037693, "delta": 1.253814}}
{"target": -895200.5928537505, "params": {"alpha": 0.26460414484804323, "beta": 4.309968683498053}, "datetime": {"datetime": "2020-10-17 18:11:34", "elapsed": 55.773174, "delta": 0.735481}}
{"target": -894821.418701645, "params": {"alpha": 0.26168737254045354, "beta": 4.296659205273599}, "datetime": {"datetime": "2020-10-17 18:11:35", "elapsed": 56.822439, "delta": 1.049265}}
{"target": -894474.9046290346, "params": {"alpha": 0.26409089298080785, "beta": 4.288833051572219}, "datetime": {"datetime": "2020-10-17 18:11:36", "elapsed": 57.903049, "delta": 1.08061}}
{"target": -894783.3259502994, "params": {"alpha": 0.2656627326933173, "beta": 4.297979678029276}, "datetime": {"datetime": "2020-10-17 18:11:37", "elapsed": 59.013634, "delta": 1.110585}}
{"target": -893961.1573310891, "params": {"alpha": 0.26688492552336923, "beta": 4.274028862455586}, "datetime": {"datetime": "2020-10-17 18:11:38", "elapsed": 59.892039, "delta": 0.878405}}
{"target": -893665.3417562356, "params": {"alpha": 0.267971831400854, "beta": 4.264913571294567}, "datetime": {"datetime": "2020-10-17 18:11:40", "elapsed": 61.388799, "delta": 1.49676}}
{"target": -893256.8065246651, "params": {"alpha": 0.26828180746216873, "beta": 4.25265382516989}, "datetime": {"datetime": "2020-10-17 18:11:41", "elapsed": 62.203648, "delta": 0.814849}}
{"target": -892868.1149677944, "params": {"alpha": 0.2674635821564435, "beta": 4.240457671315195}, "datetime": {"datetime": "2020-10-17 18:11:42", "elapsed": 63.272322, "delta": 1.068674}}
{"target": -1239104.553507232, "params": {"alpha": 0.6029497185106835, "beta": 4.357497171976991}, "datetime": {"datetime": "2020-10-17 18:11:42", "elapsed": 63.959579, "delta": 0.687257}}
{"target": -892827.7285342503, "params": {"alpha": 0.2635279399396239, "beta": 4.231186511655744}, "datetime": {"datetime": "2020-10-17 18:11:45", "elapsed": 66.678487, "delta": 2.718908}}
{"target": -895190.4309953002, "params": {"alpha": 0.252119019271189, "beta": 4.2286076223979165}, "datetime": {"datetime": "2020-10-17 18:11:46", "elapsed": 67.91542, "delta": 1.236933}}
{"target": -895834.3981051528, "params": {"alpha": 0.2841919640382416, "beta": 4.260138110538646}, "datetime": {"datetime": "2020-10-17 18:11:48", "elapsed": 69.308561, "delta": 1.393141}}
{"target": -892134.7801189307, "params": {"alpha": 0.27277218949813564, "beta": 4.214810644874476}, "datetime": {"datetime": "2020-10-17 18:11:49", "elapsed": 70.232794, "delta": 0.924233}}
{"target": -893710.9540456682, "params": {"alpha": 0.28154686248924615, "beta": 4.227397265855421}, "datetime": {"datetime": "2020-10-17 18:11:50", "elapsed": 71.846889, "delta": 1.614095}}
{"target": -891907.8628835967, "params": {"alpha": 0.2705128399303303, "beta": 4.209538651514512}, "datetime": {"datetime": "2020-10-17 18:11:52", "elapsed": 73.160718, "delta": 1.313829}}
{"target": -891277.4661265027, "params": {"alpha": 0.27395070369104024, "beta": 4.186568785811518}, "datetime": {"datetime": "2020-10-17 18:11:52", "elapsed": 74.052489, "delta": 0.891771}}
{"target": -891070.016619265, "params": {"alpha": 0.2719124464159121, "beta": 4.180762072011484}, "datetime": {"datetime": "2020-10-17 18:11:54", "elapsed": 75.674672, "delta": 1.622183}}
{"target": -1344870.044811222, "params": {"alpha": 0.3385727648304308, "beta": 2.3785383588899194}, "datetime": {"datetime": "2020-10-17 18:11:55", "elapsed": 76.677026, "delta": 1.002354}}
{"target": -890927.4441224004, "params": {"alpha": 0.27033655560037584, "beta": 4.174217378747074}, "datetime": {"datetime": "2020-10-17 18:11:57", "elapsed": 78.305406, "delta": 1.62838}}
{"target": -890767.4210905411, "params": {"alpha": 0.27053875688662204, "beta": 4.16816475041423}, "datetime": {"datetime": "2020-10-17 18:11:58", "elapsed": 79.725569, "delta": 1.420163}}
{"target": -890455.2227834358, "params": {"alpha": 0.2725709088344236, "beta": 4.158155561453602}, "datetime": {"datetime": "2020-10-17 18:11:59", "elapsed": 80.726803, "delta": 1.001234}}
{"target": -890180.0572070141, "params": {"alpha": 0.27421108655683624, "beta": 4.148079227509662}, "datetime": {"datetime": "2020-10-17 18:12:02", "elapsed": 83.255575, "delta": 2.528772}}
{"target": -889928.8778851186, "params": {"alpha": 0.2736426778359457, "beta": 4.1378858650526045}, "datetime": {"datetime": "2020-10-17 18:12:03", "elapsed": 84.384106, "delta": 1.128531}}
{"target": -890917.1880833855, "params": {"alpha": 0.28433316896374455, "beta": 4.144849881292151}, "datetime": {"datetime": "2020-10-17 18:12:06", "elapsed": 87.230275, "delta": 2.846169}}
{"target": -889826.3091106802, "params": {"alpha": 0.27214760739296534, "beta": 4.130888641160505}, "datetime": {"datetime": "2020-10-17 18:12:08", "elapsed": 89.330351, "delta": 2.100076}}
{"target": -889791.8547654873, "params": {"alpha": 0.2718858659359697, "beta": 4.128521608341867}, "datetime": {"datetime": "2020-10-17 18:12:09", "elapsed": 90.586444, "delta": 1.256093}}
{"target": -889740.8082850126, "params": {"alpha": 0.2718788967929466, "beta": 4.126024567865386}, "datetime": {"datetime": "2020-10-17 18:12:10", "elapsed": 91.841307, "delta": 1.254863}}
{"target": -889578.2559312988, "params": {"alpha": 0.2723717329681003, "beta": 4.119599680163152}, "datetime": {"datetime": "2020-10-17 18:12:12", "elapsed": 93.629659, "delta": 1.788352}}
{"target": -889206.7615863449, "params": {"alpha": 0.273729431668515, "beta": 4.105058755397347}, "datetime": {"datetime": "2020-10-17 18:12:13", "elapsed": 94.915431, "delta": 1.285772}}
{"target": -889035.6842130126, "params": {"alpha": 0.2736543206134709, "beta": 4.09571575571059}, "datetime": {"datetime": "2020-10-17 18:12:14", "elapsed": 95.964634, "delta": 1.049203}}
