{"target": -6142998.091964901, "params": {"alpha": 0.7276219031074749, "beta": 6.104701139057963}, "datetime": {"datetime": "2020-10-17 18:12:11", "elapsed": 0.0, "delta": 0.0}}
{"target": -5544635.451156741, "params": {"alpha": 0.3051994122489931, "beta": 8.025246329299044}, "datetime": {"datetime": "2020-10-17 18:12:11", "elapsed": 0.110655, "delta": 0.110655}}
{"target": -5621422.388527813, "params": {"alpha": 0.497916792317126, "beta": 2.070191679483405}, "datetime": {"datetime": "2020-10-17 18:12:11", "elapsed": 0.204405, "delta": 0.09375}}
{"target": -5540250.368792098, "params": {"alpha": 0.39078833232721283, "beta": 4.551785114854081}, "datetime": {"datetime": "2020-10-17 18:12:11", "elapsed": 0.29925, "delta": 0.094845}}
{"target": -4448402.267068307, "params": {"alpha": 0.3407750666686109, "beta": 1.7429568007729768}, "datetime": {"datetime": "2020-10-17 18:12:12", "elapsed": 0.42425, "delta": 0.125}}
{"target": -5484649.140140794, "params": {"alpha": 0.36789380024771157, "beta": 4.680022589282124}, "datetime": {"datetime": "2020-10-17 18:12:12", "elapsed": 0.550445, "delta": 0.126195}}
{"target": -6601100.478955998, "params": {"alpha": 0.924599368884012, "beta": 3.6279303900661364}, "datetime": {"datetime": "2020-10-17 18:12:12", "elapsed": 0.691078, "delta": 0.140633}}
{"target": -6115494.80935863, "params": {"alpha": 0.8318685506191031, "beta": 9.90296201688082}, "datetime": {"datetime": "2020-10-17 18:12:12", "elapsed": 0.864096, "delta": 0.173018}}
{"target": -4447984.50726563, "params": {"alpha": 0.34073417337950374, "beta": 1.7428716494869512}, "datetime": {"datetime": "2020-10-17 18:12:12", "elapsed": 1.146676, "delta": 0.28258}}
{"target": -4491919.669676779, "params": {"alpha": 0.34541800352970725, "beta": 1.7483041004940536}, "datetime": {"datetime": "2020-10-17 18:12:12", "elapsed": 1.382147, "delta": 0.235471}}
{"target": -4266492.051436566, "params": {"alpha": 0.3195644753865305, "beta": 1.7472697047521204}, "datetime": {"datetime": "2020-10-17 18:12:13", "elapsed": 1.712365, "delta": 0.330218}}
{"target": -4325802.21061693, "params": {"alpha": 0.32651438514719894, "beta": 1.7441909788840482}, "datetime": {"datetime": "2020-10-17 18:12:13", "elapsed": 2.07174, "delta": 0.359375}}
{"target": -4207508.551163147, "params": {"alpha": 0.31277302041668964, "beta": 1.7503094902136824}, "datetime": {"datetime": "2020-10-17 18:12:14", "elapsed": 2.399868, "delta": 0.328128}}
{"target": -4189658.073963184, "params": {"alpha": 0.31000068070909886, "beta": 1.7586210869755585}, "datetime": {"datetime": "2020-10-17 18:12:14", "elapsed": 2.634245, "delta": 0.234377}}
{"target": -4136887.5851215795, "params": {"alpha": 0.30468755309863427, "beta": 1.7549862712724984}, "datetime": {"datetime": "2020-10-17 18:12:14", "elapsed": 3.026098, "delta": 0.391853}}
{"target": -4061622.8243883518, "params": {"alpha": 0.2967500026322986, "beta": 1.7549566538556662}, "datetime": {"datetime": "2020-10-17 18:12:14", "elapsed": 3.339697, "delta": 0.313599}}
{"target": -3971399.1871047816, "params": {"alpha": 0.28748966089273376, "beta": 1.754686780232019}, "datetime": {"datetime": "2020-10-17 18:12:15", "elapsed": 3.638927, "delta": 0.29923}}
{"target": -3736727.2931009373, "params": {"alpha": 0.263289223675143, "beta": 1.7658108381671467}, "datetime": {"datetime": "2020-10-17 18:12:15", "elapsed": 4.046383, "delta": 0.407456}}
{"target": -3668742.7735372726, "params": {"alpha": 0.25670587126429906, "beta": 1.7674826098033003}, "datetime": {"datetime": "2020-10-17 18:12:16", "elapsed": 4.408235, "delta": 0.361852}}
{"target": -3746569.6879037204, "params": {"alpha": 0.2659505155147521, "beta": 1.7487818526327206}, "datetime": {"datetime": "2020-10-17 18:12:16", "elapsed": 4.628117, "delta": 0.219882}}
{"target": -3431927.577074133, "params": {"alpha": 0.2347730351454461, "beta": 1.7716811340475913}, "datetime": {"datetime": "2020-10-17 18:12:16", "elapsed": 4.906147, "delta": 0.27803}}
{"target": -3201787.6242618486, "params": {"alpha": 0.21462979246290506, "beta": 1.7746903990582745}, "datetime": {"datetime": "2020-10-17 18:12:16", "elapsed": 5.157236, "delta": 0.251089}}
{"target": -2951762.7524252273, "params": {"alpha": 0.19307875918258655, "beta": 1.7842269598582434}, "datetime": {"datetime": "2020-10-17 18:12:17", "elapsed": 5.438488, "delta": 0.281252}}
{"target": -2939784.533395673, "params": {"alpha": 0.1937340915835737, "beta": 1.765753726826514}, "datetime": {"datetime": "2020-10-17 18:12:17", "elapsed": 5.688486, "delta": 0.249998}}
{"target": -2764069.5846388587, "params": {"alpha": 0.17875200430010188, "beta": 1.7740541056505301}, "datetime": {"datetime": "2020-10-17 18:12:17", "elapsed": 6.01804, "delta": 0.329554}}
{"target": -2612083.451488001, "params": {"alpha": 0.16642194705407495, "beta": 1.7737344745531958}, "datetime": {"datetime": "2020-10-17 18:12:17", "elapsed": 6.316078, "delta": 0.298038}}
{"target": -2401570.335117886, "params": {"alpha": 0.14871420899429422, "beta": 1.7731771571322246}, "datetime": {"datetime": "2020-10-17 18:12:18", "elapsed": 6.691076, "delta": 0.374998}}
{"target": -2224264.802911209, "params": {"alpha": 0.13180985825145605, "beta": 1.7725716489098584}, "datetime": {"datetime": "2020-10-17 18:12:18", "elapsed": 7.032787, "delta": 0.341711}}
{"target": -2086780.0493746023, "params": {"alpha": 0.11157787318265297, "beta": 1.7715955639211312}, "datetime": {"datetime": "2020-10-17 18:12:18", "elapsed": 7.362065, "delta": 0.329278}}
{"target": -2086215.975044462, "params": {"alpha": 0.09920105858061151, "beta": 1.770657213220287}, "datetime": {"datetime": "2020-10-17 18:12:19", "elapsed": 7.72649, "delta": 0.364425}}
{"target": -2074785.1764182048, "params": {"alpha": 0.10532724431362608, "beta": 1.7714527735570067}, "datetime": {"datetime": "2020-10-17 18:12:19", "elapsed": 8.023365, "delta": 0.296875}}
{"target": -2067571.497963793, "params": {"alpha": 0.10470482417090152, "beta": 1.7774209130294834}, "datetime": {"datetime": "2020-10-17 18:12:20", "elapsed": 8.413992, "delta": 0.390627}}
{"target": -2067810.0717522171, "params": {"alpha": 0.10472289204834301, "beta": 1.777221435737849}, "datetime": {"datetime": "2020-10-17 18:12:20", "elapsed": 8.929614, "delta": 0.515622}}
{"target": -2067605.1558030823, "params": {"alpha": 0.10470734940490807, "beta": 1.777392756395517}, "datetime": {"datetime": "2020-10-17 18:12:20", "elapsed": 9.338219, "delta": 0.408605}}
{"target": -2067493.3717702872, "params": {"alpha": 0.10469895017276486, "beta": 1.777486273882315}, "datetime": {"datetime": "2020-10-17 18:12:21", "elapsed": 9.791346, "delta": 0.453127}}
{"target": -2067255.2148883427, "params": {"alpha": 0.10468059182937929, "beta": 1.7776854316220387}, "datetime": {"datetime": "2020-10-17 18:12:21", "elapsed": 10.135097, "delta": 0.343751}}
{"target": -2097910.4784118673, "params": {"alpha": 0.10764333945080702, "beta": 1.7528417352913945}, "datetime": {"datetime": "2020-10-17 18:12:24", "elapsed": 13.093125, "delta": 2.958028}}
{"target": -2060923.3910640976, "params": {"alpha": 0.10421452238428057, "beta": 1.783029165915907}, "datetime": {"datetime": "2020-10-17 18:12:26", "elapsed": 15.345508, "delta": 2.252383}}
{"target": -2054056.0963117287, "params": {"alpha": 0.1037260742128036, "beta": 1.7889289178984773}, "datetime": {"datetime": "2020-10-17 18:12:29", "elapsed": 18.11987, "delta": 2.774362}}
{"target": -2055428.1224988708, "params": {"alpha": 0.10908145352819995, "beta": 1.8043994096295994}, "datetime": {"datetime": "2020-10-17 18:12:32", "elapsed": 20.669193, "delta": 2.549323}}
{"target": -2045665.922387133, "params": {"alpha": 0.10468316821593285, "beta": 1.7985531128101997}, "datetime": {"datetime": "2020-10-17 18:12:34", "elapsed": 23.143873, "delta": 2.47468}}
{"target": -2041453.0422418916, "params": {"alpha": 0.10323854099877866, "beta": 1.800513212284303}, "datetime": {"datetime": "2020-10-17 18:12:38", "elapsed": 27.275127, "delta": 4.131254}}
{"target": -2032474.7146853178, "params": {"alpha": 0.0995954699379479, "beta": 1.8070981035792593}, "datetime": {"datetime": "2020-10-17 18:12:43", "elapsed": 31.425506, "delta": 4.150379}}
{"target": -2028718.7899828744, "params": {"alpha": 0.09806087891778273, "beta": 1.811016657850985}, "datetime": {"datetime": "2020-10-17 18:12:46", "elapsed": 34.545459, "delta": 3.119953}}
{"target": -2023374.751024521, "params": {"alpha": 0.09685541541603117, "beta": 1.8163105962594317}, "datetime": {"datetime": "2020-10-17 18:12:48", "elapsed": 37.097148, "delta": 2.551689}}
{"target": -2015099.590605847, "params": {"alpha": 0.09611568252175909, "beta": 1.8234809195874941}, "datetime": {"datetime": "2020-10-17 18:12:51", "elapsed": 39.521724, "delta": 2.424576}}
{"target": -2006636.0966983545, "params": {"alpha": 0.09538911371317733, "beta": 1.8308851197395262}, "datetime": {"datetime": "2020-10-17 18:12:52", "elapsed": 41.211626, "delta": 1.689902}}
{"target": -2000730.4134390606, "params": {"alpha": 0.09396646456062155, "beta": 1.8371534215764969}, "datetime": {"datetime": "2020-10-17 18:12:55", "elapsed": 43.466228, "delta": 2.254602}}
{"target": -2000538.4520924252, "params": {"alpha": 0.09179918390665458, "beta": 1.8410422317821284}, "datetime": {"datetime": "2020-10-17 18:12:57", "elapsed": 46.110454, "delta": 2.644226}}
{"target": -1995992.9951685315, "params": {"alpha": 0.09404398785552073, "beta": 1.840777947068597}, "datetime": {"datetime": "2020-10-17 18:13:00", "elapsed": 48.444704, "delta": 2.33425}}
{"target": -1989432.046256593, "params": {"alpha": 0.09845872952661819, "beta": 1.8490685424497937}, "datetime": {"datetime": "2020-10-17 18:13:02", "elapsed": 51.183931, "delta": 2.739227}}
{"target": -1990028.2481214262, "params": {"alpha": 0.09789973004033832, "beta": 1.8471266079520352}, "datetime": {"datetime": "2020-10-17 18:13:05", "elapsed": 53.389594, "delta": 2.205663}}
{"target": -1984870.745320915, "params": {"alpha": 0.09701280488493738, "beta": 1.851412685674287}, "datetime": {"datetime": "2020-10-17 18:13:07", "elapsed": 56.001383, "delta": 2.611789}}
{"target": -1973336.3074683442, "params": {"alpha": 0.09342446923763512, "beta": 1.8607577182653376}, "datetime": {"datetime": "2020-10-17 18:13:09", "elapsed": 57.688446, "delta": 1.687063}}
{"target": -1969763.2231573295, "params": {"alpha": 0.09253256903531092, "beta": 1.864310115904708}, "datetime": {"datetime": "2020-10-17 18:13:11", "elapsed": 60.241358, "delta": 2.552912}}
{"target": -1962761.6266623517, "params": {"alpha": 0.09178904759928881, "beta": 1.8710362812542596}, "datetime": {"datetime": "2020-10-17 18:13:14", "elapsed": 63.187977, "delta": 2.946619}}
{"target": -1955865.9560776753, "params": {"alpha": 0.09187470358569663, "beta": 1.8776186629709963}, "datetime": {"datetime": "2020-10-17 18:13:17", "elapsed": 65.986687, "delta": 2.79871}}
{"target": -1949991.939571962, "params": {"alpha": 0.09205016707378583, "beta": 1.883772663413958}, "datetime": {"datetime": "2020-10-17 18:13:20", "elapsed": 68.683906, "delta": 2.697219}}
{"target": -1943963.765132435, "params": {"alpha": 0.09126606189200978, "beta": 1.889690893089224}, "datetime": {"datetime": "2020-10-17 18:13:22", "elapsed": 71.209773, "delta": 2.525867}}
{"target": -1939761.4137196366, "params": {"alpha": 0.08748039933217658, "beta": 1.895385318447995}, "datetime": {"datetime": "2020-10-17 18:13:25", "elapsed": 74.158732, "delta": 2.948959}}
{"target": -1939438.6381386844, "params": {"alpha": 0.08762958229547199, "beta": 1.8954583755055}, "datetime": {"datetime": "2020-10-17 18:13:28", "elapsed": 76.952861, "delta": 2.794129}}
{"target": -1934931.9745926433, "params": {"alpha": 0.08869875394482411, "beta": 1.8986073490915099}, "datetime": {"datetime": "2020-10-17 18:13:31", "elapsed": 80.034744, "delta": 3.081883}}
{"target": -1929037.6350683605, "params": {"alpha": 0.09051137587224627, "beta": 1.9059120866020631}, "datetime": {"datetime": "2020-10-17 18:13:34", "elapsed": 82.802713, "delta": 2.767969}}
{"target": -1927752.462544286, "params": {"alpha": 0.09065875479405226, "beta": 1.9077800194869559}, "datetime": {"datetime": "2020-10-17 18:13:37", "elapsed": 85.654397, "delta": 2.851684}}
{"target": -1920633.6610208387, "params": {"alpha": 0.0890954645030617, "beta": 1.9139437865015518}, "datetime": {"datetime": "2020-10-17 18:13:39", "elapsed": 88.115789, "delta": 2.461392}}
{"target": -1914038.546486691, "params": {"alpha": 0.08441430674585429, "beta": 1.9222334604801805}, "datetime": {"datetime": "2020-10-17 18:13:41", "elapsed": 90.179417, "delta": 2.063628}}
{"target": -1913972.0356630217, "params": {"alpha": 0.0844761280719504, "beta": 1.9221937761673937}, "datetime": {"datetime": "2020-10-17 18:13:45", "elapsed": 93.821477, "delta": 3.64206}}
{"target": -1913599.1460436317, "params": {"alpha": 0.08457999506190132, "beta": 1.9223644553957075}, "datetime": {"datetime": "2020-10-17 18:13:47", "elapsed": 96.17548, "delta": 2.354003}}
{"target": -1907987.286171279, "params": {"alpha": 0.08706600428226907, "beta": 1.9266950509154155}, "datetime": {"datetime": "2020-10-17 18:13:50", "elapsed": 99.377946, "delta": 3.202466}}
{"target": -1907163.9004872628, "params": {"alpha": 0.08880804579651687, "beta": 1.9306899121949217}, "datetime": {"datetime": "2020-10-17 18:13:55", "elapsed": 103.537981, "delta": 4.160035}}
{"target": -1907902.6686429884, "params": {"alpha": 0.08866938264081574, "beta": 1.929285492481189}, "datetime": {"datetime": "2020-10-17 18:13:58", "elapsed": 107.234672, "delta": 3.696691}}
{"target": -1899508.5441712143, "params": {"alpha": 0.08497479662649102, "beta": 1.9355647048665128}, "datetime": {"datetime": "2020-10-17 18:14:01", "elapsed": 109.851677, "delta": 2.617005}}
{"target": -1897221.836696055, "params": {"alpha": 0.08195854582462397, "beta": 1.9412962667844347}, "datetime": {"datetime": "2020-10-17 18:14:03", "elapsed": 112.19131, "delta": 2.339633}}
{"target": -1897607.0447459351, "params": {"alpha": 0.08227030999957917, "beta": 1.9403660383705048}, "datetime": {"datetime": "2020-10-17 18:14:06", "elapsed": 114.508814, "delta": 2.317504}}
{"target": -1894609.2741733713, "params": {"alpha": 0.08271392348692154, "beta": 1.9423619531855967}, "datetime": {"datetime": "2020-10-17 18:14:08", "elapsed": 117.008813, "delta": 2.499999}}
{"target": -1886532.137656676, "params": {"alpha": 0.08580321973217178, "beta": 1.9516165736950162}, "datetime": {"datetime": "2020-10-17 18:14:11", "elapsed": 119.499736, "delta": 2.490923}}
{"target": -1886456.1513415652, "params": {"alpha": 0.08581651279770934, "beta": 1.9517487416532588}, "datetime": {"datetime": "2020-10-17 18:14:13", "elapsed": 122.030008, "delta": 2.530272}}
{"target": -1886268.8912351152, "params": {"alpha": 0.08579117821787784, "beta": 1.951948520398855}, "datetime": {"datetime": "2020-10-17 18:14:17", "elapsed": 125.53064, "delta": 3.500632}}
{"target": -1940376.596710978, "params": {"alpha": 0.09702985458678856, "beta": 1.9502763662878304}, "datetime": {"datetime": "2020-10-17 18:14:20", "elapsed": 129.269645, "delta": 3.739005}}
{"target": -1880533.8525675358, "params": {"alpha": 0.08288582645473914, "beta": 1.9563756555924612}, "datetime": {"datetime": "2020-10-17 18:14:23", "elapsed": 132.306961, "delta": 3.037316}}
{"target": -1877476.746696859, "params": {"alpha": 0.08146337204544954, "beta": 1.9604936448336736}, "datetime": {"datetime": "2020-10-17 18:14:25", "elapsed": 134.270489, "delta": 1.963528}}
{"target": -1873826.6967206704, "params": {"alpha": 0.08068204374773072, "beta": 1.9650419616008947}, "datetime": {"datetime": "2020-10-17 18:14:27", "elapsed": 136.273075, "delta": 2.002586}}
{"target": -1867455.8083918465, "params": {"alpha": 0.08006571256807439, "beta": 1.9721668626627133}, "datetime": {"datetime": "2020-10-17 18:14:30", "elapsed": 139.20409, "delta": 2.931015}}
{"target": -1862082.8315191048, "params": {"alpha": 0.07921930386707605, "beta": 1.9786733179871991}, "datetime": {"datetime": "2020-10-17 18:14:33", "elapsed": 142.336094, "delta": 3.132004}}
{"target": -1859448.1928839642, "params": {"alpha": 0.07788580481421241, "beta": 1.983551832094635}, "datetime": {"datetime": "2020-10-17 18:14:36", "elapsed": 144.949725, "delta": 2.613631}}
{"target": -1860077.814617472, "params": {"alpha": 0.07691529686895537, "beta": 1.9852666500006435}, "datetime": {"datetime": "2020-10-17 18:14:39", "elapsed": 148.384094, "delta": 3.434369}}
{"target": -1854274.17893864, "params": {"alpha": 0.08007585249142828, "beta": 1.9864065857766822}, "datetime": {"datetime": "2020-10-17 18:14:44", "elapsed": 152.674542, "delta": 4.290448}}
{"target": -1853245.3796820971, "params": {"alpha": 0.08238718434361478, "beta": 1.9909843405080292}, "datetime": {"datetime": "2020-10-17 18:14:46", "elapsed": 154.830544, "delta": 2.156002}}
{"target": -1853843.4237112163, "params": {"alpha": 0.08198189897243217, "beta": 1.9889545337990246}, "datetime": {"datetime": "2020-10-17 18:14:49", "elapsed": 157.66652, "delta": 2.835976}}
{"target": -1847529.8025050485, "params": {"alpha": 0.08033114111153113, "beta": 1.9948785579703656}, "datetime": {"datetime": "2020-10-17 18:14:52", "elapsed": 160.812685, "delta": 3.146165}}
{"target": -1838200.699547455, "params": {"alpha": 0.07761815039464044, "beta": 2.0057745648537897}, "datetime": {"datetime": "2020-10-17 18:14:56", "elapsed": 164.471207, "delta": 3.658522}}
{"target": -1874865.0759845932, "params": {"alpha": 0.0887361161266594, "beta": 2.032272971959967}, "datetime": {"datetime": "2020-10-17 18:14:59", "elapsed": 167.445211, "delta": 2.974004}}
{"target": -1874466.1312560844, "params": {"alpha": 0.08418040754594795, "beta": 1.9646844063212199}, "datetime": {"datetime": "2020-10-17 18:15:01", "elapsed": 170.371878, "delta": 2.926667}}
{"target": -1833312.3425035493, "params": {"alpha": 0.07847400892893433, "beta": 2.0118371050161703}, "datetime": {"datetime": "2020-10-17 18:15:05", "elapsed": 174.189452, "delta": 3.817574}}
{"target": -1830205.0205248625, "params": {"alpha": 0.07862696331109281, "beta": 2.016288044150371}, "datetime": {"datetime": "2020-10-17 18:15:09", "elapsed": 177.868593, "delta": 3.679141}}
{"target": -1826010.7706511195, "params": {"alpha": 0.07655260462212973, "beta": 2.020554603235161}, "datetime": {"datetime": "2020-10-17 18:15:13", "elapsed": 181.84464, "delta": 3.976047}}
{"target": -1825591.456673978, "params": {"alpha": 0.0745372145823678, "beta": 2.023389336334173}, "datetime": {"datetime": "2020-10-17 18:15:16", "elapsed": 184.597935, "delta": 2.753295}}
{"target": -1825855.5805751192, "params": {"alpha": 0.07507857509098358, "beta": 2.0221636124110725}, "datetime": {"datetime": "2020-10-17 18:15:19", "elapsed": 187.42152, "delta": 2.823585}}
{"target": -1823216.7563791932, "params": {"alpha": 0.0758208283740872, "beta": 2.0242422948714367}, "datetime": {"datetime": "2020-10-17 18:15:21", "elapsed": 189.71836, "delta": 2.29684}}
{"target": -1820617.1896983502, "params": {"alpha": 0.07661169166492056, "beta": 2.027315503300056}, "datetime": {"datetime": "2020-10-17 18:15:23", "elapsed": 192.143361, "delta": 2.425001}}
{"target": -1817954.1531767612, "params": {"alpha": 0.0761040694976197, "beta": 2.0306022624554267}, "datetime": {"datetime": "2020-10-17 18:15:26", "elapsed": 194.587475, "delta": 2.444114}}
{"target": -1813621.651628834, "params": {"alpha": 0.07461557758968322, "beta": 2.0364088884518066}, "datetime": {"datetime": "2020-10-17 18:15:27", "elapsed": 196.300335, "delta": 1.71286}}
{"target": -2006794.8903077436, "params": {"alpha": 0.06254938074766819, "beta": 1.9970103980957323}, "datetime": {"datetime": "2020-10-17 18:15:30", "elapsed": 198.539819, "delta": 2.239484}}
{"target": -1811327.582363066, "params": {"alpha": 0.0742842209045624, "beta": 2.0393919616250296}, "datetime": {"datetime": "2020-10-17 18:15:32", "elapsed": 200.511303, "delta": 1.971484}}
{"target": -1861129.6137389045, "params": {"alpha": 0.08618881624648365, "beta": 2.0051925268518813}, "datetime": {"datetime": "2020-10-17 18:15:34", "elapsed": 203.131323, "delta": 2.62002}}
{"target": -1900351.931659754, "params": {"alpha": 0.09160990429135213, "beta": 2.037780975250598}, "datetime": {"datetime": "2020-10-17 18:15:36", "elapsed": 205.214327, "delta": 2.083004}}
{"target": -1847142.5920106173, "params": {"alpha": 0.07005355065226991, "beta": 2.0217542041220726}, "datetime": {"datetime": "2020-10-17 18:15:38", "elapsed": 207.369212, "delta": 2.154885}}
{"target": -1992327.1491630648, "params": {"alpha": 0.05871720973050303, "beta": 2.0358434733554107}, "datetime": {"datetime": "2020-10-17 18:15:41", "elapsed": 209.524747, "delta": 2.155535}}
