{"target": -1397329.8539129058, "params": {"alpha": 0.7276219031074749, "beta": 6.104701139057963}, "datetime": {"datetime": "2020-10-17 18:10:27", "elapsed": 0.0, "delta": 0.0}}
{"target": -1215452.4293394168, "params": {"alpha": 0.3051994122489931, "beta": 8.025246329299044}, "datetime": {"datetime": "2020-10-17 18:10:27", "elapsed": 0.171874, "delta": 0.171874}}
{"target": -1552061.7389547285, "params": {"alpha": 0.497916792317126, "beta": 2.070191679483405}, "datetime": {"datetime": "2020-10-17 18:10:27", "elapsed": 0.374998, "delta": 0.203124}}
{"target": -987445.2717385131, "params": {"alpha": 0.39078833232721283, "beta": 4.551785114854081}, "datetime": {"datetime": "2020-10-17 18:10:27", "elapsed": 0.609368, "delta": 0.23437}}
{"target": -4604242.093742192, "params": {"alpha": 0.3407750666686109, "beta": 1.7429568007729768}, "datetime": {"datetime": "2020-10-17 18:10:27", "elapsed": 0.843745, "delta": 0.234377}}
{"target": -981609.0115209632, "params": {"alpha": 0.36789380024771157, "beta": 4.680022589282124}, "datetime": {"datetime": "2020-10-17 18:10:28", "elapsed": 1.04687, "delta": 0.203125}}
{"target": -1524180.1471094983, "params": {"alpha": 0.924599368884012, "beta": 3.6279303900661364}, "datetime": {"datetime": "2020-10-17 18:10:28", "elapsed": 1.235604, "delta": 0.188734}}
{"target": -1584161.4928420496, "params": {"alpha": 0.8318685506191031, "beta": 9.90296201688082}, "datetime": {"datetime": "2020-10-17 18:10:28", "elapsed": 1.439881, "delta": 0.204277}}
{"target": -984246.0589018465, "params": {"alpha": 0.3789877624892294, "beta": 4.617882875442368}, "datetime": {"datetime": "2020-10-17 18:10:28", "elapsed": 1.783621, "delta": 0.34374}}
{"target": -1293239.9298233066, "params": {"alpha": 0.7314212688771988, "beta": 3.7722421535447763}, "datetime": {"datetime": "2020-10-17 18:10:29", "elapsed": 2.049244, "delta": 0.265623}}
{"target": -1137890.775657885, "params": {"alpha": 0.1165301112709405, "beta": 6.176489919882287}, "datetime": {"datetime": "2020-10-17 18:10:29", "elapsed": 2.522204, "delta": 0.47296}}
{"target": -978626.2848579435, "params": {"alpha": 0.3652823909605738, "beta": 4.666648902212083}, "datetime": {"datetime": "2020-10-17 18:10:30", "elapsed": 2.882904, "delta": 0.3607}}
{"target": -983642.5467860292, "params": {"alpha": 0.3728277821097134, "beta": 4.662789588181763}, "datetime": {"datetime": "2020-10-17 18:10:30", "elapsed": 3.197782, "delta": 0.314878}}
{"target": -971012.1183317248, "params": {"alpha": 0.35361308187859025, "beta": 4.6685502774264895}, "datetime": {"datetime": "2020-10-17 18:10:30", "elapsed": 3.667676, "delta": 0.469894}}
{"target": -981619.993287891, "params": {"alpha": 0.37044446075331927, "beta": 4.659243414124464}, "datetime": {"datetime": "2020-10-17 18:10:31", "elapsed": 3.902053, "delta": 0.234377}}
{"target": -959043.3037621113, "params": {"alpha": 0.33272302986946095, "beta": 4.670502367561394}, "datetime": {"datetime": "2020-10-17 18:10:31", "elapsed": 4.245805, "delta": 0.343752}}
{"target": -951256.5214892995, "params": {"alpha": 0.3160675572185159, "beta": 4.668572156073903}, "datetime": {"datetime": "2020-10-17 18:10:31", "elapsed": 4.605175, "delta": 0.35937}}
{"target": -1304212.0602713488, "params": {"alpha": 0.6295151420379856, "beta": 5.807458857675274}, "datetime": {"datetime": "2020-10-17 18:10:32", "elapsed": 4.948926, "delta": 0.343751}}
{"target": -1385140.448672964, "params": {"alpha": 0.5641566850540021, "beta": 8.008751085268823}, "datetime": {"datetime": "2020-10-17 18:10:32", "elapsed": 5.292676, "delta": 0.34375}}
{"target": -945878.6841961426, "params": {"alpha": 0.3020213968903661, "beta": 4.658139134418658}, "datetime": {"datetime": "2020-10-17 18:10:32", "elapsed": 5.667677, "delta": 0.375001}}
{"target": -944501.0607525615, "params": {"alpha": 0.2992845732973532, "beta": 4.646897805451982}, "datetime": {"datetime": "2020-10-17 18:10:33", "elapsed": 5.995802, "delta": 0.328125}}
{"target": -944273.0781815608, "params": {"alpha": 0.2991072518264275, "beta": 4.643801645240697}, "datetime": {"datetime": "2020-10-17 18:10:33", "elapsed": 6.386427, "delta": 0.390625}}
{"target": -1577323.1008879663, "params": {"alpha": 0.9393939234384778, "beta": 7.6437855391144645}, "datetime": {"datetime": "2020-10-17 18:10:33", "elapsed": 6.683305, "delta": 0.296878}}
{"target": -943809.2654553914, "params": {"alpha": 0.2988666689901553, "beta": 4.636972218242711}, "datetime": {"datetime": "2020-10-17 18:10:34", "elapsed": 7.073928, "delta": 0.390623}}
{"target": -943011.7100274672, "params": {"alpha": 0.29773387410527524, "beta": 4.627570062954087}, "datetime": {"datetime": "2020-10-17 18:10:34", "elapsed": 7.464556, "delta": 0.390628}}
{"target": -941666.3004656362, "params": {"alpha": 0.29383357970968343, "beta": 4.616318327144599}, "datetime": {"datetime": "2020-10-17 18:10:34", "elapsed": 7.84098, "delta": 0.376424}}
{"target": -940535.5716632678, "params": {"alpha": 0.2881718740015884, "beta": 4.607930500243305}, "datetime": {"datetime": "2020-10-17 18:10:35", "elapsed": 8.170253, "delta": 0.329273}}
{"target": -940120.5648676316, "params": {"alpha": 0.28155863782876345, "beta": 4.6052874996622855}, "datetime": {"datetime": "2020-10-17 18:10:35", "elapsed": 8.529624, "delta": 0.359371}}
{"target": -940159.4927004323, "params": {"alpha": 0.28069856298389856, "beta": 4.6060578548995235}, "datetime": {"datetime": "2020-10-17 18:10:36", "elapsed": 9.014, "delta": 0.484376}}
{"target": -939930.3277279328, "params": {"alpha": 0.2817266939356191, "beta": 4.601088653345729}, "datetime": {"datetime": "2020-10-17 18:10:36", "elapsed": 9.40463, "delta": 0.39063}}
{"target": -939629.8169013591, "params": {"alpha": 0.2822237719433697, "beta": 4.5944267162101875}, "datetime": {"datetime": "2020-10-17 18:10:36", "elapsed": 9.779628, "delta": 0.374998}}
{"target": -1120961.0387560644, "params": {"alpha": 0.1368641698862598, "beta": 7.531481283924518}, "datetime": {"datetime": "2020-10-17 18:10:37", "elapsed": 10.154627, "delta": 0.374999}}
{"target": -939282.1280842033, "params": {"alpha": 0.28376218491891414, "beta": 4.586493116299607}, "datetime": {"datetime": "2020-10-17 18:10:37", "elapsed": 10.498378, "delta": 0.343751}}
{"target": -938988.4354441649, "params": {"alpha": 0.28584701112650357, "beta": 4.578987305504082}, "datetime": {"datetime": "2020-10-17 18:10:38", "elapsed": 10.904632, "delta": 0.406254}}
{"target": -938789.5587999086, "params": {"alpha": 0.28750324597496146, "beta": 4.573212854744344}, "datetime": {"datetime": "2020-10-17 18:10:38", "elapsed": 11.40463, "delta": 0.499998}}
{"target": -938581.7652265184, "params": {"alpha": 0.28834232250014574, "beta": 4.567858303551311}, "datetime": {"datetime": "2020-10-17 18:10:38", "elapsed": 11.828859, "delta": 0.424229}}
{"target": -938170.9840059201, "params": {"alpha": 0.2866215749635394, "beta": 4.560685907158802}, "datetime": {"datetime": "2020-10-17 18:10:40", "elapsed": 13.712759, "delta": 1.8839}}
{"target": -937954.9207535979, "params": {"alpha": 0.2819603602018327, "beta": 4.555595576479368}, "datetime": {"datetime": "2020-10-17 18:10:42", "elapsed": 15.605703, "delta": 1.892944}}
{"target": -938229.4679472306, "params": {"alpha": 0.28340265965989164, "beta": 4.562813252170712}, "datetime": {"datetime": "2020-10-17 18:10:43", "elapsed": 16.803296, "delta": 1.197593}}
{"target": -937610.9796060441, "params": {"alpha": 0.28418392665891173, "beta": 4.548579110567619}, "datetime": {"datetime": "2020-10-17 18:10:45", "elapsed": 18.019117, "delta": 1.215821}}
{"target": -937249.9116173012, "params": {"alpha": 0.28603392955522766, "beta": 4.5402346494729935}, "datetime": {"datetime": "2020-10-17 18:10:46", "elapsed": 19.322015, "delta": 1.302898}}
{"target": -936943.0431874399, "params": {"alpha": 0.2870730274818417, "beta": 4.532900363757848}, "datetime": {"datetime": "2020-10-17 18:10:47", "elapsed": 20.528625, "delta": 1.20661}}
{"target": -936593.7610189415, "params": {"alpha": 0.2870717282989857, "beta": 4.524808671625064}, "datetime": {"datetime": "2020-10-17 18:10:48", "elapsed": 21.687279, "delta": 1.158654}}
{"target": -936252.7747080803, "params": {"alpha": 0.28551716603706945, "beta": 4.516464702046335}, "datetime": {"datetime": "2020-10-17 18:10:49", "elapsed": 22.776301, "delta": 1.089022}}
{"target": -936114.2960843479, "params": {"alpha": 0.28314173934464437, "beta": 4.510727986956153}, "datetime": {"datetime": "2020-10-17 18:10:51", "elapsed": 24.281073, "delta": 1.504772}}
{"target": -936135.0539454342, "params": {"alpha": 0.28219266655620234, "beta": 4.509699148210722}, "datetime": {"datetime": "2020-10-17 18:10:52", "elapsed": 24.937326, "delta": 0.656253}}
{"target": -936011.293031695, "params": {"alpha": 0.28368208040268184, "beta": 4.508787543168889}, "datetime": {"datetime": "2020-10-17 18:10:53", "elapsed": 25.87483, "delta": 0.937504}}
{"target": -935561.0397921664, "params": {"alpha": 0.288197777210693, "beta": 4.500131894797282}, "datetime": {"datetime": "2020-10-17 18:10:53", "elapsed": 26.45295, "delta": 0.57812}}
{"target": -1381308.778100186, "params": {"alpha": 0.7837565572822538, "beta": 4.704049815690776}, "datetime": {"datetime": "2020-10-17 18:10:54", "elapsed": 27.046702, "delta": 0.593752}}
{"target": -935388.1550808112, "params": {"alpha": 0.29011267439634025, "beta": 4.495381396600292}, "datetime": {"datetime": "2020-10-17 18:10:55", "elapsed": 27.925526, "delta": 0.878824}}
{"target": -935135.7088152013, "params": {"alpha": 0.290937778811558, "beta": 4.4889278232114105}, "datetime": {"datetime": "2020-10-17 18:10:56", "elapsed": 28.994184, "delta": 1.068658}}
{"target": -934715.2435896674, "params": {"alpha": 0.28984908446025015, "beta": 4.479342812103468}, "datetime": {"datetime": "2020-10-17 18:10:56", "elapsed": 29.637157, "delta": 0.642973}}
{"target": -1057468.2525019287, "params": {"alpha": 0.3456178407546785, "beta": 5.690841020849503}, "datetime": {"datetime": "2020-10-17 18:10:57", "elapsed": 30.059034, "delta": 0.421877}}
{"target": -934383.6131115783, "params": {"alpha": 0.28771842503046485, "beta": 4.470425124387105}, "datetime": {"datetime": "2020-10-17 18:10:58", "elapsed": 31.277789, "delta": 1.218755}}
{"target": -934195.6750703803, "params": {"alpha": 0.286656316087088, "beta": 4.4643407220225715}, "datetime": {"datetime": "2020-10-17 18:10:59", "elapsed": 32.108265, "delta": 0.830476}}
{"target": -1344604.729645856, "params": {"alpha": 0.758253000863743, "beta": 4.405208269347275}, "datetime": {"datetime": "2020-10-17 18:10:59", "elapsed": 32.68765, "delta": 0.579385}}
{"target": -935304.7323484003, "params": {"alpha": 0.28044457531668554, "beta": 4.481323826897289}, "datetime": {"datetime": "2020-10-17 18:11:00", "elapsed": 33.456836, "delta": 0.769186}}
{"target": -933804.7077315066, "params": {"alpha": 0.29043644655933804, "beta": 4.4565264687605195}, "datetime": {"datetime": "2020-10-17 18:11:02", "elapsed": 34.865456, "delta": 1.40862}}
{"target": -933621.966583831, "params": {"alpha": 0.2930594733221749, "beta": 4.451177232639542}, "datetime": {"datetime": "2020-10-17 18:11:03", "elapsed": 36.001096, "delta": 1.13564}}
{"target": -933452.0285898177, "params": {"alpha": 0.2940178382514188, "beta": 4.446302597909324}, "datetime": {"datetime": "2020-10-17 18:11:04", "elapsed": 36.89288, "delta": 0.891784}}
{"target": -933323.6710653186, "params": {"alpha": 0.29878482242749954, "beta": 4.436472045466649}, "datetime": {"datetime": "2020-10-17 18:11:05", "elapsed": 38.005987, "delta": 1.113107}}
{"target": -932902.570816758, "params": {"alpha": 0.29416944088937774, "beta": 4.432599610976563}, "datetime": {"datetime": "2020-10-17 18:11:05", "elapsed": 38.808834, "delta": 0.802847}}
{"target": -932314.029763889, "params": {"alpha": 0.28833159300702466, "beta": 4.412998474255486}, "datetime": {"datetime": "2020-10-17 18:11:07", "elapsed": 40.581803, "delta": 1.772969}}
{"target": -1561252.9377991362, "params": {"alpha": 0.9153015083947735, "beta": 7.4731499570720334}, "datetime": {"datetime": "2020-10-17 18:11:08", "elapsed": 41.108259, "delta": 0.526456}}
{"target": -932295.8352964263, "params": {"alpha": 0.29108006022164096, "beta": 4.416404816684467}, "datetime": {"datetime": "2020-10-17 18:11:09", "elapsed": 42.275289, "delta": 1.16703}}
{"target": -932202.7946868102, "params": {"alpha": 0.29069662201747576, "beta": 4.413410071114579}, "datetime": {"datetime": "2020-10-17 18:11:10", "elapsed": 43.052542, "delta": 0.777253}}
{"target": -931875.123321694, "params": {"alpha": 0.29357365009480757, "beta": 4.405888823405564}, "datetime": {"datetime": "2020-10-17 18:11:11", "elapsed": 44.434882, "delta": 1.38234}}
{"target": -931555.9066412663, "params": {"alpha": 0.2956915845353288, "beta": 4.396947033278193}, "datetime": {"datetime": "2020-10-17 18:11:12", "elapsed": 45.35872, "delta": 0.923838}}
{"target": -931263.027791529, "params": {"alpha": 0.2966790838970851, "beta": 4.388635548419783}, "datetime": {"datetime": "2020-10-17 18:11:13", "elapsed": 45.921224, "delta": 0.562504}}
{"target": -931279.7663644339, "params": {"alpha": 0.29910972816749193, "beta": 4.386776064322065}, "datetime": {"datetime": "2020-10-17 18:11:14", "elapsed": 47.519839, "delta": 1.598615}}
{"target": -930886.8078880475, "params": {"alpha": 0.29579348176725934, "beta": 4.378614667225044}, "datetime": {"datetime": "2020-10-17 18:11:15", "elapsed": 48.241136, "delta": 0.721297}}
{"target": -930897.6382707107, "params": {"alpha": 0.2911960580703067, "beta": 4.374665210859977}, "datetime": {"datetime": "2020-10-17 18:11:17", "elapsed": 49.962466, "delta": 1.72133}}
{"target": -930589.1178704669, "params": {"alpha": 0.29529421876968326, "beta": 4.370015481570367}, "datetime": {"datetime": "2020-10-17 18:11:18", "elapsed": 51.196842, "delta": 1.234376}}
{"target": -930208.8980445341, "params": {"alpha": 0.29722140656472623, "beta": 4.359243630031461}, "datetime": {"datetime": "2020-10-17 18:11:19", "elapsed": 52.810906, "delta": 1.614064}}
{"target": -1138989.3550989502, "params": {"alpha": 0.3326045110846906, "beta": 6.741563069299485}, "datetime": {"datetime": "2020-10-17 18:11:20", "elapsed": 53.563359, "delta": 0.752453}}
{"target": -929908.4146920751, "params": {"alpha": 0.29798399904091133, "beta": 4.350451156240387}, "datetime": {"datetime": "2020-10-17 18:11:21", "elapsed": 54.503657, "delta": 0.940298}}
{"target": -929556.7395059081, "params": {"alpha": 0.2980503025792123, "beta": 4.3400700460442945}, "datetime": {"datetime": "2020-10-17 18:11:22", "elapsed": 55.49044, "delta": 0.986783}}
{"target": -929558.4048160638, "params": {"alpha": 0.2944869720733253, "beta": 4.3370383515110795}, "datetime": {"datetime": "2020-10-17 18:11:23", "elapsed": 56.515039, "delta": 1.024599}}
{"target": -929430.7120114448, "params": {"alpha": 0.3048099064887196, "beta": 4.329542425996301}, "datetime": {"datetime": "2020-10-17 18:11:24", "elapsed": 57.655664, "delta": 1.140625}}
{"target": -929059.1702550178, "params": {"alpha": 0.299620237357341, "beta": 4.32499445405116}, "datetime": {"datetime": "2020-10-17 18:11:25", "elapsed": 58.267699, "delta": 0.612035}}
{"target": -928700.4022037473, "params": {"alpha": 0.29805148655137703, "beta": 4.31314369203632}, "datetime": {"datetime": "2020-10-17 18:11:26", "elapsed": 59.455199, "delta": 1.1875}}
{"target": -928658.2665522528, "params": {"alpha": 0.3011855406172957, "beta": 4.312355697749682}, "datetime": {"datetime": "2020-10-17 18:11:27", "elapsed": 60.52233, "delta": 1.067131}}
{"target": -928374.6181020095, "params": {"alpha": 0.30052849986782676, "beta": 4.303665969211078}, "datetime": {"datetime": "2020-10-17 18:11:28", "elapsed": 61.305937, "delta": 0.783607}}
{"target": -928034.8032305319, "params": {"alpha": 0.30082752703315635, "beta": 4.292686213206431}, "datetime": {"datetime": "2020-10-17 18:11:30", "elapsed": 63.673017, "delta": 2.36708}}
{"target": -927747.3104905029, "params": {"alpha": 0.3010173043452437, "beta": 4.283113100201878}, "datetime": {"datetime": "2020-10-17 18:11:31", "elapsed": 64.799123, "delta": 1.126106}}
{"target": -927459.2314102866, "params": {"alpha": 0.301176532373649, "beta": 4.273205675476053}, "datetime": {"datetime": "2020-10-17 18:11:32", "elapsed": 65.674128, "delta": 0.875005}}
{"target": -1177923.5489639153, "params": {"alpha": 0.6029497185106835, "beta": 4.357497171976991}, "datetime": {"datetime": "2020-10-17 18:11:33", "elapsed": 66.253774, "delta": 0.579646}}
{"target": -927182.6830139701, "params": {"alpha": 0.30160684911731667, "beta": 4.263621866801741}, "datetime": {"datetime": "2020-10-17 18:11:35", "elapsed": 67.975919, "delta": 1.722145}}
{"target": -931594.9204084502, "params": {"alpha": 0.2954446428686639, "beta": 4.398085702719245}, "datetime": {"datetime": "2020-10-17 18:11:35", "elapsed": 68.572057, "delta": 0.596138}}
{"target": -927654.803917964, "params": {"alpha": 0.29280229952693526, "beta": 4.248333013713026}, "datetime": {"datetime": "2020-10-17 18:11:36", "elapsed": 69.340165, "delta": 0.768108}}
{"target": -926506.0916871814, "params": {"alpha": 0.3017951615627033, "beta": 4.237786125094786}, "datetime": {"datetime": "2020-10-17 18:11:37", "elapsed": 70.152667, "delta": 0.812502}}
{"target": -926471.3091158468, "params": {"alpha": 0.3108408591875722, "beta": 4.232451435655062}, "datetime": {"datetime": "2020-10-17 18:11:38", "elapsed": 71.063531, "delta": 0.910864}}
{"target": -926417.0109890179, "params": {"alpha": 0.30704768738273924, "beta": 4.2364333832554895}, "datetime": {"datetime": "2020-10-17 18:11:39", "elapsed": 72.4967, "delta": 1.433169}}
{"target": -926169.5235793602, "params": {"alpha": 0.30558079182936004, "beta": 4.228104610123811}, "datetime": {"datetime": "2020-10-17 18:11:40", "elapsed": 73.483397, "delta": 0.986697}}
{"target": -925924.849160964, "params": {"alpha": 0.3038671484787514, "beta": 4.217055981809193}, "datetime": {"datetime": "2020-10-17 18:11:41", "elapsed": 74.518252, "delta": 1.034855}}
{"target": -1645320.716451254, "params": {"alpha": 0.3385727648304308, "beta": 2.3785383588899194}, "datetime": {"datetime": "2020-10-17 18:11:42", "elapsed": 75.395543, "delta": 0.877291}}
{"target": -925843.5609552659, "params": {"alpha": 0.3032184899575223, "beta": 4.2123140860103}, "datetime": {"datetime": "2020-10-17 18:11:43", "elapsed": 76.818722, "delta": 1.423179}}
{"target": -925766.780619145, "params": {"alpha": 0.3027567548778578, "beta": 4.207634013308272}, "datetime": {"datetime": "2020-10-17 18:11:45", "elapsed": 78.131231, "delta": 1.312509}}
{"target": -925512.0854496248, "params": {"alpha": 0.308241214072426, "beta": 4.202728783256518}, "datetime": {"datetime": "2020-10-17 18:11:46", "elapsed": 79.242019, "delta": 1.110788}}
{"target": -925308.9012372029, "params": {"alpha": 0.3091428268149994, "beta": 4.194427411100984}, "datetime": {"datetime": "2020-10-17 18:11:48", "elapsed": 81.466784, "delta": 2.224765}}
{"target": -925107.3972086497, "params": {"alpha": 0.30962301405942205, "beta": 4.186201058715385}, "datetime": {"datetime": "2020-10-17 18:11:49", "elapsed": 82.768382, "delta": 1.301598}}
{"target": -924900.3347341135, "params": {"alpha": 0.30999545042905935, "beta": 4.1775923369972485}, "datetime": {"datetime": "2020-10-17 18:11:51", "elapsed": 84.252755, "delta": 1.484373}}
{"target": -924694.8474227142, "params": {"alpha": 0.3105050354702251, "beta": 4.1687623971158425}, "datetime": {"datetime": "2020-10-17 18:11:52", "elapsed": 85.583353, "delta": 1.330598}}
{"target": -924508.1029451386, "params": {"alpha": 0.3111892267234528, "beta": 4.160453530227618}, "datetime": {"datetime": "2020-10-17 18:11:54", "elapsed": 86.893041, "delta": 1.309688}}
{"target": -924334.5782356322, "params": {"alpha": 0.3120006682130183, "beta": 4.1524499919935804}, "datetime": {"datetime": "2020-10-17 18:11:55", "elapsed": 88.473518, "delta": 1.580477}}
{"target": -924168.965233503, "params": {"alpha": 0.31269765451832987, "beta": 4.1446361754613035}, "datetime": {"datetime": "2020-10-17 18:11:57", "elapsed": 90.117524, "delta": 1.644006}}
{"target": -923991.9634670925, "params": {"alpha": 0.31234873940387264, "beta": 4.136473340661325}, "datetime": {"datetime": "2020-10-17 18:11:58", "elapsed": 91.45956, "delta": 1.342036}}
{"target": -923979.1108332198, "params": {"alpha": 0.308366310045327, "beta": 4.129434314944532}, "datetime": {"datetime": "2020-10-17 18:11:59", "elapsed": 92.649406, "delta": 1.189846}}
