{"target": -1352143.553409464, "params": {"alpha": 0.7276219031074749, "beta": 6.104701139057963}, "datetime": {"datetime": "2020-10-17 18:10:31", "elapsed": 0.0, "delta": 0.0}}
{"target": -2053689.0238476575, "params": {"alpha": 0.3051994122489931, "beta": 8.025246329299044}, "datetime": {"datetime": "2020-10-17 18:10:31", "elapsed": 0.109377, "delta": 0.109377}}
{"target": -12246045.229449928, "params": {"alpha": 0.497916792317126, "beta": 2.070191679483405}, "datetime": {"datetime": "2020-10-17 18:10:32", "elapsed": 0.312502, "delta": 0.203125}}
{"target": -2646699.064932553, "params": {"alpha": 0.39078833232721283, "beta": 4.551785114854081}, "datetime": {"datetime": "2020-10-17 18:10:32", "elapsed": 0.406252, "delta": 0.09375}}
{"target": -42332924.52546779, "params": {"alpha": 0.3407750666686109, "beta": 1.7429568007729768}, "datetime": {"datetime": "2020-10-17 18:10:32", "elapsed": 0.546877, "delta": 0.140625}}
{"target": -2709414.2208253723, "params": {"alpha": 0.36789380024771157, "beta": 4.680022589282124}, "datetime": {"datetime": "2020-10-17 18:10:32", "elapsed": 0.656253, "delta": 0.109376}}
{"target": -1341294.2287881535, "params": {"alpha": 0.924599368884012, "beta": 3.6279303900661364}, "datetime": {"datetime": "2020-10-17 18:10:32", "elapsed": 0.750001, "delta": 0.093748}}
{"target": -1441037.7127224903, "params": {"alpha": 0.8318685506191031, "beta": 9.90296201688082}, "datetime": {"datetime": "2020-10-17 18:10:32", "elapsed": 0.859377, "delta": 0.109376}}
{"target": -1341300.3139622947, "params": {"alpha": 0.9245929364703416, "beta": 3.6279416844745387}, "datetime": {"datetime": "2020-10-17 18:10:32", "elapsed": 1.15625, "delta": 0.296873}}
{"target": -1341303.6421713724, "params": {"alpha": 0.9245894033008918, "beta": 3.627947928516442}, "datetime": {"datetime": "2020-10-17 18:10:33", "elapsed": 1.578131, "delta": 0.421881}}
{"target": -1341304.0365602968, "params": {"alpha": 0.924588922293762, "beta": 3.6279489442236823}, "datetime": {"datetime": "2020-10-17 18:10:33", "elapsed": 1.98438, "delta": 0.406249}}
{"target": -1341304.6990673125, "params": {"alpha": 0.9245882682304685, "beta": 3.627949969286952}, "datetime": {"datetime": "2020-10-17 18:10:34", "elapsed": 2.390627, "delta": 0.406247}}
{"target": -1337272.686558825, "params": {"alpha": 0.9288334994106441, "beta": 3.620619107808896}, "datetime": {"datetime": "2020-10-17 18:10:34", "elapsed": 2.843758, "delta": 0.453131}}
{"target": -1337999.9968079857, "params": {"alpha": 0.9280624710606249, "beta": 3.621953001728022}, "datetime": {"datetime": "2020-10-17 18:10:35", "elapsed": 3.188931, "delta": 0.345173}}
{"target": -1337916.6252090964, "params": {"alpha": 0.9282523909839466, "beta": 3.621353781105371}, "datetime": {"datetime": "2020-10-17 18:10:35", "elapsed": 3.53383, "delta": 0.344899}}
{"target": -1328776.4583372474, "params": {"alpha": 0.933548346882845, "beta": 3.6241095833711463}, "datetime": {"datetime": "2020-10-17 18:10:35", "elapsed": 3.861954, "delta": 0.328124}}
{"target": -1316024.407022545, "params": {"alpha": 0.9410825607562483, "beta": 3.6281365600178788}, "datetime": {"datetime": "2020-10-17 18:10:36", "elapsed": 4.36195, "delta": 0.499996}}
{"target": -1301865.8082606823, "params": {"alpha": 0.9507589047522085, "beta": 3.6280074223231713}, "datetime": {"datetime": "2020-10-17 18:10:36", "elapsed": 4.799452, "delta": 0.437502}}
{"target": -1269453.760818392, "params": {"alpha": 0.9731978329023877, "beta": 3.6314899139396077}, "datetime": {"datetime": "2020-10-17 18:10:37", "elapsed": 5.174461, "delta": 0.375009}}
{"target": -1245736.9656580896, "params": {"alpha": 0.99, "beta": 3.637265846251894}, "datetime": {"datetime": "2020-10-17 18:10:37", "elapsed": 5.627578, "delta": 0.453117}}
{"target": -1243472.1144752488, "params": {"alpha": 0.99, "beta": 3.645144259849859}, "datetime": {"datetime": "2020-10-17 18:10:37", "elapsed": 6.033829, "delta": 0.406251}}
{"target": -1271833.5439801347, "params": {"alpha": 0.9647406315017405, "beta": 3.6613757445533013}, "datetime": {"datetime": "2020-10-17 18:10:38", "elapsed": 6.40883, "delta": 0.375001}}
{"target": -1268135.9989250286, "params": {"alpha": 0.9708196649104212, "beta": 3.646352153649109}, "datetime": {"datetime": "2020-10-17 18:10:38", "elapsed": 6.925692, "delta": 0.516862}}
{"target": -1239706.4059702791, "params": {"alpha": 0.99, "beta": 3.658487801094126}, "datetime": {"datetime": "2020-10-17 18:10:39", "elapsed": 7.303696, "delta": 0.378004}}
{"target": -1237136.5753947252, "params": {"alpha": 0.99, "beta": 3.667775715111468}, "datetime": {"datetime": "2020-10-17 18:10:39", "elapsed": 7.734215, "delta": 0.430519}}
{"target": -1234787.3578351357, "params": {"alpha": 0.99, "beta": 3.676400494842094}, "datetime": {"datetime": "2020-10-17 18:10:39", "elapsed": 8.157382, "delta": 0.423167}}
{"target": -1237417.645321864, "params": {"alpha": 0.9868044329025344, "beta": 3.6813974609686104}, "datetime": {"datetime": "2020-10-17 18:10:40", "elapsed": 8.590844, "delta": 0.433462}}
{"target": -1232586.5058366782, "params": {"alpha": 0.99, "beta": 3.6846007225207185}, "datetime": {"datetime": "2020-10-17 18:10:40", "elapsed": 8.982584, "delta": 0.39174}}
{"target": -1230094.6898289158, "params": {"alpha": 0.99, "beta": 3.694030042469918}, "datetime": {"datetime": "2020-10-17 18:10:41", "elapsed": 9.373213, "delta": 0.390629}}
{"target": -1227664.8046851936, "params": {"alpha": 0.99, "beta": 3.7033783939170077}, "datetime": {"datetime": "2020-10-17 18:10:41", "elapsed": 9.763838, "delta": 0.390625}}
{"target": -1225369.0645438896, "params": {"alpha": 0.99, "beta": 3.7123547560974752}, "datetime": {"datetime": "2020-10-17 18:10:42", "elapsed": 10.234901, "delta": 0.471063}}
{"target": -1238474.6613688327, "params": {"alpha": 0.9860112100684699, "beta": 3.681160680793999}, "datetime": {"datetime": "2020-10-17 18:10:42", "elapsed": 10.656781, "delta": 0.42188}}
{"target": -1222956.5239854779, "params": {"alpha": 0.99, "beta": 3.7219441096661865}, "datetime": {"datetime": "2020-10-17 18:10:42", "elapsed": 11.000529, "delta": 0.343748}}
{"target": -1220557.3055314114, "params": {"alpha": 0.99, "beta": 3.7316451764118477}, "datetime": {"datetime": "2020-10-17 18:10:43", "elapsed": 11.359903, "delta": 0.359374}}
{"target": -1226757.9563554367, "params": {"alpha": 0.988935775401329, "beta": 3.7119831857201997}, "datetime": {"datetime": "2020-10-17 18:10:43", "elapsed": 11.789571, "delta": 0.429668}}
{"target": -1233708.6796342295, "params": {"alpha": 0.9799933256382737, "beta": 3.7278646567868603}, "datetime": {"datetime": "2020-10-17 18:10:43", "elapsed": 12.151258, "delta": 0.361687}}
{"target": -1218035.6769073736, "params": {"alpha": 0.99, "beta": 3.7420250247022238}, "datetime": {"datetime": "2020-10-17 18:10:47", "elapsed": 15.704701, "delta": 3.553443}}
{"target": -1215575.8130225807, "params": {"alpha": 0.99, "beta": 3.75233938013337}, "datetime": {"datetime": "2020-10-17 18:10:50", "elapsed": 18.752854, "delta": 3.048153}}
{"target": -1213124.928682853, "params": {"alpha": 0.99, "beta": 3.762809075940498}, "datetime": {"datetime": "2020-10-17 18:10:53", "elapsed": 21.332152, "delta": 2.579298}}
{"target": -1210711.6951887086, "params": {"alpha": 0.99, "beta": 3.7733139466988024}, "datetime": {"datetime": "2020-10-17 18:10:56", "elapsed": 24.719486, "delta": 3.387334}}
{"target": -1208330.175857823, "params": {"alpha": 0.99, "beta": 3.7838794403394145}, "datetime": {"datetime": "2020-10-17 18:10:58", "elapsed": 26.906987, "delta": 2.187501}}
{"target": -1205982.651639664, "params": {"alpha": 0.99, "beta": 3.7944954571401968}, "datetime": {"datetime": "2020-10-17 18:11:01", "elapsed": 29.445408, "delta": 2.538421}}
{"target": -1203670.311234674, "params": {"alpha": 0.99, "beta": 3.8051561569847414}, "datetime": {"datetime": "2020-10-17 18:11:04", "elapsed": 32.852502, "delta": 3.407094}}
{"target": -1201394.757703712, "params": {"alpha": 0.99, "beta": 3.8158532506682676}, "datetime": {"datetime": "2020-10-17 18:11:07", "elapsed": 36.007882, "delta": 3.15538}}
{"target": -1205474.1440510468, "params": {"alpha": 0.9892680475406557, "beta": 3.800703246727587}, "datetime": {"datetime": "2020-10-17 18:11:10", "elapsed": 38.620341, "delta": 2.612459}}
{"target": -1199070.933768066, "params": {"alpha": 0.99, "beta": 3.826997480408715}, "datetime": {"datetime": "2020-10-17 18:11:14", "elapsed": 42.445915, "delta": 3.825574}}
{"target": -1196879.2028719936, "params": {"alpha": 0.99, "beta": 3.8377212565224403}, "datetime": {"datetime": "2020-10-17 18:11:17", "elapsed": 45.841669, "delta": 3.395754}}
{"target": -1194674.8082423524, "params": {"alpha": 0.99, "beta": 3.8487250312034718}, "datetime": {"datetime": "2020-10-17 18:11:21", "elapsed": 50.055973, "delta": 4.214304}}
{"target": -1192523.8794841736, "params": {"alpha": 0.99, "beta": 3.8596822525210155}, "datetime": {"datetime": "2020-10-17 18:11:26", "elapsed": 54.7719, "delta": 4.715927}}
{"target": -1190417.89546542, "params": {"alpha": 0.99, "beta": 3.870631068890533}, "datetime": {"datetime": "2020-10-17 18:11:30", "elapsed": 58.659033, "delta": 3.887133}}
{"target": -1188355.331068951, "params": {"alpha": 0.99, "beta": 3.88157544554465}, "datetime": {"datetime": "2020-10-17 18:11:34", "elapsed": 62.823867, "delta": 4.164834}}
{"target": -1186336.010289456, "params": {"alpha": 0.99, "beta": 3.8925123789192217}, "datetime": {"datetime": "2020-10-17 18:11:39", "elapsed": 67.350846, "delta": 4.526979}}
{"target": -1184360.8435216013, "params": {"alpha": 0.99, "beta": 3.9034326222121907}, "datetime": {"datetime": "2020-10-17 18:11:44", "elapsed": 72.901048, "delta": 5.550202}}
{"target": -1182429.493288305, "params": {"alpha": 0.99, "beta": 3.9143333540760064}, "datetime": {"datetime": "2020-10-17 18:11:49", "elapsed": 77.189741, "delta": 4.288693}}
{"target": -1180541.8798979013, "params": {"alpha": 0.99, "beta": 3.92521011763231}, "datetime": {"datetime": "2020-10-17 18:11:53", "elapsed": 81.677399, "delta": 4.487658}}
{"target": -1178697.8383852518, "params": {"alpha": 0.99, "beta": 3.93605869609256}, "datetime": {"datetime": "2020-10-17 18:11:59", "elapsed": 87.950481, "delta": 6.273082}}
{"target": -1176897.1172619297, "params": {"alpha": 0.99, "beta": 3.946875159995733}, "datetime": {"datetime": "2020-10-17 18:12:05", "elapsed": 93.622304, "delta": 5.671823}}
{"target": -1175139.4106202745, "params": {"alpha": 0.99, "beta": 3.9576557119746476}, "datetime": {"datetime": "2020-10-17 18:12:10", "elapsed": 98.923252, "delta": 5.300948}}
{"target": -1173424.3677979303, "params": {"alpha": 0.99, "beta": 3.9683966518033107}, "datetime": {"datetime": "2020-10-17 18:12:15", "elapsed": 103.377058, "delta": 4.453806}}
{"target": -1171751.5577844766, "params": {"alpha": 0.99, "beta": 3.9790946283764588}, "datetime": {"datetime": "2020-10-17 18:12:21", "elapsed": 109.185731, "delta": 5.808673}}
{"target": -1183678.1048597589, "params": {"alpha": 0.9748172748588213, "beta": 4.005726704461816}, "datetime": {"datetime": "2020-10-17 18:12:25", "elapsed": 113.487508, "delta": 4.301777}}
{"target": -1170145.1807718817, "params": {"alpha": 0.99, "beta": 3.98958362614064}, "datetime": {"datetime": "2020-10-17 18:12:28", "elapsed": 116.521141, "delta": 3.033633}}
{"target": -1169576.596818076, "params": {"alpha": 0.9881704181464913, "beta": 4.006015111632767}, "datetime": {"datetime": "2020-10-17 18:12:31", "elapsed": 119.985451, "delta": 3.46431}}
{"target": -1166832.5902902365, "params": {"alpha": 0.99, "beta": 4.011926135923596}, "datetime": {"datetime": "2020-10-17 18:12:35", "elapsed": 123.618752, "delta": 3.633301}}
{"target": -1164651.7615025772, "params": {"alpha": 0.99, "beta": 4.027198688621817}, "datetime": {"datetime": "2020-10-17 18:12:39", "elapsed": 127.61327, "delta": 3.994518}}
{"target": -1172211.5621190134, "params": {"alpha": 0.9797009127884702, "beta": 4.048514181713211}, "datetime": {"datetime": "2020-10-17 18:12:43", "elapsed": 132.013575, "delta": 4.400305}}
{"target": -1162791.5888399435, "params": {"alpha": 0.99, "beta": 4.040607966067656}, "datetime": {"datetime": "2020-10-17 18:12:48", "elapsed": 136.724782, "delta": 4.711207}}
{"target": -1161534.6753691589, "params": {"alpha": 0.99, "beta": 4.049879928774769}, "datetime": {"datetime": "2020-10-17 18:12:51", "elapsed": 139.291106, "delta": 2.566324}}
{"target": -1173297.422044928, "params": {"alpha": 0.9866363960135586, "beta": 3.9918449128840554}, "datetime": {"datetime": "2020-10-17 18:12:53", "elapsed": 141.871638, "delta": 2.580532}}
{"target": -1160113.1789790294, "params": {"alpha": 0.99, "beta": 4.060582401038223}, "datetime": {"datetime": "2020-10-17 18:12:56", "elapsed": 144.221217, "delta": 2.349579}}
{"target": -1158759.7167746532, "params": {"alpha": 0.99, "beta": 4.070996641973861}, "datetime": {"datetime": "2020-10-17 18:12:59", "elapsed": 147.289596, "delta": 3.068379}}
{"target": -1157443.1464287809, "params": {"alpha": 0.99, "beta": 4.081347471113397}, "datetime": {"datetime": "2020-10-17 18:13:01", "elapsed": 149.575893, "delta": 2.286297}}
{"target": -1156165.2889416073, "params": {"alpha": 0.99, "beta": 4.091612511903668}, "datetime": {"datetime": "2020-10-17 18:13:04", "elapsed": 152.172075, "delta": 2.596182}}
{"target": -1154922.4828600045, "params": {"alpha": 0.99, "beta": 4.101813131946177}, "datetime": {"datetime": "2020-10-17 18:13:06", "elapsed": 154.770764, "delta": 2.598689}}
{"target": -1153717.1984159402, "params": {"alpha": 0.99, "beta": 4.1119208442999895}, "datetime": {"datetime": "2020-10-17 18:13:10", "elapsed": 158.478334, "delta": 3.70757}}
{"target": -1152547.6329322078, "params": {"alpha": 0.99, "beta": 4.121941897429484}, "datetime": {"datetime": "2020-10-17 18:13:14", "elapsed": 162.404668, "delta": 3.926334}}
{"target": -1151412.9352510348, "params": {"alpha": 0.99, "beta": 4.131874944907876}, "datetime": {"datetime": "2020-10-17 18:13:17", "elapsed": 165.392061, "delta": 2.987393}}
{"target": -1159175.2578503755, "params": {"alpha": 0.9875628595984797, "beta": 4.086729622535811}, "datetime": {"datetime": "2020-10-17 18:13:20", "elapsed": 168.923129, "delta": 3.531068}}
{"target": -1150297.774451689, "params": {"alpha": 0.99, "beta": 4.1418496994985405}, "datetime": {"datetime": "2020-10-17 18:13:25", "elapsed": 173.206994, "delta": 4.283865}}
{"target": -1158213.8010625695, "params": {"alpha": 0.989250126300911, "beta": 4.081107016848519}, "datetime": {"datetime": "2020-10-17 18:13:28", "elapsed": 176.283519, "delta": 3.076525}}
{"target": -1149209.0549787309, "params": {"alpha": 0.99, "beta": 4.151802038443496}, "datetime": {"datetime": "2020-10-17 18:13:30", "elapsed": 178.929126, "delta": 2.645607}}
{"target": -1148156.3139590672, "params": {"alpha": 0.99, "beta": 4.161637249070055}, "datetime": {"datetime": "2020-10-17 18:13:33", "elapsed": 181.947094, "delta": 3.017968}}
{"target": -1147136.0148212756, "params": {"alpha": 0.99, "beta": 4.171378556239491}, "datetime": {"datetime": "2020-10-17 18:13:37", "elapsed": 185.342498, "delta": 3.395404}}
{"target": -1146148.0220911556, "params": {"alpha": 0.99, "beta": 4.181018026904937}, "datetime": {"datetime": "2020-10-17 18:13:39", "elapsed": 187.916423, "delta": 2.573925}}
{"target": -1145191.210694896, "params": {"alpha": 0.99, "beta": 4.19055728595618}, "datetime": {"datetime": "2020-10-17 18:13:43", "elapsed": 191.230045, "delta": 3.313622}}
{"target": -1144264.7647790783, "params": {"alpha": 0.99, "beta": 4.199995214344218}, "datetime": {"datetime": "2020-10-17 18:13:45", "elapsed": 194.061859, "delta": 2.831814}}
{"target": -1143367.7703153817, "params": {"alpha": 0.99, "beta": 4.209331918869716}, "datetime": {"datetime": "2020-10-17 18:13:50", "elapsed": 198.665467, "delta": 4.603608}}
{"target": -1142499.3524480849, "params": {"alpha": 0.99, "beta": 4.218567384752405}, "datetime": {"datetime": "2020-10-17 18:13:54", "elapsed": 202.474325, "delta": 3.808858}}
{"target": -1141658.6967020193, "params": {"alpha": 0.99, "beta": 4.227701219344144}, "datetime": {"datetime": "2020-10-17 18:13:59", "elapsed": 207.459054, "delta": 4.984729}}
{"target": -1140844.9532103974, "params": {"alpha": 0.99, "beta": 4.236733676447974}, "datetime": {"datetime": "2020-10-17 18:14:02", "elapsed": 210.842665, "delta": 3.383611}}
{"target": -1144495.8776280137, "params": {"alpha": 0.9898734355335514, "beta": 4.198829140789416}, "datetime": {"datetime": "2020-10-17 18:14:05", "elapsed": 213.542669, "delta": 2.700004}}
{"target": -1140049.12382924, "params": {"alpha": 0.99, "beta": 4.245758710649949}, "datetime": {"datetime": "2020-10-17 18:14:07", "elapsed": 216.153196, "delta": 2.610527}}
{"target": -1139279.759483684, "params": {"alpha": 0.99, "beta": 4.25467317216035}, "datetime": {"datetime": "2020-10-17 18:14:10", "elapsed": 218.719923, "delta": 2.566727}}
{"target": -1138536.5156464134, "params": {"alpha": 0.99, "beta": 4.263471411454561}, "datetime": {"datetime": "2020-10-17 18:14:14", "elapsed": 222.760897, "delta": 4.040974}}
{"target": -1137817.6712032834, "params": {"alpha": 0.99, "beta": 4.272164423499168}, "datetime": {"datetime": "2020-10-17 18:14:18", "elapsed": 227.028026, "delta": 4.267129}}
{"target": -1137122.056714638, "params": {"alpha": 0.99, "beta": 4.280757579534521}, "datetime": {"datetime": "2020-10-17 18:14:22", "elapsed": 231.04528, "delta": 4.017254}}
{"target": -1136449.170225133, "params": {"alpha": 0.99, "beta": 4.289248479565243}, "datetime": {"datetime": "2020-10-17 18:14:25", "elapsed": 234.086747, "delta": 3.041467}}
{"target": -1135798.3064553663, "params": {"alpha": 0.99, "beta": 4.297637428077627}, "datetime": {"datetime": "2020-10-17 18:14:29", "elapsed": 237.209469, "delta": 3.122722}}
{"target": -1135168.7562520963, "params": {"alpha": 0.99, "beta": 4.305925073008356}, "datetime": {"datetime": "2020-10-17 18:14:32", "elapsed": 240.304473, "delta": 3.095004}}
{"target": -1134559.8221858067, "params": {"alpha": 0.99, "beta": 4.314112220385173}, "datetime": {"datetime": "2020-10-17 18:14:34", "elapsed": 243.013337, "delta": 2.708864}}
{"target": -1133970.8069956838, "params": {"alpha": 0.99, "beta": 4.322199999924923}, "datetime": {"datetime": "2020-10-17 18:14:39", "elapsed": 247.452683, "delta": 4.439346}}
{"target": -1133401.0657675604, "params": {"alpha": 0.99, "beta": 4.3301891478367995}, "datetime": {"datetime": "2020-10-17 18:14:42", "elapsed": 250.490922, "delta": 3.038239}}
{"target": -1132850.065109013, "params": {"alpha": 0.99, "beta": 4.338079095457135}, "datetime": {"datetime": "2020-10-17 18:14:45", "elapsed": 254.028926, "delta": 3.538004}}
{"target": -1132317.1150415246, "params": {"alpha": 0.99, "beta": 4.345871781852786}, "datetime": {"datetime": "2020-10-17 18:14:48", "elapsed": 256.856607, "delta": 2.827681}}
{"target": -1131801.6603609773, "params": {"alpha": 0.99, "beta": 4.353567517486606}, "datetime": {"datetime": "2020-10-17 18:14:53", "elapsed": 261.459447, "delta": 4.60284}}
{"target": -1131303.1287893301, "params": {"alpha": 0.99, "beta": 4.361167135352104}, "datetime": {"datetime": "2020-10-17 18:14:56", "elapsed": 265.04259, "delta": 3.583143}}
{"target": -1136003.7503316442, "params": {"alpha": 0.9827723152621218, "beta": 4.385558294802704}, "datetime": {"datetime": "2020-10-17 18:15:00", "elapsed": 268.354594, "delta": 3.312004}}
{"target": -1130801.4915894133, "params": {"alpha": 0.99, "beta": 4.3689778872025355}, "datetime": {"datetime": "2020-10-17 18:15:03", "elapsed": 271.690548, "delta": 3.335954}}
