{"target": -7697859.315785923, "params": {"alpha": 0.7276219031074749, "beta": 6.104701139057963}, "datetime": {"datetime": "2020-10-17 18:13:50", "elapsed": 0.0, "delta": 0.0}}
{"target": -7335293.612978205, "params": {"alpha": 0.3051994122489931, "beta": 8.025246329299044}, "datetime": {"datetime": "2020-10-17 18:13:50", "elapsed": 0.126094, "delta": 0.126094}}
{"target": -6524454.035573536, "params": {"alpha": 0.497916792317126, "beta": 2.070191679483405}, "datetime": {"datetime": "2020-10-17 18:13:50", "elapsed": 0.224437, "delta": 0.098343}}
{"target": -7118331.862313586, "params": {"alpha": 0.39078833232721283, "beta": 4.551785114854081}, "datetime": {"datetime": "2020-10-17 18:13:51", "elapsed": 0.349448, "delta": 0.125011}}
{"target": -5189537.178890636, "params": {"alpha": 0.3407750666686109, "beta": 1.7429568007729768}, "datetime": {"datetime": "2020-10-17 18:13:51", "elapsed": 0.490073, "delta": 0.140625}}
{"target": -7089007.547098121, "params": {"alpha": 0.36789380024771157, "beta": 4.680022589282124}, "datetime": {"datetime": "2020-10-17 18:13:51", "elapsed": 0.685885, "delta": 0.195812}}
{"target": -7811387.95008763, "params": {"alpha": 0.924599368884012, "beta": 3.6279303900661364}, "datetime": {"datetime": "2020-10-17 18:13:51", "elapsed": 0.82651, "delta": 0.140625}}
{"target": -7803492.067876551, "params": {"alpha": 0.8318685506191031, "beta": 9.90296201688082}, "datetime": {"datetime": "2020-10-17 18:13:51", "elapsed": 0.990673, "delta": 0.164163}}
{"target": -5189639.624882518, "params": {"alpha": 0.34078362864172146, "beta": 1.742974560759409}, "datetime": {"datetime": "2020-10-17 18:13:51", "elapsed": 1.245505, "delta": 0.254832}}
{"target": -5236843.613930216, "params": {"alpha": 0.34541800352970725, "beta": 1.7483041004940536}, "datetime": {"datetime": "2020-10-17 18:13:52", "elapsed": 1.485496, "delta": 0.239991}}
{"target": -5017576.350664822, "params": {"alpha": 0.3195644753865305, "beta": 1.7472697047521204}, "datetime": {"datetime": "2020-10-17 18:13:52", "elapsed": 1.814734, "delta": 0.329238}}
{"target": -4978095.629420404, "params": {"alpha": 0.31476944279157465, "beta": 1.7488535890905372}, "datetime": {"datetime": "2020-10-17 18:13:52", "elapsed": 2.205359, "delta": 0.390625}}
{"target": -4849853.548426682, "params": {"alpha": 0.3001006032262639, "beta": 1.7520989056003526}, "datetime": {"datetime": "2020-10-17 18:13:53", "elapsed": 2.551443, "delta": 0.346084}}
{"target": -4694565.048140901, "params": {"alpha": 0.28408315160668046, "beta": 1.7522224510067244}, "datetime": {"datetime": "2020-10-17 18:13:53", "elapsed": 2.832696, "delta": 0.281253}}
{"target": -4501022.7117658, "params": {"alpha": 0.26627443402600964, "beta": 1.7481202561375309}, "datetime": {"datetime": "2020-10-17 18:13:53", "elapsed": 3.145196, "delta": 0.3125}}
{"target": -4287993.375527451, "params": {"alpha": 0.24882897337844778, "beta": 1.7399304549672066}, "datetime": {"datetime": "2020-10-17 18:13:54", "elapsed": 3.488945, "delta": 0.343749}}
{"target": -4061649.508412564, "params": {"alpha": 0.23222356241829806, "beta": 1.7284199185860958}, "datetime": {"datetime": "2020-10-17 18:13:54", "elapsed": 3.833918, "delta": 0.344973}}
{"target": -3827127.679787805, "params": {"alpha": 0.21665254363055114, "beta": 1.7144727750252926}, "datetime": {"datetime": "2020-10-17 18:13:54", "elapsed": 4.228229, "delta": 0.394311}}
{"target": -3585223.3112562485, "params": {"alpha": 0.20192334896656633, "beta": 1.698728386580266}, "datetime": {"datetime": "2020-10-17 18:13:55", "elapsed": 4.621263, "delta": 0.393034}}
{"target": -3335457.5157038337, "params": {"alpha": 0.1877507338924781, "beta": 1.68165943435223}, "datetime": {"datetime": "2020-10-17 18:13:55", "elapsed": 4.950545, "delta": 0.329282}}
{"target": -3076785.7841805, "params": {"alpha": 0.1737943509942474, "beta": 1.6635953788572342}, "datetime": {"datetime": "2020-10-17 18:13:56", "elapsed": 5.343521, "delta": 0.392976}}
{"target": -2809058.7089705598, "params": {"alpha": 0.15967864426671258, "beta": 1.6447745726079364}, "datetime": {"datetime": "2020-10-17 18:13:56", "elapsed": 5.785419, "delta": 0.441898}}
{"target": -2535384.8748036795, "params": {"alpha": 0.14494961858859018, "beta": 1.625362762276505}, "datetime": {"datetime": "2020-10-17 18:13:56", "elapsed": 6.24842, "delta": 0.463001}}
{"target": -2268964.397468344, "params": {"alpha": 0.12894358483641677, "beta": 1.6054424883289555}, "datetime": {"datetime": "2020-10-17 18:13:57", "elapsed": 6.634421, "delta": 0.386001}}
{"target": -2062820.141008264, "params": {"alpha": 0.1105268523072074, "beta": 1.58512943806474}, "datetime": {"datetime": "2020-10-17 18:13:57", "elapsed": 6.999422, "delta": 0.365001}}
{"target": -2074753.7490321526, "params": {"alpha": 0.09414987683378478, "beta": 1.570689598041051}, "datetime": {"datetime": "2020-10-17 18:13:58", "elapsed": 7.362421, "delta": 0.362999}}
{"target": -2042050.2106036774, "params": {"alpha": 0.10491875128641018, "beta": 1.5773563688969807}, "datetime": {"datetime": "2020-10-17 18:13:58", "elapsed": 7.787422, "delta": 0.425001}}
{"target": -2058565.563175127, "params": {"alpha": 0.1080247604686609, "beta": 1.5736784821991079}, "datetime": {"datetime": "2020-10-17 18:13:58", "elapsed": 8.246422, "delta": 0.459}}
{"target": -2027922.760404303, "params": {"alpha": 0.10087713360757042, "beta": 1.5810226597421944}, "datetime": {"datetime": "2020-10-17 18:13:59", "elapsed": 8.607423, "delta": 0.361001}}
{"target": -2018267.396389623, "params": {"alpha": 0.09579048438262644, "beta": 1.5871296752112982}, "datetime": {"datetime": "2020-10-17 18:13:59", "elapsed": 9.005424, "delta": 0.398001}}
{"target": -2017708.1146180152, "params": {"alpha": 0.0949900296461031, "beta": 1.5881960110173137}, "datetime": {"datetime": "2020-10-17 18:14:00", "elapsed": 9.363424, "delta": 0.358}}
{"target": -2017220.5065251081, "params": {"alpha": 0.09466339726116536, "beta": 1.5887673667428575}, "datetime": {"datetime": "2020-10-17 18:14:00", "elapsed": 9.858424, "delta": 0.495}}
{"target": -2015492.2791225605, "params": {"alpha": 0.09432847676874156, "beta": 1.5898327050970458}, "datetime": {"datetime": "2020-10-17 18:14:00", "elapsed": 10.226425, "delta": 0.368001}}
{"target": -1998322.135696055, "params": {"alpha": 0.09405011613707986, "beta": 1.596865007473329}, "datetime": {"datetime": "2020-10-17 18:14:01", "elapsed": 10.609425, "delta": 0.383}}
{"target": -1970799.3968239662, "params": {"alpha": 0.09471288855409697, "beta": 1.60913248803279}, "datetime": {"datetime": "2020-10-17 18:14:01", "elapsed": 10.988426, "delta": 0.379001}}
{"target": -1958999.9344821223, "params": {"alpha": 0.0933846068858019, "beta": 1.615162686781549}, "datetime": {"datetime": "2020-10-17 18:14:02", "elapsed": 11.368426, "delta": 0.38}}
{"target": -1990017.6364964943, "params": {"alpha": 0.07987078702888845, "beta": 1.6314152107360296}, "datetime": {"datetime": "2020-10-17 18:14:06", "elapsed": 15.980313, "delta": 4.611887}}
{"target": -1947502.0484087332, "params": {"alpha": 0.09054743680627052, "beta": 1.6217541449590287}, "datetime": {"datetime": "2020-10-17 18:14:10", "elapsed": 20.173248, "delta": 4.192935}}
{"target": -1938090.2965612768, "params": {"alpha": 0.091346239530056, "beta": 1.6260432997522294}, "datetime": {"datetime": "2020-10-17 18:14:15", "elapsed": 24.463025, "delta": 4.289777}}
{"target": -2000065.2488650945, "params": {"alpha": 0.0854725139559417, "beta": 1.6122636646142503}, "datetime": {"datetime": "2020-10-17 18:14:20", "elapsed": 29.639394, "delta": 5.176369}}
{"target": -1933618.5059331309, "params": {"alpha": 0.09323593433254296, "beta": 1.6297858605700175}, "datetime": {"datetime": "2020-10-17 18:14:24", "elapsed": 33.581055, "delta": 3.941661}}
{"target": -1933114.4655786422, "params": {"alpha": 0.09336537361462752, "beta": 1.6303095290098646}, "datetime": {"datetime": "2020-10-17 18:14:28", "elapsed": 37.557076, "delta": 3.976021}}
{"target": -1931798.4109100865, "params": {"alpha": 0.0932412031799696, "beta": 1.6310089946233457}, "datetime": {"datetime": "2020-10-17 18:14:32", "elapsed": 41.751842, "delta": 4.194766}}
{"target": -1921986.0241599777, "params": {"alpha": 0.09195078446207451, "beta": 1.6357398963177994}, "datetime": {"datetime": "2020-10-17 18:14:37", "elapsed": 47.016222, "delta": 5.26438}}
{"target": -1906085.7700434467, "params": {"alpha": 0.09076752110633159, "beta": 1.6447813081208849}, "datetime": {"datetime": "2020-10-17 18:14:42", "elapsed": 51.58229, "delta": 4.566068}}
{"target": -1899364.2837271513, "params": {"alpha": 0.09060835959594074, "beta": 1.6493324041866546}, "datetime": {"datetime": "2020-10-17 18:14:48", "elapsed": 57.318004, "delta": 5.735714}}
{"target": -1891434.4927763748, "params": {"alpha": 0.09044245697486636, "beta": 1.6551757141865977}, "datetime": {"datetime": "2020-10-17 18:14:52", "elapsed": 62.049808, "delta": 4.731804}}
{"target": -1883078.4414760913, "params": {"alpha": 0.08993538882203773, "beta": 1.6607687546561123}, "datetime": {"datetime": "2020-10-17 18:14:57", "elapsed": 67.024959, "delta": 4.975151}}
{"target": -1868415.0892203888, "params": {"alpha": 0.08824268421458607, "beta": 1.6681148070077556}, "datetime": {"datetime": "2020-10-17 18:15:02", "elapsed": 72.062131, "delta": 5.037172}}
{"target": -1848385.3948246094, "params": {"alpha": 0.08487795783607069, "beta": 1.676494871286149}, "datetime": {"datetime": "2020-10-17 18:15:08", "elapsed": 78.133342, "delta": 6.071211}}
{"target": -1898244.9566399006, "params": {"alpha": 0.07022427424041831, "beta": 1.6900188187150742}, "datetime": {"datetime": "2020-10-17 18:15:15", "elapsed": 84.678808, "delta": 6.545466}}
{"target": -1836770.0707445424, "params": {"alpha": 0.08352132311265992, "beta": 1.6829239574467822}, "datetime": {"datetime": "2020-10-17 18:15:19", "elapsed": 89.020108, "delta": 4.3413}}
{"target": -1835819.1957711398, "params": {"alpha": 0.08530485729012854, "beta": 1.6875625570203163}, "datetime": {"datetime": "2020-10-17 18:15:24", "elapsed": 93.280112, "delta": 4.260004}}
{"target": -1834434.436610639, "params": {"alpha": 0.08429952755254298, "beta": 1.6858935226039218}, "datetime": {"datetime": "2020-10-17 18:15:26", "elapsed": 96.161263, "delta": 2.881151}}
{"target": -1831289.0814586414, "params": {"alpha": 0.0871409315940043, "beta": 1.7105517922303237}, "datetime": {"datetime": "2020-10-17 18:15:30", "elapsed": 99.386319, "delta": 3.225056}}
{"target": -1807145.918061782, "params": {"alpha": 0.08346539768836786, "beta": 1.7092713639911652}, "datetime": {"datetime": "2020-10-17 18:15:33", "elapsed": 103.157074, "delta": 3.770755}}
{"target": -1785874.85070786, "params": {"alpha": 0.07788701745545315, "beta": 1.7128659465333589}, "datetime": {"datetime": "2020-10-17 18:15:37", "elapsed": 106.386077, "delta": 3.229003}}
{"target": -1778382.323504312, "params": {"alpha": 0.07599455810794958, "beta": 1.717600358377359}, "datetime": {"datetime": "2020-10-17 18:15:40", "elapsed": 109.313684, "delta": 2.927607}}
{"target": -1772770.3819212688, "params": {"alpha": 0.07503791336340555, "beta": 1.7213884322675075}, "datetime": {"datetime": "2020-10-17 18:15:44", "elapsed": 113.286444, "delta": 3.97276}}
{"target": -1762416.3368869289, "params": {"alpha": 0.0736205628050889, "beta": 1.7283703628796547}, "datetime": {"datetime": "2020-10-17 18:15:48", "elapsed": 117.278907, "delta": 3.992463}}
{"target": -1754784.3779955853, "params": {"alpha": 0.07215133957845263, "beta": 1.7342274734287346}, "datetime": {"datetime": "2020-10-17 18:15:51", "elapsed": 121.04367, "delta": 3.764763}}
{"target": -1751825.7334631947, "params": {"alpha": 0.07049418706358135, "beta": 1.7385713843167219}, "datetime": {"datetime": "2020-10-17 18:15:55", "elapsed": 124.457383, "delta": 3.413713}}
{"target": -1752505.6306792747, "params": {"alpha": 0.07002921180919099, "beta": 1.7392481682889973}, "datetime": {"datetime": "2020-10-17 18:15:58", "elapsed": 128.241308, "delta": 3.783925}}
{"target": -1742325.8638323694, "params": {"alpha": 0.07254019783289628, "beta": 1.7407134329037148}, "datetime": {"datetime": "2020-10-17 18:16:02", "elapsed": 132.123313, "delta": 3.882005}}
{"target": -1737409.2441365262, "params": {"alpha": 0.07528887808152745, "beta": 1.746462450576639}, "datetime": {"datetime": "2020-10-17 18:16:05", "elapsed": 134.968881, "delta": 2.845568}}
{"target": -1738678.439466303, "params": {"alpha": 0.07507947830505551, "beta": 1.744790891547676}, "datetime": {"datetime": "2020-10-17 18:16:09", "elapsed": 138.4339, "delta": 3.465019}}
{"target": -1724904.1140768263, "params": {"alpha": 0.07280766225466144, "beta": 1.7523279817847284}, "datetime": {"datetime": "2020-10-17 18:16:11", "elapsed": 141.243586, "delta": 2.809686}}
{"target": -1710623.4011315277, "params": {"alpha": 0.06982728775414379, "beta": 1.7617066768209841}, "datetime": {"datetime": "2020-10-17 18:16:14", "elapsed": 143.58759, "delta": 2.344004}}
{"target": -1707461.059734113, "params": {"alpha": 0.069336051915776, "beta": 1.7639922909799368}, "datetime": {"datetime": "2020-10-17 18:16:16", "elapsed": 146.25414, "delta": 2.66655}}
{"target": -1696792.4439338073, "params": {"alpha": 0.06841993592889316, "beta": 1.7712775720504108}, "datetime": {"datetime": "2020-10-17 18:16:19", "elapsed": 148.658391, "delta": 2.404251}}
{"target": -1687292.643446833, "params": {"alpha": 0.06807871326994905, "beta": 1.7775984055174618}, "datetime": {"datetime": "2020-10-17 18:16:21", "elapsed": 151.084613, "delta": 2.426222}}
{"target": -1678224.732485959, "params": {"alpha": 0.06750475679058632, "beta": 1.7839111489344042}, "datetime": {"datetime": "2020-10-17 18:16:24", "elapsed": 153.389908, "delta": 2.305295}}
{"target": -1671127.7873097667, "params": {"alpha": 0.06563657725045197, "beta": 1.789759797562149}, "datetime": {"datetime": "2020-10-17 18:16:26", "elapsed": 155.761912, "delta": 2.372004}}
{"target": -1675087.4134338296, "params": {"alpha": 0.0633874350289368, "beta": 1.7918673290629596}, "datetime": {"datetime": "2020-10-17 18:16:28", "elapsed": 157.82604, "delta": 2.064128}}
{"target": -1668443.9281232248, "params": {"alpha": 0.06948905677162055, "beta": 1.7964770818877616}, "datetime": {"datetime": "2020-10-17 18:16:31", "elapsed": 161.052187, "delta": 3.226147}}
{"target": -1667030.6468413142, "params": {"alpha": 0.06831004463150939, "beta": 1.7936360582775281}, "datetime": {"datetime": "2020-10-17 18:16:34", "elapsed": 163.742107, "delta": 2.68992}}
{"target": -1666824.4013704793, "params": {"alpha": 0.06828596163996765, "beta": 1.7937721270736249}, "datetime": {"datetime": "2020-10-17 18:16:36", "elapsed": 165.680163, "delta": 1.938056}}
{"target": -1666748.953126802, "params": {"alpha": 0.06825375976438056, "beta": 1.7937672613947642}, "datetime": {"datetime": "2020-10-17 18:16:38", "elapsed": 167.727166, "delta": 2.047003}}
{"target": -1727211.584006107, "params": {"alpha": 0.07689519330750498, "beta": 1.7805113931087557}, "datetime": {"datetime": "2020-10-17 18:16:40", "elapsed": 170.006168, "delta": 2.279002}}
{"target": -1664380.4547816254, "params": {"alpha": 0.06764840775565396, "beta": 1.7947108800121225}, "datetime": {"datetime": "2020-10-17 18:16:42", "elapsed": 172.06496, "delta": 2.058792}}
{"target": -1656382.6337599112, "params": {"alpha": 0.06614925876044854, "beta": 1.7996820612343525}, "datetime": {"datetime": "2020-10-17 18:16:44", "elapsed": 173.774961, "delta": 1.710001}}
{"target": -1645776.1081904576, "params": {"alpha": 0.06445254871137561, "beta": 1.8073662324595972}, "datetime": {"datetime": "2020-10-17 18:16:46", "elapsed": 175.643962, "delta": 1.869001}}
{"target": -1640941.6938351674, "params": {"alpha": 0.0638034477893887, "beta": 1.8110316945732652}, "datetime": {"datetime": "2020-10-17 18:16:48", "elapsed": 177.54337, "delta": 1.899408}}
{"target": -1632715.5412729958, "params": {"alpha": 0.06280912790786657, "beta": 1.8173456615846928}, "datetime": {"datetime": "2020-10-17 18:16:50", "elapsed": 179.594749, "delta": 2.051379}}
{"target": -1626032.814965078, "params": {"alpha": 0.06197649523152322, "beta": 1.8226049537289488}, "datetime": {"datetime": "2020-10-17 18:16:52", "elapsed": 181.474753, "delta": 1.880004}}
{"target": -1619581.1138474015, "params": {"alpha": 0.060999697857899694, "beta": 1.8280059506479804}, "datetime": {"datetime": "2020-10-17 18:16:54", "elapsed": 183.949745, "delta": 2.474992}}
{"target": -1614671.0797291936, "params": {"alpha": 0.059912578500229435, "beta": 1.8328485196025766}, "datetime": {"datetime": "2020-10-17 18:16:56", "elapsed": 185.829839, "delta": 1.880094}}
{"target": -1612563.9442417219, "params": {"alpha": 0.05877909660243645, "beta": 1.8365651935340574}, "datetime": {"datetime": "2020-10-17 18:16:57", "elapsed": 186.957242, "delta": 1.127403}}
{"target": -1613557.2538997093, "params": {"alpha": 0.05823923605754574, "beta": 1.8374618826679798}, "datetime": {"datetime": "2020-10-17 18:16:59", "elapsed": 188.570193, "delta": 1.612951}}
{"target": -1605388.5730043843, "params": {"alpha": 0.06289271425916841, "beta": 1.8405292096522878}, "datetime": {"datetime": "2020-10-17 18:17:00", "elapsed": 189.89443, "delta": 1.324237}}
{"target": -1605181.1118761194, "params": {"alpha": 0.06275823910007843, "beta": 1.840321127940051}, "datetime": {"datetime": "2020-10-17 18:17:02", "elapsed": 191.421431, "delta": 1.527001}}
{"target": -1605470.3684566356, "params": {"alpha": 0.0627504304003082, "beta": 1.8399922132578388}, "datetime": {"datetime": "2020-10-17 18:17:03", "elapsed": 192.952433, "delta": 1.531002}}
{"target": -1667300.5153213076, "params": {"alpha": 0.07102801929896334, "beta": 1.8317536729464394}, "datetime": {"datetime": "2020-10-17 18:17:04", "elapsed": 194.163435, "delta": 1.211002}}
{"target": -1600177.6745354752, "params": {"alpha": 0.06193007301219481, "beta": 1.8432889261960654}, "datetime": {"datetime": "2020-10-17 18:17:06", "elapsed": 195.653577, "delta": 1.490142}}
{"target": -1591838.1703857821, "params": {"alpha": 0.061779977690672644, "beta": 1.8517113770257558}, "datetime": {"datetime": "2020-10-17 18:17:07", "elapsed": 196.781007, "delta": 1.12743}}
{"target": -1591004.755338062, "params": {"alpha": 0.06183167295789988, "beta": 1.8529097935116956}, "datetime": {"datetime": "2020-10-17 18:17:08", "elapsed": 197.939254, "delta": 1.158247}}
{"target": -1589324.3456530916, "params": {"alpha": 0.06201948028231659, "beta": 1.856022191372713}, "datetime": {"datetime": "2020-10-17 18:17:09", "elapsed": 199.186762, "delta": 1.247508}}
{"target": -1588456.723360664, "params": {"alpha": 0.062178083408563484, "beta": 1.858323528292911}, "datetime": {"datetime": "2020-10-17 18:17:11", "elapsed": 200.52014, "delta": 1.333378}}
{"target": -1587846.7446769855, "params": {"alpha": 0.06225673419765512, "beta": 1.8599009738083312}, "datetime": {"datetime": "2020-10-17 18:17:12", "elapsed": 201.630736, "delta": 1.110596}}
{"target": -1585968.1654315114, "params": {"alpha": 0.06213714249337838, "beta": 1.8619114993228731}, "datetime": {"datetime": "2020-10-17 18:17:13", "elapsed": 202.711845, "delta": 1.081109}}
{"target": -1567767.9823789664, "params": {"alpha": 0.05901161609653233, "beta": 1.869469950160498}, "datetime": {"datetime": "2020-10-17 18:17:14", "elapsed": 203.307846, "delta": 0.596001}}
{"target": -1563501.7767654576, "params": {"alpha": 0.054346065937981365, "beta": 1.8768058811001946}, "datetime": {"datetime": "2020-10-17 18:17:14", "elapsed": 204.043858, "delta": 0.736012}}
{"target": -1564856.619932753, "params": {"alpha": 0.05534162614459816, "beta": 1.8733577607426461}, "datetime": {"datetime": "2020-10-17 18:17:15", "elapsed": 204.528236, "delta": 0.484378}}
{"target": -1556821.1611967531, "params": {"alpha": 0.05843210333205273, "beta": 1.8798354376776272}, "datetime": {"datetime": "2020-10-17 18:17:15", "elapsed": 205.204174, "delta": 0.675938}}
{"target": -1556550.8129677512, "params": {"alpha": 0.05827612060240146, "beta": 1.8796045651402913}, "datetime": {"datetime": "2020-10-17 18:17:16", "elapsed": 205.940911, "delta": 0.736737}}
{"target": -1557120.0126503643, "params": {"alpha": 0.05830476190598913, "beta": 1.8790518688270108}, "datetime": {"datetime": "2020-10-17 18:17:17", "elapsed": 206.651366, "delta": 0.710455}}
{"target": -1553895.7090626915, "params": {"alpha": 0.05797527785018622, "beta": 1.8816515238065656}, "datetime": {"datetime": "2020-10-17 18:17:18", "elapsed": 207.338862, "delta": 0.687496}}
{"target": -1542722.3407236917, "params": {"alpha": 0.05697782785258056, "beta": 1.8912148227188637}, "datetime": {"datetime": "2020-10-17 18:17:18", "elapsed": 207.968221, "delta": 0.629359}}
